<?xml version="1.0" encoding="UTF-8"?>
<!-- Generated by org.testng.reporters.JUnitXMLReporter -->
<testsuite ignored="0" hostname="DESKTOP-EKIHJ54" failures="6" tests="1033" name="Surefire test" time="1174.495" errors="0" timestamp="2024-01-24T09:05:30 MSK">
  <testcase classname="AutoTest.ApplicationTest" name="getChangeRequestGuid" time="3.244"/>
  <testcase classname="AutoTest.ApplicationTest" name="getChangeRequestGuidNegative" time="1.11"/>
  <testcase classname="AutoTest.ApplicationTest" name="getChangeRequestGuidNegative" time="1.159"/>
  <testcase classname="AutoTest.ApplicationTest" name="getChangeRequestGuidNegative" time="0.839"/>
  <testcase classname="AutoTest.ApplicationTest" name="getChangeRequestGuidNegative" time="0.984"/>
  <testcase classname="AutoTest.ApplicationTest" name="getChangeRequestGuidNegative" time="1.003"/>
  <testcase classname="AutoTest.ApplicationTest" name="getChangeRequestGuidNegative" time="1.151"/>
  <testcase classname="AutoTest.ApplicationTest" name="getChangeRequestGuidNegative" time="0.861"/>
  <testcase classname="AutoTest.ApplicationTest" name="getChangeRequestGuidNegative" time="1.037"/>
  <testcase classname="AutoTest.ApplicationTest" name="getChangeRequestGuidNegative" time="0.972"/>
  <testcase classname="AutoTest.ApplicationTest" name="getChangeRequestGuidNegative" time="1.119"/>
  <testcase classname="AutoTest.ApplicationTest" name="getChangeRequestGuidNegative" time="0.894"/>
  <testcase classname="AutoTest.AuxiliaryTest" name="getListOfChangesDate" time="1.028">
    <failure type="java.lang.AssertionError" message="1 expectation failed.
Expected status code &amp;lt;200&amp;gt; but was &amp;lt;400&amp;gt;.
">
      <![CDATA[java.lang.AssertionError: 1 expectation failed.
Expected status code <200> but was <400>.

at org.codehaus.groovy.runtime.callsite.ConstructorSite$ConstructorSiteNoUnwrapNoCoerce.callConstructor(ConstructorSite.java:108)
at org.codehaus.groovy.runtime.callsite.CallSiteArray.defaultCallConstructor(CallSiteArray.java:57)
at org.codehaus.groovy.runtime.callsite.AbstractCallSite.callConstructor(AbstractCallSite.java:263)
at org.codehaus.groovy.runtime.callsite.AbstractCallSite.callConstructor(AbstractCallSite.java:277)
at io.restassured.internal.ResponseSpecificationImpl$HamcrestAssertionClosure.validate(ResponseSpecificationImpl.groovy:512)
at io.restassured.internal.ResponseSpecificationImpl$HamcrestAssertionClosure$validate$1.call(Unknown Source)
at io.restassured.internal.RequestSpecificationImpl.applyPathParamsAndSendRequest(RequestSpecificationImpl.groovy:1705)
at io.restassured.internal.RequestSpecificationImpl.this$2$applyPathParamsAndSendRequest(RequestSpecificationImpl.groovy)
at groovy.lang.MetaMethod.doMethodInvoke(MetaMethod.java:328)
at groovy.lang.MetaClassImpl.doInvokeMethod(MetaClassImpl.java:1348)
at groovy.lang.MetaClassImpl.invokeMethod(MetaClassImpl.java:1103)
at groovy.lang.MetaClassImpl.invokeMethod(MetaClassImpl.java:1009)
at groovy.lang.MetaClassImpl.invokeMethod(MetaClassImpl.java:792)
at io.restassured.internal.RequestSpecificationImpl.invokeMethod(RequestSpecificationImpl.groovy)
at org.codehaus.groovy.runtime.callsite.PogoInterceptableSite.call(PogoInterceptableSite.java:46)
at org.codehaus.groovy.runtime.callsite.PogoInterceptableSite.callCurrent(PogoInterceptableSite.java:57)
at org.codehaus.groovy.runtime.callsite.AbstractCallSite.callCurrent(AbstractCallSite.java:203)
at io.restassured.internal.RequestSpecificationImpl.applyPathParamsAndSendRequest(RequestSpecificationImpl.groovy:1710)
at io.restassured.internal.RequestSpecificationImpl.this$2$applyPathParamsAndSendRequest(RequestSpecificationImpl.groovy)
at groovy.lang.MetaMethod.doMethodInvoke(MetaMethod.java:328)
at groovy.lang.MetaClassImpl.doInvokeMethod(MetaClassImpl.java:1348)
at groovy.lang.MetaClassImpl.invokeMethod(MetaClassImpl.java:1103)
at groovy.lang.MetaClassImpl.invokeMethod(MetaClassImpl.java:1009)
at groovy.lang.MetaClassImpl.invokeMethod(MetaClassImpl.java:792)
at io.restassured.internal.RequestSpecificationImpl.invokeMethod(RequestSpecificationImpl.groovy)
at org.codehaus.groovy.runtime.callsite.PogoInterceptableSite.call(PogoInterceptableSite.java:46)
at org.codehaus.groovy.runtime.callsite.PogoInterceptableSite.callCurrent(PogoInterceptableSite.java:57)
at org.codehaus.groovy.runtime.callsite.AbstractCallSite.callCurrent(AbstractCallSite.java:203)
at io.restassured.internal.RequestSpecificationImpl.get(RequestSpecificationImpl.groovy:172)
at io.restassured.internal.RequestSpecificationImpl.get(RequestSpecificationImpl.groovy)
at AutoTest.AuxiliaryTest.getListOfChangesDate(AuxiliaryTest.java:138)
at java.base/java.util.ArrayList.forEach(ArrayList.java:1511)
... Removed 39 stack frames]]>
    </failure>
  </testcase> <!-- getListOfChangesDate -->
  <testcase classname="AutoTest.AuxiliaryTest" name="getListOfChangesDate" time="0.962">
    <failure type="java.lang.AssertionError" message="1 expectation failed.
Expected status code &amp;lt;200&amp;gt; but was &amp;lt;400&amp;gt;.
">
      <![CDATA[java.lang.AssertionError: 1 expectation failed.
Expected status code <200> but was <400>.

at org.codehaus.groovy.runtime.callsite.ConstructorSite$ConstructorSiteNoUnwrapNoCoerce.callConstructor(ConstructorSite.java:108)
at org.codehaus.groovy.runtime.callsite.AbstractCallSite.callConstructor(AbstractCallSite.java:277)
at io.restassured.internal.ResponseSpecificationImpl$HamcrestAssertionClosure.validate(ResponseSpecificationImpl.groovy:512)
at io.restassured.internal.ResponseSpecificationImpl$HamcrestAssertionClosure$validate$1.call(Unknown Source)
at io.restassured.internal.RequestSpecificationImpl.applyPathParamsAndSendRequest(RequestSpecificationImpl.groovy:1705)
at io.restassured.internal.RequestSpecificationImpl.this$2$applyPathParamsAndSendRequest(RequestSpecificationImpl.groovy)
at groovy.lang.MetaMethod.doMethodInvoke(MetaMethod.java:328)
at groovy.lang.MetaClassImpl.doInvokeMethod(MetaClassImpl.java:1348)
at groovy.lang.MetaClassImpl.invokeMethod(MetaClassImpl.java:1103)
at groovy.lang.MetaClassImpl.invokeMethod(MetaClassImpl.java:1009)
at groovy.lang.MetaClassImpl.invokeMethod(MetaClassImpl.java:792)
at io.restassured.internal.RequestSpecificationImpl.invokeMethod(RequestSpecificationImpl.groovy)
at org.codehaus.groovy.runtime.callsite.PogoInterceptableSite.call(PogoInterceptableSite.java:46)
at org.codehaus.groovy.runtime.callsite.PogoInterceptableSite.callCurrent(PogoInterceptableSite.java:57)
at org.codehaus.groovy.runtime.callsite.AbstractCallSite.callCurrent(AbstractCallSite.java:203)
at io.restassured.internal.RequestSpecificationImpl.applyPathParamsAndSendRequest(RequestSpecificationImpl.groovy:1710)
at io.restassured.internal.RequestSpecificationImpl.this$2$applyPathParamsAndSendRequest(RequestSpecificationImpl.groovy)
at groovy.lang.MetaMethod.doMethodInvoke(MetaMethod.java:328)
at groovy.lang.MetaClassImpl.doInvokeMethod(MetaClassImpl.java:1348)
at groovy.lang.MetaClassImpl.invokeMethod(MetaClassImpl.java:1103)
at groovy.lang.MetaClassImpl.invokeMethod(MetaClassImpl.java:1009)
at groovy.lang.MetaClassImpl.invokeMethod(MetaClassImpl.java:792)
at io.restassured.internal.RequestSpecificationImpl.invokeMethod(RequestSpecificationImpl.groovy)
at org.codehaus.groovy.runtime.callsite.PogoInterceptableSite.call(PogoInterceptableSite.java:46)
at org.codehaus.groovy.runtime.callsite.PogoInterceptableSite.callCurrent(PogoInterceptableSite.java:57)
at org.codehaus.groovy.runtime.callsite.AbstractCallSite.callCurrent(AbstractCallSite.java:203)
at io.restassured.internal.RequestSpecificationImpl.get(RequestSpecificationImpl.groovy:172)
at io.restassured.internal.RequestSpecificationImpl.get(RequestSpecificationImpl.groovy)
at AutoTest.AuxiliaryTest.getListOfChangesDate(AuxiliaryTest.java:138)
at java.base/java.util.ArrayList.forEach(ArrayList.java:1511)
... Removed 39 stack frames]]>
    </failure>
  </testcase> <!-- getListOfChangesDate -->
  <testcase classname="AutoTest.AuxiliaryTest" name="getListOfChangesDate" time="1.674"/>
  <testcase classname="AutoTest.AuxiliaryTest" name="getListOfChangesDate" time="1.302"/>
  <testcase classname="AutoTest.AuxiliaryTest" name="getListOfChangesDate" time="0.999"/>
  <testcase classname="AutoTest.AuxiliaryTest" name="getListOfChangesDate" time="1.262"/>
  <testcase classname="AutoTest.AuxiliaryTest" name="getListOfChangesDate" time="0.762"/>
  <testcase classname="AutoTest.AuxiliaryTest" name="getListOfChangesDate" time="0.976"/>
  <testcase classname="AutoTest.AuxiliaryTest" name="getListOfChangesDate" time="1.048"/>
  <testcase classname="AutoTest.AuxiliaryTest" name="getListOfChangesDate" time="1.264">
    <failure type="java.lang.AssertionError" message="1 expectation failed.
Expected status code &amp;lt;200&amp;gt; but was &amp;lt;400&amp;gt;.
">
      <![CDATA[java.lang.AssertionError: 1 expectation failed.
Expected status code <200> but was <400>.

at org.codehaus.groovy.runtime.callsite.ConstructorSite$ConstructorSiteNoUnwrapNoCoerce.callConstructor(ConstructorSite.java:108)
at org.codehaus.groovy.runtime.callsite.AbstractCallSite.callConstructor(AbstractCallSite.java:277)
at io.restassured.internal.ResponseSpecificationImpl$HamcrestAssertionClosure.validate(ResponseSpecificationImpl.groovy:512)
at io.restassured.internal.ResponseSpecificationImpl$HamcrestAssertionClosure$validate$1.call(Unknown Source)
at io.restassured.internal.RequestSpecificationImpl.applyPathParamsAndSendRequest(RequestSpecificationImpl.groovy:1705)
at io.restassured.internal.RequestSpecificationImpl.this$2$applyPathParamsAndSendRequest(RequestSpecificationImpl.groovy)
at groovy.lang.MetaMethod.doMethodInvoke(MetaMethod.java:328)
at groovy.lang.MetaClassImpl.doInvokeMethod(MetaClassImpl.java:1348)
at groovy.lang.MetaClassImpl.invokeMethod(MetaClassImpl.java:1103)
at groovy.lang.MetaClassImpl.invokeMethod(MetaClassImpl.java:1009)
at groovy.lang.MetaClassImpl.invokeMethod(MetaClassImpl.java:792)
at io.restassured.internal.RequestSpecificationImpl.invokeMethod(RequestSpecificationImpl.groovy)
at org.codehaus.groovy.runtime.callsite.PogoInterceptableSite.call(PogoInterceptableSite.java:46)
at org.codehaus.groovy.runtime.callsite.PogoInterceptableSite.callCurrent(PogoInterceptableSite.java:57)
at org.codehaus.groovy.runtime.callsite.AbstractCallSite.callCurrent(AbstractCallSite.java:203)
at io.restassured.internal.RequestSpecificationImpl.applyPathParamsAndSendRequest(RequestSpecificationImpl.groovy:1710)
at io.restassured.internal.RequestSpecificationImpl.this$2$applyPathParamsAndSendRequest(RequestSpecificationImpl.groovy)
at groovy.lang.MetaMethod.doMethodInvoke(MetaMethod.java:328)
at groovy.lang.MetaClassImpl.doInvokeMethod(MetaClassImpl.java:1348)
at groovy.lang.MetaClassImpl.invokeMethod(MetaClassImpl.java:1103)
at groovy.lang.MetaClassImpl.invokeMethod(MetaClassImpl.java:1009)
at groovy.lang.MetaClassImpl.invokeMethod(MetaClassImpl.java:792)
at io.restassured.internal.RequestSpecificationImpl.invokeMethod(RequestSpecificationImpl.groovy)
at org.codehaus.groovy.runtime.callsite.PogoInterceptableSite.call(PogoInterceptableSite.java:46)
at org.codehaus.groovy.runtime.callsite.PogoInterceptableSite.callCurrent(PogoInterceptableSite.java:57)
at org.codehaus.groovy.runtime.callsite.AbstractCallSite.callCurrent(AbstractCallSite.java:203)
at io.restassured.internal.RequestSpecificationImpl.get(RequestSpecificationImpl.groovy:172)
at io.restassured.internal.RequestSpecificationImpl.get(RequestSpecificationImpl.groovy)
at AutoTest.AuxiliaryTest.getListOfChangesDate(AuxiliaryTest.java:138)
at java.base/java.util.ArrayList.forEach(ArrayList.java:1511)
... Removed 39 stack frames]]>
    </failure>
  </testcase> <!-- getListOfChangesDate -->
  <testcase classname="AutoTest.AuxiliaryTest" name="getListOfChangesDate" time="0.751"/>
  <testcase classname="AutoTest.AuxiliaryTest" name="getListOfChangesDate" time="0.97"/>
  <testcase classname="AutoTest.AuxiliaryTest" name="getListOfChangesDate" time="0.993"/>
  <testcase classname="AutoTest.AuxiliaryTest" name="getListOfChangesDate" time="1.097"/>
  <testcase classname="AutoTest.AuxiliaryTest" name="getListOfChangesDate" time="1.037"/>
  <testcase classname="AutoTest.AuxiliaryTest" name="getListOfChangesDate" time="0.861"/>
  <testcase classname="AutoTest.AuxiliaryTest" name="getListOfChangesDateIsEmpty" time="0.994"/>
  <testcase classname="AutoTest.AuxiliaryTest" name="getListOfChangesDateIsEmpty" time="1.104">
    <failure type="java.lang.AssertionError" message="1 expectation failed.
Expected status code &amp;lt;200&amp;gt; but was &amp;lt;400&amp;gt;.
">
      <![CDATA[java.lang.AssertionError: 1 expectation failed.
Expected status code <200> but was <400>.

at org.codehaus.groovy.runtime.callsite.ConstructorSite$ConstructorSiteNoUnwrapNoCoerce.callConstructor(ConstructorSite.java:108)
at org.codehaus.groovy.runtime.callsite.AbstractCallSite.callConstructor(AbstractCallSite.java:277)
at io.restassured.internal.ResponseSpecificationImpl$HamcrestAssertionClosure.validate(ResponseSpecificationImpl.groovy:512)
at io.restassured.internal.ResponseSpecificationImpl$HamcrestAssertionClosure$validate$1.call(Unknown Source)
at io.restassured.internal.RequestSpecificationImpl.applyPathParamsAndSendRequest(RequestSpecificationImpl.groovy:1705)
at io.restassured.internal.RequestSpecificationImpl.this$2$applyPathParamsAndSendRequest(RequestSpecificationImpl.groovy)
at groovy.lang.MetaMethod.doMethodInvoke(MetaMethod.java:328)
at groovy.lang.MetaClassImpl.doInvokeMethod(MetaClassImpl.java:1348)
at groovy.lang.MetaClassImpl.invokeMethod(MetaClassImpl.java:1103)
at groovy.lang.MetaClassImpl.invokeMethod(MetaClassImpl.java:1009)
at groovy.lang.MetaClassImpl.invokeMethod(MetaClassImpl.java:792)
at io.restassured.internal.RequestSpecificationImpl.invokeMethod(RequestSpecificationImpl.groovy)
at org.codehaus.groovy.runtime.callsite.PogoInterceptableSite.call(PogoInterceptableSite.java:46)
at org.codehaus.groovy.runtime.callsite.PogoInterceptableSite.callCurrent(PogoInterceptableSite.java:57)
at org.codehaus.groovy.runtime.callsite.AbstractCallSite.callCurrent(AbstractCallSite.java:203)
at io.restassured.internal.RequestSpecificationImpl.applyPathParamsAndSendRequest(RequestSpecificationImpl.groovy:1710)
at io.restassured.internal.RequestSpecificationImpl.this$2$applyPathParamsAndSendRequest(RequestSpecificationImpl.groovy)
at groovy.lang.MetaMethod.doMethodInvoke(MetaMethod.java:328)
at groovy.lang.MetaClassImpl.doInvokeMethod(MetaClassImpl.java:1348)
at groovy.lang.MetaClassImpl.invokeMethod(MetaClassImpl.java:1103)
at groovy.lang.MetaClassImpl.invokeMethod(MetaClassImpl.java:1009)
at groovy.lang.MetaClassImpl.invokeMethod(MetaClassImpl.java:792)
at io.restassured.internal.RequestSpecificationImpl.invokeMethod(RequestSpecificationImpl.groovy)
at org.codehaus.groovy.runtime.callsite.PogoInterceptableSite.call(PogoInterceptableSite.java:46)
at org.codehaus.groovy.runtime.callsite.PogoInterceptableSite.callCurrent(PogoInterceptableSite.java:57)
at org.codehaus.groovy.runtime.callsite.AbstractCallSite.callCurrent(AbstractCallSite.java:203)
at io.restassured.internal.RequestSpecificationImpl.get(RequestSpecificationImpl.groovy:172)
at io.restassured.internal.RequestSpecificationImpl.get(RequestSpecificationImpl.groovy)
at AutoTest.AuxiliaryTest.getListOfChangesDateIsEmpty(AuxiliaryTest.java:158)
at java.base/java.util.ArrayList.forEach(ArrayList.java:1511)
... Removed 39 stack frames]]>
    </failure>
  </testcase> <!-- getListOfChangesDateIsEmpty -->
  <testcase classname="AutoTest.AuxiliaryTest" name="getListOfChangesDateIsEmpty" time="0.909"/>
  <testcase classname="AutoTest.AuxiliaryTest" name="getListOfChangesDateIsEmpty" time="0.979"/>
  <testcase classname="AutoTest.AuxiliaryTest" name="getListOfChangesDateIsEmpty" time="0.979"/>
  <testcase classname="AutoTest.AuxiliaryTest" name="getListOfChangesDateIsEmpty" time="1.131"/>
  <testcase classname="AutoTest.AuxiliaryTest" name="getListOfChangesDateIsEmpty" time="0.883"/>
  <testcase classname="AutoTest.AuxiliaryTest" name="getListOfChangesDateIsEmpty" time="1.042"/>
  <testcase classname="AutoTest.AuxiliaryTest" name="getListOfChangesDateIsEmpty" time="0.955"/>
  <testcase classname="AutoTest.AuxiliaryTest" name="getListOfChangesDateIsEmpty" time="1.098">
    <failure type="java.lang.AssertionError" message="1 expectation failed.
Expected status code &amp;lt;200&amp;gt; but was &amp;lt;400&amp;gt;.
">
      <![CDATA[java.lang.AssertionError: 1 expectation failed.
Expected status code <200> but was <400>.

at org.codehaus.groovy.runtime.callsite.ConstructorSite$ConstructorSiteNoUnwrapNoCoerce.callConstructor(ConstructorSite.java:108)
at org.codehaus.groovy.runtime.callsite.AbstractCallSite.callConstructor(AbstractCallSite.java:277)
at io.restassured.internal.ResponseSpecificationImpl$HamcrestAssertionClosure.validate(ResponseSpecificationImpl.groovy:512)
at io.restassured.internal.ResponseSpecificationImpl$HamcrestAssertionClosure$validate$1.call(Unknown Source)
at io.restassured.internal.RequestSpecificationImpl.applyPathParamsAndSendRequest(RequestSpecificationImpl.groovy:1705)
at io.restassured.internal.RequestSpecificationImpl.this$2$applyPathParamsAndSendRequest(RequestSpecificationImpl.groovy)
at groovy.lang.MetaMethod.doMethodInvoke(MetaMethod.java:328)
at groovy.lang.MetaClassImpl.doInvokeMethod(MetaClassImpl.java:1348)
at groovy.lang.MetaClassImpl.invokeMethod(MetaClassImpl.java:1103)
at groovy.lang.MetaClassImpl.invokeMethod(MetaClassImpl.java:1009)
at groovy.lang.MetaClassImpl.invokeMethod(MetaClassImpl.java:792)
at io.restassured.internal.RequestSpecificationImpl.invokeMethod(RequestSpecificationImpl.groovy)
at org.codehaus.groovy.runtime.callsite.PogoInterceptableSite.call(PogoInterceptableSite.java:46)
at org.codehaus.groovy.runtime.callsite.PogoInterceptableSite.callCurrent(PogoInterceptableSite.java:57)
at org.codehaus.groovy.runtime.callsite.AbstractCallSite.callCurrent(AbstractCallSite.java:203)
at io.restassured.internal.RequestSpecificationImpl.applyPathParamsAndSendRequest(RequestSpecificationImpl.groovy:1710)
at io.restassured.internal.RequestSpecificationImpl.this$2$applyPathParamsAndSendRequest(RequestSpecificationImpl.groovy)
at groovy.lang.MetaMethod.doMethodInvoke(MetaMethod.java:328)
at groovy.lang.MetaClassImpl.doInvokeMethod(MetaClassImpl.java:1348)
at groovy.lang.MetaClassImpl.invokeMethod(MetaClassImpl.java:1103)
at groovy.lang.MetaClassImpl.invokeMethod(MetaClassImpl.java:1009)
at groovy.lang.MetaClassImpl.invokeMethod(MetaClassImpl.java:792)
at io.restassured.internal.RequestSpecificationImpl.invokeMethod(RequestSpecificationImpl.groovy)
at org.codehaus.groovy.runtime.callsite.PogoInterceptableSite.call(PogoInterceptableSite.java:46)
at org.codehaus.groovy.runtime.callsite.PogoInterceptableSite.callCurrent(PogoInterceptableSite.java:57)
at org.codehaus.groovy.runtime.callsite.AbstractCallSite.callCurrent(AbstractCallSite.java:203)
at io.restassured.internal.RequestSpecificationImpl.get(RequestSpecificationImpl.groovy:172)
at io.restassured.internal.RequestSpecificationImpl.get(RequestSpecificationImpl.groovy)
at AutoTest.AuxiliaryTest.getListOfChangesDateIsEmpty(AuxiliaryTest.java:158)
at java.base/java.util.ArrayList.forEach(ArrayList.java:1511)
... Removed 39 stack frames]]>
    </failure>
  </testcase> <!-- getListOfChangesDateIsEmpty -->
  <testcase classname="AutoTest.AuxiliaryTest" name="getListOfChangesDateIsEmpty" time="0.916"/>
  <testcase classname="AutoTest.AuxiliaryTest" name="getListOfChangesDateIsEmpty" time="0.982"/>
  <testcase classname="AutoTest.AuxiliaryTest" name="getListOfChangesDateIsEmpty" time="1.034"/>
  <testcase classname="AutoTest.AuxiliaryTest" name="getListOfChangesDateIsEmpty" time="1.07"/>
  <testcase classname="AutoTest.AuxiliaryTest" name="getListOfChangesDateIsEmpty" time="0.942"/>
  <testcase classname="AutoTest.AuxiliaryTest" name="getListOfChangesDateIsEmpty" time="0.968"/>
  <testcase classname="AutoTest.AuxiliaryTest" name="getListOfChangesNegative" time="1.28"/>
  <testcase classname="AutoTest.AuxiliaryTest" name="getListOfChangesNegative" time="0.865"/>
  <testcase classname="AutoTest.AuxiliaryTest" name="getListOfChangesNegative" time="0.862"/>
  <testcase classname="AutoTest.AuxiliaryTest" name="getListOfChangesNegative" time="1.003"/>
  <testcase classname="AutoTest.AuxiliaryTest" name="getListOfChangesNegative" time="0.987"/>
  <testcase classname="AutoTest.AuxiliaryTest" name="getListOfChangesNegative" time="1.17"/>
  <testcase classname="AutoTest.AuxiliaryTest" name="getListOfChangesNegative" time="0.829"/>
  <testcase classname="AutoTest.AuxiliaryTest" name="getListOfChangesNegative" time="0.992"/>
  <testcase classname="AutoTest.AuxiliaryTest" name="getListOfChangesNegative" time="0.987"/>
  <testcase classname="AutoTest.AuxiliaryTest" name="getListOfChangesNegative" time="1.164"/>
  <testcase classname="AutoTest.AuxiliaryTest" name="getListOfChangesNegativeDate" time="0.839"/>
  <testcase classname="AutoTest.AuxiliaryTest" name="getListOfChangesNegativeDate" time="0.994"/>
  <testcase classname="AutoTest.AuxiliaryTest" name="getListOfChangesNegativeDate" time="1.011"/>
  <testcase classname="AutoTest.AuxiliaryTest" name="getListOfChangesNegativeDate" time="1.169"/>
  <testcase classname="AutoTest.AuxiliaryTest" name="getListOfChangesNegativeDate" time="0.932"/>
  <testcase classname="AutoTest.AuxiliaryTest" name="getListOfChangesNegativeDate" time="0.898"/>
  <testcase classname="AutoTest.AuxiliaryTest" name="getListOfChangesNegativeDate" time="1.007"/>
  <testcase classname="AutoTest.AuxiliaryTest" name="getListOfChangesNegativeDate" time="1.194"/>
  <testcase classname="AutoTest.AuxiliaryTest" name="getListOfChangesNegativeDate" time="0.811"/>
  <testcase classname="AutoTest.AuxiliaryTest" name="getListOfChangesNegativeType" time="0.993"/>
  <testcase classname="AutoTest.AuxiliaryTest" name="getListOfChangesNegativeType" time="1.036"/>
  <testcase classname="AutoTest.AuxiliaryTest" name="getListOfChangesNegativeType" time="1.096"/>
  <testcase classname="AutoTest.AuxiliaryTest" name="getListOfChangesNegativeType" time="0.911"/>
  <testcase classname="AutoTest.AuxiliaryTest" name="getListOfChangesNegativeType" time="0.971"/>
  <testcase classname="AutoTest.AuxiliaryTest" name="getListOfChangesNegativeType" time="0.975"/>
  <testcase classname="AutoTest.AuxiliaryTest" name="getListOfChangesNegativeType" time="1.145"/>
  <testcase classname="AutoTest.AuxiliaryTest" name="getListOfChangesNegativeType" time="0.928"/>
  <testcase classname="AutoTest.AuxiliaryTest" name="getPing" time="0.958"/>
  <testcase classname="AutoTest.ClassifierTest" name="getEopGuid" time="1.009"/>
  <testcase classname="AutoTest.ClassifierTest" name="getEopGuidNegativeData" time="1.122"/>
  <testcase classname="AutoTest.ClassifierTest" name="getEopGuidNegativeData" time="0.872"/>
  <testcase classname="AutoTest.ClassifierTest" name="getEopGuidNegativeData" time="1.003"/>
  <testcase classname="AutoTest.ClassifierTest" name="getEopGuidNegativeData" time="0.969"/>
  <testcase classname="AutoTest.ClassifierTest" name="getEopGuidNegativeData" time="1.13"/>
  <testcase classname="AutoTest.ClassifierTest" name="getEopGuidNegativeData" time="0.886"/>
  <testcase classname="AutoTest.ClassifierTest" name="getEopGuidNegativeData" time="1.018"/>
  <testcase classname="AutoTest.ClassifierTest" name="getEopGuidNegativeData" time="0.988"/>
  <testcase classname="AutoTest.ClassifierTest" name="getEopGuidNegativeData" time="1.14"/>
  <testcase classname="AutoTest.ClassifierTest" name="getEopGuidNegativeData" time="0.858"/>
  <testcase classname="AutoTest.ClassifierTest" name="getEopGuidNegativeData" time="1.01"/>
  <testcase classname="AutoTest.ClassifierTest" name="getEopList" time="1.054"/>
  <testcase classname="AutoTest.ClassifierTest" name="getEopList" time="1.162"/>
  <testcase classname="AutoTest.ClassifierTest" name="getEopList" time="0.853"/>
  <testcase classname="AutoTest.ClassifierTest" name="getEopList" time="1.111"/>
  <testcase classname="AutoTest.ClassifierTest" name="getEopList" time="1.19"/>
  <testcase classname="AutoTest.ClassifierTest" name="getEopList" time="0.933"/>
  <testcase classname="AutoTest.ClassifierTest" name="getEopListNegativeStep" time="0.681"/>
  <testcase classname="AutoTest.ClassifierTest" name="getEopListNegativeStep" time="1.004"/>
  <testcase classname="AutoTest.ClassifierTest" name="getEopListNegativeStep" time="1.009"/>
  <testcase classname="AutoTest.ClassifierTest" name="getEopListNegativeStep" time="1.14"/>
  <testcase classname="AutoTest.ClassifierTest" name="getEopListNegativeStep" time="0.882"/>
  <testcase classname="AutoTest.ClassifierTest" name="getEopListNegativeStep" time="0.996"/>
  <testcase classname="AutoTest.ClassifierTest" name="getEopListNegativeStep" time="0.997"/>
  <testcase classname="AutoTest.ClassifierTest" name="getEopListNegativeStep" time="2.213"/>
  <testcase classname="AutoTest.ClassifierTest" name="getEopListNegativeStep" time="3.805"/>
  <testcase classname="AutoTest.ClassifierTest" name="getEopListNegativeStep" time="0.989"/>
  <testcase classname="AutoTest.ClassifierTest" name="getEopListNegativeStep" time="0.979"/>
  <testcase classname="AutoTest.ClassifierTest" name="getEopListNegativeStep" time="1.111"/>
  <testcase classname="AutoTest.ClassifierTest" name="getEopListNegativeStep" time="0.948"/>
  <testcase classname="AutoTest.ClassifierTest" name="getEopListNegativeStep" time="0.982"/>
  <testcase classname="AutoTest.ClassifierTest" name="getEopListNegativeStep" time="0.973"/>
  <testcase classname="AutoTest.ClassifierTest" name="getEopListStepIsEmpty" time="1.24"/>
  <testcase classname="AutoTest.ClassifierTest" name="getUnifiedClassifierGuid" time="0.812"/>
  <testcase classname="AutoTest.ClassifierTest" name="getUnifiedClassifierGuidNegativeData" time="0.983"/>
  <testcase classname="AutoTest.ClassifierTest" name="getUnifiedClassifierGuidNegativeData" time="1.146"/>
  <testcase classname="AutoTest.ClassifierTest" name="getUnifiedClassifierGuidNegativeData" time="0.901"/>
  <testcase classname="AutoTest.ClassifierTest" name="getUnifiedClassifierGuidNegativeData" time="0.947"/>
  <testcase classname="AutoTest.ClassifierTest" name="getUnifiedClassifierGuidNegativeData" time="0.995"/>
  <testcase classname="AutoTest.ClassifierTest" name="getUnifiedClassifierGuidNegativeData" time="1.156"/>
  <testcase classname="AutoTest.ClassifierTest" name="getUnifiedClassifierGuidNegativeData" time="0.875"/>
  <testcase classname="AutoTest.ClassifierTest" name="getUnifiedClassifierGuidNegativeData" time="0.971"/>
  <testcase classname="AutoTest.ClassifierTest" name="getUnifiedClassifierGuidNegativeData" time="0.985"/>
  <testcase classname="AutoTest.ClassifierTest" name="getUnifiedClassifierGuidNegativeData" time="1.263"/>
  <testcase classname="AutoTest.ClassifierTest" name="getUnifiedClassifierGuidNegativeData" time="0.799"/>
  <testcase classname="AutoTest.ClassifierTest" name="getUnifiedClassifierList" time="1.491"/>
  <testcase classname="AutoTest.ClassifierTest" name="getUnifiedClassifierListNegativeData" time="0.447"/>
  <testcase classname="AutoTest.ClassifierTest" name="getUnifiedClassifierListNegativeData" time="1.154"/>
  <testcase classname="AutoTest.ClassifierTest" name="getUnifiedClassifierListNegativeData" time="0.873"/>
  <testcase classname="AutoTest.ClassifierTest" name="getUnifiedClassifierListNegativeData" time="0.98"/>
  <testcase classname="AutoTest.ClassifierTest" name="getUnifiedClassifierListNegativeData" time="0.995"/>
  <testcase classname="AutoTest.ClassifierTest" name="getUnifiedClassifierListNegativeData" time="1.153"/>
  <testcase classname="AutoTest.ClassifierTest" name="getUnifiedClassifierListNegativeData" time="0.864"/>
  <testcase classname="AutoTest.ClassifierTest" name="getUnifiedClassifierListNegativeData" time="0.981"/>
  <testcase classname="AutoTest.ClassifierTest" name="getUnifiedClassifierListNegativeData" time="1.003"/>
  <testcase classname="AutoTest.ClassifierTest" name="getUnifiedClassifierListNegativeData" time="1.165"/>
  <testcase classname="AutoTest.ClassifierTest" name="getUnifiedClassifierListNegativeData" time="0.868"/>
  <testcase classname="AutoTest.ClassifierTest" name="getUnifiedClassifierListNegativeData" time="0.957"/>
  <testcase classname="AutoTest.ClassifierTest" name="getUnifiedClassifierListNegativeData" time="1.039"/>
  <testcase classname="AutoTest.ClassifierTest" name="getUnifiedClassifierListNegativeData" time="1.178"/>
  <testcase classname="AutoTest.ClassifierTest" name="getUnifiedClassifierListNegativeData" time="0.875"/>
  <testcase classname="AutoTest.ClassifierTest" name="getUnifiedClassifierListPositiveStep" time="0.954"/>
  <testcase classname="AutoTest.ClassifierTest" name="getUnifiedClassifierListPositiveStep" time="0.99"/>
  <testcase classname="AutoTest.ClassifierTest" name="getUnifiedClassifierListPositiveStep" time="1.121"/>
  <testcase classname="AutoTest.ClassifierTest" name="getUnifiedClassifierListPositiveStep" time="1.086"/>
  <testcase classname="AutoTest.ClassifierTest" name="getUnifiedClassifierListPositiveStep" time="1.115"/>
  <testcase classname="AutoTest.ClassifierTest" name="getUnifiedClassifierListPositiveStep" time="1.182"/>
  <testcase classname="AutoTest.ClassifierTest" name="getUnifiedClassifierListStepIsEmpty" time="0.826"/>
  <testcase classname="AutoTest.ClassifierTest" name="getUnitsGuid" time="0.667"/>
  <testcase classname="AutoTest.ClassifierTest" name="getUnitsGuidNegativeData" time="0.981"/>
  <testcase classname="AutoTest.ClassifierTest" name="getUnitsGuidNegativeData" time="1.026"/>
  <testcase classname="AutoTest.ClassifierTest" name="getUnitsGuidNegativeData" time="1.095"/>
  <testcase classname="AutoTest.ClassifierTest" name="getUnitsGuidNegativeData" time="0.953"/>
  <testcase classname="AutoTest.ClassifierTest" name="getUnitsGuidNegativeData" time="0.93"/>
  <testcase classname="AutoTest.ClassifierTest" name="getUnitsGuidNegativeData" time="0.99"/>
  <testcase classname="AutoTest.ClassifierTest" name="getUnitsGuidNegativeData" time="1.12"/>
  <testcase classname="AutoTest.ClassifierTest" name="getUnitsGuidNegativeData" time="0.872"/>
  <testcase classname="AutoTest.ClassifierTest" name="getUnitsGuidNegativeData" time="1.024"/>
  <testcase classname="AutoTest.ClassifierTest" name="getUnitsGuidNegativeData" time="0.991"/>
  <testcase classname="AutoTest.ClassifierTest" name="getUnitsGuidNegativeData" time="1.11"/>
  <testcase classname="AutoTest.ClassifierTest" name="getUnitsList" time="0.896"/>
  <testcase classname="AutoTest.ClassifierTest" name="getUnitsList" time="1.038"/>
  <testcase classname="AutoTest.ClassifierTest" name="getUnitsList" time="0.984"/>
  <testcase classname="AutoTest.ClassifierTest" name="getUnitsListNegativeStep" time="1.077"/>
  <testcase classname="AutoTest.ClassifierTest" name="getUnitsListNegativeStep" time="0.886"/>
  <testcase classname="AutoTest.ClassifierTest" name="getUnitsListNegativeStep" time="1.111"/>
  <testcase classname="AutoTest.ClassifierTest" name="getUnitsListNegativeStep" time="0.91"/>
  <testcase classname="AutoTest.ClassifierTest" name="getUnitsListNegativeStep" time="1.123"/>
  <testcase classname="AutoTest.ClassifierTest" name="getUnitsListNegativeStep" time="0.885"/>
  <testcase classname="AutoTest.ClassifierTest" name="getUnitsListNegativeStep" time="1.014"/>
  <testcase classname="AutoTest.ClassifierTest" name="getUnitsListNegativeStep" time="0.941"/>
  <testcase classname="AutoTest.ClassifierTest" name="getUnitsListNegativeStep" time="1.199"/>
  <testcase classname="AutoTest.ClassifierTest" name="getUnitsListNegativeStep" time="0.818"/>
  <testcase classname="AutoTest.ClassifierTest" name="getUnitsListNegativeStep" time="1.072"/>
  <testcase classname="AutoTest.ClassifierTest" name="getUnitsListNegativeStep" time="0.907"/>
  <testcase classname="AutoTest.ClassifierTest" name="getUnitsListNegativeStep" time="1.23"/>
  <testcase classname="AutoTest.ClassifierTest" name="getUnitsListNegativeStep" time="0.817"/>
  <testcase classname="AutoTest.ClassifierTest" name="getUnitsListNegativeStep" time="0.996"/>
  <testcase classname="AutoTest.ClassifierTest" name="getUnitsListStepEqual100" time="1.291"/>
  <testcase classname="AutoTest.ClassifierTest" name="getUnitsListStepEqual199" time="1.0"/>
  <testcase classname="AutoTest.ClassifierTest" name="getUnitsListStepIsEmpty" time="0.881"/>
  <testcase classname="AutoTest.ClassifireIsAllRussianTest" name="getBankGuid" time="0.904"/>
  <testcase classname="AutoTest.ClassifireIsAllRussianTest" name="getBankGuidNotExist" time="0.906"/>
  <testcase classname="AutoTest.ClassifireIsAllRussianTest" name="getBankGuidNotExist" time="1.177"/>
  <testcase classname="AutoTest.ClassifireIsAllRussianTest" name="getBankGuidNotExist" time="0.83"/>
  <testcase classname="AutoTest.ClassifireIsAllRussianTest" name="getBankGuidNotExist" time="1.011"/>
  <testcase classname="AutoTest.ClassifireIsAllRussianTest" name="getBankGuidNotExist" time="1.005"/>
  <testcase classname="AutoTest.ClassifireIsAllRussianTest" name="getBankGuidNotExist" time="1.215"/>
  <testcase classname="AutoTest.ClassifireIsAllRussianTest" name="getBankGuidNotExist" time="0.766"/>
  <testcase classname="AutoTest.ClassifireIsAllRussianTest" name="getBankGuidNotExist" time="0.998"/>
  <testcase classname="AutoTest.ClassifireIsAllRussianTest" name="getBankGuidNotExist" time="1.011"/>
  <testcase classname="AutoTest.ClassifireIsAllRussianTest" name="getBankGuidNotExist" time="1.196"/>
  <testcase classname="AutoTest.ClassifireIsAllRussianTest" name="getBankGuidNotExist" time="0.805"/>
  <testcase classname="AutoTest.ClassifireIsAllRussianTest" name="getBankList" time="1.048"/>
  <testcase classname="AutoTest.ClassifireIsAllRussianTest" name="getBankList" time="0.992"/>
  <testcase classname="AutoTest.ClassifireIsAllRussianTest" name="getBankList" time="1.158"/>
  <testcase classname="AutoTest.ClassifireIsAllRussianTest" name="getBankList" time="0.994"/>
  <testcase classname="AutoTest.ClassifireIsAllRussianTest" name="getBankList" time="1.403"/>
  <testcase classname="AutoTest.ClassifireIsAllRussianTest" name="getBankList" time="0.944"/>
  <testcase classname="AutoTest.ClassifireIsAllRussianTest" name="getBankListStepIsEmpty" time="0.983"/>
  <testcase classname="AutoTest.ClassifireIsAllRussianTest" name="getBankListStepMaxPlus" time="0.476"/>
  <testcase classname="AutoTest.ClassifireIsAllRussianTest" name="getBankListStepMaxPlus" time="1.034"/>
  <testcase classname="AutoTest.ClassifireIsAllRussianTest" name="getBankListStepMaxPlus" time="0.991"/>
  <testcase classname="AutoTest.ClassifireIsAllRussianTest" name="getBankListStepMaxPlus" time="1.132"/>
  <testcase classname="AutoTest.ClassifireIsAllRussianTest" name="getBankListStepMaxPlus" time="0.86"/>
  <testcase classname="AutoTest.ClassifireIsAllRussianTest" name="getBankListStepMaxPlus" time="0.977"/>
  <testcase classname="AutoTest.ClassifireIsAllRussianTest" name="getBankListStepMaxPlus" time="1.019"/>
  <testcase classname="AutoTest.ClassifireIsAllRussianTest" name="getBankListStepMaxPlus" time="1.127"/>
  <testcase classname="AutoTest.ClassifireIsAllRussianTest" name="getBankListStepMaxPlus" time="0.891"/>
  <testcase classname="AutoTest.ClassifireIsAllRussianTest" name="getBankListStepMaxPlus" time="0.984"/>
  <testcase classname="AutoTest.ClassifireIsAllRussianTest" name="getBankListStepMaxPlus" time="0.998"/>
  <testcase classname="AutoTest.ClassifireIsAllRussianTest" name="getBankListStepMaxPlus" time="1.151"/>
  <testcase classname="AutoTest.ClassifireIsAllRussianTest" name="getBankListStepMaxPlus" time="0.844"/>
  <testcase classname="AutoTest.ClassifireIsAllRussianTest" name="getBankListStepMaxPlus" time="1.001"/>
  <testcase classname="AutoTest.ClassifireIsAllRussianTest" name="getBankListStepMaxPlus" time="0.997"/>
  <testcase classname="AutoTest.ClassifireIsAllRussianTest" name="getCountryGuid" time="1.296"/>
  <testcase classname="AutoTest.ClassifireIsAllRussianTest" name="getCountryGuidNotExist" time="0.697"/>
  <testcase classname="AutoTest.ClassifireIsAllRussianTest" name="getCountryGuidNotExist" time="1.044"/>
  <testcase classname="AutoTest.ClassifireIsAllRussianTest" name="getCountryGuidNotExist" time="0.954"/>
  <testcase classname="AutoTest.ClassifireIsAllRussianTest" name="getCountryGuidNotExist" time="1.13"/>
  <testcase classname="AutoTest.ClassifireIsAllRussianTest" name="getCountryGuidNotExist" time="0.911"/>
  <testcase classname="AutoTest.ClassifireIsAllRussianTest" name="getCountryGuidNotExist" time="0.951"/>
  <testcase classname="AutoTest.ClassifireIsAllRussianTest" name="getCountryGuidNotExist" time="1.007"/>
  <testcase classname="AutoTest.ClassifireIsAllRussianTest" name="getCountryGuidNotExist" time="1.139"/>
  <testcase classname="AutoTest.ClassifireIsAllRussianTest" name="getCountryGuidNotExist" time="0.859"/>
  <testcase classname="AutoTest.ClassifireIsAllRussianTest" name="getCountryGuidNotExist" time="1.021"/>
  <testcase classname="AutoTest.ClassifireIsAllRussianTest" name="getCountryGuidNotExist" time="1.037"/>
  <testcase classname="AutoTest.ClassifireIsAllRussianTest" name="getCountryList" time="1.136"/>
  <testcase classname="AutoTest.ClassifireIsAllRussianTest" name="getCountryList" time="0.87"/>
  <testcase classname="AutoTest.ClassifireIsAllRussianTest" name="getCountryList" time="0.99"/>
  <testcase classname="AutoTest.ClassifireIsAllRussianTest" name="getCountryList" time="1.19"/>
  <testcase classname="AutoTest.ClassifireIsAllRussianTest" name="getCountryList" time="0.889"/>
  <testcase classname="AutoTest.ClassifireIsAllRussianTest" name="getCountryList" time="0.916"/>
  <testcase classname="AutoTest.ClassifireIsAllRussianTest" name="getCountryListStepIsEmpty" time="1.005"/>
  <testcase classname="AutoTest.ClassifireIsAllRussianTest" name="getCountryListStepMaxPlus" time="0.973"/>
  <testcase classname="AutoTest.ClassifireIsAllRussianTest" name="getCountryListStepMaxPlus" time="1.081"/>
  <testcase classname="AutoTest.ClassifireIsAllRussianTest" name="getCountryListStepMaxPlus" time="0.912"/>
  <testcase classname="AutoTest.ClassifireIsAllRussianTest" name="getCountryListStepMaxPlus" time="1.018"/>
  <testcase classname="AutoTest.ClassifireIsAllRussianTest" name="getCountryListStepMaxPlus" time="0.984"/>
  <testcase classname="AutoTest.ClassifireIsAllRussianTest" name="getCountryListStepMaxPlus" time="1.068"/>
  <testcase classname="AutoTest.ClassifireIsAllRussianTest" name="getCountryListStepMaxPlus" time="0.953"/>
  <testcase classname="AutoTest.ClassifireIsAllRussianTest" name="getCountryListStepMaxPlus" time="0.951"/>
  <testcase classname="AutoTest.ClassifireIsAllRussianTest" name="getCountryListStepMaxPlus" time="1.045"/>
  <testcase classname="AutoTest.ClassifireIsAllRussianTest" name="getCountryListStepMaxPlus" time="1.032"/>
  <testcase classname="AutoTest.ClassifireIsAllRussianTest" name="getCountryListStepMaxPlus" time="0.962"/>
  <testcase classname="AutoTest.ClassifireIsAllRussianTest" name="getCountryListStepMaxPlus" time="1.053"/>
  <testcase classname="AutoTest.ClassifireIsAllRussianTest" name="getCountryListStepMaxPlus" time="1.125"/>
  <testcase classname="AutoTest.ClassifireIsAllRussianTest" name="getCountryListStepMaxPlus" time="0.867"/>
  <testcase classname="AutoTest.ClassifireIsAllRussianTest" name="getCountryListStepMaxPlus" time="1.061"/>
  <testcase classname="AutoTest.ClassifireIsAllRussianTest" name="getCurrencyGuid" time="0.982"/>
  <testcase classname="AutoTest.ClassifireIsAllRussianTest" name="getCurrencyGuidNotExist" time="0.903"/>
  <testcase classname="AutoTest.ClassifireIsAllRussianTest" name="getCurrencyGuidNotExist" time="1.084"/>
  <testcase classname="AutoTest.ClassifireIsAllRussianTest" name="getCurrencyGuidNotExist" time="0.963"/>
  <testcase classname="AutoTest.ClassifireIsAllRussianTest" name="getCurrencyGuidNotExist" time="0.957"/>
  <testcase classname="AutoTest.ClassifireIsAllRussianTest" name="getCurrencyGuidNotExist" time="1.18"/>
  <testcase classname="AutoTest.ClassifireIsAllRussianTest" name="getCurrencyGuidNotExist" time="0.859"/>
  <testcase classname="AutoTest.ClassifireIsAllRussianTest" name="getCurrencyGuidNotExist" time="0.987"/>
  <testcase classname="AutoTest.ClassifireIsAllRussianTest" name="getCurrencyGuidNotExist" time="0.964"/>
  <testcase classname="AutoTest.ClassifireIsAllRussianTest" name="getCurrencyGuidNotExist" time="1.18"/>
  <testcase classname="AutoTest.ClassifireIsAllRussianTest" name="getCurrencyGuidNotExist" time="0.865"/>
  <testcase classname="AutoTest.ClassifireIsAllRussianTest" name="getCurrencyGuidNotExist" time="0.966"/>
  <testcase classname="AutoTest.ClassifireIsAllRussianTest" name="getCurrencyList" time="1.023"/>
  <testcase classname="AutoTest.ClassifireIsAllRussianTest" name="getCurrencyList" time="1.153"/>
  <testcase classname="AutoTest.ClassifireIsAllRussianTest" name="getCurrencyList" time="0.895"/>
  <testcase classname="AutoTest.ClassifireIsAllRussianTest" name="getCurrencyList" time="0.98"/>
  <testcase classname="AutoTest.ClassifireIsAllRussianTest" name="getCurrencyList" time="0.976"/>
  <testcase classname="AutoTest.ClassifireIsAllRussianTest" name="getCurrencyList" time="1.156"/>
  <testcase classname="AutoTest.ClassifireIsAllRussianTest" name="getCurrencyListStepIsEmpty" time="0.872"/>
  <testcase classname="AutoTest.ClassifireIsAllRussianTest" name="getCurrencyListStepMaxPlus" time="0.949"/>
  <testcase classname="AutoTest.ClassifireIsAllRussianTest" name="getCurrencyListStepMaxPlus" time="1.007"/>
  <testcase classname="AutoTest.ClassifireIsAllRussianTest" name="getCurrencyListStepMaxPlus" time="1.142"/>
  <testcase classname="AutoTest.ClassifireIsAllRussianTest" name="getCurrencyListStepMaxPlus" time="0.895"/>
  <testcase classname="AutoTest.ClassifireIsAllRussianTest" name="getCurrencyListStepMaxPlus" time="0.973"/>
  <testcase classname="AutoTest.ClassifireIsAllRussianTest" name="getCurrencyListStepMaxPlus" time="0.98"/>
  <testcase classname="AutoTest.ClassifireIsAllRussianTest" name="getCurrencyListStepMaxPlus" time="1.146"/>
  <testcase classname="AutoTest.ClassifireIsAllRussianTest" name="getCurrencyListStepMaxPlus" time="0.863"/>
  <testcase classname="AutoTest.ClassifireIsAllRussianTest" name="getCurrencyListStepMaxPlus" time="1.045"/>
  <testcase classname="AutoTest.ClassifireIsAllRussianTest" name="getCurrencyListStepMaxPlus" time="0.97"/>
  <testcase classname="AutoTest.ClassifireIsAllRussianTest" name="getCurrencyListStepMaxPlus" time="1.126"/>
  <testcase classname="AutoTest.ClassifireIsAllRussianTest" name="getCurrencyListStepMaxPlus" time="0.885"/>
  <testcase classname="AutoTest.ClassifireIsAllRussianTest" name="getCurrencyListStepMaxPlus" time="0.958"/>
  <testcase classname="AutoTest.ClassifireIsAllRussianTest" name="getCurrencyListStepMaxPlus" time="1.063"/>
  <testcase classname="AutoTest.ClassifireIsAllRussianTest" name="getCurrencyListStepMaxPlus" time="1.121"/>
  <testcase classname="AutoTest.ClassifireIsAllRussianTest" name="getOkopfGuid" time="0.91"/>
  <testcase classname="AutoTest.ClassifireIsAllRussianTest" name="getOkopfGuidNotExist" time="0.923"/>
  <testcase classname="AutoTest.ClassifireIsAllRussianTest" name="getOkopfGuidNotExist" time="1.033"/>
  <testcase classname="AutoTest.ClassifireIsAllRussianTest" name="getOkopfGuidNotExist" time="1.095"/>
  <testcase classname="AutoTest.ClassifireIsAllRussianTest" name="getOkopfGuidNotExist" time="0.897"/>
  <testcase classname="AutoTest.ClassifireIsAllRussianTest" name="getOkopfGuidNotExist" time="0.98"/>
  <testcase classname="AutoTest.ClassifireIsAllRussianTest" name="getOkopfGuidNotExist" time="1.013"/>
  <testcase classname="AutoTest.ClassifireIsAllRussianTest" name="getOkopfGuidNotExist" time="1.135"/>
  <testcase classname="AutoTest.ClassifireIsAllRussianTest" name="getOkopfGuidNotExist" time="0.858"/>
  <testcase classname="AutoTest.ClassifireIsAllRussianTest" name="getOkopfGuidNotExist" time="0.982"/>
  <testcase classname="AutoTest.ClassifireIsAllRussianTest" name="getOkopfGuidNotExist" time="1.047"/>
  <testcase classname="AutoTest.ClassifireIsAllRussianTest" name="getOkopfGuidNotExist" time="1.081"/>
  <testcase classname="AutoTest.ClassifireIsAllRussianTest" name="getOkopfList" time="0.988"/>
  <testcase classname="AutoTest.ClassifireIsAllRussianTest" name="getOkopfList" time="0.912"/>
  <testcase classname="AutoTest.ClassifireIsAllRussianTest" name="getOkopfList" time="1.01"/>
  <testcase classname="AutoTest.ClassifireIsAllRussianTest" name="getOkopfList" time="1.166"/>
  <testcase classname="AutoTest.ClassifireIsAllRussianTest" name="getOkopfList" time="0.892"/>
  <testcase classname="AutoTest.ClassifireIsAllRussianTest" name="getOkopfList" time="1.009"/>
  <testcase classname="AutoTest.ClassifireIsAllRussianTest" name="getOkopfListStepIsEmpty" time="0.978"/>
  <testcase classname="AutoTest.ClassifireIsAllRussianTest" name="getOkopfListStepMaxPlus" time="1.037"/>
  <testcase classname="AutoTest.ClassifireIsAllRussianTest" name="getOkopfListStepMaxPlus" time="0.892"/>
  <testcase classname="AutoTest.ClassifireIsAllRussianTest" name="getOkopfListStepMaxPlus" time="1.013"/>
  <testcase classname="AutoTest.ClassifireIsAllRussianTest" name="getOkopfListStepMaxPlus" time="0.997"/>
  <testcase classname="AutoTest.ClassifireIsAllRussianTest" name="getOkopfListStepMaxPlus" time="1.094"/>
  <testcase classname="AutoTest.ClassifireIsAllRussianTest" name="getOkopfListStepMaxPlus" time="0.894"/>
  <testcase classname="AutoTest.ClassifireIsAllRussianTest" name="getOkopfListStepMaxPlus" time="1.007"/>
  <testcase classname="AutoTest.ClassifireIsAllRussianTest" name="getOkopfListStepMaxPlus" time="1.0"/>
  <testcase classname="AutoTest.ClassifireIsAllRussianTest" name="getOkopfListStepMaxPlus" time="1.096"/>
  <testcase classname="AutoTest.ClassifireIsAllRussianTest" name="getOkopfListStepMaxPlus" time="0.924"/>
  <testcase classname="AutoTest.ClassifireIsAllRussianTest" name="getOkopfListStepMaxPlus" time="0.983"/>
  <testcase classname="AutoTest.ClassifireIsAllRussianTest" name="getOkopfListStepMaxPlus" time="1.024"/>
  <testcase classname="AutoTest.ClassifireIsAllRussianTest" name="getOkopfListStepMaxPlus" time="1.151"/>
  <testcase classname="AutoTest.ClassifireIsAllRussianTest" name="getOkopfListStepMaxPlus" time="0.817"/>
  <testcase classname="AutoTest.ClassifireIsAllRussianTest" name="getOkopfListStepMaxPlus" time="1.026"/>
  <testcase classname="AutoTest.ClassifireIsAllRussianTest" name="getOkpdGuid" time="1.05"/>
  <testcase classname="AutoTest.ClassifireIsAllRussianTest" name="getOkpdGuidNotExist" time="1.109"/>
  <testcase classname="AutoTest.ClassifireIsAllRussianTest" name="getOkpdGuidNotExist" time="0.834"/>
  <testcase classname="AutoTest.ClassifireIsAllRussianTest" name="getOkpdGuidNotExist" time="0.999"/>
  <testcase classname="AutoTest.ClassifireIsAllRussianTest" name="getOkpdGuidNotExist" time="1.005"/>
  <testcase classname="AutoTest.ClassifireIsAllRussianTest" name="getOkpdGuidNotExist" time="1.218"/>
  <testcase classname="AutoTest.ClassifireIsAllRussianTest" name="getOkpdGuidNotExist" time="0.801"/>
  <testcase classname="AutoTest.ClassifireIsAllRussianTest" name="getOkpdGuidNotExist" time="0.969"/>
  <testcase classname="AutoTest.ClassifireIsAllRussianTest" name="getOkpdGuidNotExist" time="0.998"/>
  <testcase classname="AutoTest.ClassifireIsAllRussianTest" name="getOkpdGuidNotExist" time="1.155"/>
  <testcase classname="AutoTest.ClassifireIsAllRussianTest" name="getOkpdGuidNotExist" time="0.834"/>
  <testcase classname="AutoTest.ClassifireIsAllRussianTest" name="getOkpdGuidNotExist" time="1.04"/>
  <testcase classname="AutoTest.ClassifireIsAllRussianTest" name="getOkpdList" time="1.249"/>
  <testcase classname="AutoTest.ClassifireIsAllRussianTest" name="getOkpdList" time="0.909"/>
  <testcase classname="AutoTest.ClassifireIsAllRussianTest" name="getOkpdList" time="0.889"/>
  <testcase classname="AutoTest.ClassifireIsAllRussianTest" name="getOkpdList" time="1.124"/>
  <testcase classname="AutoTest.ClassifireIsAllRussianTest" name="getOkpdList" time="1.256"/>
  <testcase classname="AutoTest.ClassifireIsAllRussianTest" name="getOkpdList" time="0.953"/>
  <testcase classname="AutoTest.ClassifireIsAllRussianTest" name="getOkpdListStepIsEmpty" time="0.815"/>
  <testcase classname="AutoTest.ClassifireIsAllRussianTest" name="getOkpdListStepMaxPlus" time="0.791"/>
  <testcase classname="AutoTest.ClassifireIsAllRussianTest" name="getOkpdListStepMaxPlus" time="0.994"/>
  <testcase classname="AutoTest.ClassifireIsAllRussianTest" name="getOkpdListStepMaxPlus" time="1.195"/>
  <testcase classname="AutoTest.ClassifireIsAllRussianTest" name="getOkpdListStepMaxPlus" time="0.82"/>
  <testcase classname="AutoTest.ClassifireIsAllRussianTest" name="getOkpdListStepMaxPlus" time="0.976"/>
  <testcase classname="AutoTest.ClassifireIsAllRussianTest" name="getOkpdListStepMaxPlus" time="1.026"/>
  <testcase classname="AutoTest.ClassifireIsAllRussianTest" name="getOkpdListStepMaxPlus" time="1.106"/>
  <testcase classname="AutoTest.ClassifireIsAllRussianTest" name="getOkpdListStepMaxPlus" time="0.877"/>
  <testcase classname="AutoTest.ClassifireIsAllRussianTest" name="getOkpdListStepMaxPlus" time="1.009"/>
  <testcase classname="AutoTest.ClassifireIsAllRussianTest" name="getOkpdListStepMaxPlus" time="1.001"/>
  <testcase classname="AutoTest.ClassifireIsAllRussianTest" name="getOkpdListStepMaxPlus" time="1.134"/>
  <testcase classname="AutoTest.ClassifireIsAllRussianTest" name="getOkpdListStepMaxPlus" time="0.924"/>
  <testcase classname="AutoTest.ClassifireIsAllRussianTest" name="getOkpdListStepMaxPlus" time="0.941"/>
  <testcase classname="AutoTest.ClassifireIsAllRussianTest" name="getOkpdListStepMaxPlus" time="0.998"/>
  <testcase classname="AutoTest.ClassifireIsAllRussianTest" name="getOkpdListStepMaxPlus" time="1.106"/>
  <testcase classname="AutoTest.ClassifireIsAllRussianTest" name="getOkvedGuid" time="0.976"/>
  <testcase classname="AutoTest.ClassifireIsAllRussianTest" name="getOkvedGuidNotExist" time="0.912"/>
  <testcase classname="AutoTest.ClassifireIsAllRussianTest" name="getOkvedGuidNotExist" time="1.013"/>
  <testcase classname="AutoTest.ClassifireIsAllRussianTest" name="getOkvedGuidNotExist" time="1.098"/>
  <testcase classname="AutoTest.ClassifireIsAllRussianTest" name="getOkvedGuidNotExist" time="0.884"/>
  <testcase classname="AutoTest.ClassifireIsAllRussianTest" name="getOkvedGuidNotExist" time="1.002"/>
  <testcase classname="AutoTest.ClassifireIsAllRussianTest" name="getOkvedGuidNotExist" time="0.997"/>
  <testcase classname="AutoTest.ClassifireIsAllRussianTest" name="getOkvedGuidNotExist" time="1.1"/>
  <testcase classname="AutoTest.ClassifireIsAllRussianTest" name="getOkvedGuidNotExist" time="0.918"/>
  <testcase classname="AutoTest.ClassifireIsAllRussianTest" name="getOkvedGuidNotExist" time="0.999"/>
  <testcase classname="AutoTest.ClassifireIsAllRussianTest" name="getOkvedGuidNotExist" time="1.012"/>
  <testcase classname="AutoTest.ClassifireIsAllRussianTest" name="getOkvedGuidNotExist" time="1.07"/>
  <testcase classname="AutoTest.ClassifireIsAllRussianTest" name="getOkvedList" time="0.952"/>
  <testcase classname="AutoTest.ClassifireIsAllRussianTest" name="getOkvedList" time="0.996"/>
  <testcase classname="AutoTest.ClassifireIsAllRussianTest" name="getOkvedList" time="1.012"/>
  <testcase classname="AutoTest.ClassifireIsAllRussianTest" name="getOkvedList" time="1.164"/>
  <testcase classname="AutoTest.ClassifireIsAllRussianTest" name="getOkvedList" time="0.994"/>
  <testcase classname="AutoTest.ClassifireIsAllRussianTest" name="getOkvedList" time="1.01"/>
  <testcase classname="AutoTest.ClassifireIsAllRussianTest" name="getOkvedListStepIsEmpty" time="1.203"/>
  <testcase classname="AutoTest.ClassifireIsAllRussianTest" name="getOkvedListStepMaxPlus" time="0.757"/>
  <testcase classname="AutoTest.ClassifireIsAllRussianTest" name="getOkvedListStepMaxPlus" time="0.83"/>
  <testcase classname="AutoTest.ClassifireIsAllRussianTest" name="getOkvedListStepMaxPlus" time="1.016"/>
  <testcase classname="AutoTest.ClassifireIsAllRussianTest" name="getOkvedListStepMaxPlus" time="1.012"/>
  <testcase classname="AutoTest.ClassifireIsAllRussianTest" name="getOkvedListStepMaxPlus" time="1.038"/>
  <testcase classname="AutoTest.ClassifireIsAllRussianTest" name="getOkvedListStepMaxPlus" time="0.954"/>
  <testcase classname="AutoTest.ClassifireIsAllRussianTest" name="getOkvedListStepMaxPlus" time="0.967"/>
  <testcase classname="AutoTest.ClassifireIsAllRussianTest" name="getOkvedListStepMaxPlus" time="1.024"/>
  <testcase classname="AutoTest.ClassifireIsAllRussianTest" name="getOkvedListStepMaxPlus" time="1.082"/>
  <testcase classname="AutoTest.ClassifireIsAllRussianTest" name="getOkvedListStepMaxPlus" time="0.887"/>
  <testcase classname="AutoTest.ClassifireIsAllRussianTest" name="getOkvedListStepMaxPlus" time="1.021"/>
  <testcase classname="AutoTest.ClassifireIsAllRussianTest" name="getOkvedListStepMaxPlus" time="1.191"/>
  <testcase classname="AutoTest.ClassifireIsAllRussianTest" name="getOkvedListStepMaxPlus" time="0.881"/>
  <testcase classname="AutoTest.ClassifireIsAllRussianTest" name="getOkvedListStepMaxPlus" time="0.926"/>
  <testcase classname="AutoTest.ClassifireIsAllRussianTest" name="getOkvedListStepMaxPlus" time="0.994"/>
  <testcase classname="AutoTest.ClassifireIsAllRussianTest" name="getRegionGuid" time="1.192"/>
  <testcase classname="AutoTest.ClassifireIsAllRussianTest" name="getRegionGuidNotExist" time="0.916"/>
  <testcase classname="AutoTest.ClassifireIsAllRussianTest" name="getRegionGuidNotExist" time="0.914"/>
  <testcase classname="AutoTest.ClassifireIsAllRussianTest" name="getRegionGuidNotExist" time="1.015"/>
  <testcase classname="AutoTest.ClassifireIsAllRussianTest" name="getRegionGuidNotExist" time="1.154"/>
  <testcase classname="AutoTest.ClassifireIsAllRussianTest" name="getRegionGuidNotExist" time="0.875"/>
  <testcase classname="AutoTest.ClassifireIsAllRussianTest" name="getRegionGuidNotExist" time="0.929"/>
  <testcase classname="AutoTest.ClassifireIsAllRussianTest" name="getRegionGuidNotExist" time="1.031"/>
  <testcase classname="AutoTest.ClassifireIsAllRussianTest" name="getRegionGuidNotExist" time="0.994"/>
  <testcase classname="AutoTest.ClassifireIsAllRussianTest" name="getRegionGuidNotExist" time="1.026"/>
  <testcase classname="AutoTest.ClassifireIsAllRussianTest" name="getRegionGuidNotExist" time="0.964"/>
  <testcase classname="AutoTest.ClassifireIsAllRussianTest" name="getRegionGuidNotExist" time="1.021"/>
  <testcase classname="AutoTest.ClassifireIsAllRussianTest" name="getRegionList" time="1.183"/>
  <testcase classname="AutoTest.ClassifireIsAllRussianTest" name="getRegionList" time="0.865"/>
  <testcase classname="AutoTest.ClassifireIsAllRussianTest" name="getRegionList" time="0.976"/>
  <testcase classname="AutoTest.ClassifireIsAllRussianTest" name="getRegionList" time="1.016"/>
  <testcase classname="AutoTest.ClassifireIsAllRussianTest" name="getRegionList" time="1.177"/>
  <testcase classname="AutoTest.ClassifireIsAllRussianTest" name="getRegionList" time="0.958"/>
  <testcase classname="AutoTest.ClassifireIsAllRussianTest" name="getRegionListStepIsEmpty" time="0.956"/>
  <testcase classname="AutoTest.ClassifireIsAllRussianTest" name="getRegionListStepMaxPlus" time="0.865"/>
  <testcase classname="AutoTest.ClassifireIsAllRussianTest" name="getRegionListStepMaxPlus" time="1.143"/>
  <testcase classname="AutoTest.ClassifireIsAllRussianTest" name="getRegionListStepMaxPlus" time="0.88"/>
  <testcase classname="AutoTest.ClassifireIsAllRussianTest" name="getRegionListStepMaxPlus" time="0.969"/>
  <testcase classname="AutoTest.ClassifireIsAllRussianTest" name="getRegionListStepMaxPlus" time="0.992"/>
  <testcase classname="AutoTest.ClassifireIsAllRussianTest" name="getRegionListStepMaxPlus" time="1.18"/>
  <testcase classname="AutoTest.ClassifireIsAllRussianTest" name="getRegionListStepMaxPlus" time="0.885"/>
  <testcase classname="AutoTest.ClassifireIsAllRussianTest" name="getRegionListStepMaxPlus" time="0.989"/>
  <testcase classname="AutoTest.ClassifireIsAllRussianTest" name="getRegionListStepMaxPlus" time="1.001"/>
  <testcase classname="AutoTest.ClassifireIsAllRussianTest" name="getRegionListStepMaxPlus" time="1.192"/>
  <testcase classname="AutoTest.ClassifireIsAllRussianTest" name="getRegionListStepMaxPlus" time="0.774"/>
  <testcase classname="AutoTest.ClassifireIsAllRussianTest" name="getRegionListStepMaxPlus" time="1.047"/>
  <testcase classname="AutoTest.ClassifireIsAllRussianTest" name="getRegionListStepMaxPlus" time="0.97"/>
  <testcase classname="AutoTest.ClassifireIsAllRussianTest" name="getRegionListStepMaxPlus" time="1.263"/>
  <testcase classname="AutoTest.ClassifireIsAllRussianTest" name="getRegionListStepMaxPlus" time="0.776"/>
  <testcase classname="AutoTest.ClassifireIsAllRussianTest" name="getTnvedGuid" time="1.003"/>
  <testcase classname="AutoTest.ClassifireIsAllRussianTest" name="getTnvedGuidNotExist" time="0.96"/>
  <testcase classname="AutoTest.ClassifireIsAllRussianTest" name="getTnvedGuidNotExist" time="1.106"/>
  <testcase classname="AutoTest.ClassifireIsAllRussianTest" name="getTnvedGuidNotExist" time="0.898"/>
  <testcase classname="AutoTest.ClassifireIsAllRussianTest" name="getTnvedGuidNotExist" time="0.988"/>
  <testcase classname="AutoTest.ClassifireIsAllRussianTest" name="getTnvedGuidNotExist" time="1.001"/>
  <testcase classname="AutoTest.ClassifireIsAllRussianTest" name="getTnvedGuidNotExist" time="1.211"/>
  <testcase classname="AutoTest.ClassifireIsAllRussianTest" name="getTnvedGuidNotExist" time="0.78"/>
  <testcase classname="AutoTest.ClassifireIsAllRussianTest" name="getTnvedGuidNotExist" time="1.0"/>
  <testcase classname="AutoTest.ClassifireIsAllRussianTest" name="getTnvedGuidNotExist" time="1.004"/>
  <testcase classname="AutoTest.ClassifireIsAllRussianTest" name="getTnvedGuidNotExist" time="1.13"/>
  <testcase classname="AutoTest.ClassifireIsAllRussianTest" name="getTnvedGuidNotExist" time="0.945"/>
  <testcase classname="AutoTest.ClassifireIsAllRussianTest" name="getTnvedList" time="0.99"/>
  <testcase classname="AutoTest.ClassifireIsAllRussianTest" name="getTnvedList" time="0.975"/>
  <testcase classname="AutoTest.ClassifireIsAllRussianTest" name="getTnvedList" time="1.222"/>
  <testcase classname="AutoTest.ClassifireIsAllRussianTest" name="getTnvedList" time="0.964"/>
  <testcase classname="AutoTest.ClassifireIsAllRussianTest" name="getTnvedList" time="1.16"/>
  <testcase classname="AutoTest.ClassifireIsAllRussianTest" name="getTnvedList" time="1.235"/>
  <testcase classname="AutoTest.ClassifireIsAllRussianTest" name="getTnvedListStepIsEmpty" time="0.785"/>
  <testcase classname="AutoTest.ClassifireIsAllRussianTest" name="getTnvedListStepMaxPlus" time="0.588"/>
  <testcase classname="AutoTest.ClassifireIsAllRussianTest" name="getTnvedListStepMaxPlus" time="1.032"/>
  <testcase classname="AutoTest.ClassifireIsAllRussianTest" name="getTnvedListStepMaxPlus" time="0.972"/>
  <testcase classname="AutoTest.ClassifireIsAllRussianTest" name="getTnvedListStepMaxPlus" time="1.095"/>
  <testcase classname="AutoTest.ClassifireIsAllRussianTest" name="getTnvedListStepMaxPlus" time="0.888"/>
  <testcase classname="AutoTest.ClassifireIsAllRussianTest" name="getTnvedListStepMaxPlus" time="1.001"/>
  <testcase classname="AutoTest.ClassifireIsAllRussianTest" name="getTnvedListStepMaxPlus" time="1.023"/>
  <testcase classname="AutoTest.ClassifireIsAllRussianTest" name="getTnvedListStepMaxPlus" time="1.154"/>
  <testcase classname="AutoTest.ClassifireIsAllRussianTest" name="getTnvedListStepMaxPlus" time="0.827"/>
  <testcase classname="AutoTest.ClassifireIsAllRussianTest" name="getTnvedListStepMaxPlus" time="0.989"/>
  <testcase classname="AutoTest.ClassifireIsAllRussianTest" name="getTnvedListStepMaxPlus" time="1.021"/>
  <testcase classname="AutoTest.ClassifireIsAllRussianTest" name="getTnvedListStepMaxPlus" time="1.143"/>
  <testcase classname="AutoTest.ClassifireIsAllRussianTest" name="getTnvedListStepMaxPlus" time="0.882"/>
  <testcase classname="AutoTest.ClassifireIsAllRussianTest" name="getTnvedListStepMaxPlus" time="0.992"/>
  <testcase classname="AutoTest.ClassifireIsAllRussianTest" name="getTnvedListStepMaxPlus" time="0.989"/>
  <testcase classname="AutoTest.FinanceTest" name="getDdsArticlesGuid" time="1.224"/>
  <testcase classname="AutoTest.FinanceTest" name="getDdsArticlesGuidNotExist" time="0.762"/>
  <testcase classname="AutoTest.FinanceTest" name="getDdsArticlesGuidNotExist" time="1.142"/>
  <testcase classname="AutoTest.FinanceTest" name="getDdsArticlesGuidNotExist" time="0.899"/>
  <testcase classname="AutoTest.FinanceTest" name="getDdsArticlesGuidNotExist" time="1.451"/>
  <testcase classname="AutoTest.FinanceTest" name="getDdsArticlesGuidNotExist" time="0.504"/>
  <testcase classname="AutoTest.FinanceTest" name="getDdsArticlesGuidNotExist" time="1.035"/>
  <testcase classname="AutoTest.FinanceTest" name="getDdsArticlesGuidNotExist" time="0.972"/>
  <testcase classname="AutoTest.FinanceTest" name="getDdsArticlesGuidNotExist" time="1.38"/>
  <testcase classname="AutoTest.FinanceTest" name="getDdsArticlesGuidNotExist" time="0.628"/>
  <testcase classname="AutoTest.FinanceTest" name="getDdsArticlesGuidNotExist" time="1.003"/>
  <testcase classname="AutoTest.FinanceTest" name="getDdsArticlesGuidNotExist" time="1.029"/>
  <testcase classname="AutoTest.FinanceTest" name="getDdsArticlesList" time="1.07"/>
  <testcase classname="AutoTest.FinanceTest" name="getDdsArticlesList" time="0.919"/>
  <testcase classname="AutoTest.FinanceTest" name="getDdsArticlesList" time="1.223"/>
  <testcase classname="AutoTest.FinanceTest" name="getDdsArticlesList" time="1.068"/>
  <testcase classname="AutoTest.FinanceTest" name="getDdsArticlesList" time="1.243"/>
  <testcase classname="AutoTest.FinanceTest" name="getDdsArticlesList" time="0.973"/>
  <testcase classname="AutoTest.FinanceTest" name="getDdsArticlesListStepIsEmpty" time="1.053"/>
  <testcase classname="AutoTest.FinanceTest" name="getDdsArticlesListStepMaxPlus" time="0.487"/>
  <testcase classname="AutoTest.FinanceTest" name="getDdsArticlesListStepMaxPlus" time="0.952"/>
  <testcase classname="AutoTest.FinanceTest" name="getDdsArticlesListStepMaxPlus" time="1.003"/>
  <testcase classname="AutoTest.FinanceTest" name="getDdsArticlesListStepMaxPlus" time="1.006"/>
  <testcase classname="AutoTest.FinanceTest" name="getDdsArticlesListStepMaxPlus" time="0.962"/>
  <testcase classname="AutoTest.FinanceTest" name="getDdsArticlesListStepMaxPlus" time="0.984"/>
  <testcase classname="AutoTest.FinanceTest" name="getDdsArticlesListStepMaxPlus" time="1.04"/>
  <testcase classname="AutoTest.FinanceTest" name="getDdsArticlesListStepMaxPlus" time="1.017"/>
  <testcase classname="AutoTest.FinanceTest" name="getDdsArticlesListStepMaxPlus" time="0.997"/>
  <testcase classname="AutoTest.FinanceTest" name="getDdsArticlesListStepMaxPlus" time="0.968"/>
  <testcase classname="AutoTest.FinanceTest" name="getDdsArticlesListStepMaxPlus" time="1.021"/>
  <testcase classname="AutoTest.FinanceTest" name="getDdsArticlesListStepMaxPlus" time="0.981"/>
  <testcase classname="AutoTest.FinanceTest" name="getDdsArticlesListStepMaxPlus" time="0.998"/>
  <testcase classname="AutoTest.FinanceTest" name="getDdsArticlesListStepMaxPlus" time="1.022"/>
  <testcase classname="AutoTest.FinanceTest" name="getDdsArticlesListStepMaxPlus" time="0.992"/>
  <testcase classname="AutoTest.FinanceTest" name="getDdsVidGuid" time="0.993"/>
  <testcase classname="AutoTest.FinanceTest" name="getDdsVidGuidNotExist" time="1.018"/>
  <testcase classname="AutoTest.FinanceTest" name="getDdsVidGuidNotExist" time="0.983"/>
  <testcase classname="AutoTest.FinanceTest" name="getDdsVidGuidNotExist" time="1.029"/>
  <testcase classname="AutoTest.FinanceTest" name="getDdsVidGuidNotExist" time="0.972"/>
  <testcase classname="AutoTest.FinanceTest" name="getDdsVidGuidNotExist" time="1.004"/>
  <testcase classname="AutoTest.FinanceTest" name="getDdsVidGuidNotExist" time="1.023"/>
  <testcase classname="AutoTest.FinanceTest" name="getDdsVidGuidNotExist" time="0.986"/>
  <testcase classname="AutoTest.FinanceTest" name="getDdsVidGuidNotExist" time="0.992"/>
  <testcase classname="AutoTest.FinanceTest" name="getDdsVidGuidNotExist" time="0.983"/>
  <testcase classname="AutoTest.FinanceTest" name="getDdsVidGuidNotExist" time="1.019"/>
  <testcase classname="AutoTest.FinanceTest" name="getDdsVidGuidNotExist" time="1.013"/>
  <testcase classname="AutoTest.FinanceTest" name="getDdsVidList" time="1.004"/>
  <testcase classname="AutoTest.FinanceTest" name="getDdsVidList" time="1.022"/>
  <testcase classname="AutoTest.FinanceTest" name="getDdsVidList" time="0.992"/>
  <testcase classname="AutoTest.FinanceTest" name="getDdsVidList" time="0.989"/>
  <testcase classname="AutoTest.FinanceTest" name="getDdsVidList" time="1.018"/>
  <testcase classname="AutoTest.FinanceTest" name="getDdsVidList" time="1.006"/>
  <testcase classname="AutoTest.FinanceTest" name="getDdsVidListStepIsEmpty" time="1.051"/>
  <testcase classname="AutoTest.FinanceTest" name="getDdsVidListStepMaxPlus" time="0.913"/>
  <testcase classname="AutoTest.FinanceTest" name="getDdsVidListStepMaxPlus" time="0.993"/>
  <testcase classname="AutoTest.FinanceTest" name="getDdsVidListStepMaxPlus" time="1.034"/>
  <testcase classname="AutoTest.FinanceTest" name="getDdsVidListStepMaxPlus" time="0.979"/>
  <testcase classname="AutoTest.FinanceTest" name="getDdsVidListStepMaxPlus" time="0.998"/>
  <testcase classname="AutoTest.FinanceTest" name="getDdsVidListStepMaxPlus" time="0.995"/>
  <testcase classname="AutoTest.FinanceTest" name="getDdsVidListStepMaxPlus" time="1.004"/>
  <testcase classname="AutoTest.FinanceTest" name="getDdsVidListStepMaxPlus" time="1.004"/>
  <testcase classname="AutoTest.FinanceTest" name="getDdsVidListStepMaxPlus" time="1.018"/>
  <testcase classname="AutoTest.FinanceTest" name="getDdsVidListStepMaxPlus" time="0.975"/>
  <testcase classname="AutoTest.FinanceTest" name="getDdsVidListStepMaxPlus" time="1.004"/>
  <testcase classname="AutoTest.FinanceTest" name="getDdsVidListStepMaxPlus" time="1.042"/>
  <testcase classname="AutoTest.FinanceTest" name="getDdsVidListStepMaxPlus" time="0.96"/>
  <testcase classname="AutoTest.FinanceTest" name="getDdsVidListStepMaxPlus" time="0.993"/>
  <testcase classname="AutoTest.FinanceTest" name="getDdsVidListStepMaxPlus" time="0.999"/>
  <testcase classname="AutoTest.FinanceTest" name="getExpensesArticlesGuid" time="1.056"/>
  <testcase classname="AutoTest.FinanceTest" name="getExpensesArticlesGuidNotExist" time="0.952"/>
  <testcase classname="AutoTest.FinanceTest" name="getExpensesArticlesGuidNotExist" time="1.007"/>
  <testcase classname="AutoTest.FinanceTest" name="getExpensesArticlesGuidNotExist" time="1.039"/>
  <testcase classname="AutoTest.FinanceTest" name="getExpensesArticlesGuidNotExist" time="1.001"/>
  <testcase classname="AutoTest.FinanceTest" name="getExpensesArticlesGuidNotExist" time="0.977"/>
  <testcase classname="AutoTest.FinanceTest" name="getExpensesArticlesGuidNotExist" time="0.968"/>
  <testcase classname="AutoTest.FinanceTest" name="getExpensesArticlesGuidNotExist" time="1.079"/>
  <testcase classname="AutoTest.FinanceTest" name="getExpensesArticlesGuidNotExist" time="0.917"/>
  <testcase classname="AutoTest.FinanceTest" name="getExpensesArticlesGuidNotExist" time="1.006"/>
  <testcase classname="AutoTest.FinanceTest" name="getExpensesArticlesGuidNotExist" time="1.024"/>
  <testcase classname="AutoTest.FinanceTest" name="getExpensesArticlesGuidNotExist" time="1.006"/>
  <testcase classname="AutoTest.FinanceTest" name="getExpensesArticlesList" time="1.067"/>
  <testcase classname="AutoTest.FinanceTest" name="getExpensesArticlesList" time="0.948"/>
  <testcase classname="AutoTest.FinanceTest" name="getExpensesArticlesList" time="1.009"/>
  <testcase classname="AutoTest.FinanceTest" name="getExpensesArticlesList" time="1.125"/>
  <testcase classname="AutoTest.FinanceTest" name="getExpensesArticlesList" time="1.178"/>
  <testcase classname="AutoTest.FinanceTest" name="getExpensesArticlesList" time="0.975"/>
  <testcase classname="AutoTest.FinanceTest" name="getExpensesArticlesStepIsEmpty" time="0.977"/>
  <testcase classname="AutoTest.FinanceTest" name="getExpensesArticlesStepMaxPlus" time="0.689"/>
  <testcase classname="AutoTest.FinanceTest" name="getExpensesArticlesStepMaxPlus" time="1.063"/>
  <testcase classname="AutoTest.FinanceTest" name="getExpensesArticlesStepMaxPlus" time="0.972"/>
  <testcase classname="AutoTest.FinanceTest" name="getExpensesArticlesStepMaxPlus" time="0.993"/>
  <testcase classname="AutoTest.FinanceTest" name="getExpensesArticlesStepMaxPlus" time="0.991"/>
  <testcase classname="AutoTest.FinanceTest" name="getExpensesArticlesStepMaxPlus" time="1.046"/>
  <testcase classname="AutoTest.FinanceTest" name="getExpensesArticlesStepMaxPlus" time="0.95"/>
  <testcase classname="AutoTest.FinanceTest" name="getExpensesArticlesStepMaxPlus" time="1.04"/>
  <testcase classname="AutoTest.FinanceTest" name="getExpensesArticlesStepMaxPlus" time="0.968"/>
  <testcase classname="AutoTest.FinanceTest" name="getExpensesArticlesStepMaxPlus" time="1.003"/>
  <testcase classname="AutoTest.FinanceTest" name="getExpensesArticlesStepMaxPlus" time="1.045"/>
  <testcase classname="AutoTest.FinanceTest" name="getExpensesArticlesStepMaxPlus" time="0.954"/>
  <testcase classname="AutoTest.FinanceTest" name="getExpensesArticlesStepMaxPlus" time="0.987"/>
  <testcase classname="AutoTest.FinanceTest" name="getExpensesArticlesStepMaxPlus" time="0.998"/>
  <testcase classname="AutoTest.FinanceTest" name="getExpensesArticlesStepMaxPlus" time="0.994"/>
  <testcase classname="AutoTest.FinanceTest" name="getOtherIncomeExpensesGuid" time="1.084"/>
  <testcase classname="AutoTest.FinanceTest" name="getOtherIncomeExpensesGuidNotExist" time="0.949"/>
  <testcase classname="AutoTest.FinanceTest" name="getOtherIncomeExpensesGuidNotExist" time="0.997"/>
  <testcase classname="AutoTest.FinanceTest" name="getOtherIncomeExpensesGuidNotExist" time="1.143"/>
  <testcase classname="AutoTest.FinanceTest" name="getOtherIncomeExpensesGuidNotExist" time="0.853"/>
  <testcase classname="AutoTest.FinanceTest" name="getOtherIncomeExpensesGuidNotExist" time="0.984"/>
  <testcase classname="AutoTest.FinanceTest" name="getOtherIncomeExpensesGuidNotExist" time="1.005"/>
  <testcase classname="AutoTest.FinanceTest" name="getOtherIncomeExpensesGuidNotExist" time="0.994"/>
  <testcase classname="AutoTest.FinanceTest" name="getOtherIncomeExpensesGuidNotExist" time="1.012"/>
  <testcase classname="AutoTest.FinanceTest" name="getOtherIncomeExpensesGuidNotExist" time="1.015"/>
  <testcase classname="AutoTest.FinanceTest" name="getOtherIncomeExpensesGuidNotExist" time="0.983"/>
  <testcase classname="AutoTest.FinanceTest" name="getOtherIncomeExpensesGuidNotExist" time="1.003"/>
  <testcase classname="AutoTest.FinanceTest" name="getOtherIncomeExpensesList" time="1.069"/>
  <testcase classname="AutoTest.FinanceTest" name="getOtherIncomeExpensesList" time="0.966"/>
  <testcase classname="AutoTest.FinanceTest" name="getOtherIncomeExpensesList" time="0.995"/>
  <testcase classname="AutoTest.FinanceTest" name="getOtherIncomeExpensesList" time="1.175"/>
  <testcase classname="AutoTest.FinanceTest" name="getOtherIncomeExpensesList" time="1.046"/>
  <testcase classname="AutoTest.FinanceTest" name="getOtherIncomeExpensesList" time="1.199"/>
  <testcase classname="AutoTest.FinanceTest" name="getOtherIncomeExpensesListStepIsEmpty" time="0.805"/>
  <testcase classname="AutoTest.FinanceTest" name="getOtherIncomeExpensesListStepMaxPlus" time="0.782"/>
  <testcase classname="AutoTest.FinanceTest" name="getOtherIncomeExpensesListStepMaxPlus" time="0.945"/>
  <testcase classname="AutoTest.FinanceTest" name="getOtherIncomeExpensesListStepMaxPlus" time="1.056"/>
  <testcase classname="AutoTest.FinanceTest" name="getOtherIncomeExpensesListStepMaxPlus" time="0.989"/>
  <testcase classname="AutoTest.FinanceTest" name="getOtherIncomeExpensesListStepMaxPlus" time="0.972"/>
  <testcase classname="AutoTest.FinanceTest" name="getOtherIncomeExpensesListStepMaxPlus" time="1.034"/>
  <testcase classname="AutoTest.FinanceTest" name="getOtherIncomeExpensesListStepMaxPlus" time="0.972"/>
  <testcase classname="AutoTest.FinanceTest" name="getOtherIncomeExpensesListStepMaxPlus" time="1.022"/>
  <testcase classname="AutoTest.FinanceTest" name="getOtherIncomeExpensesListStepMaxPlus" time="1.005"/>
  <testcase classname="AutoTest.FinanceTest" name="getOtherIncomeExpensesListStepMaxPlus" time="0.98"/>
  <testcase classname="AutoTest.FinanceTest" name="getOtherIncomeExpensesListStepMaxPlus" time="1.005"/>
  <testcase classname="AutoTest.FinanceTest" name="getOtherIncomeExpensesListStepMaxPlus" time="0.987"/>
  <testcase classname="AutoTest.FinanceTest" name="getOtherIncomeExpensesListStepMaxPlus" time="1.0"/>
  <testcase classname="AutoTest.FinanceTest" name="getOtherIncomeExpensesListStepMaxPlus" time="1.006"/>
  <testcase classname="AutoTest.FinanceTest" name="getOtherIncomeExpensesListStepMaxPlus" time="1.073"/>
  <testcase classname="AutoTest.FinanceTest" name="getOtherSubcontoList" time="0.982"/>
  <testcase classname="AutoTest.FinanceTest" name="getOtherSubcontoList" time="0.96"/>
  <testcase classname="AutoTest.FinanceTest" name="getOtherSubcontoList" time="1.004"/>
  <testcase classname="AutoTest.FinanceTest" name="getOtherSubcontoList" time="1.008"/>
  <testcase classname="AutoTest.FinanceTest" name="getOtherSubcontoList" time="1.026"/>
  <testcase classname="AutoTest.FinanceTest" name="getOtherSubcontoList" time="1.048"/>
  <testcase classname="AutoTest.FinanceTest" name="getPlanSchetovGuid" time="0.973"/>
  <testcase classname="AutoTest.FinanceTest" name="getPlanSchetovGuidNotExist" time="1.106"/>
  <testcase classname="AutoTest.FinanceTest" name="getPlanSchetovGuidNotExist" time="0.825"/>
  <testcase classname="AutoTest.FinanceTest" name="getPlanSchetovGuidNotExist" time="1.035"/>
  <testcase classname="AutoTest.FinanceTest" name="getPlanSchetovGuidNotExist" time="0.962"/>
  <testcase classname="AutoTest.FinanceTest" name="getPlanSchetovGuidNotExist" time="1.04"/>
  <testcase classname="AutoTest.FinanceTest" name="getPlanSchetovGuidNotExist" time="0.957"/>
  <testcase classname="AutoTest.FinanceTest" name="getPlanSchetovGuidNotExist" time="0.995"/>
  <testcase classname="AutoTest.FinanceTest" name="getPlanSchetovGuidNotExist" time="1.03"/>
  <testcase classname="AutoTest.FinanceTest" name="getPlanSchetovGuidNotExist" time="0.974"/>
  <testcase classname="AutoTest.FinanceTest" name="getPlanSchetovGuidNotExist" time="1.042"/>
  <testcase classname="AutoTest.FinanceTest" name="getPlanSchetovGuidNotExist" time="0.99"/>
  <testcase classname="AutoTest.FinanceTest" name="getPlanSchetovList" time="0.998"/>
  <testcase classname="AutoTest.FinanceTest" name="getPlanSchetovList" time="1.031"/>
  <testcase classname="AutoTest.FinanceTest" name="getPlanSchetovList" time="1.028"/>
  <testcase classname="AutoTest.FinanceTest" name="getPlanSchetovList" time="1.172"/>
  <testcase classname="AutoTest.FinanceTest" name="getPlanSchetovList" time="1.098"/>
  <testcase classname="AutoTest.FinanceTest" name="getPlanSchetovList" time="1.096"/>
  <testcase classname="AutoTest.FinanceTest" name="getPlanSchetovListStepIsEmpty" time="0.934"/>
  <testcase classname="AutoTest.FinanceTest" name="getPlanSchetovListStepMaxPlus" time="0.638"/>
  <testcase classname="AutoTest.FinanceTest" name="getPlanSchetovListStepMaxPlus" time="0.994"/>
  <testcase classname="AutoTest.FinanceTest" name="getPlanSchetovListStepMaxPlus" time="1.009"/>
  <testcase classname="AutoTest.FinanceTest" name="getPlanSchetovListStepMaxPlus" time="0.981"/>
  <testcase classname="AutoTest.FinanceTest" name="getPlanSchetovListStepMaxPlus" time="1.006"/>
  <testcase classname="AutoTest.FinanceTest" name="getPlanSchetovListStepMaxPlus" time="1.005"/>
  <testcase classname="AutoTest.FinanceTest" name="getPlanSchetovListStepMaxPlus" time="0.993"/>
  <testcase classname="AutoTest.FinanceTest" name="getPlanSchetovListStepMaxPlus" time="1.099"/>
  <testcase classname="AutoTest.FinanceTest" name="getPlanSchetovListStepMaxPlus" time="0.898"/>
  <testcase classname="AutoTest.FinanceTest" name="getPlanSchetovListStepMaxPlus" time="1.041"/>
  <testcase classname="AutoTest.FinanceTest" name="getPlanSchetovListStepMaxPlus" time="0.965"/>
  <testcase classname="AutoTest.FinanceTest" name="getPlanSchetovListStepMaxPlus" time="1.031"/>
  <testcase classname="AutoTest.FinanceTest" name="getPlanSchetovListStepMaxPlus" time="0.958"/>
  <testcase classname="AutoTest.FinanceTest" name="getPlanSchetovListStepMaxPlus" time="1.033"/>
  <testcase classname="AutoTest.FinanceTest" name="getPlanSchetovListStepMaxPlus" time="0.987"/>
  <testcase classname="AutoTest.FinanceTest" name="getSubcontoGuid" time="1.019"/>
  <testcase classname="AutoTest.FinanceTest" name="getSubcontoGuidNotExist" time="0.999"/>
  <testcase classname="AutoTest.FinanceTest" name="getSubcontoGuidNotExist" time="0.989"/>
  <testcase classname="AutoTest.FinanceTest" name="getSubcontoGuidNotExist" time="1.004"/>
  <testcase classname="AutoTest.FinanceTest" name="getSubcontoGuidNotExist" time="0.994"/>
  <testcase classname="AutoTest.FinanceTest" name="getSubcontoGuidNotExist" time="1.066"/>
  <testcase classname="AutoTest.FinanceTest" name="getSubcontoGuidNotExist" time="0.919"/>
  <testcase classname="AutoTest.FinanceTest" name="getSubcontoGuidNotExist" time="0.999"/>
  <testcase classname="AutoTest.FinanceTest" name="getSubcontoGuidNotExist" time="1.023"/>
  <testcase classname="AutoTest.FinanceTest" name="getSubcontoGuidNotExist" time="1.079"/>
  <testcase classname="AutoTest.FinanceTest" name="getSubcontoGuidNotExist" time="0.918"/>
  <testcase classname="AutoTest.FinanceTest" name="getSubcontoGuidNotExist" time="1.017"/>
  <testcase classname="AutoTest.FinanceTest" name="getSubcontoListStepIsEmpty" time="1.03"/>
  <testcase classname="AutoTest.FinanceTest" name="getSubcontoListStepMaxPlus" time="0.935"/>
  <testcase classname="AutoTest.FinanceTest" name="getSubcontoListStepMaxPlus" time="1.0"/>
  <testcase classname="AutoTest.FinanceTest" name="getSubcontoListStepMaxPlus" time="1.011"/>
  <testcase classname="AutoTest.FinanceTest" name="getSubcontoListStepMaxPlus" time="0.994"/>
  <testcase classname="AutoTest.FinanceTest" name="getSubcontoListStepMaxPlus" time="1.058"/>
  <testcase classname="AutoTest.FinanceTest" name="getSubcontoListStepMaxPlus" time="0.953"/>
  <testcase classname="AutoTest.FinanceTest" name="getSubcontoListStepMaxPlus" time="0.987"/>
  <testcase classname="AutoTest.FinanceTest" name="getSubcontoListStepMaxPlus" time="1.032"/>
  <testcase classname="AutoTest.FinanceTest" name="getSubcontoListStepMaxPlus" time="1.041"/>
  <testcase classname="AutoTest.FinanceTest" name="getSubcontoListStepMaxPlus" time="0.933"/>
  <testcase classname="AutoTest.FinanceTest" name="getSubcontoListStepMaxPlus" time="1.032"/>
  <testcase classname="AutoTest.FinanceTest" name="getSubcontoListStepMaxPlus" time="1.103"/>
  <testcase classname="AutoTest.FinanceTest" name="getSubcontoListStepMaxPlus" time="0.917"/>
  <testcase classname="AutoTest.FinanceTest" name="getSubcontoListStepMaxPlus" time="0.975"/>
  <testcase classname="AutoTest.FinanceTest" name="getSubcontoListStepMaxPlus" time="0.969"/>
  <testcase classname="AutoTest.NomenclatureTest" name="getNomenclatureGuid" time="1.094"/>
[...]
  <testcase classname="AutoTest.StructureTest" name="getDivisionsGuidNotExist" time="0.972"/>
  <testcase classname="AutoTest.StructureTest" name="getDivisionsGuidNotExist" time="1.033"/>
  <testcase classname="AutoTest.StructureTest" name="getDivisionsGuidNotExist" time="0.954"/>
  <testcase classname="AutoTest.StructureTest" name="getDivisionsGuidNotExist" time="1.062"/>
  <testcase classname="AutoTest.StructureTest" name="getDivisionsGuidNotExist" time="0.98"/>
  <testcase classname="AutoTest.StructureTest" name="getDivisionsGuidNotExist" time="0.976"/>
  <testcase classname="AutoTest.StructureTest" name="getDivisionsGuidNotExist" time="0.997"/>
  <testcase classname="AutoTest.StructureTest" name="getDivisionsGuidNotExist" time="1.006"/>
  <testcase classname="AutoTest.StructureTest" name="getDivisionsGuidNotExist" time="1.002"/>
  <testcase classname="AutoTest.StructureTest" name="getDivisionsGuidNotExist" time="1.012"/>
  <testcase classname="AutoTest.StructureTest" name="getDivisionsGuidNotExist" time="1.035"/>
  <testcase classname="AutoTest.StructureTest" name="getDivisionsList" time="0.983"/>
  <testcase classname="AutoTest.StructureTest" name="getDivisionsList" time="1.013"/>
  <testcase classname="AutoTest.StructureTest" name="getDivisionsList" time="1.023"/>
  <testcase classname="AutoTest.StructureTest" name="getDivisionsList" time="1.107"/>
  <testcase classname="AutoTest.StructureTest" name="getDivisionsList" time="0.915"/>
  <testcase classname="AutoTest.StructureTest" name="getDivisionsList" time="1.017"/>
  <testcase classname="AutoTest.StructureTest" name="getDivisionsListStepIsEmpty" time="0.962"/>
  <testcase classname="AutoTest.StructureTest" name="getDivisionsListStepMaxPlus" time="1.014"/>
  <testcase classname="AutoTest.StructureTest" name="getDivisionsListStepMaxPlus" time="1.001"/>
  <testcase classname="AutoTest.StructureTest" name="getDivisionsListStepMaxPlus" time="1.003"/>
  <testcase classname="AutoTest.StructureTest" name="getDivisionsListStepMaxPlus" time="1.023"/>
  <testcase classname="AutoTest.StructureTest" name="getDivisionsListStepMaxPlus" time="0.978"/>
  <testcase classname="AutoTest.StructureTest" name="getDivisionsListStepMaxPlus" time="0.991"/>
  <testcase classname="AutoTest.StructureTest" name="getDivisionsListStepMaxPlus" time="0.998"/>
  <testcase classname="AutoTest.StructureTest" name="getDivisionsListStepMaxPlus" time="0.998"/>
  <testcase classname="AutoTest.StructureTest" name="getDivisionsListStepMaxPlus" time="1.086"/>
  <testcase classname="AutoTest.StructureTest" name="getDivisionsListStepMaxPlus" time="0.92"/>
  <testcase classname="AutoTest.StructureTest" name="getDivisionsListStepMaxPlus" time="1.002"/>
  <testcase classname="AutoTest.StructureTest" name="getDivisionsListStepMaxPlus" time="1.004"/>
  <testcase classname="AutoTest.StructureTest" name="getDivisionsListStepMaxPlus" time="1.169"/>
  <testcase classname="AutoTest.StructureTest" name="getDivisionsListStepMaxPlus" time="0.817"/>
  <testcase classname="AutoTest.StructureTest" name="getDivisionsListStepMaxPlus" time="1.003"/>
  <testcase classname="AutoTest.StructureTest" name="getOrganizationGuid" time="1.089"/>
  <testcase classname="AutoTest.StructureTest" name="getOrganizationGuidNotExist" time="1.174"/>
  <testcase classname="AutoTest.StructureTest" name="getOrganizationGuidNotExist" time="0.853"/>
  <testcase classname="AutoTest.StructureTest" name="getOrganizationGuidNotExist" time="0.876"/>
  <testcase classname="AutoTest.StructureTest" name="getOrganizationGuidNotExist" time="1.022"/>
  <testcase classname="AutoTest.StructureTest" name="getOrganizationGuidNotExist" time="0.996"/>
  <testcase classname="AutoTest.StructureTest" name="getOrganizationGuidNotExist" time="1.011"/>
  <testcase classname="AutoTest.StructureTest" name="getOrganizationGuidNotExist" time="0.996"/>
  <testcase classname="AutoTest.StructureTest" name="getOrganizationGuidNotExist" time="0.973"/>
  <testcase classname="AutoTest.StructureTest" name="getOrganizationGuidNotExist" time="1.051"/>
  <testcase classname="AutoTest.StructureTest" name="getOrganizationGuidNotExist" time="0.986"/>
  <testcase classname="AutoTest.StructureTest" name="getOrganizationGuidNotExist" time="0.994"/>
  <testcase classname="AutoTest.StructureTest" name="getOrganizationList" time="1.181"/>
  <testcase classname="AutoTest.StructureTest" name="getOrganizationList" time="0.915"/>
  <testcase classname="AutoTest.StructureTest" name="getOrganizationList" time="0.957"/>
  <testcase classname="AutoTest.StructureTest" name="getOrganizationList" time="1.381"/>
  <testcase classname="AutoTest.StructureTest" name="getOrganizationList" time="1.16"/>
  <testcase classname="AutoTest.StructureTest" name="getOrganizationList" time="1.247"/>
  <testcase classname="AutoTest.StructureTest" name="getOrganizationListStepIsEmpty" time="1.721"/>
  <testcase classname="AutoTest.StructureTest" name="getOrganizationListStepMaxPlus" time="0.428"/>
  <testcase classname="AutoTest.StructureTest" name="getOrganizationListStepMaxPlus" time="1.073"/>
  <testcase classname="AutoTest.StructureTest" name="getOrganizationListStepMaxPlus" time="0.958"/>
  <testcase classname="AutoTest.StructureTest" name="getOrganizationListStepMaxPlus" time="0.989"/>
  <testcase classname="AutoTest.StructureTest" name="getOrganizationListStepMaxPlus" time="1.072"/>
  <testcase classname="AutoTest.StructureTest" name="getOrganizationListStepMaxPlus" time="0.921"/>
  <testcase classname="AutoTest.StructureTest" name="getOrganizationListStepMaxPlus" time="1.164"/>
  <testcase classname="AutoTest.StructureTest" name="getOrganizationListStepMaxPlus" time="0.873"/>
  <testcase classname="AutoTest.StructureTest" name="getOrganizationListStepMaxPlus" time="1.006"/>
  <testcase classname="AutoTest.StructureTest" name="getOrganizationListStepMaxPlus" time="1.004"/>
  <testcase classname="AutoTest.StructureTest" name="getOrganizationListStepMaxPlus" time="1.053"/>
  <testcase classname="AutoTest.StructureTest" name="getOrganizationListStepMaxPlus" time="1.056"/>
  <testcase classname="AutoTest.StructureTest" name="getOrganizationListStepMaxPlus" time="1.007"/>
  <testcase classname="AutoTest.StructureTest" name="getOrganizationListStepMaxPlus" time="0.997"/>
  <testcase classname="AutoTest.StructureTest" name="getOrganizationListStepMaxPlus" time="0.961"/>
  <testcase classname="AutoTest.StructureTest" name="getOrganizationMsfo" time="1.647">
    <failure type="java.lang.AssertionError" message="1 expectation failed.
JSON path name doesn&amp;apos;t match.
Expected: a collection containing &amp;quot;Vogel&amp;amp;Noot AgroSrb ad (Сербия)&amp;quot;
  Actual: &amp;lt;[Silvatec Skovmaskiner AS, ЧПМ АО (История), ОАО КурганМашЗавод (история), ООО РЕМЭКС (история), ООО Четра-КЗЧ (История), ОАО КЗК ПО (История), ОАО Росмашком (История), ОАО Липецкое торгово-промышленное объединение (История), ПКТИ КОМБАЙНОСТРОЕНИЯ АО (История), ООО ККУ Концерн Тракторные заводы (История), АО ЛТПО, ООО ЧЗСА, ООО Березки, ООО Венчурные технологии, ООО Сосновый бор, ООО Фортуна, ГК АМХ (История), ООО Железнодорожные технологии, ООО Промышленные услуги, ООО Частная охранная организация ДИС, ООО Три богатыря, ООО Волжская вагонная компания, ЗАО Курганмашинвест, ПК ПРОМТРАКТОР ОСП ООО, ООО Мир, ООО Сибагролизинг, ГК ВМТЗ (История), ООО Курганмашобщепит-сервис, AgromashHolding B.V., ООО СПМ, AGROMASHHOLDING-TASHKENT, CHETRA Middle East FZE, Silvatec (IR) Ltd., Silvatec (UK) Ltd., Silvatec France S.A.R.L., Агромашхолдинг-Баку ООО, ООО Агрозапчасть, Промбизнесгрупп, АгромашХолдинг-Бишкек, Агромашхолдинг-РК, Агромашхолдинг-ЮГ, АМХ-Инвест, ООО Бизнес-Инвест, ООО Бизнес Тандем, ООО Четра-Форест, Жемчужина Сибири, ООО Информ-Стандарт, ООО КрасОр, ООО Негоциант XXI, Орловский завод коммунальных машин, ПО БКТЗ ООО, ООО Полином плюс, Brendora Ltd, MIG Europe GmbH, Chetra Machinery Trade India Private Ltd, Premium Parts Produktions GmbH (группа VN), Machinery Industrial Group N.V., ОАО НИИ стали (история), ООО ЗИП КТЗ, Vogel Noot Landmaschinen GmbH Co KG, Vogel Noot Landmaschinen GmbH (Австрия), Vogel Noot Mezogepgyar K.F.T.(Венгрия), Vogel Noot Talajtechnika K.F.T. (Венгрия), ЗАО Мост, Суперсталь ОАО, ООО ЧОО ЖБК, ПУБЛИЧНОЕ АКЦИОНЕРНОЕ ОБЩЕСТВО АВТОДИЗЕЛЬ (ЯРОСЛАВСКИЙ МОТОРНЫЙ ЗАВОД), Агромашхолдинг АО (Казахстан), МУЗЕЙ ИСТОРИИ ТРАКТОРА ЧУК, ООО Канал 5 плюс, РЖДС-Регион ООО, ООО Фабрика чистоты, Сталь банк (ООО), ООО Гостиница Веда, ООО Инвестиционная Компания Актив, ОАО Уник, ООО ФПК Альфа-Инвест-Капитал, ООО ЧОП Альянс, ООО ЧОО Вымпел, Сова ООО, ООО ЧОП Служба-9А, New Technologies Holding B.V, Chetra Machinery Trade ТОО, Concern Tractor Plants Deutschland GmbH, IHB Beteiligungs GmbH (МК-группа VN), Metallic Commodities Inc., MIG Parts and Components GmbH, Агромашхолдинг Туркменистан ХО, VogelNoot AgroSrb ad (Сербия), Vogel Noot Agrorom S.R.L.(Румыния), Vogel Noot Espana S.A.U.(Испания), Vogel Noot France S.A.R.L.(Франция), ООО Информ Стандарт Софт, ООО Восток, ООО Промстар, ООО Энергопредприятие, Департамент экспортных продаж, ООО Молли Мелоун, СБЕ_Внешняя кооперация (ОЕМ), ООО Индустриальный лизинг, ООО РЕМЭКС, САНОЭТ СП, ВМТЗ ООО, Запчасть ООО, ООО ЧЕТРА, Русагромаш ООО, ООО ТОРГОВЫЙ ДОМ ВОЛГОГРАДСКИЙ ТРАКТОР, Dundela Ltd, ООО СалаватГидравлика, ООО ЖМУ, Arshaly New Land ТОО, ООО СК Зауралец, НПК ЕВА ООО, ООО Дворец культуры машиностроителей, ОТЗ ООО, АО АМЗ, МИГ КТЗ АО, ООО КАВАЗ, АО Комплексное обеспечение, ООО КМЗ-Финанс, ООО ЗКЛЗ, ЗРР ВТЗ ООО, ООО ВТК ВГТЗ, ООО ЭСР, ООО Аверс, АО АРХИВНЫЙ ЦЕНТР КТЗ, ООО АСК, ООО РУСТРАКТОР, ООО ТЕХНОЛОГИИ ПРОИЗВОДСТВА, УК ТЕХНОПАРК АГРЕГАТНЫЙ ООО, ООО АМЗ, ООО МИКОНТ, ООО Т-КАПИТАЛ, VogelNoot Spray Solutions GmbH, ООО Технопарк, ООО Гранд-Снаб, СИГМА трейдинг корпорейшн ООО, Vogel Noot Seed Solutions S.R.O.(Словакия), MLT PROFY MACHINERY D.O.O, ООО ЛКЗ, АСО ООО, ООО СУЭЗ, ПБ Урожай ООО, ПАО Курганмашзавод, ОАО СКБМ, ТК ВГТЗ АО, ОАО ТПР ВгТЗ (ГК), ООО Липецкий завод гусеничных тягачей, ООО ВКЛЗ, Четра - Дорожные машины ООО, Гидроальянс ОАО, БАРНАУЛЬСКИЙ ЛИТЕЙНЫЙ ЗАВОД ООО, ОАО ВгТЗ ТПР, ООО МИГ КТЗ, АО Сарэкс, НИИ стали АО, ООО Промтрактор - Финанс, АО РОСМАШКОМ, ООО ВМК ВгТЗ, ГК Промтрактор, ООО АМХ, ЧЕТРА-КУЗБАСС ООО, ООО ПАРАДИС, ООО ПК ЧАЗ, ООО ЧСК, АО ПРОМЫШЛЕННЫЕ МАШИНЫ, ЖДУ ООО, ООО Агромашхолдинг-Украина, Most Technics GmbH, ООО Агродом, ООО ГСКБ ХС (ИСТОРИЯ), ОАО Краслесмаш, ГК ВгТЗ, ООО Сервисная компания, ГК ДИС, ООО ТД ТМ, ООО Промлит, ООО РЕЙЛ ТМ, ООО ОИК, ЧЕТРА-КРАНЭКС ООО, АО РУСТРАКТОР, ПК ПРОМТРАКТОР ОСП ООО, ООО АКТИВ, ООО ХК ТМ, ООО УК ТМ, ООО ПК ЧТЗ, АО СМИ, АО ПТ, ООО СЛЦ ТМ, ООО Отель-ДИС, АО Вагон, ООО Чебоксарский сталеплавильный завод, АО ПО КЗК(История), ООО ЗАВОД АГРОМАШ, ООО ККУ, ООО ПТЛ, ООО ИТС, ЧАЗ, ООО ПРОМТЕХ, ООО КЗЧ]&amp;gt;
">
      <![CDATA[java.lang.AssertionError: 1 expectation failed.
JSON path name doesn't match.
Expected: a collection containing "Vogel&Noot AgroSrb ad (Сербия)"
  Actual: <[Silvatec Skovmaskiner AS, ЧПМ АО (История), ОАО КурганМашЗавод (история), ООО РЕМЭКС (история), ООО Четра-КЗЧ (История), ОАО КЗК ПО (История), ОАО Росмашком (История), ОАО Липецкое торгово-промышленное объединение (История), ПКТИ КОМБАЙНОСТРОЕНИЯ АО (История), ООО ККУ Концерн Тракторные заводы (История), АО ЛТПО, ООО ЧЗСА, ООО Березки, ООО Венчурные технологии, ООО Сосновый бор, ООО Фортуна, ГК АМХ (История), ООО Железнодорожные технологии, ООО Промышленные услуги, ООО Частная охранная организация ДИС, ООО Три богатыря, ООО Волжская вагонная компания, ЗАО Курганмашинвест, ПК ПРОМТРАКТОР ОСП ООО, ООО Мир, ООО Сибагролизинг, ГК ВМТЗ (История), ООО Курганмашобщепит-сервис, AgromashHolding B.V., ООО СПМ, AGROMASHHOLDING-TASHKENT, CHETRA Middle East FZE, Silvatec (IR) Ltd., Silvatec (UK) Ltd., Silvatec France S.A.R.L., Агромашхолдинг-Баку ООО, ООО Агрозапчасть, Промбизнесгрупп, АгромашХолдинг-Бишкек, Агромашхолдинг-РК, Агромашхолдинг-ЮГ, АМХ-Инвест, ООО Бизнес-Инвест, ООО Бизнес Тандем, ООО Четра-Форест, Жемчужина Сибири, ООО Информ-Стандарт, ООО КрасОр, ООО Негоциант XXI, Орловский завод коммунальных машин, ПО БКТЗ ООО, ООО Полином плюс, Brendora Ltd, MIG Europe GmbH, Chetra Machinery Trade India Private Ltd, Premium Parts Produktions GmbH (группа VN), Machinery Industrial Group N.V., ОАО НИИ стали (история), ООО ЗИП КТЗ, Vogel Noot Landmaschinen GmbH Co KG, Vogel Noot Landmaschinen GmbH (Австрия), Vogel Noot Mezogepgyar K.F.T.(Венгрия), Vogel Noot Talajtechnika K.F.T. (Венгрия), ЗАО Мост, Суперсталь ОАО, ООО ЧОО ЖБК, ПУБЛИЧНОЕ АКЦИОНЕРНОЕ ОБЩЕСТВО АВТОДИЗЕЛЬ (ЯРОСЛАВСКИЙ МОТОРНЫЙ ЗАВОД), Агромашхолдинг АО (Казахстан), МУЗЕЙ ИСТОРИИ ТРАКТОРА ЧУК, ООО Канал 5 плюс, РЖДС-Регион ООО, ООО Фабрика чистоты, Сталь банк (ООО), ООО Гостиница Веда, ООО Инвестиционная Компания Актив, ОАО Уник, ООО ФПК Альфа-Инвест-Капитал, ООО ЧОП Альянс, ООО ЧОО Вымпел, Сова ООО, ООО ЧОП Служба-9А, New Technologies Holding B.V, Chetra Machinery Trade ТОО, Concern Tractor Plants Deutschland GmbH, IHB Beteiligungs GmbH (МК-группа VN), Metallic Commodities Inc., MIG Parts and Components GmbH, Агромашхолдинг Туркменистан ХО, VogelNoot AgroSrb ad (Сербия), Vogel Noot Agrorom S.R.L.(Румыния), Vogel Noot Espana S.A.U.(Испания), Vogel Noot France S.A.R.L.(Франция), ООО Информ Стандарт Софт, ООО Восток, ООО Промстар, ООО Энергопредприятие, Департамент экспортных продаж, ООО Молли Мелоун, СБЕ_Внешняя кооперация (ОЕМ), ООО Индустриальный лизинг, ООО РЕМЭКС, САНОЭТ СП, ВМТЗ ООО, Запчасть ООО, ООО ЧЕТРА, Русагромаш ООО, ООО ТОРГОВЫЙ ДОМ ВОЛГОГРАДСКИЙ ТРАКТОР, Dundela Ltd, ООО СалаватГидравлика, ООО ЖМУ, Arshaly New Land ТОО, ООО СК Зауралец, НПК ЕВА ООО, ООО Дворец культуры машиностроителей, ОТЗ ООО, АО АМЗ, МИГ КТЗ АО, ООО КАВАЗ, АО Комплексное обеспечение, ООО КМЗ-Финанс, ООО ЗКЛЗ, ЗРР ВТЗ ООО, ООО ВТК ВГТЗ, ООО ЭСР, ООО Аверс, АО АРХИВНЫЙ ЦЕНТР КТЗ, ООО АСК, ООО РУСТРАКТОР, ООО ТЕХНОЛОГИИ ПРОИЗВОДСТВА, УК ТЕХНОПАРК АГРЕГАТНЫЙ ООО, ООО АМЗ, ООО МИКОНТ, ООО Т-КАПИТАЛ, VogelNoot Spray Solutions GmbH, ООО Технопарк, ООО Гранд-Снаб, СИГМА трейдинг корпорейшн ООО, Vogel Noot Seed Solutions S.R.O.(Словакия), MLT PROFY MACHINERY D.O.O, ООО ЛКЗ, АСО ООО, ООО СУЭЗ, ПБ Урожай ООО, ПАО Курганмашзавод, ОАО СКБМ, ТК ВГТЗ АО, ОАО ТПР ВгТЗ (ГК), ООО Липецкий завод гусеничных тягачей, ООО ВКЛЗ, Четра - Дорожные машины ООО, Гидроальянс ОАО, БАРНАУЛЬСКИЙ ЛИТЕЙНЫЙ ЗАВОД ООО, ОАО ВгТЗ ТПР, ООО МИГ КТЗ, АО Сарэкс, НИИ стали АО, ООО Промтрактор - Финанс, АО РОСМАШКОМ, ООО ВМК ВгТЗ, ГК Промтрактор, ООО АМХ, ЧЕТРА-КУЗБАСС ООО, ООО ПАРАДИС, ООО ПК ЧАЗ, ООО ЧСК, АО ПРОМЫШЛЕННЫЕ МАШИНЫ, ЖДУ ООО, ООО Агромашхолдинг-Украина, Most Technics GmbH, ООО Агродом, ООО ГСКБ ХС (ИСТОРИЯ), ОАО Краслесмаш, ГК ВгТЗ, ООО Сервисная компания, ГК ДИС, ООО ТД ТМ, ООО Промлит, ООО РЕЙЛ ТМ, ООО ОИК, ЧЕТРА-КРАНЭКС ООО, АО РУСТРАКТОР, ПК ПРОМТРАКТОР ОСП ООО, ООО АКТИВ, ООО ХК ТМ, ООО УК ТМ, ООО ПК ЧТЗ, АО СМИ, АО ПТ, ООО СЛЦ ТМ, ООО Отель-ДИС, АО Вагон, ООО Чебоксарский сталеплавильный завод, АО ПО КЗК(История), ООО ЗАВОД АГРОМАШ, ООО ККУ, ООО ПТЛ, ООО ИТС, ЧАЗ, ООО ПРОМТЕХ, ООО КЗЧ]>

at org.codehaus.groovy.runtime.callsite.ConstructorSite$ConstructorSiteNoUnwrapNoCoerce.callConstructor(ConstructorSite.java:108)
at org.codehaus.groovy.runtime.callsite.AbstractCallSite.callConstructor(AbstractCallSite.java:277)
at io.restassured.internal.ResponseSpecificationImpl$HamcrestAssertionClosure.validate(ResponseSpecificationImpl.groovy:512)
at io.restassured.internal.ResponseSpecificationImpl$HamcrestAssertionClosure$validate$1.call(Unknown Source)
at io.restassured.internal.ResponseSpecificationImpl.validateResponseIfRequired(ResponseSpecificationImpl.groovy:696)
at io.restassured.internal.ResponseSpecificationImpl.this$2$validateResponseIfRequired(ResponseSpecificationImpl.groovy)
at org.codehaus.groovy.runtime.callsite.PlainObjectMetaMethodSite.doInvoke(PlainObjectMetaMethodSite.java:43)
at org.codehaus.groovy.runtime.callsite.PogoMetaMethodSite$PogoCachedMethodSiteNoUnwrapNoCoerce.invoke(PogoMetaMethodSite.java:198)
at org.codehaus.groovy.runtime.callsite.PogoMetaMethodSite.callCurrent(PogoMetaMethodSite.java:62)
at org.codehaus.groovy.runtime.callsite.AbstractCallSite.callCurrent(AbstractCallSite.java:185)
at io.restassured.internal.ResponseSpecificationImpl.body(ResponseSpecificationImpl.groovy:270)
at io.restassured.specification.ResponseSpecification$body$2.callCurrent(Unknown Source)
at org.codehaus.groovy.runtime.callsite.CallSiteArray.defaultCallCurrent(CallSiteArray.java:49)
at io.restassured.specification.ResponseSpecification$body$2.callCurrent(Unknown Source)
at io.restassured.internal.ResponseSpecificationImpl.body(ResponseSpecificationImpl.groovy:117)
at io.restassured.internal.ValidatableResponseOptionsImpl.body(ValidatableResponseOptionsImpl.java:244)
at AutoTest.StructureTest.getOrganizationMsfo(StructureTest.java:59)
at java.base/java.util.ArrayList.forEach(ArrayList.java:1511)
... Removed 35 stack frames]]>
    </failure>
  </testcase> <!-- getOrganizationMsfo -->
  <testcase classname="AutoTest.StructureTest" name="getSfoGuid" time="0.426"/>
  <testcase classname="AutoTest.StructureTest" name="getSfoGuidNotExist" time="0.945"/>
  <testcase classname="AutoTest.StructureTest" name="getSfoGuidNotExist" time="1.001"/>
  <testcase classname="AutoTest.StructureTest" name="getSfoGuidNotExist" time="1.03"/>
  <testcase classname="AutoTest.StructureTest" name="getSfoGuidNotExist" time="0.984"/>
  <testcase classname="AutoTest.StructureTest" name="getSfoGuidNotExist" time="1.015"/>
  <testcase classname="AutoTest.StructureTest" name="getSfoGuidNotExist" time="1.048"/>
  <testcase classname="AutoTest.StructureTest" name="getSfoGuidNotExist" time="0.916"/>
  <testcase classname="AutoTest.StructureTest" name="getSfoGuidNotExist" time="1.088"/>
  <testcase classname="AutoTest.StructureTest" name="getSfoGuidNotExist" time="0.93"/>
  <testcase classname="AutoTest.StructureTest" name="getSfoGuidNotExist" time="1.001"/>
  <testcase classname="AutoTest.StructureTest" name="getSfoGuidNotExist" time="1.152"/>
  <testcase classname="AutoTest.StructureTest" name="getSfoList" time="0.871"/>
  <testcase classname="AutoTest.StructureTest" name="getSfoList" time="1.014"/>
  <testcase classname="AutoTest.StructureTest" name="getSfoList" time="0.989"/>
  <testcase classname="AutoTest.StructureTest" name="getSfoList" time="1.099"/>
  <testcase classname="AutoTest.StructureTest" name="getSfoList" time="1.034"/>
  <testcase classname="AutoTest.StructureTest" name="getSfoList" time="0.98"/>
  <testcase classname="AutoTest.StructureTest" name="getSfoListStepIsEmpty" time="1.074"/>
  <testcase classname="AutoTest.StructureTest" name="getSfoListStepMaxPlus" time="0.803"/>
  <testcase classname="AutoTest.StructureTest" name="getSfoListStepMaxPlus" time="1.119"/>
  <testcase classname="AutoTest.StructureTest" name="getSfoListStepMaxPlus" time="0.879"/>
  <testcase classname="AutoTest.StructureTest" name="getSfoListStepMaxPlus" time="0.992"/>
  <testcase classname="AutoTest.StructureTest" name="getSfoListStepMaxPlus" time="1.008"/>
  <testcase classname="AutoTest.StructureTest" name="getSfoListStepMaxPlus" time="0.999"/>
  <testcase classname="AutoTest.StructureTest" name="getSfoListStepMaxPlus" time="0.995"/>
  <testcase classname="AutoTest.StructureTest" name="getSfoListStepMaxPlus" time="1.012"/>
  <testcase classname="AutoTest.StructureTest" name="getSfoListStepMaxPlus" time="1.013"/>
  <testcase classname="AutoTest.StructureTest" name="getSfoListStepMaxPlus" time="1.01"/>
  <testcase classname="AutoTest.StructureTest" name="getSfoListStepMaxPlus" time="1.0"/>
  <testcase classname="AutoTest.StructureTest" name="getSfoListStepMaxPlus" time="0.996"/>
  <testcase classname="AutoTest.StructureTest" name="getSfoListStepMaxPlus" time="1.005"/>
  <testcase classname="AutoTest.StructureTest" name="getSfoListStepMaxPlus" time="1.038"/>
  <testcase classname="AutoTest.StructureTest" name="getSfoListStepMaxPlus" time="1.003"/>
</testsuite> <!-- Surefire test -->
