<?xml version="1.0" encoding="UTF-8"?>
<testsuite xmlns:xsi="http://www.w3.org/2001/XMLSchema-instance" xsi:schemaLocation="https://maven.apache.org/surefire/maven-surefire-plugin/xsd/surefire-test-report.xsd" name="TestSuite" time="336.502" tests="324" errors="0" skipped="0" failures="36">
  <properties>
    <property name="idea.version" value="2022.3.3"/>
    <property name="java.runtime.name" value="OpenJDK Runtime Environment"/>
    <property name="java.vm.version" value="16.0.2+7"/>
    <property name="sun.boot.library.path" value="C:\Users\Admin\.jdks\corretto-16.0.2\bin"/>
    <property name="maven.multiModuleProjectDirectory" value="C:\Users\Sasha\Api"/>
    <property name="java.vm.vendor" value="Amazon.com Inc."/>
    <property name="java.vendor.url" value="https://aws.amazon.com/corretto/"/>
    <property name="guice.disable.misplaced.annotation.check" value="true"/>
    <property name="path.separator" value=";"/>
    <property name="java.vm.name" value="OpenJDK 64-Bit Server VM"/>
    <property name="sun.os.patch.level" value=""/>
    <property name="user.script" value=""/>
    <property name="user.country" value="RU"/>
    <property name="sun.java.launcher" value="SUN_STANDARD"/>
    <property name="java.vm.specification.name" value="Java Virtual Machine Specification"/>
    <property name="user.dir" value="C:\Users\Sasha\Api"/>
    <property name="java.vm.compressedOopsMode" value="Zero based"/>
    <property name="java.runtime.version" value="16.0.2+7"/>
    <property name="os.arch" value="amd64"/>
    <property name="java.io.tmpdir" value="C:\Users\Admin\AppData\Local\Temp\"/>
    <property name="line.separator" value="&#10;"/>
    <property name="java.vm.specification.vendor" value="Oracle Corporation"/>
    <property name="user.variant" value=""/>
    <property name="os.name" value="Windows 10"/>
    <property name="maven.ext.class.path" value="C:\Program Files\JetBrains\IntelliJ IDEA 2022.3.3\plugins\maven\lib\maven-event-listener.jar"/>
    <property name="classworlds.conf" value="C:\Program Files\JetBrains\IntelliJ IDEA 2022.3.3\plugins\maven\lib\maven3\bin\m2.conf"/>
    <property name="sun.jnu.encoding" value="Cp1251"/>
    <property name="java.library.path" value="C:\Users\Admin\.jdks\corretto-16.0.2\bin;C:\Windows\Sun\Java\bin;C:\Windows\system32;C:\Windows;C:\Windows\system32;C:\Windows;C:\Windows\System32\Wbem;C:\Windows\System32\WindowsPowerShell\v1.0\;C:\Windows\System32\OpenSSH\;C:\Install\allure-2.23.1\bin;C:\Program Files\Java\jdk-20.0.2\bin;C:\Program Files\Git\cmd;C:\Users\Admin\scoop\shims;C:\Users\Admin\AppData\Local\Microsoft\WindowsApps;C:\Windows\system32;C:\Program Files\JetBrains\IntelliJ IDEA 2022.3.3\bin;;C:\Program Files\apache-maven-3.9.4\bin;;."/>
    <property name="jansi.passthrough" value="true"/>
    <property name="maven.conf" value="C:\Program Files\JetBrains\IntelliJ IDEA 2022.3.3\plugins\maven\lib\maven3/conf"/>
    <property name="jdk.debug" value="release"/>
    <property name="java.class.version" value="60.0"/>
    <property name="java.specification.name" value="Java Platform API Specification"/>
    <property name="sun.management.compiler" value="HotSpot 64-Bit Tiered Compilers"/>
    <property name="os.version" value="10.0"/>
    <property name="user.home" value="C:\Users\Admin"/>
    <property name="user.timezone" value="Europe/Moscow"/>
    <property name="file.encoding" value="UTF-8"/>
    <property name="java.specification.version" value="16"/>
    <property name="user.name" value="Admin"/>
    <property name="java.class.path" value="C:\Program Files\JetBrains\IntelliJ IDEA 2022.3.3\plugins\maven\lib\maven3\boot\plexus-classworlds-2.6.0.jar;C:\Program Files\JetBrains\IntelliJ IDEA 2022.3.3\plugins\maven\lib\maven3\boot\plexus-classworlds.license"/>
    <property name="java.vm.specification.version" value="16"/>
    <property name="sun.arch.data.model" value="64"/>
    <property name="sun.java.command" value="org.codehaus.classworlds.Launcher -Didea.version=2022.3.3 test"/>
    <property name="java.home" value="C:\Users\Admin\.jdks\corretto-16.0.2"/>
    <property name="user.language" value="ru"/>
    <property name="java.specification.vendor" value="Oracle Corporation"/>
    <property name="java.vm.info" value="mixed mode, sharing"/>
    <property name="java.version" value="16.0.2"/>
    <property name="java.vendor" value="Amazon.com Inc."/>
    <property name="maven.home" value="C:\Program Files\JetBrains\IntelliJ IDEA 2022.3.3\plugins\maven\lib\maven3"/>
    <property name="file.separator" value="\"/>
    <property name="java.version.date" value="2021-07-20"/>
    <property name="java.vendor.url.bug" value="https://github.com/corretto/corretto-jdk/issues/"/>
    <property name="sun.io.unicode.encoding" value="UnicodeLittle"/>
    <property name="sun.cpu.endian" value="little"/>
    <property name="java.vendor.version" value="Corretto-16.0.2.7.1"/>
    <property name="sun.cpu.isalist" value="amd64"/>
  </properties>
  <testcase name="getChangeRequestGuid" classname="AutoTest.ApplicationTest" time="3.293">
    <failure message="1 expectation failed.&#10;Response body doesn&apos;t match expectation.&#10;Expected: The content to match the given JSON schema.&#10;error: string &quot;&quot; is too short (length: 0, required minimum: 1)&#10;    level: &quot;error&quot;&#10;    schema: {&quot;loadingURI&quot;:&quot;file:/C:/Users/Sasha/Api/target/test-classes/getChangeRequest.json#&quot;,&quot;pointer&quot;:&quot;/properties/data/properties/code&quot;}&#10;    instance: {&quot;pointer&quot;:&quot;/data/code&quot;}&#10;    domain: &quot;validation&quot;&#10;    keyword: &quot;minLength&quot;&#10;    value: &quot;&quot;&#10;    found: 0&#10;    minLength: 1&#10;error: string &quot;&quot; is too short (length: 0, required minimum: 1)&#10;    level: &quot;error&quot;&#10;    schema: {&quot;loadingURI&quot;:&quot;file:/C:/Users/Sasha/Api/target/test-classes/getChangeRequest.json#&quot;,&quot;pointer&quot;:&quot;/properties/data/properties/codeEOP&quot;}&#10;    instance: {&quot;pointer&quot;:&quot;/data/codeEOP&quot;}&#10;    domain: &quot;validation&quot;&#10;    keyword: &quot;minLength&quot;&#10;    value: &quot;&quot;&#10;    found: 0&#10;    minLength: 1&#10;error: string &quot;&quot; is too short (length: 0, required minimum: 1)&#10;    level: &quot;error&quot;&#10;    schema: {&quot;loadingURI&quot;:&quot;file:/C:/Users/Sasha/Api/target/test-classes/getChangeRequest.json#&quot;,&quot;pointer&quot;:&quot;/properties/data/properties/codeUC&quot;}&#10;    instance: {&quot;pointer&quot;:&quot;/data/codeUC&quot;}&#10;    domain: &quot;validation&quot;&#10;    keyword: &quot;minLength&quot;&#10;    value: &quot;&quot;&#10;    found: 0&#10;    minLength: 1&#10;error: string &quot;&quot; is too short (length: 0, required minimum: 1)&#10;    level: &quot;error&quot;&#10;    schema: {&quot;loadingURI&quot;:&quot;file:/C:/Users/Sasha/Api/target/test-classes/getChangeRequest.json#&quot;,&quot;pointer&quot;:&quot;/properties/data/properties/image&quot;}&#10;    instance: {&quot;pointer&quot;:&quot;/data/image&quot;}&#10;    domain: &quot;validation&quot;&#10;    keyword: &quot;minLength&quot;&#10;    value: &quot;&quot;&#10;    found: 0&#10;    minLength: 1&#10;error: string &quot;&quot; is too short (length: 0, required minimum: 1)&#10;    level: &quot;error&quot;&#10;    schema: {&quot;loadingURI&quot;:&quot;file:/C:/Users/Sasha/Api/target/test-classes/getChangeRequest.json#&quot;,&quot;pointer&quot;:&quot;/properties/data/properties/material&quot;}&#10;    instance: {&quot;pointer&quot;:&quot;/data/material&quot;}&#10;    domain: &quot;validation&quot;&#10;    keyword: &quot;minLength&quot;&#10;    value: &quot;&quot;&#10;    found: 0&#10;    minLength: 1&#10;error: string &quot;&quot; is too short (length: 0, required minimum: 1)&#10;    level: &quot;error&quot;&#10;    schema: {&quot;loadingURI&quot;:&quot;file:/C:/Users/Sasha/Api/target/test-classes/getChangeRequest.json#&quot;,&quot;pointer&quot;:&quot;/properties/data/properties/name&quot;}&#10;    instance: {&quot;pointer&quot;:&quot;/data/name&quot;}&#10;    domain: &quot;validation&quot;&#10;    keyword: &quot;minLength&quot;&#10;    value: &quot;&quot;&#10;    found: 0&#10;    minLength: 1&#10;error: string &quot;&quot; is too short (length: 0, required minimum: 1)&#10;    level: &quot;error&quot;&#10;    schema: {&quot;loadingURI&quot;:&quot;file:/C:/Users/Sasha/Api/target/test-classes/getChangeRequest.json#&quot;,&quot;pointer&quot;:&quot;/properties/data/properties/nameFull&quot;}&#10;    instance: {&quot;pointer&quot;:&quot;/data/nameFull&quot;}&#10;    domain: &quot;validation&quot;&#10;    keyword: &quot;minLength&quot;&#10;    value: &quot;&quot;&#10;    found: 0&#10;    minLength: 1&#10;error: string &quot;&quot; is too short (length: 0, required minimum: 36)&#10;    level: &quot;error&quot;&#10;    schema: {&quot;loadingURI&quot;:&quot;file:/C:/Users/Sasha/Api/target/test-classes/getChangeRequest.json#&quot;,&quot;pointer&quot;:&quot;/properties/data/properties/referencePosition&quot;}&#10;    instance: {&quot;pointer&quot;:&quot;/data/referencePosition&quot;}&#10;    domain: &quot;validation&quot;&#10;    keyword: &quot;minLength&quot;&#10;    value: &quot;&quot;&#10;    found: 0&#10;    minLength: 36&#10;error: instance value (0) not found in enum (possible values: [1,2,3,5])&#10;    level: &quot;error&quot;&#10;    schema: {&quot;loadingURI&quot;:&quot;file:/C:/Users/Sasha/Api/target/test-classes/getChangeRequest.json#&quot;,&quot;pointer&quot;:&quot;/properties/data/properties/seriality&quot;}&#10;    instance: {&quot;pointer&quot;:&quot;/data/seriality&quot;}&#10;    domain: &quot;validation&quot;&#10;    keyword: &quot;enum&quot;&#10;    value: 0&#10;    enum: [1,2,3,5]&#10;error: string &quot;&quot; is too short (length: 0, required minimum: 1)&#10;    level: &quot;error&quot;&#10;    schema: {&quot;loadingURI&quot;:&quot;file:/C:/Users/Sasha/Api/target/test-classes/getChangeRequest.json#&quot;,&quot;pointer&quot;:&quot;/properties/data/properties/sortament&quot;}&#10;    instance: {&quot;pointer&quot;:&quot;/data/sortament&quot;}&#10;    domain: &quot;validation&quot;&#10;    keyword: &quot;minLength&quot;&#10;    value: &quot;&quot;&#10;    found: 0&#10;    minLength: 1&#10;error: string &quot;&quot; is too short (length: 0, required minimum: 1)&#10;    level: &quot;error&quot;&#10;    schema: {&quot;loadingURI&quot;:&quot;file:/C:/Users/Sasha/Api/target/test-classes/getChangeRequest.json#&quot;,&quot;pointer&quot;:&quot;/properties/data/properties/sortamentGOST&quot;}&#10;    instance: {&quot;pointer&quot;:&quot;/data/sortamentGOST&quot;}&#10;    domain: &quot;validation&quot;&#10;    keyword: &quot;minLength&quot;&#10;    value: &quot;&quot;&#10;    found: 0&#10;    minLength: 1&#10;&#10;  Actual: {&#10;&quot;guid&quot;: &quot;31c9ca2a-b120-41f8-aa86-8cffb2627492&quot;,&#10;&quot;be&quot;: &quot;&quot;,&#10;&quot;status&quot;: 5,&#10;&quot;code&quot;: &quot;000000014&quot;,&#10;&quot;autor&quot;: {&#10;&quot;fio&quot;: &quot;&quot;,&#10;&quot;email&quot;: &quot;&quot;&#10;},&#10;&quot;responsible&quot;: {&#10;&quot;fio&quot;: &quot;&quot;,&#10;&quot;email&quot;: &quot;&quot;&#10;},&#10;&quot;date&quot;: &quot;2023-07-25T15:22:04&quot;,&#10;&quot;periodExecution&quot;: &quot;2023-07-25T15:28:04&quot;,&#10;&quot;comment&quot;: &quot;&quot;,&#10;&quot;data&quot;: {&#10;&quot;guid&quot;: &quot;00000000-0000-0000-0000-000000000000&quot;,&#10;&quot;code&quot;: &quot;&quot;,&#10;&quot;name&quot;: &quot;&quot;,&#10;&quot;comment&quot;: &quot;&quot;,&#10;&quot;archive&quot;: false,&#10;&quot;dateOutputArchive&quot;: &quot;0001-01-01T00:00:00&quot;,&#10;&quot;nameFull&quot;: &quot;&quot;,&#10;&quot;namePurchasing&quot;: &quot;&quot;,&#10;&quot;nameSale&quot;: &quot;&quot;,&#10;&quot;baseUnit&quot;: &quot;00000000-0000-0000-0000-000000000000&quot;,&#10;&quot;baseUnitCode&quot;: 0,&#10;&quot;materialGOST&quot;: &quot;&quot;,&#10;&quot;tnved&quot;: &quot;00000000-0000-0000-0000-000000000000&quot;,&#10;&quot;okved&quot;: &quot;00000000-0000-0000-0000-000000000000&quot;,&#10;&quot;okpd2&quot;: &quot;00000000-0000-0000-0000-000000000000&quot;,&#10;&quot;classifierEOP&quot;: &quot;00000000-0000-0000-0000-000000000000&quot;,&#10;&quot;codeEOP&quot;: &quot;&quot;,&#10;&quot;material&quot;: &quot;&quot;,&#10;&quot;sortament&quot;: &quot;&quot;,&#10;&quot;image&quot;: &quot;&quot;,&#10;&quot;electronicCatalog&quot;: false,&#10;&quot;service&quot;: false,&#10;&quot;sortamentGOST&quot;: &quot;&quot;,&#10;&quot;consolidatedRecord&quot;: false,&#10;&quot;drawingDenotation&quot;: &quot;&quot;,&#10;&quot;seriality&quot;: 0,&#10;&quot;obsolete&quot;: false,&#10;&quot;analyticsPurchasable&quot;: &quot;00000000-0000-0000-0000-000000000000&quot;,&#10;&quot;referencePosition&quot;: &quot;&quot;,&#10;&quot;ownershipSign&quot;: 0,&#10;&quot;unifiedClassifier&quot;: &quot;00000000-0000-0000-0000-000000000000&quot;,&#10;&quot;codeUC&quot;: &quot;&quot;,&#10;&quot;height&quot;: 0,&#10;&quot;width&quot;: 0,&#10;&quot;length&quot;: 0,&#10;&quot;dimensionsUnit&quot;: &quot;00000000-0000-0000-0000-000000000000&quot;,&#10;&quot;dimensionsUnitCode&quot;: 0,&#10;&quot;weight&quot;: 0,&#10;&quot;weightUnit&quot;: &quot;00000000-0000-0000-0000-000000000000&quot;,&#10;&quot;weightUnitCode&quot;: 0,&#10;&quot;groupCost&quot;: &quot;00000000-0000-0000-0000-000000000000&quot;,&#10;&quot;oneTimePurchase&quot;: false,&#10;&quot;includedEOP&quot;: false,&#10;&quot;properties&quot;: [],&#10;&quot;alternativeUnit&quot;: [],&#10;&quot;analogue&quot;: [],&#10;&quot;spares&quot;: [],&#10;&quot;suppliers&quot;: [],&#10;&quot;occurrences&quot;: []&#10;}&#10;}&#10;" type="java.lang.AssertionError">java.lang.AssertionError: 
1 expectation failed.
Response body doesn't match expectation.
Expected: The content to match the given JSON schema.
error: string "" is too short (length: 0, required minimum: 1)
    level: "error"
    schema: {"loadingURI":"file:/C:/Users/Sasha/Api/target/test-classes/getChangeRequest.json#","pointer":"/properties/data/properties/code"}
    instance: {"pointer":"/data/code"}
    domain: "validation"
    keyword: "minLength"
    value: ""
    found: 0
    minLength: 1
error: string "" is too short (length: 0, required minimum: 1)
    level: "error"
    schema: {"loadingURI":"file:/C:/Users/Sasha/Api/target/test-classes/getChangeRequest.json#","pointer":"/properties/data/properties/codeEOP"}
    instance: {"pointer":"/data/codeEOP"}
    domain: "validation"
    keyword: "minLength"
    value: ""
    found: 0
    minLength: 1
error: string "" is too short (length: 0, required minimum: 1)
    level: "error"
    schema: {"loadingURI":"file:/C:/Users/Sasha/Api/target/test-classes/getChangeRequest.json#","pointer":"/properties/data/properties/codeUC"}
    instance: {"pointer":"/data/codeUC"}
    domain: "validation"
    keyword: "minLength"
    value: ""
    found: 0
    minLength: 1
error: string "" is too short (length: 0, required minimum: 1)
    level: "error"
    schema: {"loadingURI":"file:/C:/Users/Sasha/Api/target/test-classes/getChangeRequest.json#","pointer":"/properties/data/properties/image"}
    instance: {"pointer":"/data/image"}
    domain: "validation"
    keyword: "minLength"
    value: ""
    found: 0
    minLength: 1
error: string "" is too short (length: 0, required minimum: 1)
    level: "error"
    schema: {"loadingURI":"file:/C:/Users/Sasha/Api/target/test-classes/getChangeRequest.json#","pointer":"/properties/data/properties/material"}
    instance: {"pointer":"/data/material"}
    domain: "validation"
    keyword: "minLength"
    value: ""
    found: 0
    minLength: 1
error: string "" is too short (length: 0, required minimum: 1)
    level: "error"
    schema: {"loadingURI":"file:/C:/Users/Sasha/Api/target/test-classes/getChangeRequest.json#","pointer":"/properties/data/properties/name"}
    instance: {"pointer":"/data/name"}
    domain: "validation"
    keyword: "minLength"
    value: ""
    found: 0
    minLength: 1
error: string "" is too short (length: 0, required minimum: 1)
    level: "error"
    schema: {"loadingURI":"file:/C:/Users/Sasha/Api/target/test-classes/getChangeRequest.json#","pointer":"/properties/data/properties/nameFull"}
    instance: {"pointer":"/data/nameFull"}
    domain: "validation"
    keyword: "minLength"
    value: ""
    found: 0
    minLength: 1
error: string "" is too short (length: 0, required minimum: 36)
    level: "error"
    schema: {"loadingURI":"file:/C:/Users/Sasha/Api/target/test-classes/getChangeRequest.json#","pointer":"/properties/data/properties/referencePosition"}
    instance: {"pointer":"/data/referencePosition"}
    domain: "validation"
    keyword: "minLength"
    value: ""
    found: 0
    minLength: 36
error: instance value (0) not found in enum (possible values: [1,2,3,5])
    level: "error"
    schema: {"loadingURI":"file:/C:/Users/Sasha/Api/target/test-classes/getChangeRequest.json#","pointer":"/properties/data/properties/seriality"}
    instance: {"pointer":"/data/seriality"}
    domain: "validation"
    keyword: "enum"
    value: 0
    enum: [1,2,3,5]
error: string "" is too short (length: 0, required minimum: 1)
    level: "error"
    schema: {"loadingURI":"file:/C:/Users/Sasha/Api/target/test-classes/getChangeRequest.json#","pointer":"/properties/data/properties/sortament"}
    instance: {"pointer":"/data/sortament"}
    domain: "validation"
    keyword: "minLength"
    value: ""
    found: 0
    minLength: 1
error: string "" is too short (length: 0, required minimum: 1)
    level: "error"
    schema: {"loadingURI":"file:/C:/Users/Sasha/Api/target/test-classes/getChangeRequest.json#","pointer":"/properties/data/properties/sortamentGOST"}
    instance: {"pointer":"/data/sortamentGOST"}
    domain: "validation"
    keyword: "minLength"
    value: ""
    found: 0
    minLength: 1

  Actual: {
"guid": "31c9ca2a-b120-41f8-aa86-8cffb2627492",
"be": "",
"status": 5,
"code": "000000014",
"autor": {
"fio": "",
"email": ""
},
"responsible": {
"fio": "",
"email": ""
},
"date": "2023-07-25T15:22:04",
"periodExecution": "2023-07-25T15:28:04",
"comment": "",
"data": {
"guid": "00000000-0000-0000-0000-000000000000",
"code": "",
"name": "",
"comment": "",
"archive": false,
"dateOutputArchive": "0001-01-01T00:00:00",
"nameFull": "",
"namePurchasing": "",
"nameSale": "",
"baseUnit": "00000000-0000-0000-0000-000000000000",
"baseUnitCode": 0,
"materialGOST": "",
"tnved": "00000000-0000-0000-0000-000000000000",
"okved": "00000000-0000-0000-0000-000000000000",
"okpd2": "00000000-0000-0000-0000-000000000000",
"classifierEOP": "00000000-0000-0000-0000-000000000000",
"codeEOP": "",
"material": "",
"sortament": "",
"image": "",
"electronicCatalog": false,
"service": false,
"sortamentGOST": "",
"consolidatedRecord": false,
"drawingDenotation": "",
"seriality": 0,
"obsolete": false,
"analyticsPurchasable": "00000000-0000-0000-0000-000000000000",
"referencePosition": "",
"ownershipSign": 0,
"unifiedClassifier": "00000000-0000-0000-0000-000000000000",
"codeUC": "",
"height": 0,
"width": 0,
"length": 0,
"dimensionsUnit": "00000000-0000-0000-0000-000000000000",
"dimensionsUnitCode": 0,
"weight": 0,
"weightUnit": "00000000-0000-0000-0000-000000000000",
"weightUnitCode": 0,
"groupCost": "00000000-0000-0000-0000-000000000000",
"oneTimePurchase": false,
"includedEOP": false,
"properties": [],
"alternativeUnit": [],
"analogue": [],
"spares": [],
"suppliers": [],
"occurrences": []
}
}

	at AutoTest.ApplicationTest.getChangeRequestGuid(ApplicationTest.java:27)
</failure>
    <system-out><![CDATA[HTTP/1.1 200 OK
Date: Mon, 30 Oct 2023 09:54:55 GMT
Server: Apache/2.4.33 (Win64) OpenSSL/1.0.2o
Content-Length: 1657
Keep-Alive: timeout=5, max=99
Connection: Keep-Alive
Content-Type: application/json

{
    "guid": "31c9ca2a-b120-41f8-aa86-8cffb2627492",
    "be": "",
    "status": 5,
    "code": "000000014",
    "autor": {
        "fio": "",
        "email": ""
    },
    "responsible": {
        "fio": "",
        "email": ""
    },
    "date": "2023-07-25T15:22:04",
    "periodExecution": "2023-07-25T15:28:04",
    "comment": "",
    "data": {
        "guid": "00000000-0000-0000-0000-000000000000",
        "code": "",
        "name": "",
        "comment": "",
        "archive": false,
        "dateOutputArchive": "0001-01-01T00:00:00",
        "nameFull": "",
        "namePurchasing": "",
        "nameSale": "",
        "baseUnit": "00000000-0000-0000-0000-000000000000",
        "baseUnitCode": 0,
        "materialGOST": "",
        "tnved": "00000000-0000-0000-0000-000000000000",
        "okved": "00000000-0000-0000-0000-000000000000",
        "okpd2": "00000000-0000-0000-0000-000000000000",
        "classifierEOP": "00000000-0000-0000-0000-000000000000",
        "codeEOP": "",
        "material": "",
        "sortament": "",
        "image": "",
        "electronicCatalog": false,
        "service": false,
        "sortamentGOST": "",
        "consolidatedRecord": false,
        "drawingDenotation": "",
        "seriality": 0,
        "obsolete": false,
        "analyticsPurchasable": "00000000-0000-0000-0000-000000000000",
        "referencePosition": "",
        "ownershipSign": 0,
        "unifiedClassifier": "00000000-0000-0000-0000-000000000000",
        "codeUC": "",
        "height": 0,
        "width": 0,
        "length": 0,
        "dimensionsUnit": "00000000-0000-0000-0000-000000000000",
        "dimensionsUnitCode": 0,
        "weight": 0,
        "weightUnit": "00000000-0000-0000-0000-000000000000",
        "weightUnitCode": 0,
        "groupCost": "00000000-0000-0000-0000-000000000000",
        "oneTimePurchase": false,
        "includedEOP": false,
        "properties": [
            
        ],
        "alternativeUnit": [
            
        ],
        "analogue": [
            
        ],
        "spares": [
            
        ],
        "suppliers": [
            
        ],
        "occurrences": [
            
        ]
    }
}
]]></system-out>
    <system-err><![CDATA[SLF4J: Failed to load class "org.slf4j.impl.StaticLoggerBinder".
SLF4J: Defaulting to no-operation (NOP) logger implementation
SLF4J: See http://www.slf4j.org/codes.html#StaticLoggerBinder for further details.
]]></system-err>
  </testcase>
  <testcase name="getChangeRequestGuidNegative" classname="AutoTest.ApplicationTest" time="1.024"/>
  <testcase name="getChangeRequestGuidNegative" classname="AutoTest.ApplicationTest" time="0.997"/>
  <testcase name="getChangeRequestGuidNegative" classname="AutoTest.ApplicationTest" time="1.001"/>
  <testcase name="getChangeRequestGuidNegative" classname="AutoTest.ApplicationTest" time="0.995"/>
  <testcase name="getChangeRequestGuidNegative" classname="AutoTest.ApplicationTest" time="1.04"/>
  <testcase name="getChangeRequestGuidNegative" classname="AutoTest.ApplicationTest" time="0.954"/>
  <testcase name="getChangeRequestGuidNegative" classname="AutoTest.ApplicationTest" time="1.009"/>
  <testcase name="getChangeRequestGuidNegative" classname="AutoTest.ApplicationTest" time="1.002"/>
  <testcase name="getChangeRequestGuidNegative" classname="AutoTest.ApplicationTest" time="1.011"/>
  <testcase name="getChangeRequestGuidNegative" classname="AutoTest.ApplicationTest" time="1.001"/>
  <testcase name="getTestChangeRequestGuid5" classname="AutoTest.ApplicationTest" time="0.995">
    <failure message="1 expectation failed.&#10;Expected status code &lt;200&gt; but was &lt;400&gt;.&#10;" type="java.lang.AssertionError"><![CDATA[java.lang.AssertionError: 
1 expectation failed.
Expected status code <200> but was <400>.

	at AutoTest.ApplicationTest.getTestChangeRequestGuid5(ApplicationTest.java:38)
]]></failure>
  </testcase>
  <testcase name="getListOfChanges" classname="AutoTest.AuxiliaryTest" time="1.756">
    <failure message="1 expectation failed.&#10;JSON path size() doesn&apos;t match.&#10;Expected: is &lt;5&gt;&#10;  Actual: &lt;0&gt;&#10;" type="java.lang.AssertionError"><![CDATA[java.lang.AssertionError: 
1 expectation failed.
JSON path size() doesn't match.
Expected: is <5>
  Actual: <0>

	at AutoTest.AuxiliaryTest.getListOfChanges(AuxiliaryTest.java:75)
]]></failure>
    <system-out><![CDATA[HTTP/1.1 200 OK
Date: Mon, 30 Oct 2023 09:55:08 GMT
Server: Apache/2.4.33 (Win64) OpenSSL/1.0.2o
Content-Length: 2
Keep-Alive: timeout=5, max=99
Connection: Keep-Alive
Content-Type: application/json

[
    
]
]]></system-out>
  </testcase>
  <testcase name="getListOfChanges" classname="AutoTest.AuxiliaryTest" time="0.308">
    <failure message="1 expectation failed.&#10;JSON path size() doesn&apos;t match.&#10;Expected: is &lt;1&gt;&#10;  Actual: &lt;0&gt;&#10;" type="java.lang.AssertionError"><![CDATA[java.lang.AssertionError: 
1 expectation failed.
JSON path size() doesn't match.
Expected: is <1>
  Actual: <0>

	at AutoTest.AuxiliaryTest.getListOfChanges(AuxiliaryTest.java:75)
]]></failure>
    <system-out><![CDATA[HTTP/1.1 200 OK
Date: Mon, 30 Oct 2023 09:55:09 GMT
Server: Apache/2.4.33 (Win64) OpenSSL/1.0.2o
Content-Length: 2
Keep-Alive: timeout=5, max=99
Connection: Keep-Alive
Content-Type: application/json

[
    
]
]]></system-out>
  </testcase>
  <testcase name="getListOfChanges" classname="AutoTest.AuxiliaryTest" time="0.951">
    <failure message="1 expectation failed.&#10;JSON path size() doesn&apos;t match.&#10;Expected: is &lt;1&gt;&#10;  Actual: &lt;0&gt;&#10;" type="java.lang.AssertionError"><![CDATA[java.lang.AssertionError: 
1 expectation failed.
JSON path size() doesn't match.
Expected: is <1>
  Actual: <0>

	at AutoTest.AuxiliaryTest.getListOfChanges(AuxiliaryTest.java:75)
]]></failure>
    <system-out><![CDATA[HTTP/1.1 200 OK
Date: Mon, 30 Oct 2023 09:55:10 GMT
Server: Apache/2.4.33 (Win64) OpenSSL/1.0.2o
Content-Length: 2
Keep-Alive: timeout=5, max=99
Connection: Keep-Alive
Content-Type: application/json

[
    
]
]]></system-out>
  </testcase>
  <testcase name="getListOfChanges" classname="AutoTest.AuxiliaryTest" time="0.994">
    <failure message="1 expectation failed.&#10;JSON path size() doesn&apos;t match.&#10;Expected: is &lt;1&gt;&#10;  Actual: &lt;0&gt;&#10;" type="java.lang.AssertionError"><![CDATA[java.lang.AssertionError: 
1 expectation failed.
JSON path size() doesn't match.
Expected: is <1>
  Actual: <0>

	at AutoTest.AuxiliaryTest.getListOfChanges(AuxiliaryTest.java:75)
]]></failure>
    <system-out><![CDATA[HTTP/1.1 200 OK
Date: Mon, 30 Oct 2023 09:55:11 GMT
Server: Apache/2.4.33 (Win64) OpenSSL/1.0.2o
Content-Length: 2
Keep-Alive: timeout=5, max=99
Connection: Keep-Alive
Content-Type: application/json

[
    
]
]]></system-out>
  </testcase>
  <testcase name="getListOfChanges" classname="AutoTest.AuxiliaryTest" time="1.002">
    <failure message="1 expectation failed.&#10;JSON path size() doesn&apos;t match.&#10;Expected: is &lt;1&gt;&#10;  Actual: &lt;0&gt;&#10;" type="java.lang.AssertionError"><![CDATA[java.lang.AssertionError: 
1 expectation failed.
JSON path size() doesn't match.
Expected: is <1>
  Actual: <0>

	at AutoTest.AuxiliaryTest.getListOfChanges(AuxiliaryTest.java:75)
]]></failure>
    <system-out><![CDATA[HTTP/1.1 200 OK
Date: Mon, 30 Oct 2023 09:55:12 GMT
Server: Apache/2.4.33 (Win64) OpenSSL/1.0.2o
Content-Length: 2
Keep-Alive: timeout=5, max=99
Connection: Keep-Alive
Content-Type: application/json

[
    
]
]]></system-out>
  </testcase>
  <testcase name="getListOfChanges" classname="AutoTest.AuxiliaryTest" time="1.017"/>
  <testcase name="getListOfChanges" classname="AutoTest.AuxiliaryTest" time="0.982"/>
  <testcase name="getListOfChanges" classname="AutoTest.AuxiliaryTest" time="1.036"/>
  <testcase name="getListOfChangesNegative" classname="AutoTest.AuxiliaryTest" time="0.944"/>
  <testcase name="getListOfChangesNegative" classname="AutoTest.AuxiliaryTest" time="0.097">
    <failure message="1 expectation failed.&#10;Expected status code &lt;400&gt; but was &lt;403&gt;.&#10;" type="java.lang.AssertionError"><![CDATA[java.lang.AssertionError: 
1 expectation failed.
Expected status code <400> but was <403>.

	at AutoTest.AuxiliaryTest.getListOfChangesNegative(AuxiliaryTest.java:91)
]]></failure>
    <system-out><![CDATA[Request URI:	http://i1c.ddns.net:60380/TEST_KIT_MDM/hs/klass/list-of-changes/%20?step=5
]]></system-out>
  </testcase>
  <testcase name="getListOfChangesNegative" classname="AutoTest.AuxiliaryTest" time="0.916"/>
  <testcase name="getListOfChangesNegative" classname="AutoTest.AuxiliaryTest" time="0.992"/>
  <testcase name="getListOfChangesNegative" classname="AutoTest.AuxiliaryTest" time="0.983"/>
  <testcase name="getListOfChangesNegative" classname="AutoTest.AuxiliaryTest" time="1.018"/>
  <testcase name="getListOfChangesNegative" classname="AutoTest.AuxiliaryTest" time="0.993"/>
  <testcase name="getListOfChangesNegative" classname="AutoTest.AuxiliaryTest" time="0.994"/>
  <testcase name="getListOfChangesNegative" classname="AutoTest.AuxiliaryTest" time="0.996"/>
  <testcase name="getListOfChangesNegative" classname="AutoTest.AuxiliaryTest" time="1.084"/>
  <testcase name="getListOfChangesNegative" classname="AutoTest.AuxiliaryTest" time="0.928"/>
  <testcase name="getListOfChangesNegative" classname="AutoTest.AuxiliaryTest" time="0.995"/>
  <testcase name="getPing" classname="AutoTest.AuxiliaryTest" time="0.989"/>
  <testcase name="geUnitsListStepMaxInteger" classname="AutoTest.ClassifierTest" time="1.009"/>
  <testcase name="getEopGuid" classname="AutoTest.ClassifierTest" time="1.039"/>
  <testcase name="getEopGuid1024letters" classname="AutoTest.ClassifierTest" time="0.973"/>
  <testcase name="getEopGuidCombination" classname="AutoTest.ClassifierTest" time="0.979"/>
  <testcase name="getEopGuidInjection" classname="AutoTest.ClassifierTest" time="1.04"/>
  <testcase name="getEopGuidMaxMinus" classname="AutoTest.ClassifierTest" time="0.968"/>
  <testcase name="getEopGuidMaxPlus" classname="AutoTest.ClassifierTest" time="1"/>
  <testcase name="getEopGuidNegativeNumber" classname="AutoTest.ClassifierTest" time="1.028"/>
  <testcase name="getEopGuidNotExist" classname="AutoTest.ClassifierTest" time="0.978"/>
  <testcase name="getEopGuidSelect" classname="AutoTest.ClassifierTest" time="0.982"/>
  <testcase name="getEopGuidSpaciesIn" classname="AutoTest.ClassifierTest" time="1.015"/>
  <testcase name="getEopGuidTwoSpacies" classname="AutoTest.ClassifierTest" time="0.985"/>
  <testcase name="getEopList" classname="AutoTest.ClassifierTest" time="1.966"/>
  <testcase name="getEopListStep1024" classname="AutoTest.ClassifierTest" time="1.035"/>
  <testcase name="getEopListStepDigitAndSpace" classname="AutoTest.ClassifierTest" time="1.197"/>
  <testcase name="getEopListStepDigitLatin" classname="AutoTest.ClassifierTest" time="0.798"/>
  <testcase name="getEopListStepDoubleType" classname="AutoTest.ClassifierTest" time="1.006"/>
  <testcase name="getEopListStepEqual100" classname="AutoTest.ClassifierTest" time="1.19"/>
  <testcase name="getEopListStepEqual199" classname="AutoTest.ClassifierTest" time="1.122"/>
  <testcase name="getEopListStepEqual5" classname="AutoTest.ClassifierTest" time="0.752"/>
  <testcase name="getEopListStepEqual6" classname="AutoTest.ClassifierTest" time="0.948"/>
  <testcase name="getEopListStepInjection" classname="AutoTest.ClassifierTest" time="0.988"/>
  <testcase name="getEopListStepIsEmpty" classname="AutoTest.ClassifierTest" time="1.294"/>
  <testcase name="getEopListStepMaxInteger" classname="AutoTest.ClassifierTest" time="0.703"/>
  <testcase name="getEopListStepMaxPlus" classname="AutoTest.ClassifierTest" time="0.994"/>
  <testcase name="getEopListStepMinMinus" classname="AutoTest.ClassifierTest" time="1.053"/>
  <testcase name="getEopListStepNegativeNumber" classname="AutoTest.ClassifierTest" time="0.953"/>
  <testcase name="getEopListStepSelect" classname="AutoTest.ClassifierTest" time="0.99"/>
  <testcase name="getEopListStepSpaces" classname="AutoTest.ClassifierTest" time="1.002"/>
  <testcase name="getEopListStepSpecialSymbol" classname="AutoTest.ClassifierTest" time="0.996"/>
  <testcase name="getEopListStepTwoSpacesAndDigit" classname="AutoTest.ClassifierTest" time="1.047"/>
  <testcase name="getEopListStepZero" classname="AutoTest.ClassifierTest" time="0.969"/>
  <testcase name="getUnifiedClassifierGuid" classname="AutoTest.ClassifierTest" time="1.043"/>
  <testcase name="getUnifiedClassifierGuid1024letters" classname="AutoTest.ClassifierTest" time="0.981"/>
  <testcase name="getUnifiedClassifierGuidCombination" classname="AutoTest.ClassifierTest" time="1.004"/>
  <testcase name="getUnifiedClassifierGuidInjection" classname="AutoTest.ClassifierTest" time="0.991"/>
  <testcase name="getUnifiedClassifierGuidMaxMinus" classname="AutoTest.ClassifierTest" time="1.004"/>
  <testcase name="getUnifiedClassifierGuidMaxPlus" classname="AutoTest.ClassifierTest" time="1.01"/>
  <testcase name="getUnifiedClassifierGuidNegativeNumber" classname="AutoTest.ClassifierTest" time="0.954"/>
  <testcase name="getUnifiedClassifierGuidNotExist" classname="AutoTest.ClassifierTest" time="1.034"/>
  <testcase name="getUnifiedClassifierGuidSelect" classname="AutoTest.ClassifierTest" time="1.114"/>
  <testcase name="getUnifiedClassifierGuidSpaciesIn" classname="AutoTest.ClassifierTest" time="0.885"/>
  <testcase name="getUnifiedClassifierGuidTwoSpacies" classname="AutoTest.ClassifierTest" time="1.006"/>
  <testcase name="getUnifiedClassifierList" classname="AutoTest.ClassifierTest" time="1.785"/>
  <testcase name="getUnifiedClassifierListStep1024" classname="AutoTest.ClassifierTest" time="1.223"/>
  <testcase name="getUnifiedClassifierListStepDigitAndSpace" classname="AutoTest.ClassifierTest" time="0.962"/>
  <testcase name="getUnifiedClassifierListStepDigitLatin" classname="AutoTest.ClassifierTest" time="1.032"/>
  <testcase name="getUnifiedClassifierListStepDoubleType" classname="AutoTest.ClassifierTest" time="1.003"/>
  <testcase name="getUnifiedClassifierListStepEqual100" classname="AutoTest.ClassifierTest" time="1.217"/>
  <testcase name="getUnifiedClassifierListStepEqual199" classname="AutoTest.ClassifierTest" time="1.212"/>
  <testcase name="getUnifiedClassifierListStepEqual5" classname="AutoTest.ClassifierTest" time="0.557"/>
  <testcase name="getUnifiedClassifierListStepEqual6" classname="AutoTest.ClassifierTest" time="1.105"/>
  <testcase name="getUnifiedClassifierListStepInjection" classname="AutoTest.ClassifierTest" time="0.935"/>
  <testcase name="getUnifiedClassifierListStepIsEmpty" classname="AutoTest.ClassifierTest" time="1.455"/>
  <testcase name="getUnifiedClassifierListStepMaxInteger" classname="AutoTest.ClassifierTest" time="0.486"/>
  <testcase name="getUnifiedClassifierListStepMaxPlus" classname="AutoTest.ClassifierTest" time="1.039"/>
  <testcase name="getUnifiedClassifierListStepMinMinus" classname="AutoTest.ClassifierTest" time="0.981"/>
  <testcase name="getUnifiedClassifierListStepNegativeNumber" classname="AutoTest.ClassifierTest" time="0.967"/>
  <testcase name="getUnifiedClassifierListStepSelect" classname="AutoTest.ClassifierTest" time="0.992"/>
  <testcase name="getUnifiedClassifierListStepSpaces" classname="AutoTest.ClassifierTest" time="1.059"/>
  <testcase name="getUnifiedClassifierListStepSpecialSymbol" classname="AutoTest.ClassifierTest" time="1.011"/>
  <testcase name="getUnifiedClassifierListStepTwoSpacesAndDigit" classname="AutoTest.ClassifierTest" time="0.98"/>
  <testcase name="getUnifiedClassifierListStepZero" classname="AutoTest.ClassifierTest" time="0.955"/>
  <testcase name="getUnitsGuid" classname="AutoTest.ClassifierTest" time="1.031"/>
  <testcase name="getUnitsGuid1024letters" classname="AutoTest.ClassifierTest" time="1.026"/>
  <testcase name="getUnitsGuidCombination" classname="AutoTest.ClassifierTest" time="0.973"/>
  <testcase name="getUnitsGuidInjection" classname="AutoTest.ClassifierTest" time="1.042"/>
  <testcase name="getUnitsGuidMaxMinus" classname="AutoTest.ClassifierTest" time="0.966"/>
  <testcase name="getUnitsGuidMaxPlus" classname="AutoTest.ClassifierTest" time="0.965"/>
  <testcase name="getUnitsGuidNegativeNumber" classname="AutoTest.ClassifierTest" time="1.034"/>
  <testcase name="getUnitsGuidNotExist" classname="AutoTest.ClassifierTest" time="0.95"/>
  <testcase name="getUnitsGuidSelect" classname="AutoTest.ClassifierTest" time="1.038"/>
  <testcase name="getUnitsGuidSpaciesIn" classname="AutoTest.ClassifierTest" time="0.969"/>
  <testcase name="getUnitsGuidTwoSpacies" classname="AutoTest.ClassifierTest" time="1"/>
  <testcase name="getUnitsList" classname="AutoTest.ClassifierTest" time="1.076"/>
  <testcase name="getUnitsListStep1024" classname="AutoTest.ClassifierTest" time="0.958"/>
  <testcase name="getUnitsListStepDigitAndSpace" classname="AutoTest.ClassifierTest" time="1.013"/>
  <testcase name="getUnitsListStepDigitLatin" classname="AutoTest.ClassifierTest" time="1.023"/>
  <testcase name="getUnitsListStepDoubleType" classname="AutoTest.ClassifierTest" time="1.041"/>
  <testcase name="getUnitsListStepEqual100" classname="AutoTest.ClassifierTest" time="1.024"/>
  <testcase name="getUnitsListStepEqual199" classname="AutoTest.ClassifierTest" time="1.014"/>
  <testcase name="getUnitsListStepEqual5" classname="AutoTest.ClassifierTest" time="0.944"/>
  <testcase name="getUnitsListStepEqual6" classname="AutoTest.ClassifierTest" time="0.959"/>
  <testcase name="getUnitsListStepInjection" classname="AutoTest.ClassifierTest" time="0.978"/>
  <testcase name="getUnitsListStepIsEmpty" classname="AutoTest.ClassifierTest" time="1.087"/>
  <testcase name="getUnitsListStepMaxPlus" classname="AutoTest.ClassifierTest" time="0.918"/>
  <testcase name="getUnitsListStepMinMinus" classname="AutoTest.ClassifierTest" time="1.04"/>
  <testcase name="getUnitsListStepNegativeNumber" classname="AutoTest.ClassifierTest" time="0.969"/>
  <testcase name="getUnitsListStepSelect" classname="AutoTest.ClassifierTest" time="0.943"/>
  <testcase name="getUnitsListStepSpaces" classname="AutoTest.ClassifierTest" time="1.042"/>
  <testcase name="getUnitsListStepSpecialSymbol" classname="AutoTest.ClassifierTest" time="0.999"/>
  <testcase name="getUnitsListStepTwoSpacesAndDigit" classname="AutoTest.ClassifierTest" time="0.99"/>
  <testcase name="getUnitsListStepZero" classname="AutoTest.ClassifierTest" time="1.014"/>
  <testcase name="getOkpdGuid" classname="AutoTest.ClassifireIsAllRussianTest" time="1.023"/>
  <testcase name="getOkpdGuid1024letters" classname="AutoTest.ClassifireIsAllRussianTest" time="0.983"/>
  <testcase name="getOkpdGuidCombination" classname="AutoTest.ClassifireIsAllRussianTest" time="0.988"/>
  <testcase name="getOkpdGuidInjection" classname="AutoTest.ClassifireIsAllRussianTest" time="0.997"/>
  <testcase name="getOkpdGuidMaxMinus" classname="AutoTest.ClassifireIsAllRussianTest" time="0.994"/>
  <testcase name="getOkpdGuidMaxPlus" classname="AutoTest.ClassifireIsAllRussianTest" time="1.032"/>
  <testcase name="getOkpdGuidNegativeNumber" classname="AutoTest.ClassifireIsAllRussianTest" time="0.95"/>
  <testcase name="getOkpdGuidNotExist" classname="AutoTest.ClassifireIsAllRussianTest" time="1.073"/>
  <testcase name="getOkpdGuidSelect" classname="AutoTest.ClassifireIsAllRussianTest" time="0.949"/>
  <testcase name="getOkpdGuidTwoSpacies" classname="AutoTest.ClassifireIsAllRussianTest" time="0.963"/>
  <testcase name="getOkpdList" classname="AutoTest.ClassifireIsAllRussianTest" time="1.586"/>
  <testcase name="getOkpdListStep1024" classname="AutoTest.ClassifireIsAllRussianTest" time="0.471"/>
  <testcase name="getOkpdListStepDigitAndSpace" classname="AutoTest.ClassifireIsAllRussianTest" time="0.985"/>
  <testcase name="getOkpdListStepDigitLatin" classname="AutoTest.ClassifireIsAllRussianTest" time="0.993"/>
  <testcase name="getOkpdListStepDoubleType" classname="AutoTest.ClassifireIsAllRussianTest" time="1.006"/>
  <testcase name="getOkpdListStepEqual100" classname="AutoTest.ClassifireIsAllRussianTest" time="1.133"/>
  <testcase name="getOkpdListStepEqual199" classname="AutoTest.ClassifireIsAllRussianTest" time="1.201"/>
  <testcase name="getOkpdListStepEqual5" classname="AutoTest.ClassifireIsAllRussianTest" time="0.768"/>
  <testcase name="getOkpdListStepEqual6" classname="AutoTest.ClassifireIsAllRussianTest" time="0.942"/>
  <testcase name="getOkpdListStepInjection" classname="AutoTest.ClassifireIsAllRussianTest" time="0.955"/>
  <testcase name="getOkpdListStepIsEmpty" classname="AutoTest.ClassifireIsAllRussianTest" time="1.219"/>
  <testcase name="getOkpdListStepMaxInteger" classname="AutoTest.ClassifireIsAllRussianTest" time="0.781"/>
  <testcase name="getOkpdListStepMaxPlus" classname="AutoTest.ClassifireIsAllRussianTest" time="0.955"/>
  <testcase name="getOkpdListStepNegativeNumber" classname="AutoTest.ClassifireIsAllRussianTest" time="1.043"/>
  <testcase name="getOkpdListStepSelect" classname="AutoTest.ClassifireIsAllRussianTest" time="1.004"/>
  <testcase name="getOkpdListStepSpaces" classname="AutoTest.ClassifireIsAllRussianTest" time="0.942"/>
  <testcase name="getOkpdListStepSpecialSymbol" classname="AutoTest.ClassifireIsAllRussianTest" time="1.029"/>
  <testcase name="getOkpdListStepTwoSpacesAndDigit" classname="AutoTest.ClassifireIsAllRussianTest" time="1.028"/>
  <testcase name="getOkpdListStepZero" classname="AutoTest.ClassifireIsAllRussianTest" time="0.988"/>
  <testcase name="getOkpdSpaciesIn" classname="AutoTest.ClassifireIsAllRussianTest" time="1.019"/>
  <testcase name="getOkvedGuid" classname="AutoTest.ClassifireIsAllRussianTest" time="0.996"/>
  <testcase name="getOkvedGuid1024letters" classname="AutoTest.ClassifireIsAllRussianTest" time="1.003"/>
  <testcase name="getOkvedGuidCombination" classname="AutoTest.ClassifireIsAllRussianTest" time="0.989"/>
  <testcase name="getOkvedGuidInjection" classname="AutoTest.ClassifireIsAllRussianTest" time="1.004"/>
  <testcase name="getOkvedGuidMaxMinus" classname="AutoTest.ClassifireIsAllRussianTest" time="1.005"/>
  <testcase name="getOkvedGuidMaxPlus" classname="AutoTest.ClassifireIsAllRussianTest" time="0.973"/>
  <testcase name="getOkvedGuidNegativeNumber" classname="AutoTest.ClassifireIsAllRussianTest" time="1.007"/>
  <testcase name="getOkvedGuidNotExist" classname="AutoTest.ClassifireIsAllRussianTest" time="1.003"/>
  <testcase name="getOkvedGuidSelect" classname="AutoTest.ClassifireIsAllRussianTest" time="1.01"/>
  <testcase name="getOkvedGuidTwoSpacies" classname="AutoTest.ClassifireIsAllRussianTest" time="0.996"/>
  <testcase name="getOkvedList" classname="AutoTest.ClassifireIsAllRussianTest" time="1.514"/>
  <testcase name="getOkvedListStep1024" classname="AutoTest.ClassifireIsAllRussianTest" time="0.486"/>
  <testcase name="getOkvedListStepDigitAndSpace" classname="AutoTest.ClassifireIsAllRussianTest" time="0.974"/>
  <testcase name="getOkvedListStepDigitLatin" classname="AutoTest.ClassifireIsAllRussianTest" time="1.065"/>
  <testcase name="getOkvedListStepDoubleType" classname="AutoTest.ClassifireIsAllRussianTest" time="0.952"/>
  <testcase name="getOkvedListStepEqual100" classname="AutoTest.ClassifireIsAllRussianTest" time="1.243"/>
  <testcase name="getOkvedListStepEqual199" classname="AutoTest.ClassifireIsAllRussianTest" time="1.098"/>
  <testcase name="getOkvedListStepEqual5" classname="AutoTest.ClassifireIsAllRussianTest" time="0.722"/>
  <testcase name="getOkvedListStepEqual6" classname="AutoTest.ClassifireIsAllRussianTest" time="0.957"/>
  <testcase name="getOkvedListStepInjection" classname="AutoTest.ClassifireIsAllRussianTest" time="0.995"/>
  <testcase name="getOkvedListStepIsEmpty" classname="AutoTest.ClassifireIsAllRussianTest" time="1.262"/>
  <testcase name="getOkvedListStepMaxInteger" classname="AutoTest.ClassifireIsAllRussianTest" time="0.736"/>
  <testcase name="getOkvedListStepMaxPlus" classname="AutoTest.ClassifireIsAllRussianTest" time="0.962"/>
  <testcase name="getOkvedListStepMinMinus" classname="AutoTest.ClassifireIsAllRussianTest" time="0.995"/>
  <testcase name="getOkvedListStepNegativeNumber" classname="AutoTest.ClassifireIsAllRussianTest" time="1.037"/>
  <testcase name="getOkvedListStepSelect" classname="AutoTest.ClassifireIsAllRussianTest" time="0.968"/>
  <testcase name="getOkvedListStepSpaces" classname="AutoTest.ClassifireIsAllRussianTest" time="1.003"/>
  <testcase name="getOkvedListStepSpecialSymbol" classname="AutoTest.ClassifireIsAllRussianTest" time="1.02"/>
  <testcase name="getOkvedListStepTwoSpacesAndDigit" classname="AutoTest.ClassifireIsAllRussianTest" time="1.009"/>
  <testcase name="getOkvedListStepZero" classname="AutoTest.ClassifireIsAllRussianTest" time="0.948"/>
  <testcase name="getOkvedSpaciesIn" classname="AutoTest.ClassifireIsAllRussianTest" time="1.049"/>
  <testcase name="getTnvedGuid" classname="AutoTest.ClassifireIsAllRussianTest" time="0.999"/>
  <testcase name="getTnvedGuid1024letters" classname="AutoTest.ClassifireIsAllRussianTest" time="1.046"/>
  <testcase name="getTnvedGuidCombination" classname="AutoTest.ClassifireIsAllRussianTest" time="0.932"/>
  <testcase name="getTnvedGuidInjection" classname="AutoTest.ClassifireIsAllRussianTest" time="1.01"/>
  <testcase name="getTnvedGuidMaxMinus" classname="AutoTest.ClassifireIsAllRussianTest" time="1.074"/>
  <testcase name="getTnvedGuidMaxPlus" classname="AutoTest.ClassifireIsAllRussianTest" time="1.018"/>
  <testcase name="getTnvedGuidNegativeNumber" classname="AutoTest.ClassifireIsAllRussianTest" time="0.91"/>
  <testcase name="getTnvedGuidNotExist" classname="AutoTest.ClassifireIsAllRussianTest" time="1.008"/>
  <testcase name="getTnvedGuidSelect" classname="AutoTest.ClassifireIsAllRussianTest" time="0.993"/>
  <testcase name="getTnvedGuidTwoSpacies" classname="AutoTest.ClassifireIsAllRussianTest" time="1.016"/>
  <testcase name="getTnvedList" classname="AutoTest.ClassifireIsAllRussianTest" time="1.705"/>
  <testcase name="getTnvedListStep1024" classname="AutoTest.ClassifireIsAllRussianTest" time="0.262"/>
  <testcase name="getTnvedListStepDigitAndSpace" classname="AutoTest.ClassifireIsAllRussianTest" time="1.029"/>
  <testcase name="getTnvedListStepDigitLatin" classname="AutoTest.ClassifireIsAllRussianTest" time="0.999"/>
  <testcase name="getTnvedListStepDoubleType" classname="AutoTest.ClassifireIsAllRussianTest" time="0.987"/>
  <testcase name="getTnvedListStepEqual100" classname="AutoTest.ClassifireIsAllRussianTest" time="1.263"/>
  <testcase name="getTnvedListStepEqual199" classname="AutoTest.ClassifireIsAllRussianTest" time="1.182"/>
  <testcase name="getTnvedListStepEqual5" classname="AutoTest.ClassifireIsAllRussianTest" time="0.636"/>
  <testcase name="getTnvedListStepEqual6" classname="AutoTest.ClassifireIsAllRussianTest" time="0.984"/>
  <testcase name="getTnvedListStepInjection" classname="AutoTest.ClassifireIsAllRussianTest" time="0.949"/>
  <testcase name="getTnvedListStepIsEmpty" classname="AutoTest.ClassifireIsAllRussianTest" time="1.491"/>
  <testcase name="getTnvedListStepMaxInteger" classname="AutoTest.ClassifireIsAllRussianTest" time="0.478"/>
  <testcase name="getTnvedListStepMaxPlus" classname="AutoTest.ClassifireIsAllRussianTest" time="1.016"/>
  <testcase name="getTnvedListStepMin" classname="AutoTest.ClassifireIsAllRussianTest" time="1.05"/>
  <testcase name="getTnvedListStepNegativeNumber" classname="AutoTest.ClassifireIsAllRussianTest" time="0.982"/>
  <testcase name="getTnvedListStepSelect" classname="AutoTest.ClassifireIsAllRussianTest" time="0.979"/>
  <testcase name="getTnvedListStepSpaces" classname="AutoTest.ClassifireIsAllRussianTest" time="0.98"/>
  <testcase name="getTnvedListStepSpecialSymbol" classname="AutoTest.ClassifireIsAllRussianTest" time="1.008"/>
  <testcase name="getTnvedListStepTwoSpacesAndDigit" classname="AutoTest.ClassifireIsAllRussianTest" time="0.992"/>
  <testcase name="getTnvedListStepZero" classname="AutoTest.ClassifireIsAllRussianTest" time="1.031"/>
  <testcase name="getTnvedSpaciesIn" classname="AutoTest.ClassifireIsAllRussianTest" time="0.97"/>
  <testcase name="getBasicServicesGuid" classname="AutoTest.NomenclatureTest" time="1.046"/>
  <testcase name="getBasicServicesGuidDataProvider" classname="AutoTest.NomenclatureTest" time="0.957"/>
  <testcase name="getBasicServicesGuidDataProvider" classname="AutoTest.NomenclatureTest" time="1.003"/>
  <testcase name="getBasicServicesGuidDataProvider" classname="AutoTest.NomenclatureTest" time="0.981"/>
  <testcase name="getBasicServicesGuidDataProvider" classname="AutoTest.NomenclatureTest" time="1.013"/>
  <testcase name="getBasicServicesGuidDataProvider" classname="AutoTest.NomenclatureTest" time="1.123"/>
  <testcase name="getBasicServicesGuidDataProvider" classname="AutoTest.NomenclatureTest" time="0.866"/>
  <testcase name="getBasicServicesGuidDataProvider" classname="AutoTest.NomenclatureTest" time="1.007"/>
  <testcase name="getBasicServicesGuidDataProvider" classname="AutoTest.NomenclatureTest" time="0.993"/>
  <testcase name="getBasicServicesGuidDataProvider" classname="AutoTest.NomenclatureTest" time="1.002"/>
  <testcase name="getBasicServicesGuidDataProvider" classname="AutoTest.NomenclatureTest" time="1.023"/>
  <testcase name="getNomenclatureGuid" classname="AutoTest.NomenclatureTest" time="1.018"/>
  <testcase name="getNomenclatureGuidDataProvider" classname="AutoTest.NomenclatureTest" time="0.99"/>
  <testcase name="getNomenclatureGuidDataProvider" classname="AutoTest.NomenclatureTest" time="0.988"/>
  <testcase name="getNomenclatureGuidDataProvider" classname="AutoTest.NomenclatureTest" time="0.964"/>
  <testcase name="getNomenclatureGuidDataProvider" classname="AutoTest.NomenclatureTest" time="1.025"/>
  <testcase name="getNomenclatureGuidDataProvider" classname="AutoTest.NomenclatureTest" time="1.023"/>
  <testcase name="getNomenclatureGuidDataProvider" classname="AutoTest.NomenclatureTest" time="0.952"/>
  <testcase name="getNomenclatureGuidDataProvider" classname="AutoTest.NomenclatureTest" time="1.077"/>
  <testcase name="getNomenclatureGuidDataProvider" classname="AutoTest.NomenclatureTest" time="0.924"/>
  <testcase name="getNomenclatureGuidDataProvider" classname="AutoTest.NomenclatureTest" time="1.04"/>
  <testcase name="getNomenclatureGuidDataProvider" classname="AutoTest.NomenclatureTest" time="1.117"/>
  <testcase name="getNomenclatureGuidTest" classname="AutoTest.NomenclatureTest" time="0.928"/>
  <testcase name="getNomenclatureSearch" classname="AutoTest.NomenclatureTest" time="2.849"/>
  <testcase name="getNomenclatureSearchBodyIsEmpty" classname="AutoTest.NomenclatureTest" time="1.142"/>
  <testcase name="getNomenclatureSearchBodyIsEmpty1" classname="AutoTest.NomenclatureTest" time="0.979"/>
  <testcase name="getNomenclatureSearchBodyIsEmpty2" classname="AutoTest.NomenclatureTest" time="0.987"/>
  <testcase name="getNomenclatureSearchBodyIsEmpty3" classname="AutoTest.NomenclatureTest" time="0.996"/>
  <testcase name="getNomenclatureSearchBodyIsEmpty4" classname="AutoTest.NomenclatureTest" time="1.028"/>
  <testcase name="getNomenclatureSearchBodyIsEmpty5" classname="AutoTest.NomenclatureTest" time="0.955"/>
  <testcase name="getNomenclatureSearchDataIsEmpty" classname="AutoTest.NomenclatureTest" time="1.005"/>
  <testcase name="getNomenclatureSearchDataProvider" classname="AutoTest.NomenclatureTest" time="1.084"/>
  <testcase name="getNomenclatureSearchDataProvider" classname="AutoTest.NomenclatureTest" time="1.043"/>
  <testcase name="getNomenclatureSearchDataProvider" classname="AutoTest.NomenclatureTest" time="2.088"/>
  <testcase name="getNomenclatureSearchDataProvider" classname="AutoTest.NomenclatureTest" time="1.016"/>
  <testcase name="getNomenclatureSearchDataProvider" classname="AutoTest.NomenclatureTest" time="1.448"/>
  <testcase name="getNomenclatureSearchSpacies" classname="AutoTest.NomenclatureTest" time="0.31"/>
  <testcase name="getNomenclatureSearchSpecialSymbols" classname="AutoTest.NomenclatureTest" time="1"/>
  <testcase name="getNomenclatureSearchSpecialSymbolsString" classname="AutoTest.NomenclatureTest" time="1.002"/>
  <testcase name="getNomenclatureSearchStep201" classname="AutoTest.NomenclatureTest" time="1.028"/>
  <testcase name="getNomenclatureSearchStep201Double" classname="AutoTest.NomenclatureTest" time="1.058"/>
  <testcase name="getNomenclatureSearchStepNegative" classname="AutoTest.NomenclatureTest" time="0.912"/>
  <testcase name="getNomenclatureSearchStepNegativeDouble" classname="AutoTest.NomenclatureTest" time="1"/>
  <testcase name="getNomenclatureSearchStepZero" classname="AutoTest.NomenclatureTest" time="0.998"/>
  <testcase name="getNomenclatureSearchType" classname="AutoTest.NomenclatureTest" time="0.979"/>
  <testcase name="getNomenclatureSearchType1" classname="AutoTest.NomenclatureTest" time="2.946"/>
  <testcase name="getNomenclatureSearchType2" classname="AutoTest.NomenclatureTest" time="1.132"/>
  <testcase name="getNomenclatureSearchType2Step0" classname="AutoTest.NomenclatureTest" time="0.951"/>
  <testcase name="getNomenclatureSearchType3Step4" classname="AutoTest.NomenclatureTest" time="0.989"/>
  <testcase name="getNomenclatureSearchType3_TwoObjects" classname="AutoTest.NomenclatureTest" time="1.079"/>
  <testcase name="getNomenclatureSearchType4" classname="AutoTest.NomenclatureTest" time="1.09"/>
  <testcase name="getNomenclatureSearchType4Step4" classname="AutoTest.NomenclatureTest" time="0.818"/>
  <testcase name="getNomenclatureSearchType5" classname="AutoTest.NomenclatureTest" time="1.392"/>
  <testcase name="getNomenclatureSearchType5Step4" classname="AutoTest.NomenclatureTest" time="0.66"/>
  <testcase name="getNomenclatureSearchTypeInjection" classname="AutoTest.NomenclatureTest" time="0.968"/>
  <testcase name="getNomenclatureSearchTypeIsEmpty" classname="AutoTest.NomenclatureTest" time="1.002"/>
  <testcase name="getNomenclatureSearchTypeMaxInteger" classname="AutoTest.NomenclatureTest" time="1.111"/>
  <testcase name="getNomenclatureSearchTypeMinMinus" classname="AutoTest.NomenclatureTest" time="0.906"/>
  <testcase name="getNomenclatureSearchTypeNegativeDouble" classname="AutoTest.NomenclatureTest" time="0.979"/>
  <testcase name="getNomenclatureSearchTypePositiveDouble" classname="AutoTest.NomenclatureTest" time="0.99"/>
  <testcase name="getNomenclatureSearchTypePositiveMaxPlus1" classname="AutoTest.NomenclatureTest" time="1"/>
  <testcase name="getPartnerGuid" classname="AutoTest.PartnerTest" time="1.057">
    <failure message="1 expectation failed.&#10;Expected status code &lt;200&gt; but was &lt;400&gt;.&#10;" type="java.lang.AssertionError"><![CDATA[java.lang.AssertionError: 
1 expectation failed.
Expected status code <200> but was <400>.

	at AutoTest.PartnerTest.getPartnerGuid(PartnerTest.java:92)
]]></failure>
  </testcase>
  <testcase name="getPartnerGuidExpected400" classname="AutoTest.PartnerTest" time="0.948">
    <failure message="1 expectation failed.&#10;Expected status code &lt;200&gt; but was &lt;400&gt;.&#10;" type="java.lang.AssertionError"><![CDATA[java.lang.AssertionError: 
1 expectation failed.
Expected status code <200> but was <400>.

	at AutoTest.PartnerTest.getPartnerGuidExpected400(PartnerTest.java:106)
]]></failure>
  </testcase>
  <testcase name="getPartnerList" classname="AutoTest.PartnerTest" time="1.008">
    <failure message="expected [true] but found [false]" type="java.lang.AssertionError">java.lang.AssertionError: expected [true] but found [false]
	at AutoTest.PartnerTest.lambda$getPartnerList$2(PartnerTest.java:47)
	at AutoTest.PartnerTest.getPartnerList(PartnerTest.java:47)
</failure>
    <system-out><![CDATA[HTTP/1.1 200 OK
Date: Mon, 30 Oct 2023 09:59:43 GMT
Server: Apache/2.4.33 (Win64) OpenSSL/1.0.2o
Content-Length: 217
Keep-Alive: timeout=5, max=99
Connection: Keep-Alive
Content-Type: application/json

[
    {
        "guid": "a3b2b07a-1448-11ee-b5ab-a0dc07f9a67b",
        "name": " \" \"-\"",
        "nameFull": " \" \"-\"",
        "inn": "7728212268",
        "kpp": "770101001"
    }
]
]]></system-out>
  </testcase>
  <testcase name="getPartnerListUsingProvader" classname="AutoTest.PartnerTest" time="0.994"/>
  <testcase name="getPartnerListUsingProvader" classname="AutoTest.PartnerTest" time="0.974">
    <failure message="1 expectation failed.&#10;Expected status code &lt;200&gt; but was &lt;400&gt;.&#10;" type="java.lang.AssertionError"><![CDATA[java.lang.AssertionError: 
1 expectation failed.
Expected status code <200> but was <400>.

	at AutoTest.PartnerTest.getPartnerListUsingProvader(PartnerTest.java:73)
]]></failure>
  </testcase>
  <testcase name="postNomenclatureChangeJsonFile" classname="Test.TestPostRequest" time="1.027">
    <failure message="1 expectation failed.&#10;Expected status code &lt;200&gt; but was &lt;400&gt;.&#10;" type="java.lang.AssertionError"><![CDATA[java.lang.AssertionError: 
1 expectation failed.
Expected status code <200> but was <400>.

	at Test.TestPostRequest.postNomenclatureChangeJsonFile(TestPostRequest.java:71)
]]></failure>
  </testcase>
  <testcase name="postNomenclatureChangeRequestMapIsEmptyObject" classname="Test.TestPostRequest" time="1.023"/>
  <testcase name="postNomenclatureChangeRequestMapMaxPlusType3" classname="Test.TestPostRequest" time="1.213"/>
  <testcase name="postNomenclatureChangeRequestMapMaxType3" classname="Test.TestPostRequest" time="4.912"/>
  <testcase name="postNomenclatureChangeRequestMapMinType3" classname="Test.TestPostRequest" time="0.849">
    <failure message="1 expectation failed.&#10;Expected status code &lt;200&gt; but was &lt;400&gt;.&#10;" type="java.lang.AssertionError"><![CDATA[java.lang.AssertionError: 
1 expectation failed.
Expected status code <200> but was <400>.

	at Test.TestPostRequest.postNomenclatureChangeRequestMapMinType3(TestPostRequest.java:415)
]]></failure>
  </testcase>
  <testcase name="postNomenclatureChangeRequestMapRequired" classname="Test.TestPostRequest" time="1.01">
    <failure message="1 expectation failed.&#10;Expected status code &lt;200&gt; but was &lt;400&gt;.&#10;" type="java.lang.AssertionError"><![CDATA[java.lang.AssertionError: 
1 expectation failed.
Expected status code <200> but was <400>.

	at Test.TestPostRequest.postNomenclatureChangeRequestMapRequired(TestPostRequest.java:119)
]]></failure>
  </testcase>
  <testcase name="postNomenclatureChangeRequestMapRequired" classname="Test.TestPostRequest" time="1.008">
    <failure message="1 expectation failed.&#10;Expected status code &lt;200&gt; but was &lt;400&gt;.&#10;" type="java.lang.AssertionError"><![CDATA[java.lang.AssertionError: 
1 expectation failed.
Expected status code <200> but was <400>.

	at Test.TestPostRequest.postNomenclatureChangeRequestMapRequired(TestPostRequest.java:119)
]]></failure>
  </testcase>
  <testcase name="postNomenclatureChangeRequestMapType0_2_AbsentFields" classname="Test.TestPostRequest" time="0.978">
    <failure message="1 expectation failed.&#10;Expected status code &lt;200&gt; but was &lt;400&gt;.&#10;" type="java.lang.AssertionError"><![CDATA[java.lang.AssertionError: 
1 expectation failed.
Expected status code <200> but was <400>.

	at Test.TestPostRequest.postNomenclatureChangeRequestMapType0_2_AbsentFields(TestPostRequest.java:913)
]]></failure>
  </testcase>
  <testcase name="postNomenclatureChangeRequestMapType0_2_AbsentFields" classname="Test.TestPostRequest" time="0.997">
    <failure message="1 expectation failed.&#10;Expected status code &lt;200&gt; but was &lt;400&gt;.&#10;" type="java.lang.AssertionError"><![CDATA[java.lang.AssertionError: 
1 expectation failed.
Expected status code <200> but was <400>.

	at Test.TestPostRequest.postNomenclatureChangeRequestMapType0_2_AbsentFields(TestPostRequest.java:913)
]]></failure>
  </testcase>
  <testcase name="postNomenclatureChangeRequestMapType0_2_RequiredExtraFields" classname="Test.TestPostRequest" time="1.009">
    <failure message="1 expectation failed.&#10;Expected status code &lt;200&gt; but was &lt;400&gt;.&#10;" type="java.lang.AssertionError"><![CDATA[java.lang.AssertionError: 
1 expectation failed.
Expected status code <200> but was <400>.

	at Test.TestPostRequest.postNomenclatureChangeRequestMapType0_2_RequiredExtraFields(TestPostRequest.java:807)
]]></failure>
  </testcase>
  <testcase name="postNomenclatureChangeRequestMapType0_2_RequiredExtraFields" classname="Test.TestPostRequest" time="1.001">
    <failure message="1 expectation failed.&#10;Expected status code &lt;200&gt; but was &lt;400&gt;.&#10;" type="java.lang.AssertionError"><![CDATA[java.lang.AssertionError: 
1 expectation failed.
Expected status code <200> but was <400>.

	at Test.TestPostRequest.postNomenclatureChangeRequestMapType0_2_RequiredExtraFields(TestPostRequest.java:807)
]]></failure>
  </testcase>
  <testcase name="postNomenclatureChangeRequestMapType0_2_RequiredFields" classname="Test.TestPostRequest" time="1.006">
    <failure message="1 expectation failed.&#10;Expected status code &lt;200&gt; but was &lt;400&gt;.&#10;" type="java.lang.AssertionError"><![CDATA[java.lang.AssertionError: 
1 expectation failed.
Expected status code <200> but was <400>.

	at Test.TestPostRequest.postNomenclatureChangeRequestMapType0_2_RequiredFields(TestPostRequest.java:231)
]]></failure>
  </testcase>
  <testcase name="postNomenclatureChangeRequestMapType0_2_RequiredFields" classname="Test.TestPostRequest" time="0.985">
    <failure message="1 expectation failed.&#10;Expected status code &lt;200&gt; but was &lt;400&gt;.&#10;" type="java.lang.AssertionError"><![CDATA[java.lang.AssertionError: 
1 expectation failed.
Expected status code <200> but was <400>.

	at Test.TestPostRequest.postNomenclatureChangeRequestMapType0_2_RequiredFields(TestPostRequest.java:231)
]]></failure>
  </testcase>
  <testcase name="postNomenclatureChangeRequestMapType0_2_RequiredFieldsIsEmpty" classname="Test.TestPostRequest" time="1.003"/>
  <testcase name="postNomenclatureChangeRequestMapType0_2_RequiredFieldsIsEmpty" classname="Test.TestPostRequest" time="1.079"/>
  <testcase name="postNomenclatureChangeRequestMapType1" classname="Test.TestPostRequest" time="0.949">
    <failure message="1 expectation failed.&#10;Expected status code &lt;200&gt; but was &lt;400&gt;.&#10;" type="java.lang.AssertionError"><![CDATA[java.lang.AssertionError: 
1 expectation failed.
Expected status code <200> but was <400>.

	at Test.TestPostRequest.postNomenclatureChangeRequestMapType1(TestPostRequest.java:162)
]]></failure>
  </testcase>
  <testcase name="postNomenclatureChangeRequestMapType1NotExist" classname="Test.TestPostRequest" time="0.98"/>
  <testcase name="postNomenclatureChangeRequestMapType1_AbsentFields" classname="Test.TestPostRequest" time="1.003"/>
  <testcase name="postNomenclatureChangeRequestMapType1_ExtraRequiredFields" classname="Test.TestPostRequest" time="0.985">
    <failure message="1 expectation failed.&#10;Expected status code &lt;200&gt; but was &lt;400&gt;.&#10;" type="java.lang.AssertionError"><![CDATA[java.lang.AssertionError: 
1 expectation failed.
Expected status code <200> but was <400>.

	at Test.TestPostRequest.postNomenclatureChangeRequestMapType1_ExtraRequiredFields(TestPostRequest.java:843)
]]></failure>
  </testcase>
  <testcase name="postNomenclatureChangeRequestMapType1_RequiredFields" classname="Test.TestPostRequest" time="0.996">
    <failure message="1 expectation failed.&#10;Expected status code &lt;200&gt; but was &lt;400&gt;.&#10;" type="java.lang.AssertionError"><![CDATA[java.lang.AssertionError: 
1 expectation failed.
Expected status code <200> but was <400>.

	at Test.TestPostRequest.postNomenclatureChangeRequestMapType1_RequiredFields(TestPostRequest.java:266)
]]></failure>
  </testcase>
  <testcase name="postNomenclatureChangeRequestMapType1_RequiredFieldsIsEmpty" classname="Test.TestPostRequest" time="1.008"/>
  <testcase name="postNomenclatureChangeRequestMapType3" classname="Test.TestPostRequest" time="1.016">
    <failure message="1 expectation failed.&#10;Expected status code &lt;200&gt; but was &lt;400&gt;.&#10;" type="java.lang.AssertionError"><![CDATA[java.lang.AssertionError: 
1 expectation failed.
Expected status code <200> but was <400>.

	at Test.TestPostRequest.postNomenclatureChangeRequestMapType3(TestPostRequest.java:195)
]]></failure>
  </testcase>
  <testcase name="postNomenclatureChangeRequestMapType3AbsentFields" classname="Test.TestPostRequest" time="0.982"/>
  <testcase name="postNomenclatureChangeRequestMapType3ExtraRequiredFields" classname="Test.TestPostRequest" time="1.001">
    <failure message="1 expectation failed.&#10;JSON path guid doesn&apos;t match.&#10;Expected: a CharSequence with length &lt;36&gt;&#10;  Actual: null&#10;" type="java.lang.AssertionError"><![CDATA[java.lang.AssertionError: 
1 expectation failed.
JSON path guid doesn't match.
Expected: a CharSequence with length <36>
  Actual: null

	at Test.TestPostRequest.postNomenclatureChangeRequestMapType3ExtraRequiredFields(TestPostRequest.java:878)
]]></failure>
    <system-out><![CDATA[HTTP/1.1 400 Bad request
Date: Mon, 30 Oct 2023 10:00:13 GMT
Server: Apache/2.4.33 (Win64) OpenSSL/1.0.2o
Content-Length: 197
Connection: close
Content-Type: application/json

{
    "message": "  :    guid  . :    000000586  30.10.2023 12:59:49"
}
]]></system-out>
  </testcase>
  <testcase name="postNomenclatureChangeRequestMapType3NotExist" classname="Test.TestPostRequest" time="1.019"/>
  <testcase name="postNomenclatureChangeRequestMapType3RequiredFields" classname="Test.TestPostRequest" time="1.04">
    <failure message="1 expectation failed.&#10;Expected status code &lt;200&gt; but was &lt;400&gt;.&#10;" type="java.lang.AssertionError"><![CDATA[java.lang.AssertionError: 
1 expectation failed.
Expected status code <200> but was <400>.

	at Test.TestPostRequest.postNomenclatureChangeRequestMapType3RequiredFields(TestPostRequest.java:297)
]]></failure>
  </testcase>
  <testcase name="postNomenclatureChangeRequestMapType3RequiredFieldsIsEmpty" classname="Test.TestPostRequest" time="0.952"/>
  <testcase name="postNomenclatureChangeRequestMapTypeNotExist" classname="Test.TestPostRequest" time="0.993"/>
  <testcase name="postNomenclatureChangeRequestMapTypeNotExist" classname="Test.TestPostRequest" time="1.002"/>
  <testcase name="postNomenclatureChangeRequestMax" classname="Test.TestPostRequest" time="1.002">
    <failure message="1 expectation failed.&#10;Expected status code &lt;200&gt; but was &lt;400&gt;.&#10;" type="java.lang.AssertionError"><![CDATA[java.lang.AssertionError: 
1 expectation failed.
Expected status code <200> but was <400>.

	at Test.TestPostRequest.postNomenclatureChangeRequestMax(TestPostRequest.java:504)
]]></failure>
  </testcase>
  <testcase name="postNomenclatureChangeRequestMax" classname="Test.TestPostRequest" time="1.039">
    <failure message="1 expectation failed.&#10;Expected status code &lt;200&gt; but was &lt;400&gt;.&#10;" type="java.lang.AssertionError"><![CDATA[java.lang.AssertionError: 
1 expectation failed.
Expected status code <200> but was <400>.

	at Test.TestPostRequest.postNomenclatureChangeRequestMax(TestPostRequest.java:459)
]]></failure>
  </testcase>
  <testcase name="postNomenclatureChangeRequestMax" classname="Test.TestPostRequest" time="0.977">
    <failure message="1 expectation failed.&#10;Expected status code &lt;200&gt; but was &lt;400&gt;.&#10;" type="java.lang.AssertionError"><![CDATA[java.lang.AssertionError: 
1 expectation failed.
Expected status code <200> but was <400>.

	at Test.TestPostRequest.postNomenclatureChangeRequestMax(TestPostRequest.java:459)
]]></failure>
  </testcase>
  <testcase name="postNomenclatureChangeRequestMaxPlus" classname="Test.TestPostRequest" time="0.003">
    <failure message="class com.fasterxml.jackson.databind.node.TextNode cannot be cast to class com.fasterxml.jackson.databind.node.ObjectNode (com.fasterxml.jackson.databind.node.TextNode and com.fasterxml.jackson.databind.node.ObjectNode are in unnamed module of loader &apos;app&apos;)" type="java.lang.ClassCastException">java.lang.ClassCastException: class com.fasterxml.jackson.databind.node.TextNode cannot be cast to class com.fasterxml.jackson.databind.node.ObjectNode (com.fasterxml.jackson.databind.node.TextNode and com.fasterxml.jackson.databind.node.ObjectNode are in unnamed module of loader 'app')
	at Test.TestPostRequest.postNomenclatureChangeRequestMaxPlus(TestPostRequest.java:1089)
</failure>
  </testcase>
  <testcase name="postNomenclatureChangeRequestMaxPlus1" classname="Test.TestPostRequest" time="0.993"/>
  <testcase name="postNomenclatureChangeRequestMaxPlus1" classname="Test.TestPostRequest" time="0.998"/>
  <testcase name="postNomenclatureChangeRequestMaxPlus1Type1" classname="Test.TestPostRequest" time="1.006"/>
  <testcase name="postNomenclatureChangeRequestMinMapType1" classname="Test.TestPostRequest" time="0.965">
    <failure message="1 expectation failed.&#10;Expected status code &lt;200&gt; but was &lt;400&gt;.&#10;" type="java.lang.AssertionError"><![CDATA[java.lang.AssertionError: 
1 expectation failed.
Expected status code <200> but was <400>.

	at Test.TestPostRequest.postNomenclatureChangeRequestMinMapType1(TestPostRequest.java:383)
]]></failure>
  </testcase>
  <testcase name="postNomenclatureChangeRequestMinValue" classname="Test.TestPostRequest" time="1.001">
    <failure message="1 expectation failed.&#10;Expected status code &lt;200&gt; but was &lt;400&gt;.&#10;" type="java.lang.AssertionError"><![CDATA[java.lang.AssertionError: 
1 expectation failed.
Expected status code <200> but was <400>.

	at Test.TestPostRequest.postNomenclatureChangeRequestMinValue(TestPostRequest.java:340)
]]></failure>
  </testcase>
  <testcase name="postNomenclatureChangeRequestMinValue" classname="Test.TestPostRequest" time="0.998">
    <failure message="1 expectation failed.&#10;Expected status code &lt;200&gt; but was &lt;400&gt;.&#10;" type="java.lang.AssertionError"><![CDATA[java.lang.AssertionError: 
1 expectation failed.
Expected status code <200> but was <400>.

	at Test.TestPostRequest.postNomenclatureChangeRequestMinValue(TestPostRequest.java:340)
]]></failure>
  </testcase>
  <testcase name="postNomenclatureChangeRequestPOJO" classname="Test.TestPostRequest" time="0.992">
    <failure message="1 expectation failed.&#10;Expected status code &lt;200&gt; but was &lt;405&gt;.&#10;" type="java.lang.AssertionError"><![CDATA[java.lang.AssertionError: 
1 expectation failed.
Expected status code <200> but was <405>.

	at Test.TestPostRequest.postNomenclatureChangeRequestPOJO(TestPostRequest.java:48)
]]></failure>
  </testcase>
</testsuite>