<?xml version="1.0" encoding="UTF-8"?>
<testsuite xmlns:xsi="http://www.w3.org/2001/XMLSchema-instance" xsi:schemaLocation="https://maven.apache.org/surefire/maven-surefire-plugin/xsd/surefire-test-report.xsd" name="TestSuite" time="410.864" tests="322" errors="0" skipped="0" failures="22">
  <properties>
[...]
</properties>
  <testcase name="getChangeRequestGuid" classname="AutoTest.ApplicationTest" time="2.963">
    <failure message="1 expectation failed.&#10;Response body doesn&apos;t match expectation.&#10;Expected: The content to match the given JSON schema.&#10;error: string &quot;&quot; is too short (length: 0, required minimum: 1)&#10;    level: &quot;error&quot;&#10;    schema: {&quot;loadingURI&quot;:&quot;file:/C:/Users/Sasha/Api/target/test-classes/getChangeRequest.json#&quot;,&quot;pointer&quot;:&quot;/properties/data/properties/code&quot;}&#10;    instance: {&quot;pointer&quot;:&quot;/data/code&quot;}&#10;    domain: &quot;validation&quot;&#10;    keyword: &quot;minLength&quot;&#10;    value: &quot;&quot;&#10;    found: 0&#10;    minLength: 1&#10;error: string &quot;&quot; is too short (length: 0, required minimum: 1)&#10;    level: &quot;error&quot;&#10;    schema: {&quot;loadingURI&quot;:&quot;file:/C:/Users/Sasha/Api/target/test-classes/getChangeRequest.json#&quot;,&quot;pointer&quot;:&quot;/properties/data/properties/codeEOP&quot;}&#10;    instance: {&quot;pointer&quot;:&quot;/data/codeEOP&quot;}&#10;    domain: &quot;validation&quot;&#10;    keyword: &quot;minLength&quot;&#10;    value: &quot;&quot;&#10;    found: 0&#10;    minLength: 1&#10;error: string &quot;&quot; is too short (length: 0, required minimum: 1)&#10;    level: &quot;error&quot;&#10;    schema: {&quot;loadingURI&quot;:&quot;file:/C:/Users/Sasha/Api/target/test-classes/getChangeRequest.json#&quot;,&quot;pointer&quot;:&quot;/properties/data/properties/codeUC&quot;}&#10;    instance: {&quot;pointer&quot;:&quot;/data/codeUC&quot;}&#10;    domain: &quot;validation&quot;&#10;    keyword: &quot;minLength&quot;&#10;    value: &quot;&quot;&#10;    found: 0&#10;    minLength: 1&#10;error: string &quot;&quot; is too short (length: 0, required minimum: 1)&#10;    level: &quot;error&quot;&#10;    schema: {&quot;loadingURI&quot;:&quot;file:/C:/Users/Sasha/Api/target/test-classes/getChangeRequest.json#&quot;,&quot;pointer&quot;:&quot;/properties/data/properties/image&quot;}&#10;    instance: {&quot;pointer&quot;:&quot;/data/image&quot;}&#10;    domain: &quot;validation&quot;&#10;    keyword: &quot;minLength&quot;&#10;    value: &quot;&quot;&#10;    found: 0&#10;    minLength: 1&#10;error: string &quot;&quot; is too short (length: 0, required minimum: 1)&#10;    level: &quot;error&quot;&#10;    schema: {&quot;loadingURI&quot;:&quot;file:/C:/Users/Sasha/Api/target/test-classes/getChangeRequest.json#&quot;,&quot;pointer&quot;:&quot;/properties/data/properties/material&quot;}&#10;    instance: {&quot;pointer&quot;:&quot;/data/material&quot;}&#10;    domain: &quot;validation&quot;&#10;    keyword: &quot;minLength&quot;&#10;    value: &quot;&quot;&#10;    found: 0&#10;    minLength: 1&#10;error: string &quot;&quot; is too short (length: 0, required minimum: 1)&#10;    level: &quot;error&quot;&#10;    schema: {&quot;loadingURI&quot;:&quot;file:/C:/Users/Sasha/Api/target/test-classes/getChangeRequest.json#&quot;,&quot;pointer&quot;:&quot;/properties/data/properties/name&quot;}&#10;    instance: {&quot;pointer&quot;:&quot;/data/name&quot;}&#10;    domain: &quot;validation&quot;&#10;    keyword: &quot;minLength&quot;&#10;    value: &quot;&quot;&#10;    found: 0&#10;    minLength: 1&#10;error: string &quot;&quot; is too short (length: 0, required minimum: 1)&#10;    level: &quot;error&quot;&#10;    schema: {&quot;loadingURI&quot;:&quot;file:/C:/Users/Sasha/Api/target/test-classes/getChangeRequest.json#&quot;,&quot;pointer&quot;:&quot;/properties/data/properties/nameFull&quot;}&#10;    instance: {&quot;pointer&quot;:&quot;/data/nameFull&quot;}&#10;    domain: &quot;validation&quot;&#10;    keyword: &quot;minLength&quot;&#10;    value: &quot;&quot;&#10;    found: 0&#10;    minLength: 1&#10;error: string &quot;&quot; is too short (length: 0, required minimum: 36)&#10;    level: &quot;error&quot;&#10;    schema: {&quot;loadingURI&quot;:&quot;file:/C:/Users/Sasha/Api/target/test-classes/getChangeRequest.json#&quot;,&quot;pointer&quot;:&quot;/properties/data/properties/referencePosition&quot;}&#10;    instance: {&quot;pointer&quot;:&quot;/data/referencePosition&quot;}&#10;    domain: &quot;validation&quot;&#10;    keyword: &quot;minLength&quot;&#10;    value: &quot;&quot;&#10;    found: 0&#10;    minLength: 36&#10;error: instance value (0) not found in enum (possible values: [1,2,3,5])&#10;    level: &quot;error&quot;&#10;    schema: {&quot;loadingURI&quot;:&quot;file:/C:/Users/Sasha/Api/target/test-classes/getChangeRequest.json#&quot;,&quot;pointer&quot;:&quot;/properties/data/properties/seriality&quot;}&#10;    instance: {&quot;pointer&quot;:&quot;/data/seriality&quot;}&#10;    domain: &quot;validation&quot;&#10;    keyword: &quot;enum&quot;&#10;    value: 0&#10;    enum: [1,2,3,5]&#10;error: string &quot;&quot; is too short (length: 0, required minimum: 1)&#10;    level: &quot;error&quot;&#10;    schema: {&quot;loadingURI&quot;:&quot;file:/C:/Users/Sasha/Api/target/test-classes/getChangeRequest.json#&quot;,&quot;pointer&quot;:&quot;/properties/data/properties/sortament&quot;}&#10;    instance: {&quot;pointer&quot;:&quot;/data/sortament&quot;}&#10;    domain: &quot;validation&quot;&#10;    keyword: &quot;minLength&quot;&#10;    value: &quot;&quot;&#10;    found: 0&#10;    minLength: 1&#10;error: string &quot;&quot; is too short (length: 0, required minimum: 1)&#10;    level: &quot;error&quot;&#10;    schema: {&quot;loadingURI&quot;:&quot;file:/C:/Users/Sasha/Api/target/test-classes/getChangeRequest.json#&quot;,&quot;pointer&quot;:&quot;/properties/data/properties/sortamentGOST&quot;}&#10;    instance: {&quot;pointer&quot;:&quot;/data/sortamentGOST&quot;}&#10;    domain: &quot;validation&quot;&#10;    keyword: &quot;minLength&quot;&#10;    value: &quot;&quot;&#10;    found: 0&#10;    minLength: 1&#10;&#10;  Actual: {&#10;&quot;guid&quot;: &quot;31c9ca2a-b120-41f8-aa86-8cffb2627492&quot;,&#10;&quot;be&quot;: &quot;&quot;,&#10;&quot;status&quot;: 5,&#10;&quot;code&quot;: &quot;000000014&quot;,&#10;&quot;autor&quot;: {&#10;&quot;fio&quot;: &quot;&quot;,&#10;&quot;email&quot;: &quot;&quot;&#10;},&#10;&quot;responsible&quot;: {&#10;&quot;fio&quot;: &quot;&quot;,&#10;&quot;email&quot;: &quot;&quot;&#10;},&#10;&quot;date&quot;: &quot;2023-07-25T15:22:04&quot;,&#10;&quot;periodExecution&quot;: &quot;2023-07-25T15:28:04&quot;,&#10;&quot;comment&quot;: &quot;&quot;,&#10;&quot;data&quot;: {&#10;&quot;guid&quot;: &quot;00000000-0000-0000-0000-000000000000&quot;,&#10;&quot;code&quot;: &quot;&quot;,&#10;&quot;name&quot;: &quot;&quot;,&#10;&quot;comment&quot;: &quot;&quot;,&#10;&quot;archive&quot;: false,&#10;&quot;dateOutputArchive&quot;: &quot;0001-01-01T00:00:00&quot;,&#10;&quot;nameFull&quot;: &quot;&quot;,&#10;&quot;namePurchasing&quot;: &quot;&quot;,&#10;&quot;nameSale&quot;: &quot;&quot;,&#10;&quot;baseUnit&quot;: &quot;00000000-0000-0000-0000-000000000000&quot;,&#10;&quot;baseUnitCode&quot;: 0,&#10;&quot;materialGOST&quot;: &quot;&quot;,&#10;&quot;tnved&quot;: &quot;00000000-0000-0000-0000-000000000000&quot;,&#10;&quot;okved&quot;: &quot;00000000-0000-0000-0000-000000000000&quot;,&#10;&quot;okpd2&quot;: &quot;00000000-0000-0000-0000-000000000000&quot;,&#10;&quot;classifierEOP&quot;: &quot;00000000-0000-0000-0000-000000000000&quot;,&#10;&quot;codeEOP&quot;: &quot;&quot;,&#10;&quot;material&quot;: &quot;&quot;,&#10;&quot;sortament&quot;: &quot;&quot;,&#10;&quot;image&quot;: &quot;&quot;,&#10;&quot;electronicCatalog&quot;: false,&#10;&quot;service&quot;: false,&#10;&quot;sortamentGOST&quot;: &quot;&quot;,&#10;&quot;consolidatedRecord&quot;: false,&#10;&quot;drawingDenotation&quot;: &quot;&quot;,&#10;&quot;seriality&quot;: 0,&#10;&quot;obsolete&quot;: false,&#10;&quot;analyticsPurchasable&quot;: &quot;00000000-0000-0000-0000-000000000000&quot;,&#10;&quot;referencePosition&quot;: &quot;&quot;,&#10;&quot;ownershipSign&quot;: 0,&#10;&quot;unifiedClassifier&quot;: &quot;00000000-0000-0000-0000-000000000000&quot;,&#10;&quot;codeUC&quot;: &quot;&quot;,&#10;&quot;height&quot;: 0,&#10;&quot;width&quot;: 0,&#10;&quot;length&quot;: 0,&#10;&quot;dimensionsUnit&quot;: &quot;00000000-0000-0000-0000-000000000000&quot;,&#10;&quot;dimensionsUnitCode&quot;: 0,&#10;&quot;weight&quot;: 0,&#10;&quot;weightUnit&quot;: &quot;00000000-0000-0000-0000-000000000000&quot;,&#10;&quot;weightUnitCode&quot;: 0,&#10;&quot;groupCost&quot;: &quot;00000000-0000-0000-0000-000000000000&quot;,&#10;&quot;oneTimePurchase&quot;: false,&#10;&quot;includedEOP&quot;: false,&#10;&quot;properties&quot;: [],&#10;&quot;alternativeUnit&quot;: [],&#10;&quot;analogue&quot;: [],&#10;&quot;spares&quot;: [],&#10;&quot;suppliers&quot;: [],&#10;&quot;occurrences&quot;: []&#10;}&#10;}&#10;" type="java.lang.AssertionError">java.lang.AssertionError: 
1 expectation failed.
Response body doesn't match expectation.
Expected: The content to match the given JSON schema.
error: string "" is too short (length: 0, required minimum: 1)
    level: "error"
    schema: {"loadingURI":"file:/C:/Users/Sasha/Api/target/test-classes/getChangeRequest.json#","pointer":"/properties/data/properties/code"}
    instance: {"pointer":"/data/code"}
    domain: "validation"
    keyword: "minLength"
    value: ""
    found: 0
    minLength: 1
error: string "" is too short (length: 0, required minimum: 1)
    level: "error"
    schema: {"loadingURI":"file:/C:/Users/Sasha/Api/target/test-classes/getChangeRequest.json#","pointer":"/properties/data/properties/codeEOP"}
    instance: {"pointer":"/data/codeEOP"}
    domain: "validation"
    keyword: "minLength"
    value: ""
    found: 0
    minLength: 1
error: string "" is too short (length: 0, required minimum: 1)
    level: "error"
    schema: {"loadingURI":"file:/C:/Users/Sasha/Api/target/test-classes/getChangeRequest.json#","pointer":"/properties/data/properties/codeUC"}
    instance: {"pointer":"/data/codeUC"}
    domain: "validation"
    keyword: "minLength"
    value: ""
    found: 0
    minLength: 1
error: string "" is too short (length: 0, required minimum: 1)
    level: "error"
    schema: {"loadingURI":"file:/C:/Users/Sasha/Api/target/test-classes/getChangeRequest.json#","pointer":"/properties/data/properties/image"}
    instance: {"pointer":"/data/image"}
    domain: "validation"
    keyword: "minLength"
    value: ""
    found: 0
    minLength: 1
error: string "" is too short (length: 0, required minimum: 1)
    level: "error"
    schema: {"loadingURI":"file:/C:/Users/Sasha/Api/target/test-classes/getChangeRequest.json#","pointer":"/properties/data/properties/material"}
    instance: {"pointer":"/data/material"}
    domain: "validation"
    keyword: "minLength"
    value: ""
    found: 0
    minLength: 1
error: string "" is too short (length: 0, required minimum: 1)
    level: "error"
    schema: {"loadingURI":"file:/C:/Users/Sasha/Api/target/test-classes/getChangeRequest.json#","pointer":"/properties/data/properties/name"}
    instance: {"pointer":"/data/name"}
    domain: "validation"
    keyword: "minLength"
    value: ""
    found: 0
    minLength: 1
error: string "" is too short (length: 0, required minimum: 1)
    level: "error"
    schema: {"loadingURI":"file:/C:/Users/Sasha/Api/target/test-classes/getChangeRequest.json#","pointer":"/properties/data/properties/nameFull"}
    instance: {"pointer":"/data/nameFull"}
    domain: "validation"
    keyword: "minLength"
    value: ""
    found: 0
    minLength: 1
error: string "" is too short (length: 0, required minimum: 36)
    level: "error"
    schema: {"loadingURI":"file:/C:/Users/Sasha/Api/target/test-classes/getChangeRequest.json#","pointer":"/properties/data/properties/referencePosition"}
    instance: {"pointer":"/data/referencePosition"}
    domain: "validation"
    keyword: "minLength"
    value: ""
    found: 0
    minLength: 36
error: instance value (0) not found in enum (possible values: [1,2,3,5])
    level: "error"
    schema: {"loadingURI":"file:/C:/Users/Sasha/Api/target/test-classes/getChangeRequest.json#","pointer":"/properties/data/properties/seriality"}
    instance: {"pointer":"/data/seriality"}
    domain: "validation"
    keyword: "enum"
    value: 0
    enum: [1,2,3,5]
error: string "" is too short (length: 0, required minimum: 1)
    level: "error"
    schema: {"loadingURI":"file:/C:/Users/Sasha/Api/target/test-classes/getChangeRequest.json#","pointer":"/properties/data/properties/sortament"}
    instance: {"pointer":"/data/sortament"}
    domain: "validation"
    keyword: "minLength"
    value: ""
    found: 0
    minLength: 1
error: string "" is too short (length: 0, required minimum: 1)
    level: "error"
    schema: {"loadingURI":"file:/C:/Users/Sasha/Api/target/test-classes/getChangeRequest.json#","pointer":"/properties/data/properties/sortamentGOST"}
    instance: {"pointer":"/data/sortamentGOST"}
    domain: "validation"
    keyword: "minLength"
    value: ""
    found: 0
    minLength: 1

  Actual: {
"guid": "31c9ca2a-b120-41f8-aa86-8cffb2627492",
"be": "",
"status": 5,
"code": "000000014",
"autor": {
"fio": "",
"email": ""
},
"responsible": {
"fio": "",
"email": ""
},
"date": "2023-07-25T15:22:04",
"periodExecution": "2023-07-25T15:28:04",
"comment": "",
"data": {
"guid": "00000000-0000-0000-0000-000000000000",
"code": "",
"name": "",
"comment": "",
"archive": false,
"dateOutputArchive": "0001-01-01T00:00:00",
"nameFull": "",
"namePurchasing": "",
"nameSale": "",
"baseUnit": "00000000-0000-0000-0000-000000000000",
"baseUnitCode": 0,
"materialGOST": "",
"tnved": "00000000-0000-0000-0000-000000000000",
"okved": "00000000-0000-0000-0000-000000000000",
"okpd2": "00000000-0000-0000-0000-000000000000",
"classifierEOP": "00000000-0000-0000-0000-000000000000",
"codeEOP": "",
"material": "",
"sortament": "",
"image": "",
"electronicCatalog": false,
"service": false,
"sortamentGOST": "",
"consolidatedRecord": false,
"drawingDenotation": "",
"seriality": 0,
"obsolete": false,
"analyticsPurchasable": "00000000-0000-0000-0000-000000000000",
"referencePosition": "",
"ownershipSign": 0,
"unifiedClassifier": "00000000-0000-0000-0000-000000000000",
"codeUC": "",
"height": 0,
"width": 0,
"length": 0,
"dimensionsUnit": "00000000-0000-0000-0000-000000000000",
"dimensionsUnitCode": 0,
"weight": 0,
"weightUnit": "00000000-0000-0000-0000-000000000000",
"weightUnitCode": 0,
"groupCost": "00000000-0000-0000-0000-000000000000",
"oneTimePurchase": false,
"includedEOP": false,
"properties": [],
"alternativeUnit": [],
"analogue": [],
"spares": [],
"suppliers": [],
"occurrences": []
}
}

	at AutoTest.ApplicationTest.getChangeRequestGuid(ApplicationTest.java:24)
</failure>
    <system-out><![CDATA[HTTP/1.1 200 OK
Date: Wed, 08 Nov 2023 14:43:31 GMT
Server: Apache/2.4.33 (Win64) OpenSSL/1.0.2o
Content-Length: 1657
Keep-Alive: timeout=5, max=99
Connection: Keep-Alive
Content-Type: application/json

{
    "guid": "31c9ca2a-b120-41f8-aa86-8cffb2627492",
    "be": "",
    "status": 5,
    "code": "000000014",
    "autor": {
        "fio": "",
        "email": ""
    },
    "responsible": {
        "fio": "",
        "email": ""
    },
    "date": "2023-07-25T15:22:04",
    "periodExecution": "2023-07-25T15:28:04",
    "comment": "",
    "data": {
        "guid": "00000000-0000-0000-0000-000000000000",
        "code": "",
        "name": "",
        "comment": "",
        "archive": false,
        "dateOutputArchive": "0001-01-01T00:00:00",
        "nameFull": "",
        "namePurchasing": "",
        "nameSale": "",
        "baseUnit": "00000000-0000-0000-0000-000000000000",
        "baseUnitCode": 0,
        "materialGOST": "",
        "tnved": "00000000-0000-0000-0000-000000000000",
        "okved": "00000000-0000-0000-0000-000000000000",
        "okpd2": "00000000-0000-0000-0000-000000000000",
        "classifierEOP": "00000000-0000-0000-0000-000000000000",
        "codeEOP": "",
        "material": "",
        "sortament": "",
        "image": "",
        "electronicCatalog": false,
        "service": false,
        "sortamentGOST": "",
        "consolidatedRecord": false,
        "drawingDenotation": "",
        "seriality": 0,
        "obsolete": false,
        "analyticsPurchasable": "00000000-0000-0000-0000-000000000000",
        "referencePosition": "",
        "ownershipSign": 0,
        "unifiedClassifier": "00000000-0000-0000-0000-000000000000",
        "codeUC": "",
        "height": 0,
        "width": 0,
        "length": 0,
        "dimensionsUnit": "00000000-0000-0000-0000-000000000000",
        "dimensionsUnitCode": 0,
        "weight": 0,
        "weightUnit": "00000000-0000-0000-0000-000000000000",
        "weightUnitCode": 0,
        "groupCost": "00000000-0000-0000-0000-000000000000",
        "oneTimePurchase": false,
        "includedEOP": false,
        "properties": [
            
        ],
        "alternativeUnit": [
            
        ],
        "analogue": [
            
        ],
        "spares": [
            
        ],
        "suppliers": [
            
        ],
        "occurrences": [
            
        ]
    }
}
]]></system-out>
    <system-err><![CDATA[SLF4J: Failed to load class "org.slf4j.impl.StaticLoggerBinder".
SLF4J: Defaulting to no-operation (NOP) logger implementation
SLF4J: See http://www.slf4j.org/codes.html#StaticLoggerBinder for further details.
]]></system-err>
  </testcase>
  <testcase name="getChangeRequestGuidNegative" classname="AutoTest.ApplicationTest" time="0.906"/>
  <testcase name="getChangeRequestGuidNegative" classname="AutoTest.ApplicationTest" time="0.969"/>
  <testcase name="getChangeRequestGuidNegative" classname="AutoTest.ApplicationTest" time="0.996"/>
  <testcase name="getChangeRequestGuidNegative" classname="AutoTest.ApplicationTest" time="1.016"/>
  <testcase name="getChangeRequestGuidNegative" classname="AutoTest.ApplicationTest" time="0.939"/>
  <testcase name="getChangeRequestGuidNegative" classname="AutoTest.ApplicationTest" time="1.047"/>
  <testcase name="getChangeRequestGuidNegative" classname="AutoTest.ApplicationTest" time="0.969"/>
  <testcase name="getChangeRequestGuidNegative" classname="AutoTest.ApplicationTest" time="1.009"/>
  <testcase name="getChangeRequestGuidNegative" classname="AutoTest.ApplicationTest" time="1.021"/>
  <testcase name="getChangeRequestGuidNegative" classname="AutoTest.ApplicationTest" time="1.011"/>
  <testcase name="getTestChangeRequestGuid5" classname="AutoTest.ApplicationTest" time="0.978">
    <failure message="1 expectation failed.&#10;Expected status code &lt;200&gt; but was &lt;400&gt;.&#10;" type="java.lang.AssertionError"><![CDATA[java.lang.AssertionError: 
1 expectation failed.
Expected status code <200> but was <400>.

	at AutoTest.ApplicationTest.getTestChangeRequestGuid5(ApplicationTest.java:35)
]]></failure>
  </testcase>
  <testcase name="getListOfChanges" classname="AutoTest.AuxiliaryTest" time="1.677">
    <failure message="1 expectation failed.&#10;JSON path size() doesn&apos;t match.&#10;Expected: is &lt;5&gt;&#10;  Actual: &lt;0&gt;&#10;" type="java.lang.AssertionError"><![CDATA[java.lang.AssertionError: 
1 expectation failed.
JSON path size() doesn't match.
Expected: is <5>
  Actual: <0>

	at AutoTest.AuxiliaryTest.getListOfChanges(AuxiliaryTest.java:109)
]]></failure>
    <system-out><![CDATA[HTTP/1.1 200 OK
Date: Wed, 08 Nov 2023 14:43:44 GMT
Server: Apache/2.4.33 (Win64) OpenSSL/1.0.2o
Content-Length: 2
Keep-Alive: timeout=5, max=99
Connection: Keep-Alive
Content-Type: application/json

[
    
]
]]></system-out>
  </testcase>
  <testcase name="getListOfChanges" classname="AutoTest.AuxiliaryTest" time="0.36">
    <failure message="1 expectation failed.&#10;JSON path size() doesn&apos;t match.&#10;Expected: is &lt;1&gt;&#10;  Actual: &lt;0&gt;&#10;" type="java.lang.AssertionError"><![CDATA[java.lang.AssertionError: 
1 expectation failed.
JSON path size() doesn't match.
Expected: is <1>
  Actual: <0>

	at AutoTest.AuxiliaryTest.getListOfChanges(AuxiliaryTest.java:109)
]]></failure>
    <system-out><![CDATA[HTTP/1.1 200 OK
Date: Wed, 08 Nov 2023 14:43:45 GMT
Server: Apache/2.4.33 (Win64) OpenSSL/1.0.2o
Content-Length: 2
Keep-Alive: timeout=5, max=99
Connection: Keep-Alive
Content-Type: application/json

[
    
]
]]></system-out>
  </testcase>
  <testcase name="getListOfChanges" classname="AutoTest.AuxiliaryTest" time="0.97">
    <failure message="1 expectation failed.&#10;JSON path size() doesn&apos;t match.&#10;Expected: is &lt;1&gt;&#10;  Actual: &lt;0&gt;&#10;" type="java.lang.AssertionError"><![CDATA[java.lang.AssertionError: 
1 expectation failed.
JSON path size() doesn't match.
Expected: is <1>
  Actual: <0>

	at AutoTest.AuxiliaryTest.getListOfChanges(AuxiliaryTest.java:109)
]]></failure>
    <system-out><![CDATA[HTTP/1.1 200 OK
Date: Wed, 08 Nov 2023 14:43:46 GMT
Server: Apache/2.4.33 (Win64) OpenSSL/1.0.2o
Content-Length: 2
Keep-Alive: timeout=5, max=99
Connection: Keep-Alive
Content-Type: application/json

[
    
]
]]></system-out>
  </testcase>
  <testcase name="getListOfChanges" classname="AutoTest.AuxiliaryTest" time="1.026">
    <failure message="1 expectation failed.&#10;JSON path size() doesn&apos;t match.&#10;Expected: is &lt;1&gt;&#10;  Actual: &lt;0&gt;&#10;" type="java.lang.AssertionError"><![CDATA[java.lang.AssertionError: 
1 expectation failed.
JSON path size() doesn't match.
Expected: is <1>
  Actual: <0>

	at AutoTest.AuxiliaryTest.getListOfChanges(AuxiliaryTest.java:109)
]]></failure>
    <system-out><![CDATA[HTTP/1.1 200 OK
Date: Wed, 08 Nov 2023 14:43:47 GMT
Server: Apache/2.4.33 (Win64) OpenSSL/1.0.2o
Content-Length: 2
Keep-Alive: timeout=5, max=99
Connection: Keep-Alive
Content-Type: application/json

[
    
]
]]></system-out>
  </testcase>
  <testcase name="getListOfChanges" classname="AutoTest.AuxiliaryTest" time="0.991">
    <failure message="1 expectation failed.&#10;JSON path size() doesn&apos;t match.&#10;Expected: is &lt;1&gt;&#10;  Actual: &lt;0&gt;&#10;" type="java.lang.AssertionError"><![CDATA[java.lang.AssertionError: 
1 expectation failed.
JSON path size() doesn't match.
Expected: is <1>
  Actual: <0>

	at AutoTest.AuxiliaryTest.getListOfChanges(AuxiliaryTest.java:109)
]]></failure>
    <system-out><![CDATA[HTTP/1.1 200 OK
Date: Wed, 08 Nov 2023 14:43:48 GMT
Server: Apache/2.4.33 (Win64) OpenSSL/1.0.2o
Content-Length: 2
Keep-Alive: timeout=5, max=99
Connection: Keep-Alive
Content-Type: application/json

[
    
]
]]></system-out>
  </testcase>
  <testcase name="getListOfChanges" classname="AutoTest.AuxiliaryTest" time="1.329"/>
  <testcase name="getListOfChanges" classname="AutoTest.AuxiliaryTest" time="0.675"/>
  <testcase name="getListOfChanges" classname="AutoTest.AuxiliaryTest" time="1.033"/>
  <testcase name="getListOfChangesNegative" classname="AutoTest.AuxiliaryTest" time="1.109"/>
  <testcase name="getListOfChangesNegative" classname="AutoTest.AuxiliaryTest" time="0.825"/>
  <testcase name="getListOfChangesNegative" classname="AutoTest.AuxiliaryTest" time="1.019"/>
  <testcase name="getListOfChangesNegative" classname="AutoTest.AuxiliaryTest" time="1.038"/>
  <testcase name="getListOfChangesNegative" classname="AutoTest.AuxiliaryTest" time="0.913"/>
  <testcase name="getListOfChangesNegative" classname="AutoTest.AuxiliaryTest" time="1.035"/>
  <testcase name="getListOfChangesNegative" classname="AutoTest.AuxiliaryTest" time="1.023"/>
  <testcase name="getListOfChangesNegative" classname="AutoTest.AuxiliaryTest" time="0.972"/>
  <testcase name="getListOfChangesNegative" classname="AutoTest.AuxiliaryTest" time="1.006"/>
  <testcase name="getListOfChangesNegative" classname="AutoTest.AuxiliaryTest" time="0.973"/>
  <testcase name="getListOfChangesNegativeDate" classname="AutoTest.AuxiliaryTest" time="1.048"/>
  <testcase name="getListOfChangesNegativeDate" classname="AutoTest.AuxiliaryTest" time="0.959"/>
  <testcase name="getListOfChangesNegativeDate" classname="AutoTest.AuxiliaryTest" time="1.027"/>
  <testcase name="getListOfChangesNegativeDate" classname="AutoTest.AuxiliaryTest" time="0.991"/>
  <testcase name="getListOfChangesNegativeDate" classname="AutoTest.AuxiliaryTest" time="0.975"/>
  <testcase name="getListOfChangesNegativeDate" classname="AutoTest.AuxiliaryTest" time="0.977"/>
  <testcase name="getListOfChangesNegativeDate" classname="AutoTest.AuxiliaryTest" time="1.052"/>
  <testcase name="getListOfChangesNegativeDate" classname="AutoTest.AuxiliaryTest" time="0.979"/>
  <testcase name="getListOfChangesNegativeDate" classname="AutoTest.AuxiliaryTest" time="1.013"/>
  <testcase name="getListOfChangesNegativeType" classname="AutoTest.AuxiliaryTest" time="1.133"/>
  <testcase name="getListOfChangesNegativeType" classname="AutoTest.AuxiliaryTest" time="0.883">
    <failure message="1 expectation failed.&#10;Expected status code &lt;400&gt; but was &lt;404&gt;.&#10;" type="java.lang.AssertionError"><![CDATA[java.lang.AssertionError: 
1 expectation failed.
Expected status code <400> but was <404>.

	at AutoTest.AuxiliaryTest.getListOfChangesNegativeType(AuxiliaryTest.java:160)
]]></failure>
    <system-out><![CDATA[Request URI:	http://i1c.ddns.net:60380/TEST_KIT_MDM/hs/klass/list-of-changes/?step=1&date=
]]></system-out>
  </testcase>
  <testcase name="getListOfChangesNegativeType" classname="AutoTest.AuxiliaryTest" time="0.103">
    <failure message="1 expectation failed.&#10;Expected status code &lt;400&gt; but was &lt;403&gt;.&#10;" type="java.lang.AssertionError"><![CDATA[java.lang.AssertionError: 
1 expectation failed.
Expected status code <400> but was <403>.

	at AutoTest.AuxiliaryTest.getListOfChangesNegativeType(AuxiliaryTest.java:160)
]]></failure>
    <system-out><![CDATA[Request URI:	http://i1c.ddns.net:60380/TEST_KIT_MDM/hs/klass/list-of-changes/%20?step=1&date=
]]></system-out>
  </testcase>
  <testcase name="getListOfChangesNegativeType" classname="AutoTest.AuxiliaryTest" time="0.901"/>
  <testcase name="getListOfChangesNegativeType" classname="AutoTest.AuxiliaryTest" time="1.131"/>
  <testcase name="getListOfChangesNegativeType" classname="AutoTest.AuxiliaryTest" time="0.856"/>
  <testcase name="getListOfChangesNegativeType" classname="AutoTest.AuxiliaryTest" time="0.961"/>
  <testcase name="getListOfChangesNegativeType" classname="AutoTest.AuxiliaryTest" time="0.871">
    <failure message="1 expectation failed.&#10;Expected status code &lt;400&gt; but was &lt;404&gt;.&#10;" type="java.lang.AssertionError"><![CDATA[java.lang.AssertionError: 
1 expectation failed.
Expected status code <400> but was <404>.

	at AutoTest.AuxiliaryTest.getListOfChangesNegativeType(AuxiliaryTest.java:160)
]]></failure>
    <system-out><![CDATA[Request URI:	http://i1c.ddns.net:60380/TEST_KIT_MDM/hs/klass/list-of-changes/%3Cscript%3Ealert%28%20%27Hello%20world%27%20%29%3B%3C%2Fscript%3E?step=5&date=
]]></system-out>
  </testcase>
  <testcase name="getListOfChangesNegativeType" classname="AutoTest.AuxiliaryTest" time="0.012">
    <failure message="Path parameters were not correctly defined. Undefined path parameters are: ." type="java.lang.IllegalArgumentException">java.lang.IllegalArgumentException: Path parameters were not correctly defined. Undefined path parameters are: .
	at AutoTest.AuxiliaryTest.getListOfChangesNegativeType(AuxiliaryTest.java:160)
</failure>
    <system-out><![CDATA[Request URI:	http://i1c.ddns.net:60380/TEST_KIT_MDM/hs/klass/list-of-changes/%21%40%23%24%25%5E%26*%28%29%7B%7D%5B%5D%27%3A%3B%2F%3C%3E%7C%E2%84%96?step=5&date=
]]></system-out>
  </testcase>
  <testcase name="getListOfChangesNegativeType" classname="AutoTest.AuxiliaryTest" time="1.151"/>
  <testcase name="getPing" classname="AutoTest.AuxiliaryTest" time="0.956"/>
  <testcase name="getEopGuid" classname="AutoTest.ClassifierTest" time="1.077"/>
  <testcase name="getEopGuidNegativeData" classname="AutoTest.ClassifierTest" time="0.962"/>
  <testcase name="getEopGuidNegativeData" classname="AutoTest.ClassifierTest" time="0.972"/>
  <testcase name="getEopGuidNegativeData" classname="AutoTest.ClassifierTest" time="1.035"/>
  <testcase name="getEopGuidNegativeData" classname="AutoTest.ClassifierTest" time="0.968"/>
  <testcase name="getEopGuidNegativeData" classname="AutoTest.ClassifierTest" time="0.989"/>
  <testcase name="getEopGuidNegativeData" classname="AutoTest.ClassifierTest" time="0.998"/>
  <testcase name="getEopGuidNegativeData" classname="AutoTest.ClassifierTest" time="1.03"/>
  <testcase name="getEopGuidNegativeData" classname="AutoTest.ClassifierTest" time="1.041"/>
  <testcase name="getEopGuidNegativeData" classname="AutoTest.ClassifierTest" time="0.928"/>
  <testcase name="getEopGuidNegativeData" classname="AutoTest.ClassifierTest" time="1.047"/>
  <testcase name="getEopList" classname="AutoTest.ClassifierTest" time="0.997"/>
  <testcase name="getEopList" classname="AutoTest.ClassifierTest" time="1.022"/>
  <testcase name="getEopList" classname="AutoTest.ClassifierTest" time="0.96"/>
  <testcase name="getEopList" classname="AutoTest.ClassifierTest" time="1.521"/>
  <testcase name="getEopList" classname="AutoTest.ClassifierTest" time="1.086"/>
  <testcase name="getEopList" classname="AutoTest.ClassifierTest" time="0.792"/>
  <testcase name="getEopListNegativeStep" classname="AutoTest.ClassifierTest" time="0.62"/>
  <testcase name="getEopListNegativeStep" classname="AutoTest.ClassifierTest" time="0.985"/>
  <testcase name="getEopListNegativeStep" classname="AutoTest.ClassifierTest" time="1.177"/>
  <testcase name="getEopListNegativeStep" classname="AutoTest.ClassifierTest" time="0.821"/>
  <testcase name="getEopListNegativeStep" classname="AutoTest.ClassifierTest" time="1.007"/>
  <testcase name="getEopListNegativeStep" classname="AutoTest.ClassifierTest" time="1.078"/>
  <testcase name="getEopListNegativeStep" classname="AutoTest.ClassifierTest" time="0.931"/>
  <testcase name="getEopListNegativeStep" classname="AutoTest.ClassifierTest" time="1.027"/>
  <testcase name="getEopListNegativeStep" classname="AutoTest.ClassifierTest" time="0.964"/>
  <testcase name="getEopListNegativeStep" classname="AutoTest.ClassifierTest" time="0.998"/>
  <testcase name="getEopListNegativeStep" classname="AutoTest.ClassifierTest" time="1.013"/>
  <testcase name="getEopListNegativeStep" classname="AutoTest.ClassifierTest" time="1.02"/>
  <testcase name="getEopListNegativeStep" classname="AutoTest.ClassifierTest" time="0.96"/>
  <testcase name="getEopListNegativeStep" classname="AutoTest.ClassifierTest" time="0.998"/>
  <testcase name="getEopListStepIsEmpty" classname="AutoTest.ClassifierTest" time="1.245"/>
  <testcase name="getUnifiedClassifierGuid" classname="AutoTest.ClassifierTest" time="0.768"/>
  <testcase name="getUnifiedClassifierGuidNegativeData" classname="AutoTest.ClassifierTest" time="0.989"/>
  <testcase name="getUnifiedClassifierGuidNegativeData" classname="AutoTest.ClassifierTest" time="0.97"/>
  <testcase name="getUnifiedClassifierGuidNegativeData" classname="AutoTest.ClassifierTest" time="1.012"/>
  <testcase name="getUnifiedClassifierGuidNegativeData" classname="AutoTest.ClassifierTest" time="0.982"/>
  <testcase name="getUnifiedClassifierGuidNegativeData" classname="AutoTest.ClassifierTest" time="1.067"/>
  <testcase name="getUnifiedClassifierGuidNegativeData" classname="AutoTest.ClassifierTest" time="1.108"/>
  <testcase name="getUnifiedClassifierGuidNegativeData" classname="AutoTest.ClassifierTest" time="0.964"/>
  <testcase name="getUnifiedClassifierGuidNegativeData" classname="AutoTest.ClassifierTest" time="2.209"/>
  <testcase name="getUnifiedClassifierGuidNegativeData" classname="AutoTest.ClassifierTest" time="2"/>
  <testcase name="getUnifiedClassifierGuidNegativeData" classname="AutoTest.ClassifierTest" time="0.908"/>
  <testcase name="getUnifiedClassifierList" classname="AutoTest.ClassifierTest" time="1.776"/>
  <testcase name="getUnifiedClassifierListNegativeData" classname="AutoTest.ClassifierTest" time="1.042"/>
  <testcase name="getUnifiedClassifierListNegativeData" classname="AutoTest.ClassifierTest" time="0.936"/>
  <testcase name="getUnifiedClassifierListNegativeData" classname="AutoTest.ClassifierTest" time="1.031"/>
  <testcase name="getUnifiedClassifierListNegativeData" classname="AutoTest.ClassifierTest" time="0.987"/>
  <testcase name="getUnifiedClassifierListNegativeData" classname="AutoTest.ClassifierTest" time="1.015"/>
  <testcase name="getUnifiedClassifierListNegativeData" classname="AutoTest.ClassifierTest" time="0.96"/>
  <testcase name="getUnifiedClassifierListNegativeData" classname="AutoTest.ClassifierTest" time="1.037"/>
  <testcase name="getUnifiedClassifierListNegativeData" classname="AutoTest.ClassifierTest" time="1.008"/>
  <testcase name="getUnifiedClassifierListNegativeData" classname="AutoTest.ClassifierTest" time="0.972"/>
  <testcase name="getUnifiedClassifierListNegativeData" classname="AutoTest.ClassifierTest" time="0.985"/>
  <testcase name="getUnifiedClassifierListNegativeData" classname="AutoTest.ClassifierTest" time="1.019"/>
  <testcase name="getUnifiedClassifierListNegativeData" classname="AutoTest.ClassifierTest" time="0.988"/>
  <testcase name="getUnifiedClassifierListNegativeData" classname="AutoTest.ClassifierTest" time="0.999"/>
  <testcase name="getUnifiedClassifierListNegativeData" classname="AutoTest.ClassifierTest" time="0.998"/>
  <testcase name="getUnifiedClassifierListPositiveStep" classname="AutoTest.ClassifierTest" time="1.011"/>
  <testcase name="getUnifiedClassifierListPositiveStep" classname="AutoTest.ClassifierTest" time="1.042"/>
  <testcase name="getUnifiedClassifierListPositiveStep" classname="AutoTest.ClassifierTest" time="1.126"/>
  <testcase name="getUnifiedClassifierListPositiveStep" classname="AutoTest.ClassifierTest" time="1.123"/>
  <testcase name="getUnifiedClassifierListPositiveStep" classname="AutoTest.ClassifierTest" time="1.174"/>
  <testcase name="getUnifiedClassifierListPositiveStep" classname="AutoTest.ClassifierTest" time="1.39"/>
  <testcase name="getUnifiedClassifierListStepIsEmpty" classname="AutoTest.ClassifierTest" time="0.511"/>
  <testcase name="getUnitsGuid" classname="AutoTest.ClassifierTest" time="0.657"/>
  <testcase name="getUnitsGuidNegativeData" classname="AutoTest.ClassifierTest" time="1.063"/>
  <testcase name="getUnitsGuidNegativeData" classname="AutoTest.ClassifierTest" time="0.925"/>
  <testcase name="getUnitsGuidNegativeData" classname="AutoTest.ClassifierTest" time="1.031"/>
  <testcase name="getUnitsGuidNegativeData" classname="AutoTest.ClassifierTest" time="1.108"/>
  <testcase name="getUnitsGuidNegativeData" classname="AutoTest.ClassifierTest" time="0.847"/>
  <testcase name="getUnitsGuidNegativeData" classname="AutoTest.ClassifierTest" time="1.004"/>
  <testcase name="getUnitsGuidNegativeData" classname="AutoTest.ClassifierTest" time="0.991"/>
  <testcase name="getUnitsGuidNegativeData" classname="AutoTest.ClassifierTest" time="1.01"/>
  <testcase name="getUnitsGuidNegativeData" classname="AutoTest.ClassifierTest" time="0.988"/>
  <testcase name="getUnitsGuidNegativeData" classname="AutoTest.ClassifierTest" time="1.017"/>
  <testcase name="getUnitsListNegativeStep" classname="AutoTest.ClassifierTest" time="0.981"/>
  <testcase name="getUnitsListNegativeStep" classname="AutoTest.ClassifierTest" time="1.044"/>
  <testcase name="getUnitsListNegativeStep" classname="AutoTest.ClassifierTest" time="0.967"/>
  <testcase name="getUnitsListNegativeStep" classname="AutoTest.ClassifierTest" time="1.045"/>
  <testcase name="getUnitsListNegativeStep" classname="AutoTest.ClassifierTest" time="0.95"/>
  <testcase name="getUnitsListNegativeStep" classname="AutoTest.ClassifierTest" time="1.001"/>
  <testcase name="getUnitsListNegativeStep" classname="AutoTest.ClassifierTest" time="1.151"/>
  <testcase name="getUnitsListNegativeStep" classname="AutoTest.ClassifierTest" time="0.863"/>
  <testcase name="getUnitsListNegativeStep" classname="AutoTest.ClassifierTest" time="1.002"/>
  <testcase name="getUnitsListNegativeStep" classname="AutoTest.ClassifierTest" time="1.139"/>
  <testcase name="getUnitsListNegativeStep" classname="AutoTest.ClassifierTest" time="0.852"/>
  <testcase name="getUnitsListNegativeStep" classname="AutoTest.ClassifierTest" time="1.018"/>
  <testcase name="getUnitsListNegativeStep" classname="AutoTest.ClassifierTest" time="1.112"/>
  <testcase name="getUnitsListNegativeStep" classname="AutoTest.ClassifierTest" time="0.855"/>
  <testcase name="getUnitsListStepEqual100" classname="AutoTest.ClassifierTest" time="1.114"/>
  <testcase name="getUnitsListStepEqual199" classname="AutoTest.ClassifierTest" time="0.98"/>
  <testcase name="getUnitsListStepIsEmpty" classname="AutoTest.ClassifierTest" time="0.982"/>
  <testcase name="getOkpdGuid" classname="AutoTest.ClassifireIsAllRussianTest" time="0.953"/>
  <testcase name="getOkpdGuidNotExist" classname="AutoTest.ClassifireIsAllRussianTest" time="0.97"/>
  <testcase name="getOkpdGuidNotExist" classname="AutoTest.ClassifireIsAllRussianTest" time="1.036"/>
  <testcase name="getOkpdGuidNotExist" classname="AutoTest.ClassifireIsAllRussianTest" time="0.984"/>
  <testcase name="getOkpdGuidNotExist" classname="AutoTest.ClassifireIsAllRussianTest" time="0.983"/>
  <testcase name="getOkpdGuidNotExist" classname="AutoTest.ClassifireIsAllRussianTest" time="0.991"/>
  <testcase name="getOkpdGuidNotExist" classname="AutoTest.ClassifireIsAllRussianTest" time="1.037"/>
  <testcase name="getOkpdGuidNotExist" classname="AutoTest.ClassifireIsAllRussianTest" time="0.972"/>
  <testcase name="getOkpdGuidNotExist" classname="AutoTest.ClassifireIsAllRussianTest" time="1.003"/>
  <testcase name="getOkpdGuidNotExist" classname="AutoTest.ClassifireIsAllRussianTest" time="1.027"/>
  <testcase name="getOkpdGuidNotExist" classname="AutoTest.ClassifireIsAllRussianTest" time="0.996"/>
  <testcase name="getOkpdList" classname="AutoTest.ClassifireIsAllRussianTest" time="1.12"/>
  <testcase name="getOkpdList" classname="AutoTest.ClassifireIsAllRussianTest" time="0.894"/>
  <testcase name="getOkpdList" classname="AutoTest.ClassifireIsAllRussianTest" time="1.001"/>
  <testcase name="getOkpdList" classname="AutoTest.ClassifireIsAllRussianTest" time="1.263"/>
  <testcase name="getOkpdList" classname="AutoTest.ClassifireIsAllRussianTest" time="1.071"/>
  <testcase name="getOkpdList" classname="AutoTest.ClassifireIsAllRussianTest" time="0.914"/>
  <testcase name="getOkpdListStepIsEmpty" classname="AutoTest.ClassifireIsAllRussianTest" time="1.129"/>
  <testcase name="getOkpdListStepMaxPlus" classname="AutoTest.ClassifireIsAllRussianTest" time="0.586"/>
  <testcase name="getOkpdListStepMaxPlus" classname="AutoTest.ClassifireIsAllRussianTest" time="1.002"/>
  <testcase name="getOkpdListStepMaxPlus" classname="AutoTest.ClassifireIsAllRussianTest" time="1.06"/>
  <testcase name="getOkpdListStepMaxPlus" classname="AutoTest.ClassifireIsAllRussianTest" time="0.951"/>
  <testcase name="getOkpdListStepMaxPlus" classname="AutoTest.ClassifireIsAllRussianTest" time="1.007"/>
  <testcase name="getOkpdListStepMaxPlus" classname="AutoTest.ClassifireIsAllRussianTest" time="0.983"/>
  <testcase name="getOkpdListStepMaxPlus" classname="AutoTest.ClassifireIsAllRussianTest" time="1.081"/>
  <testcase name="getOkpdListStepMaxPlus" classname="AutoTest.ClassifireIsAllRussianTest" time="0.998"/>
  <testcase name="getOkpdListStepMaxPlus" classname="AutoTest.ClassifireIsAllRussianTest" time="0.908"/>
  <testcase name="getOkpdListStepMaxPlus" classname="AutoTest.ClassifireIsAllRussianTest" time="0.999"/>
  <testcase name="getOkpdListStepMaxPlus" classname="AutoTest.ClassifireIsAllRussianTest" time="1.009"/>
  <testcase name="getOkpdListStepMaxPlus" classname="AutoTest.ClassifireIsAllRussianTest" time="0.992"/>
  <testcase name="getOkpdListStepMaxPlus" classname="AutoTest.ClassifireIsAllRussianTest" time="0.993"/>
  <testcase name="getOkpdListStepMaxPlus" classname="AutoTest.ClassifireIsAllRussianTest" time="1.028"/>
  <testcase name="getOkvedGuid" classname="AutoTest.ClassifireIsAllRussianTest" time="1.003"/>
  <testcase name="getOkvedGuidNotExist" classname="AutoTest.ClassifireIsAllRussianTest" time="0.99"/>
  <testcase name="getOkvedGuidNotExist" classname="AutoTest.ClassifireIsAllRussianTest" time="2.018"/>
  <testcase name="getOkvedGuidNotExist" classname="AutoTest.ClassifireIsAllRussianTest" time="1.126"/>
  <testcase name="getOkvedGuidNotExist" classname="AutoTest.ClassifireIsAllRussianTest" time="0.863"/>
  <testcase name="getOkvedGuidNotExist" classname="AutoTest.ClassifireIsAllRussianTest" time="0.991"/>
  <testcase name="getOkvedGuidNotExist" classname="AutoTest.ClassifireIsAllRussianTest" time="1.153"/>
  <testcase name="getOkvedGuidNotExist" classname="AutoTest.ClassifireIsAllRussianTest" time="0.85"/>
  <testcase name="getOkvedGuidNotExist" classname="AutoTest.ClassifireIsAllRussianTest" time="0.999"/>
  <testcase name="getOkvedGuidNotExist" classname="AutoTest.ClassifireIsAllRussianTest" time="1.107"/>
  <testcase name="getOkvedGuidNotExist" classname="AutoTest.ClassifireIsAllRussianTest" time="0.908"/>
  <testcase name="getOkvedList" classname="AutoTest.ClassifireIsAllRussianTest" time="1.047"/>
  <testcase name="getOkvedList" classname="AutoTest.ClassifireIsAllRussianTest" time="1.005"/>
  <testcase name="getOkvedList" classname="AutoTest.ClassifireIsAllRussianTest" time="0.938"/>
  <testcase name="getOkvedList" classname="AutoTest.ClassifireIsAllRussianTest" time="1.258"/>
  <testcase name="getOkvedList" classname="AutoTest.ClassifireIsAllRussianTest" time="1.106"/>
  <testcase name="getOkvedList" classname="AutoTest.ClassifireIsAllRussianTest" time="1.115"/>
  <testcase name="getOkvedListStepIsEmpty" classname="AutoTest.ClassifireIsAllRussianTest" time="0.793"/>
  <testcase name="getOkvedListStepMaxPlus" classname="AutoTest.ClassifireIsAllRussianTest" time="0.732"/>
  <testcase name="getOkvedListStepMaxPlus" classname="AutoTest.ClassifireIsAllRussianTest" time="0.975"/>
  <testcase name="getOkvedListStepMaxPlus" classname="AutoTest.ClassifireIsAllRussianTest" time="1.017"/>
  <testcase name="getOkvedListStepMaxPlus" classname="AutoTest.ClassifireIsAllRussianTest" time="0.986"/>
  <testcase name="getOkvedListStepMaxPlus" classname="AutoTest.ClassifireIsAllRussianTest" time="1.051"/>
  <testcase name="getOkvedListStepMaxPlus" classname="AutoTest.ClassifireIsAllRussianTest" time="0.949"/>
  <testcase name="getOkvedListStepMaxPlus" classname="AutoTest.ClassifireIsAllRussianTest" time="1.003"/>
  <testcase name="getOkvedListStepMaxPlus" classname="AutoTest.ClassifireIsAllRussianTest" time="1.189"/>
  <testcase name="getOkvedListStepMaxPlus" classname="AutoTest.ClassifireIsAllRussianTest" time="0.823"/>
  <testcase name="getOkvedListStepMaxPlus" classname="AutoTest.ClassifireIsAllRussianTest" time="0.985"/>
  <testcase name="getOkvedListStepMaxPlus" classname="AutoTest.ClassifireIsAllRussianTest" time="1.129"/>
  <testcase name="getOkvedListStepMaxPlus" classname="AutoTest.ClassifireIsAllRussianTest" time="0.875"/>
  <testcase name="getOkvedListStepMaxPlus" classname="AutoTest.ClassifireIsAllRussianTest" time="1.008"/>
  <testcase name="getOkvedListStepMaxPlus" classname="AutoTest.ClassifireIsAllRussianTest" time="1.18"/>
  <testcase name="getTnvedGuid" classname="AutoTest.ClassifireIsAllRussianTest" time="0.858"/>
  <testcase name="getTnvedGuidNotExist" classname="AutoTest.ClassifireIsAllRussianTest" time="0.951"/>
  <testcase name="getTnvedGuidNotExist" classname="AutoTest.ClassifireIsAllRussianTest" time="1.08"/>
  <testcase name="getTnvedGuidNotExist" classname="AutoTest.ClassifireIsAllRussianTest" time="0.923"/>
  <testcase name="getTnvedGuidNotExist" classname="AutoTest.ClassifireIsAllRussianTest" time="1.009"/>
  <testcase name="getTnvedGuidNotExist" classname="AutoTest.ClassifireIsAllRussianTest" time="0.994"/>
  <testcase name="getTnvedGuidNotExist" classname="AutoTest.ClassifireIsAllRussianTest" time="0.993"/>
  <testcase name="getTnvedGuidNotExist" classname="AutoTest.ClassifireIsAllRussianTest" time="1"/>
  <testcase name="getTnvedGuidNotExist" classname="AutoTest.ClassifireIsAllRussianTest" time="1.006"/>
  <testcase name="getTnvedGuidNotExist" classname="AutoTest.ClassifireIsAllRussianTest" time="1.021"/>
  <testcase name="getTnvedGuidNotExist" classname="AutoTest.ClassifireIsAllRussianTest" time="0.982"/>
  <testcase name="getTnvedList" classname="AutoTest.ClassifireIsAllRussianTest" time="1.06"/>
  <testcase name="getTnvedList" classname="AutoTest.ClassifireIsAllRussianTest" time="1.004"/>
  <testcase name="getTnvedList" classname="AutoTest.ClassifireIsAllRussianTest" time="1.013"/>
  <testcase name="getTnvedList" classname="AutoTest.ClassifireIsAllRussianTest" time="1.346"/>
  <testcase name="getTnvedList" classname="AutoTest.ClassifireIsAllRussianTest" time="1.192"/>
  <testcase name="getTnvedList" classname="AutoTest.ClassifireIsAllRussianTest" time="0.904"/>
  <testcase name="getTnvedListStepIsEmpty" classname="AutoTest.ClassifireIsAllRussianTest" time="0.92"/>
  <testcase name="getTnvedListStepMaxPlus" classname="AutoTest.ClassifireIsAllRussianTest" time="0.701"/>
  <testcase name="getTnvedListStepMaxPlus" classname="AutoTest.ClassifireIsAllRussianTest" time="0.84"/>
  <testcase name="getTnvedListStepMaxPlus" classname="AutoTest.ClassifireIsAllRussianTest" time="1.02"/>
  <testcase name="getTnvedListStepMaxPlus" classname="AutoTest.ClassifireIsAllRussianTest" time="1.158"/>
  <testcase name="getTnvedListStepMaxPlus" classname="AutoTest.ClassifireIsAllRussianTest" time="0.847"/>
  <testcase name="getTnvedListStepMaxPlus" classname="AutoTest.ClassifireIsAllRussianTest" time="1.001"/>
  <testcase name="getTnvedListStepMaxPlus" classname="AutoTest.ClassifireIsAllRussianTest" time="1.079"/>
  <testcase name="getTnvedListStepMaxPlus" classname="AutoTest.ClassifireIsAllRussianTest" time="0.924"/>
  <testcase name="getTnvedListStepMaxPlus" classname="AutoTest.ClassifireIsAllRussianTest" time="1.001"/>
  <testcase name="getTnvedListStepMaxPlus" classname="AutoTest.ClassifireIsAllRussianTest" time="1.001"/>
  <testcase name="getTnvedListStepMaxPlus" classname="AutoTest.ClassifireIsAllRussianTest" time="0.997"/>
  <testcase name="getTnvedListStepMaxPlus" classname="AutoTest.ClassifireIsAllRussianTest" time="0.992"/>
  <testcase name="getTnvedListStepMaxPlus" classname="AutoTest.ClassifireIsAllRussianTest" time="1.008"/>
  <testcase name="getTnvedListStepMaxPlus" classname="AutoTest.ClassifireIsAllRussianTest" time="0.99"/>
  <testcase name="getBasicServicesGuid" classname="AutoTest.NomenclatureTest" time="1.057"/>
  <testcase name="getBasicServicesGuidDataProvider" classname="AutoTest.NomenclatureTest" time="0.944"/>
  <testcase name="getBasicServicesGuidDataProvider" classname="AutoTest.NomenclatureTest" time="1.303"/>
  <testcase name="getBasicServicesGuidDataProvider" classname="AutoTest.NomenclatureTest" time="44.417"/>
  <testcase name="getBasicServicesGuidDataProvider" classname="AutoTest.NomenclatureTest" time="1.286"/>
  <testcase name="getBasicServicesGuidDataProvider" classname="AutoTest.NomenclatureTest" time="1.014"/>
  <testcase name="getBasicServicesGuidDataProvider" classname="AutoTest.NomenclatureTest" time="1.009"/>
  <testcase name="getBasicServicesGuidDataProvider" classname="AutoTest.NomenclatureTest" time="0.973"/>
  <testcase name="getBasicServicesGuidDataProvider" classname="AutoTest.NomenclatureTest" time="0.996"/>
  <testcase name="getBasicServicesGuidDataProvider" classname="AutoTest.NomenclatureTest" time="1.259"/>
  <testcase name="getBasicServicesGuidDataProvider" classname="AutoTest.NomenclatureTest" time="3.514"/>
  <testcase name="getNomenclatureGuid" classname="AutoTest.NomenclatureTest" time="2.054"/>
  <testcase name="getNomenclatureGuidDataProvider" classname="AutoTest.NomenclatureTest" time="1.43"/>
  <testcase name="getNomenclatureGuidDataProvider" classname="AutoTest.NomenclatureTest" time="1.913"/>
  <testcase name="getNomenclatureGuidDataProvider" classname="AutoTest.NomenclatureTest" time="0.913"/>
  <testcase name="getNomenclatureGuidDataProvider" classname="AutoTest.NomenclatureTest" time="1.042"/>
  <testcase name="getNomenclatureGuidDataProvider" classname="AutoTest.NomenclatureTest" time="1.324"/>
  <testcase name="getNomenclatureGuidDataProvider" classname="AutoTest.NomenclatureTest" time="1.776"/>
  <testcase name="getNomenclatureGuidDataProvider" classname="AutoTest.NomenclatureTest" time="0.882"/>
  <testcase name="getNomenclatureGuidDataProvider" classname="AutoTest.NomenclatureTest" time="1.273"/>
  <testcase name="getNomenclatureGuidDataProvider" classname="AutoTest.NomenclatureTest" time="0.949"/>
  <testcase name="getNomenclatureGuidDataProvider" classname="AutoTest.NomenclatureTest" time="5.225"/>
  <testcase name="getNomenclatureSearchBodyIsEmpty" classname="AutoTest.NomenclatureTest" time="7.687"/>
  <testcase name="getNomenclatureSearchBodyIsEmpty" classname="AutoTest.NomenclatureTest" time="3.195"/>
  <testcase name="getNomenclatureSearchBodyIsEmpty" classname="AutoTest.NomenclatureTest" time="5.258"/>
  <testcase name="getNomenclatureSearchBodyIsEmpty" classname="AutoTest.NomenclatureTest" time="5.382"/>
  <testcase name="getNomenclatureSearchBodyIsEmpty" classname="AutoTest.NomenclatureTest" time="1.232"/>
  <testcase name="getNomenclatureSearchBodyIsEmpty" classname="AutoTest.NomenclatureTest" time="1.178"/>
  <testcase name="getNomenclatureSearchBodyIsEmpty" classname="AutoTest.NomenclatureTest" time="0.832">
    <failure message="1 expectation failed.&#10;JSON path size() doesn&apos;t match.&#10;Expected: is &lt;0&gt;&#10;  Actual: &lt;5&gt;&#10;" type="java.lang.AssertionError"><![CDATA[java.lang.AssertionError: 
1 expectation failed.
JSON path size() doesn't match.
Expected: is <0>
  Actual: <5>

	at AutoTest.NomenclatureTest.getNomenclatureSearchBodyIsEmpty(NomenclatureTest.java:194)
]]></failure>
    <system-out><![CDATA[Request URI:	http://i1c.ddns.net:60380/TEST_KIT_MDM/hs/klass/nomenclature/search?step=5&type=0&data=0
HTTP/1.1 200 OK
Date: Wed, 08 Nov 2023 14:49:13 GMT
Server: Apache/2.4.33 (Win64) OpenSSL/1.0.2o
Content-Length: 2763
Keep-Alive: timeout=5, max=99
Connection: Keep-Alive
Content-Type: application/json

[
    {
        "guid": "56e03873-3ae3-42a8-8047-fe48ac5181a6",
        "code": "63        ",
        "unifiedClassifier": "b1b45abe-1677-11ee-b5ab-a0dc07f9a67b",
        "name": "тестовый товар 11 из бух3",
        "nameFull": "тестовый товар 11 из бух3",
        "drawingDenotation": "0",
        "ownershipSign": 0,
        "seriality": 3,
        "supplier": "00000000-0000-0000-0000-000000000000",
        "baseUnit": "77b6212f-fd66-11df-ad89-001cc40d947c",
        "height": 0,
        "width": 0,
        "length": 0,
        "dimensionsUnit": "00000000-0000-0000-0000-000000000000",
        "weight": 0,
        "weightUnit": "00000000-0000-0000-0000-000000000000"
    },
    {
        "guid": "1065786f-777d-4d94-81d4-bf5ca57903a1",
        "code": "МДМ0000385",
        "unifiedClassifier": "bd47f7b3-36d1-11ee-b5b0-005056013b0c",
        "name": "Тест29-6",
        "nameFull": "Тест29-6",
        "drawingDenotation": "0",
        "ownershipSign": 1,
        "seriality": 1,
        "supplier": "00000000-0000-0000-0000-000000000000",
        "baseUnit": "8db7b2a2-fd67-11df-ad89-001cc40d947c",
        "height": 0,
        "width": 0,
        "length": 0,
        "dimensionsUnit": "00000000-0000-0000-0000-000000000000",
        "weight": 0,
        "weightUnit": "00000000-0000-0000-0000-000000000000"
    },
    {
        "guid": "f151f784-767f-44f5-83bd-41599ce3b16b",
        "code": "МДМ0000964",
        "unifiedClassifier": "c3417d02-36d1-11ee-b5b0-005056013b0c",
        "name": "Малышев10-3",
        "nameFull": "Малышев10-3",
        "drawingDenotation": "",
        "ownershipSign": 1,
        "seriality": 2,
        "supplier": "00000000-0000-0000-0000-000000000000",
        "baseUnit": "77b6212f-fd66-11df-ad89-001cc40d947c",
        "height": 0,
        "width": 0,
        "length": 0,
        "dimensionsUnit": "00000000-0000-0000-0000-000000000000",
        "weight": 0,
        "weightUnit": "00000000-0000-0000-0000-000000000000"
    },
    {
        "guid": "cd81b59a-6f23-479d-8591-137289b35082",
        "code": "МДМ0000353",
        "unifiedClassifier": "bd47f7b3-36d1-11ee-b5b0-005056013b0c",
        "name": "ТестM-3wwwww",
        "nameFull": "ТестM-3",
        "drawingDenotation": "0",
        "ownershipSign": 0,
        "seriality": 1,
        "supplier": "00000000-0000-0000-0000-000000000000",
        "baseUnit": "8db7b2a2-fd67-11df-ad89-001cc40d947c",
        "height": 0,
        "width": 0,
        "length": 0,
        "dimensionsUnit": "00000000-0000-0000-0000-000000000000",
        "weight": 0,
        "weightUnit": "00000000-0000-0000-0000-000000000000"
    },
    {
        "guid": "edc3f3d3-42f1-4962-85ec-610c56e36ba9",
        "code": "МДМ0000446",
        "unifiedClassifier": "878e73ba-36d1-11ee-b5b0-005056013b0c",
        "name": "Тест29-05",
        "nameFull": "Тест29-05",
        "drawingDenotation": "0",
        "ownershipSign": 1,
        "seriality": 2,
        "supplier": "00000000-0000-0000-0000-000000000000",
        "baseUnit": "77b6212f-fd66-11df-ad89-001cc40d947c",
        "height": 0,
        "width": 0,
        "length": 0,
        "dimensionsUnit": "00000000-0000-0000-0000-000000000000",
        "weight": 0,
        "weightUnit": "00000000-0000-0000-0000-000000000000"
    }
]
]]></system-out>
  </testcase>
  <testcase name="getNomenclatureSearchBodyIsEmpty" classname="AutoTest.NomenclatureTest" time="1.063"/>
  <testcase name="getNomenclatureSearchBodyIsEmpty" classname="AutoTest.NomenclatureTest" time="1.852"/>
  <testcase name="getNomenclatureSearchBodyIsEmpty" classname="AutoTest.NomenclatureTest" time="1.207"/>
  <testcase name="getNomenclatureSearchBodyIsEmpty" classname="AutoTest.NomenclatureTest" time="3.775">
    <failure message="1 expectation failed.&#10;JSON path size() doesn&apos;t match.&#10;Expected: is &lt;0&gt;&#10;  Actual: &lt;5&gt;&#10;" type="java.lang.AssertionError"><![CDATA[java.lang.AssertionError: 
1 expectation failed.
JSON path size() doesn't match.
Expected: is <0>
  Actual: <5>

	at AutoTest.NomenclatureTest.getNomenclatureSearchBodyIsEmpty(NomenclatureTest.java:194)
]]></failure>
    <system-out><![CDATA[Request URI:	http://i1c.ddns.net:60380/TEST_KIT_MDM/hs/klass/nomenclature/search?step=5&type=5&data=-100
HTTP/1.1 200 OK
Date: Wed, 08 Nov 2023 14:49:21 GMT
Server: Apache/2.4.33 (Win64) OpenSSL/1.0.2o
Content-Length: 3055
Keep-Alive: timeout=5, max=99
Connection: Keep-Alive
Content-Type: application/json

[
    {
        "guid": "dd91c5f2-36d5-11ee-b5b0-005056013b0c",
        "code": "0000000219",
        "unifiedClassifier": "c3417cf7-36d1-11ee-b5b0-005056013b0c",
        "name": "ДИФФЕРЕНЦИАЛ 2601-17-100СБ",
        "nameFull": "ДИФФЕРЕНЦИАЛ 2601-17-100СБ",
        "drawingDenotation": "2601-17-100СБ",
        "ownershipSign": 0,
        "seriality": 1,
        "supplier": "00000000-0000-0000-0000-000000000000",
        "baseUnit": "00000000-0000-0000-0000-000000000000",
        "height": 0,
        "width": 0,
        "length": 0,
        "dimensionsUnit": "00000000-0000-0000-0000-000000000000",
        "weight": 0,
        "weightUnit": "00000000-0000-0000-0000-000000000000"
    },
    {
        "guid": "dd91ce42-36d5-11ee-b5b0-005056013b0c",
        "code": "0000000275",
        "unifiedClassifier": "c3417cfe-36d1-11ee-b5b0-005056013b0c",
        "name": "Жгут ДВС 0901-10-100-02-20СБ",
        "nameFull": "Жгут ДВС 0901-10-100-02-20СБ",
        "drawingDenotation": "0901-10-100-02-20СБ",
        "ownershipSign": 0,
        "seriality": 1,
        "supplier": "00000000-0000-0000-0000-000000000000",
        "baseUnit": "00000000-0000-0000-0000-000000000000",
        "height": 0,
        "width": 0,
        "length": 0,
        "dimensionsUnit": "00000000-0000-0000-0000-000000000000",
        "weight": 0,
        "weightUnit": "00000000-0000-0000-0000-000000000000"
    },
    {
        "guid": "dd91ce68-36d5-11ee-b5b0-005056013b0c",
        "code": "0000000276",
        "unifiedClassifier": "c3417cfe-36d1-11ee-b5b0-005056013b0c",
        "name": "Жгут ДВС 0901-10-100-02СБ",
        "nameFull": "Жгут ДВС 0901-10-100-02СБ",
        "drawingDenotation": "0901-10-100-02СБ",
        "ownershipSign": 0,
        "seriality": 1,
        "supplier": "00000000-0000-0000-0000-000000000000",
        "baseUnit": "00000000-0000-0000-0000-000000000000",
        "height": 0,
        "width": 0,
        "length": 0,
        "dimensionsUnit": "00000000-0000-0000-0000-000000000000",
        "weight": 0,
        "weightUnit": "00000000-0000-0000-0000-000000000000"
    },
    {
        "guid": "e38a195c-36d5-11ee-b5b0-005056013b0c",
        "code": "0000000317",
        "unifiedClassifier": "c3417d00-36d1-11ee-b5b0-005056013b0c",
        "name": "ВАЛ КОЛЕНЧАТЫЙ ДЛЯ ЗАПАСНЫХ ЧАСТЕЙ",
        "nameFull": "ВАЛ КОЛЕНЧАТЫЙ ДЛЯ ЗАПАСНЫХ ЧАСТЕЙ Д130-1005007",
        "drawingDenotation": "Д130-1005007",
        "ownershipSign": 0,
        "seriality": 1,
        "supplier": "00000000-0000-0000-0000-000000000000",
        "baseUnit": "00000000-0000-0000-0000-000000000000",
        "height": 0,
        "width": 0,
        "length": 0,
        "dimensionsUnit": "00000000-0000-0000-0000-000000000000",
        "weight": 0,
        "weightUnit": "00000000-0000-0000-0000-000000000000"
    },
    {
        "guid": "e38a1fbe-36d5-11ee-b5b0-005056013b0c",
        "code": "0000000360",
        "unifiedClassifier": "c3417cfe-36d1-11ee-b5b0-005056013b0c",
        "name": "УКАЗАТЕЛЬ ВМТ.",
        "nameFull": "УКАЗАТЕЛЬ ВМТ Д22-1002231",
        "drawingDenotation": "Д22-1002231",
        "ownershipSign": 0,
        "seriality": 1,
        "supplier": "00000000-0000-0000-0000-000000000000",
        "baseUnit": "00000000-0000-0000-0000-000000000000",
        "height": 0,
        "width": 0,
        "length": 0,
        "dimensionsUnit": "00000000-0000-0000-0000-000000000000",
        "weight": 0,
        "weightUnit": "00000000-0000-0000-0000-000000000000"
    }
]
]]></system-out>
  </testcase>
  <testcase name="getNomenclatureSearchBodyIsEmpty" classname="AutoTest.NomenclatureTest" time="0.839"/>
  <testcase name="getNomenclatureSearchBodyIsEmpty" classname="AutoTest.NomenclatureTest" time="1.016"/>
  <testcase name="getNomenclatureSearchBodyIsEmpty" classname="AutoTest.NomenclatureTest" time="0.995"/>
  <testcase name="getNomenclatureSearchBodyIsEmpty" classname="AutoTest.NomenclatureTest" time="0.987"/>
  <testcase name="getNomenclatureSearchDataProvider" classname="AutoTest.NomenclatureTest" time="1.104"/>
  <testcase name="getNomenclatureSearchDataProvider" classname="AutoTest.NomenclatureTest" time="0.916"/>
  <testcase name="getNomenclatureSearchDataProvider" classname="AutoTest.NomenclatureTest" time="1.901"/>
  <testcase name="getNomenclatureSearchDataProvider" classname="AutoTest.NomenclatureTest" time="1.216"/>
  <testcase name="getNomenclatureSearchDataProvider" classname="AutoTest.NomenclatureTest" time="2.702"/>
  <testcase name="getNomenclatureSearchNegative" classname="AutoTest.NomenclatureTest" time="1.126"/>
  <testcase name="getNomenclatureSearchNegative" classname="AutoTest.NomenclatureTest" time="0.995"/>
  <testcase name="getNomenclatureSearchNegative" classname="AutoTest.NomenclatureTest" time="1.023"/>
  <testcase name="getNomenclatureSearchNegative" classname="AutoTest.NomenclatureTest" time="1.165"/>
  <testcase name="getNomenclatureSearchNegative" classname="AutoTest.NomenclatureTest" time="0.844"/>
  <testcase name="getNomenclatureSearchNegative" classname="AutoTest.NomenclatureTest" time="0.966"/>
  <testcase name="getNomenclatureSearchNegative" classname="AutoTest.NomenclatureTest" time="1.051"/>
  <testcase name="getNomenclatureSearchNegative" classname="AutoTest.NomenclatureTest" time="0.976"/>
  <testcase name="getNomenclatureSearchNegative" classname="AutoTest.NomenclatureTest" time="1.079"/>
  <testcase name="getNomenclatureSearchNegative" classname="AutoTest.NomenclatureTest" time="1.058"/>
  <testcase name="getNomenclatureSearchNegative" classname="AutoTest.NomenclatureTest" time="0.865"/>
  <testcase name="getNomenclatureSearchNegative" classname="AutoTest.NomenclatureTest" time="0.981"/>
  <testcase name="getNomenclatureSearchNegative" classname="AutoTest.NomenclatureTest" time="1.081"/>
  <testcase name="getNomenclatureSearchNegative" classname="AutoTest.NomenclatureTest" time="1.087"/>
  <testcase name="getNomenclatureSearchNegative" classname="AutoTest.NomenclatureTest" time="0.912"/>
  <testcase name="getNomenclatureSearchNegative" classname="AutoTest.NomenclatureTest" time="1.028"/>
  <testcase name="getNomenclatureSearchNegative" classname="AutoTest.NomenclatureTest" time="0.986"/>
  <testcase name="getNomenclatureSearchNegative" classname="AutoTest.NomenclatureTest" time="0.924"/>
  <testcase name="getNomenclatureSearchNegative" classname="AutoTest.NomenclatureTest" time="0.976"/>
  <testcase name="getNomenclatureSearchNegative" classname="AutoTest.NomenclatureTest" time="1.075"/>
  <testcase name="getNomenclatureSearchNegative" classname="AutoTest.NomenclatureTest" time="0.964"/>
  <testcase name="getNomenclatureSearchType1" classname="AutoTest.NomenclatureTest" time="2.992"/>
  <testcase name="postNomenclatureChangeRequestMapIsEmptyObject" classname="Test.TestPostRequest" time="0.984"/>
  <testcase name="postNomenclatureChangeRequestMapMaxPlusType3" classname="Test.TestPostRequest" time="1.177"/>
  <testcase name="postNomenclatureChangeRequestMapMaxType3" classname="Test.TestPostRequest" time="4.589"/>
  <testcase name="postNomenclatureChangeRequestMapMinType3" classname="Test.TestPostRequest" time="0.205">
    <failure message="1 expectation failed.&#10;Expected status code &lt;200&gt; but was &lt;400&gt;.&#10;" type="java.lang.AssertionError"><![CDATA[java.lang.AssertionError: 
1 expectation failed.
Expected status code <200> but was <400>.

	at Test.TestPostRequest.postNomenclatureChangeRequestMapMinType3(TestPostRequest.java:445)
]]></failure>
  </testcase>
  <testcase name="postNomenclatureChangeRequestMapType1" classname="Test.TestPostRequest" time="1.002">
    <failure message="1 expectation failed.&#10;Expected status code &lt;200&gt; but was &lt;400&gt;.&#10;" type="java.lang.AssertionError"><![CDATA[java.lang.AssertionError: 
1 expectation failed.
Expected status code <200> but was <400>.

	at Test.TestPostRequest.postNomenclatureChangeRequestMapType1(TestPostRequest.java:175)
]]></failure>
  </testcase>
  <testcase name="postNomenclatureChangeRequestMapType1NotExist" classname="Test.TestPostRequest" time="1.073"/>
  <testcase name="postNomenclatureChangeRequestMapType1_AbsentFields" classname="Test.TestPostRequest" time="0.987"/>
  <testcase name="postNomenclatureChangeRequestMapType1_ExtraRequiredFields" classname="Test.TestPostRequest" time="0.957">
    <failure message="1 expectation failed.&#10;Expected status code &lt;200&gt; but was &lt;400&gt;.&#10;" type="java.lang.AssertionError"><![CDATA[java.lang.AssertionError: 
1 expectation failed.
Expected status code <200> but was <400>.

	at Test.TestPostRequest.postNomenclatureChangeRequestMapType1_ExtraRequiredFields(TestPostRequest.java:903)
]]></failure>
  </testcase>
  <testcase name="postNomenclatureChangeRequestMapType1_RequiredFields" classname="Test.TestPostRequest" time="1.015">
    <failure message="1 expectation failed.&#10;Expected status code &lt;200&gt; but was &lt;400&gt;.&#10;" type="java.lang.AssertionError"><![CDATA[java.lang.AssertionError: 
1 expectation failed.
Expected status code <200> but was <400>.

	at Test.TestPostRequest.postNomenclatureChangeRequestMapType1_RequiredFields(TestPostRequest.java:286)
]]></failure>
  </testcase>
  <testcase name="postNomenclatureChangeRequestMapType1_RequiredFieldsIsEmpty" classname="Test.TestPostRequest" time="1"/>
  <testcase name="postNomenclatureChangeRequestMapType3" classname="Test.TestPostRequest" time="0.979">
    <failure message="1 expectation failed.&#10;Expected status code &lt;200&gt; but was &lt;400&gt;.&#10;" type="java.lang.AssertionError"><![CDATA[java.lang.AssertionError: 
1 expectation failed.
Expected status code <200> but was <400>.

	at Test.TestPostRequest.postNomenclatureChangeRequestMapType3(TestPostRequest.java:209)
]]></failure>
  </testcase>
  <testcase name="postNomenclatureChangeRequestMapType3AbsentFields" classname="Test.TestPostRequest" time="1.103"/>
  <testcase name="postNomenclatureChangeRequestMapType3ExtraRequiredFields" classname="Test.TestPostRequest" time="0.937">
    <failure message="1 expectation failed.&#10;JSON path guid doesn&apos;t match.&#10;Expected: a CharSequence with length &lt;36&gt;&#10;  Actual: null&#10;" type="java.lang.AssertionError"><![CDATA[java.lang.AssertionError: 
1 expectation failed.
JSON path guid doesn't match.
Expected: a CharSequence with length <36>
  Actual: null

	at Test.TestPostRequest.postNomenclatureChangeRequestMapType3ExtraRequiredFields(TestPostRequest.java:940)
]]></failure>
    <system-out><![CDATA[HTTP/1.1 400 Bad request
Date: Wed, 08 Nov 2023 14:50:13 GMT
Server: Apache/2.4.33 (Win64) OpenSSL/1.0.2o
Content-Length: 197
Connection: close
Content-Type: application/json

{
    "message": "Ошибка выполнения запроса: Заявка с таким guid уже создана. : Заявка на изменение 000000599 от 08.11.2023 17:50:00"
}
]]></system-out>
  </testcase>
  <testcase name="postNomenclatureChangeRequestMapType3NotExist" classname="Test.TestPostRequest" time="1.075"/>
  <testcase name="postNomenclatureChangeRequestMapType3RequiredFields" classname="Test.TestPostRequest" time="0.885">
    <failure message="1 expectation failed.&#10;Expected status code &lt;200&gt; but was &lt;400&gt;.&#10;" type="java.lang.AssertionError"><![CDATA[java.lang.AssertionError: 
1 expectation failed.
Expected status code <200> but was <400>.

	at Test.TestPostRequest.postNomenclatureChangeRequestMapType3RequiredFields(TestPostRequest.java:319)
]]></failure>
  </testcase>
  <testcase name="postNomenclatureChangeRequestMapType3RequiredFieldsIsEmpty" classname="Test.TestPostRequest" time="1.006"/>
  <testcase name="postNomenclatureChangeRequestMax" classname="Test.TestPostRequest" time="1.18">
    <failure message="1 expectation failed.&#10;Expected status code &lt;200&gt; but was &lt;400&gt;.&#10;" type="java.lang.AssertionError"><![CDATA[java.lang.AssertionError: 
1 expectation failed.
Expected status code <200> but was <400>.

	at Test.TestPostRequest.postNomenclatureChangeRequestMax(TestPostRequest.java:540)
]]></failure>
  </testcase>
  <testcase name="postNomenclatureChangeRequestMaxPlus1Type1" classname="Test.TestPostRequest" time="0.837"/>
  <testcase name="postNomenclatureChangeRequestMinMapType1" classname="Test.TestPostRequest" time="0.977">
    <failure message="1 expectation failed.&#10;Expected status code &lt;200&gt; but was &lt;400&gt;.&#10;" type="java.lang.AssertionError"><![CDATA[java.lang.AssertionError: 
1 expectation failed.
Expected status code <200> but was <400>.

	at Test.TestPostRequest.postNomenclatureChangeRequestMinMapType1(TestPostRequest.java:411)
]]></failure>
  </testcase>
</testsuite>