<?xml version="1.0" encoding="UTF-8"?>
<testsuite xmlns:xsi="http://www.w3.org/2001/XMLSchema-instance" xsi:schemaLocation="https://maven.apache.org/surefire/maven-surefire-plugin/xsd/surefire-test-report.xsd" name="TestSuite" time="1,175.683" tests="1033" errors="0" skipped="0" failures="6">
  <properties>
[...]
</properties>
  <testcase name="getChangeRequestGuid" classname="AutoTest.ApplicationTest" time="3.304"/>
  <testcase name="getChangeRequestGuidNegative" classname="AutoTest.ApplicationTest" time="1.114"/>
  <testcase name="getChangeRequestGuidNegative" classname="AutoTest.ApplicationTest" time="1.159"/>
  <testcase name="getChangeRequestGuidNegative" classname="AutoTest.ApplicationTest" time="0.84"/>
  <testcase name="getChangeRequestGuidNegative" classname="AutoTest.ApplicationTest" time="0.985"/>
  <testcase name="getChangeRequestGuidNegative" classname="AutoTest.ApplicationTest" time="1.004"/>
  <testcase name="getChangeRequestGuidNegative" classname="AutoTest.ApplicationTest" time="1.152"/>
  <testcase name="getChangeRequestGuidNegative" classname="AutoTest.ApplicationTest" time="0.861"/>
  <testcase name="getChangeRequestGuidNegative" classname="AutoTest.ApplicationTest" time="1.038"/>
  <testcase name="getChangeRequestGuidNegative" classname="AutoTest.ApplicationTest" time="0.974"/>
  <testcase name="getChangeRequestGuidNegative" classname="AutoTest.ApplicationTest" time="1.12"/>
  <testcase name="getChangeRequestGuidNegative" classname="AutoTest.ApplicationTest" time="0.896"/>
  <testcase name="getListOfChangesDate" classname="AutoTest.AuxiliaryTest" time="1.035">
    <failure message="1 expectation failed.&#10;Expected status code &lt;200&gt; but was &lt;400&gt;.&#10;" type="java.lang.AssertionError"><![CDATA[java.lang.AssertionError: 
1 expectation failed.
Expected status code <200> but was <400>.

	at AutoTest.AuxiliaryTest.getListOfChangesDate(AuxiliaryTest.java:138)
]]></failure>
    <system-out><![CDATA[Request URI:	http://dev1c:8080/MDM_Gribov_2541/hs/klass/list-of-changes/nomenclatur?step=5&date=
]]></system-out>
  </testcase>
  <testcase name="getListOfChangesDate" classname="AutoTest.AuxiliaryTest" time="0.963">
    <failure message="1 expectation failed.&#10;Expected status code &lt;200&gt; but was &lt;400&gt;.&#10;" type="java.lang.AssertionError"><![CDATA[java.lang.AssertionError: 
1 expectation failed.
Expected status code <200> but was <400>.

	at AutoTest.AuxiliaryTest.getListOfChangesDate(AuxiliaryTest.java:138)
]]></failure>
    <system-out><![CDATA[Request URI:	http://dev1c:8080/MDM_Gribov_2541/hs/klass/list-of-changes/basic-services?step=1&date=2017-07-21T17%3A32%3A28Z
]]></system-out>
  </testcase>
  <testcase name="getListOfChangesDate" classname="AutoTest.AuxiliaryTest" time="1.675"/>
  <testcase name="getListOfChangesDate" classname="AutoTest.AuxiliaryTest" time="1.303"/>
  <testcase name="getListOfChangesDate" classname="AutoTest.AuxiliaryTest" time="1"/>
  <testcase name="getListOfChangesDate" classname="AutoTest.AuxiliaryTest" time="1.263"/>
  <testcase name="getListOfChangesDate" classname="AutoTest.AuxiliaryTest" time="0.763"/>
  <testcase name="getListOfChangesDate" classname="AutoTest.AuxiliaryTest" time="0.977"/>
  <testcase name="getListOfChangesDate" classname="AutoTest.AuxiliaryTest" time="1.049"/>
  <testcase name="getListOfChangesDate" classname="AutoTest.AuxiliaryTest" time="1.266">
    <failure message="1 expectation failed.&#10;Expected status code &lt;200&gt; but was &lt;400&gt;.&#10;" type="java.lang.AssertionError"><![CDATA[java.lang.AssertionError: 
1 expectation failed.
Expected status code <200> but was <400>.

	at AutoTest.AuxiliaryTest.getListOfChangesDate(AuxiliaryTest.java:138)
]]></failure>
    <system-out><![CDATA[Request URI:	http://dev1c:8080/MDM_Gribov_2541/hs/klass/list-of-changes/basic-services?step=1&date=2020-07-21
]]></system-out>
  </testcase>
  <testcase name="getListOfChangesDate" classname="AutoTest.AuxiliaryTest" time="0.754"/>
  <testcase name="getListOfChangesDate" classname="AutoTest.AuxiliaryTest" time="0.971"/>
  <testcase name="getListOfChangesDate" classname="AutoTest.AuxiliaryTest" time="0.994"/>
  <testcase name="getListOfChangesDate" classname="AutoTest.AuxiliaryTest" time="1.098"/>
  <testcase name="getListOfChangesDate" classname="AutoTest.AuxiliaryTest" time="1.038"/>
  <testcase name="getListOfChangesDate" classname="AutoTest.AuxiliaryTest" time="0.862"/>
  <testcase name="getListOfChangesDateIsEmpty" classname="AutoTest.AuxiliaryTest" time="0.993"/>
  <testcase name="getListOfChangesDateIsEmpty" classname="AutoTest.AuxiliaryTest" time="1.106">
    <failure message="1 expectation failed.&#10;Expected status code &lt;200&gt; but was &lt;400&gt;.&#10;" type="java.lang.AssertionError"><![CDATA[java.lang.AssertionError: 
1 expectation failed.
Expected status code <200> but was <400>.

	at AutoTest.AuxiliaryTest.getListOfChangesDateIsEmpty(AuxiliaryTest.java:158)
]]></failure>
    <system-out><![CDATA[Request URI:	http://dev1c:8080/MDM_Gribov_2541/hs/klass/list-of-changes/basic-services?step=1
]]></system-out>
  </testcase>
  <testcase name="getListOfChangesDateIsEmpty" classname="AutoTest.AuxiliaryTest" time="0.91"/>
  <testcase name="getListOfChangesDateIsEmpty" classname="AutoTest.AuxiliaryTest" time="0.979"/>
  <testcase name="getListOfChangesDateIsEmpty" classname="AutoTest.AuxiliaryTest" time="0.98"/>
  <testcase name="getListOfChangesDateIsEmpty" classname="AutoTest.AuxiliaryTest" time="1.14"/>
  <testcase name="getListOfChangesDateIsEmpty" classname="AutoTest.AuxiliaryTest" time="0.884"/>
  <testcase name="getListOfChangesDateIsEmpty" classname="AutoTest.AuxiliaryTest" time="1.043"/>
  <testcase name="getListOfChangesDateIsEmpty" classname="AutoTest.AuxiliaryTest" time="0.956"/>
  <testcase name="getListOfChangesDateIsEmpty" classname="AutoTest.AuxiliaryTest" time="1.102">
    <failure message="1 expectation failed.&#10;Expected status code &lt;200&gt; but was &lt;400&gt;.&#10;" type="java.lang.AssertionError"><![CDATA[java.lang.AssertionError: 
1 expectation failed.
Expected status code <200> but was <400>.

	at AutoTest.AuxiliaryTest.getListOfChangesDateIsEmpty(AuxiliaryTest.java:158)
]]></failure>
    <system-out><![CDATA[Request URI:	http://dev1c:8080/MDM_Gribov_2541/hs/klass/list-of-changes/basic-services?step=1
]]></system-out>
  </testcase>
  <testcase name="getListOfChangesDateIsEmpty" classname="AutoTest.AuxiliaryTest" time="0.916"/>
  <testcase name="getListOfChangesDateIsEmpty" classname="AutoTest.AuxiliaryTest" time="0.982"/>
  <testcase name="getListOfChangesDateIsEmpty" classname="AutoTest.AuxiliaryTest" time="1.035"/>
  <testcase name="getListOfChangesDateIsEmpty" classname="AutoTest.AuxiliaryTest" time="1.071"/>
  <testcase name="getListOfChangesDateIsEmpty" classname="AutoTest.AuxiliaryTest" time="0.944"/>
  <testcase name="getListOfChangesDateIsEmpty" classname="AutoTest.AuxiliaryTest" time="0.968"/>
  <testcase name="getListOfChangesNegative" classname="AutoTest.AuxiliaryTest" time="1.281"/>
  <testcase name="getListOfChangesNegative" classname="AutoTest.AuxiliaryTest" time="0.866"/>
  <testcase name="getListOfChangesNegative" classname="AutoTest.AuxiliaryTest" time="0.863"/>
  <testcase name="getListOfChangesNegative" classname="AutoTest.AuxiliaryTest" time="1.004"/>
  <testcase name="getListOfChangesNegative" classname="AutoTest.AuxiliaryTest" time="0.988"/>
  <testcase name="getListOfChangesNegative" classname="AutoTest.AuxiliaryTest" time="1.171"/>
  <testcase name="getListOfChangesNegative" classname="AutoTest.AuxiliaryTest" time="0.83"/>
  <testcase name="getListOfChangesNegative" classname="AutoTest.AuxiliaryTest" time="0.993"/>
  <testcase name="getListOfChangesNegative" classname="AutoTest.AuxiliaryTest" time="0.988"/>
  <testcase name="getListOfChangesNegative" classname="AutoTest.AuxiliaryTest" time="1.165"/>
  <testcase name="getListOfChangesNegativeDate" classname="AutoTest.AuxiliaryTest" time="0.84"/>
  <testcase name="getListOfChangesNegativeDate" classname="AutoTest.AuxiliaryTest" time="0.995"/>
  <testcase name="getListOfChangesNegativeDate" classname="AutoTest.AuxiliaryTest" time="1.013"/>
  <testcase name="getListOfChangesNegativeDate" classname="AutoTest.AuxiliaryTest" time="1.17"/>
  <testcase name="getListOfChangesNegativeDate" classname="AutoTest.AuxiliaryTest" time="0.933"/>
  <testcase name="getListOfChangesNegativeDate" classname="AutoTest.AuxiliaryTest" time="0.899"/>
  <testcase name="getListOfChangesNegativeDate" classname="AutoTest.AuxiliaryTest" time="1.008"/>
  <testcase name="getListOfChangesNegativeDate" classname="AutoTest.AuxiliaryTest" time="1.195"/>
  <testcase name="getListOfChangesNegativeDate" classname="AutoTest.AuxiliaryTest" time="0.812"/>
  <testcase name="getListOfChangesNegativeType" classname="AutoTest.AuxiliaryTest" time="0.994"/>
  <testcase name="getListOfChangesNegativeType" classname="AutoTest.AuxiliaryTest" time="1.037"/>
  <testcase name="getListOfChangesNegativeType" classname="AutoTest.AuxiliaryTest" time="1.097"/>
  <testcase name="getListOfChangesNegativeType" classname="AutoTest.AuxiliaryTest" time="0.912"/>
  <testcase name="getListOfChangesNegativeType" classname="AutoTest.AuxiliaryTest" time="0.972"/>
  <testcase name="getListOfChangesNegativeType" classname="AutoTest.AuxiliaryTest" time="0.975"/>
  <testcase name="getListOfChangesNegativeType" classname="AutoTest.AuxiliaryTest" time="1.145"/>
  <testcase name="getListOfChangesNegativeType" classname="AutoTest.AuxiliaryTest" time="0.929"/>
  <testcase name="getPing" classname="AutoTest.AuxiliaryTest" time="0.959"/>
  <testcase name="getEopGuid" classname="AutoTest.ClassifierTest" time="1.01"/>
  <testcase name="getEopGuidNegativeData" classname="AutoTest.ClassifierTest" time="1.123"/>
  <testcase name="getEopGuidNegativeData" classname="AutoTest.ClassifierTest" time="0.873"/>
  <testcase name="getEopGuidNegativeData" classname="AutoTest.ClassifierTest" time="1.004"/>
  <testcase name="getEopGuidNegativeData" classname="AutoTest.ClassifierTest" time="0.969"/>
  <testcase name="getEopGuidNegativeData" classname="AutoTest.ClassifierTest" time="1.131"/>
  <testcase name="getEopGuidNegativeData" classname="AutoTest.ClassifierTest" time="0.887"/>
  <testcase name="getEopGuidNegativeData" classname="AutoTest.ClassifierTest" time="1.019"/>
  <testcase name="getEopGuidNegativeData" classname="AutoTest.ClassifierTest" time="0.989"/>
  <testcase name="getEopGuidNegativeData" classname="AutoTest.ClassifierTest" time="1.141"/>
  <testcase name="getEopGuidNegativeData" classname="AutoTest.ClassifierTest" time="0.859"/>
  <testcase name="getEopGuidNegativeData" classname="AutoTest.ClassifierTest" time="1.01"/>
  <testcase name="getEopList" classname="AutoTest.ClassifierTest" time="1.054"/>
  <testcase name="getEopList" classname="AutoTest.ClassifierTest" time="1.162"/>
  <testcase name="getEopList" classname="AutoTest.ClassifierTest" time="0.854"/>
  <testcase name="getEopList" classname="AutoTest.ClassifierTest" time="1.112"/>
  <testcase name="getEopList" classname="AutoTest.ClassifierTest" time="1.192"/>
  <testcase name="getEopList" classname="AutoTest.ClassifierTest" time="0.948"/>
  <testcase name="getEopListNegativeStep" classname="AutoTest.ClassifierTest" time="0.67"/>
  <testcase name="getEopListNegativeStep" classname="AutoTest.ClassifierTest" time="1.005"/>
  <testcase name="getEopListNegativeStep" classname="AutoTest.ClassifierTest" time="1.01"/>
  <testcase name="getEopListNegativeStep" classname="AutoTest.ClassifierTest" time="1.141"/>
  <testcase name="getEopListNegativeStep" classname="AutoTest.ClassifierTest" time="0.883"/>
  <testcase name="getEopListNegativeStep" classname="AutoTest.ClassifierTest" time="0.997"/>
  <testcase name="getEopListNegativeStep" classname="AutoTest.ClassifierTest" time="0.997"/>
  <testcase name="getEopListNegativeStep" classname="AutoTest.ClassifierTest" time="2.214"/>
  <testcase name="getEopListNegativeStep" classname="AutoTest.ClassifierTest" time="3.806"/>
  <testcase name="getEopListNegativeStep" classname="AutoTest.ClassifierTest" time="0.99"/>
  <testcase name="getEopListNegativeStep" classname="AutoTest.ClassifierTest" time="0.98"/>
  <testcase name="getEopListNegativeStep" classname="AutoTest.ClassifierTest" time="1.112"/>
  <testcase name="getEopListNegativeStep" classname="AutoTest.ClassifierTest" time="0.949"/>
  <testcase name="getEopListNegativeStep" classname="AutoTest.ClassifierTest" time="0.982"/>
  <testcase name="getEopListNegativeStep" classname="AutoTest.ClassifierTest" time="0.973"/>
  <testcase name="getEopListStepIsEmpty" classname="AutoTest.ClassifierTest" time="1.259"/>
  <testcase name="getUnifiedClassifierGuid" classname="AutoTest.ClassifierTest" time="0.795"/>
  <testcase name="getUnifiedClassifierGuidNegativeData" classname="AutoTest.ClassifierTest" time="0.984"/>
  <testcase name="getUnifiedClassifierGuidNegativeData" classname="AutoTest.ClassifierTest" time="1.147"/>
  <testcase name="getUnifiedClassifierGuidNegativeData" classname="AutoTest.ClassifierTest" time="0.902"/>
  <testcase name="getUnifiedClassifierGuidNegativeData" classname="AutoTest.ClassifierTest" time="0.948"/>
  <testcase name="getUnifiedClassifierGuidNegativeData" classname="AutoTest.ClassifierTest" time="0.996"/>
  <testcase name="getUnifiedClassifierGuidNegativeData" classname="AutoTest.ClassifierTest" time="1.157"/>
  <testcase name="getUnifiedClassifierGuidNegativeData" classname="AutoTest.ClassifierTest" time="0.876"/>
  <testcase name="getUnifiedClassifierGuidNegativeData" classname="AutoTest.ClassifierTest" time="0.972"/>
  <testcase name="getUnifiedClassifierGuidNegativeData" classname="AutoTest.ClassifierTest" time="0.986"/>
  <testcase name="getUnifiedClassifierGuidNegativeData" classname="AutoTest.ClassifierTest" time="1.264"/>
  <testcase name="getUnifiedClassifierGuidNegativeData" classname="AutoTest.ClassifierTest" time="0.799"/>
  <testcase name="getUnifiedClassifierList" classname="AutoTest.ClassifierTest" time="1.491"/>
  <testcase name="getUnifiedClassifierListNegativeData" classname="AutoTest.ClassifierTest" time="0.448"/>
  <testcase name="getUnifiedClassifierListNegativeData" classname="AutoTest.ClassifierTest" time="1.155"/>
  <testcase name="getUnifiedClassifierListNegativeData" classname="AutoTest.ClassifierTest" time="0.874"/>
  <testcase name="getUnifiedClassifierListNegativeData" classname="AutoTest.ClassifierTest" time="0.982"/>
  <testcase name="getUnifiedClassifierListNegativeData" classname="AutoTest.ClassifierTest" time="0.995"/>
  <testcase name="getUnifiedClassifierListNegativeData" classname="AutoTest.ClassifierTest" time="1.154"/>
  <testcase name="getUnifiedClassifierListNegativeData" classname="AutoTest.ClassifierTest" time="0.865"/>
  <testcase name="getUnifiedClassifierListNegativeData" classname="AutoTest.ClassifierTest" time="0.982"/>
  <testcase name="getUnifiedClassifierListNegativeData" classname="AutoTest.ClassifierTest" time="1.006"/>
  <testcase name="getUnifiedClassifierListNegativeData" classname="AutoTest.ClassifierTest" time="1.166"/>
  <testcase name="getUnifiedClassifierListNegativeData" classname="AutoTest.ClassifierTest" time="0.869"/>
  <testcase name="getUnifiedClassifierListNegativeData" classname="AutoTest.ClassifierTest" time="0.958"/>
  <testcase name="getUnifiedClassifierListNegativeData" classname="AutoTest.ClassifierTest" time="1.041"/>
  <testcase name="getUnifiedClassifierListNegativeData" classname="AutoTest.ClassifierTest" time="1.179"/>
  <testcase name="getUnifiedClassifierListNegativeData" classname="AutoTest.ClassifierTest" time="0.875"/>
  <testcase name="getUnifiedClassifierListPositiveStep" classname="AutoTest.ClassifierTest" time="0.955"/>
  <testcase name="getUnifiedClassifierListPositiveStep" classname="AutoTest.ClassifierTest" time="0.991"/>
  <testcase name="getUnifiedClassifierListPositiveStep" classname="AutoTest.ClassifierTest" time="1.121"/>
  <testcase name="getUnifiedClassifierListPositiveStep" classname="AutoTest.ClassifierTest" time="1.111"/>
  <testcase name="getUnifiedClassifierListPositiveStep" classname="AutoTest.ClassifierTest" time="1.136"/>
  <testcase name="getUnifiedClassifierListPositiveStep" classname="AutoTest.ClassifierTest" time="1.179"/>
  <testcase name="getUnifiedClassifierListStepIsEmpty" classname="AutoTest.ClassifierTest" time="0.84"/>
  <testcase name="getUnitsGuid" classname="AutoTest.ClassifierTest" time="0.615"/>
  <testcase name="getUnitsGuidNegativeData" classname="AutoTest.ClassifierTest" time="0.982"/>
  <testcase name="getUnitsGuidNegativeData" classname="AutoTest.ClassifierTest" time="1.027"/>
  <testcase name="getUnitsGuidNegativeData" classname="AutoTest.ClassifierTest" time="1.096"/>
  <testcase name="getUnitsGuidNegativeData" classname="AutoTest.ClassifierTest" time="0.954"/>
  <testcase name="getUnitsGuidNegativeData" classname="AutoTest.ClassifierTest" time="0.931"/>
  <testcase name="getUnitsGuidNegativeData" classname="AutoTest.ClassifierTest" time="0.99"/>
  <testcase name="getUnitsGuidNegativeData" classname="AutoTest.ClassifierTest" time="1.121"/>
  <testcase name="getUnitsGuidNegativeData" classname="AutoTest.ClassifierTest" time="0.873"/>
  <testcase name="getUnitsGuidNegativeData" classname="AutoTest.ClassifierTest" time="1.025"/>
  <testcase name="getUnitsGuidNegativeData" classname="AutoTest.ClassifierTest" time="0.992"/>
  <testcase name="getUnitsGuidNegativeData" classname="AutoTest.ClassifierTest" time="1.112"/>
  <testcase name="getUnitsList" classname="AutoTest.ClassifierTest" time="0.897"/>
  <testcase name="getUnitsList" classname="AutoTest.ClassifierTest" time="1.04"/>
  <testcase name="getUnitsList" classname="AutoTest.ClassifierTest" time="0.985"/>
  <testcase name="getUnitsListNegativeStep" classname="AutoTest.ClassifierTest" time="1.078"/>
  <testcase name="getUnitsListNegativeStep" classname="AutoTest.ClassifierTest" time="0.887"/>
  <testcase name="getUnitsListNegativeStep" classname="AutoTest.ClassifierTest" time="1.112"/>
  <testcase name="getUnitsListNegativeStep" classname="AutoTest.ClassifierTest" time="0.911"/>
  <testcase name="getUnitsListNegativeStep" classname="AutoTest.ClassifierTest" time="1.124"/>
  <testcase name="getUnitsListNegativeStep" classname="AutoTest.ClassifierTest" time="0.886"/>
  <testcase name="getUnitsListNegativeStep" classname="AutoTest.ClassifierTest" time="1.015"/>
  <testcase name="getUnitsListNegativeStep" classname="AutoTest.ClassifierTest" time="0.941"/>
  <testcase name="getUnitsListNegativeStep" classname="AutoTest.ClassifierTest" time="1.2"/>
  <testcase name="getUnitsListNegativeStep" classname="AutoTest.ClassifierTest" time="0.819"/>
  <testcase name="getUnitsListNegativeStep" classname="AutoTest.ClassifierTest" time="1.073"/>
  <testcase name="getUnitsListNegativeStep" classname="AutoTest.ClassifierTest" time="0.908"/>
  <testcase name="getUnitsListNegativeStep" classname="AutoTest.ClassifierTest" time="1.231"/>
  <testcase name="getUnitsListNegativeStep" classname="AutoTest.ClassifierTest" time="0.818"/>
  <testcase name="getUnitsListNegativeStep" classname="AutoTest.ClassifierTest" time="0.997"/>
  <testcase name="getUnitsListStepEqual100" classname="AutoTest.ClassifierTest" time="1.303"/>
  <testcase name="getUnitsListStepEqual199" classname="AutoTest.ClassifierTest" time="1.014"/>
  <testcase name="getUnitsListStepIsEmpty" classname="AutoTest.ClassifierTest" time="0.888"/>
  <testcase name="getBankGuid" classname="AutoTest.ClassifireIsAllRussianTest" time="0.876"/>
  <testcase name="getBankGuidNotExist" classname="AutoTest.ClassifireIsAllRussianTest" time="0.906"/>
  <testcase name="getBankGuidNotExist" classname="AutoTest.ClassifireIsAllRussianTest" time="1.177"/>
  <testcase name="getBankGuidNotExist" classname="AutoTest.ClassifireIsAllRussianTest" time="0.831"/>
  <testcase name="getBankGuidNotExist" classname="AutoTest.ClassifireIsAllRussianTest" time="1.01"/>
  <testcase name="getBankGuidNotExist" classname="AutoTest.ClassifireIsAllRussianTest" time="1.006"/>
  <testcase name="getBankGuidNotExist" classname="AutoTest.ClassifireIsAllRussianTest" time="1.216"/>
  <testcase name="getBankGuidNotExist" classname="AutoTest.ClassifireIsAllRussianTest" time="0.767"/>
  <testcase name="getBankGuidNotExist" classname="AutoTest.ClassifireIsAllRussianTest" time="0.998"/>
  <testcase name="getBankGuidNotExist" classname="AutoTest.ClassifireIsAllRussianTest" time="1.012"/>
  <testcase name="getBankGuidNotExist" classname="AutoTest.ClassifireIsAllRussianTest" time="1.197"/>
  <testcase name="getBankGuidNotExist" classname="AutoTest.ClassifireIsAllRussianTest" time="0.808"/>
  <testcase name="getBankList" classname="AutoTest.ClassifireIsAllRussianTest" time="1.049"/>
  <testcase name="getBankList" classname="AutoTest.ClassifireIsAllRussianTest" time="0.993"/>
  <testcase name="getBankList" classname="AutoTest.ClassifireIsAllRussianTest" time="1.159"/>
  <testcase name="getBankList" classname="AutoTest.ClassifireIsAllRussianTest" time="1.015"/>
  <testcase name="getBankList" classname="AutoTest.ClassifireIsAllRussianTest" time="1.414"/>
  <testcase name="getBankList" classname="AutoTest.ClassifireIsAllRussianTest" time="0.969"/>
  <testcase name="getBankListStepIsEmpty" classname="AutoTest.ClassifireIsAllRussianTest" time="0.99"/>
  <testcase name="getBankListStepMaxPlus" classname="AutoTest.ClassifireIsAllRussianTest" time="0.419"/>
  <testcase name="getBankListStepMaxPlus" classname="AutoTest.ClassifireIsAllRussianTest" time="1.035"/>
  <testcase name="getBankListStepMaxPlus" classname="AutoTest.ClassifireIsAllRussianTest" time="0.992"/>
  <testcase name="getBankListStepMaxPlus" classname="AutoTest.ClassifireIsAllRussianTest" time="1.133"/>
  <testcase name="getBankListStepMaxPlus" classname="AutoTest.ClassifireIsAllRussianTest" time="0.86"/>
  <testcase name="getBankListStepMaxPlus" classname="AutoTest.ClassifireIsAllRussianTest" time="0.977"/>
  <testcase name="getBankListStepMaxPlus" classname="AutoTest.ClassifireIsAllRussianTest" time="1.019"/>
  <testcase name="getBankListStepMaxPlus" classname="AutoTest.ClassifireIsAllRussianTest" time="1.128"/>
  <testcase name="getBankListStepMaxPlus" classname="AutoTest.ClassifireIsAllRussianTest" time="0.891"/>
  <testcase name="getBankListStepMaxPlus" classname="AutoTest.ClassifireIsAllRussianTest" time="0.985"/>
  <testcase name="getBankListStepMaxPlus" classname="AutoTest.ClassifireIsAllRussianTest" time="0.999"/>
  <testcase name="getBankListStepMaxPlus" classname="AutoTest.ClassifireIsAllRussianTest" time="1.152"/>
  <testcase name="getBankListStepMaxPlus" classname="AutoTest.ClassifireIsAllRussianTest" time="0.846"/>
  <testcase name="getBankListStepMaxPlus" classname="AutoTest.ClassifireIsAllRussianTest" time="1.002"/>
  <testcase name="getBankListStepMaxPlus" classname="AutoTest.ClassifireIsAllRussianTest" time="0.998"/>
  <testcase name="getCountryGuid" classname="AutoTest.ClassifireIsAllRussianTest" time="1.297"/>
  <testcase name="getCountryGuidNotExist" classname="AutoTest.ClassifireIsAllRussianTest" time="0.697"/>
  <testcase name="getCountryGuidNotExist" classname="AutoTest.ClassifireIsAllRussianTest" time="1.047"/>
  <testcase name="getCountryGuidNotExist" classname="AutoTest.ClassifireIsAllRussianTest" time="0.955"/>
  <testcase name="getCountryGuidNotExist" classname="AutoTest.ClassifireIsAllRussianTest" time="1.131"/>
  <testcase name="getCountryGuidNotExist" classname="AutoTest.ClassifireIsAllRussianTest" time="0.911"/>
  <testcase name="getCountryGuidNotExist" classname="AutoTest.ClassifireIsAllRussianTest" time="0.952"/>
  <testcase name="getCountryGuidNotExist" classname="AutoTest.ClassifireIsAllRussianTest" time="1.008"/>
  <testcase name="getCountryGuidNotExist" classname="AutoTest.ClassifireIsAllRussianTest" time="1.14"/>
  <testcase name="getCountryGuidNotExist" classname="AutoTest.ClassifireIsAllRussianTest" time="0.86"/>
  <testcase name="getCountryGuidNotExist" classname="AutoTest.ClassifireIsAllRussianTest" time="1.022"/>
  <testcase name="getCountryGuidNotExist" classname="AutoTest.ClassifireIsAllRussianTest" time="1.038"/>
  <testcase name="getCountryList" classname="AutoTest.ClassifireIsAllRussianTest" time="1.137"/>
  <testcase name="getCountryList" classname="AutoTest.ClassifireIsAllRussianTest" time="0.871"/>
  <testcase name="getCountryList" classname="AutoTest.ClassifireIsAllRussianTest" time="0.991"/>
  <testcase name="getCountryList" classname="AutoTest.ClassifireIsAllRussianTest" time="1.191"/>
  <testcase name="getCountryList" classname="AutoTest.ClassifireIsAllRussianTest" time="0.89"/>
  <testcase name="getCountryList" classname="AutoTest.ClassifireIsAllRussianTest" time="0.917"/>
  <testcase name="getCountryListStepIsEmpty" classname="AutoTest.ClassifireIsAllRussianTest" time="1.006"/>
  <testcase name="getCountryListStepMaxPlus" classname="AutoTest.ClassifireIsAllRussianTest" time="0.973"/>
  <testcase name="getCountryListStepMaxPlus" classname="AutoTest.ClassifireIsAllRussianTest" time="1.082"/>
  <testcase name="getCountryListStepMaxPlus" classname="AutoTest.ClassifireIsAllRussianTest" time="0.913"/>
  <testcase name="getCountryListStepMaxPlus" classname="AutoTest.ClassifireIsAllRussianTest" time="1.019"/>
  <testcase name="getCountryListStepMaxPlus" classname="AutoTest.ClassifireIsAllRussianTest" time="0.985"/>
  <testcase name="getCountryListStepMaxPlus" classname="AutoTest.ClassifireIsAllRussianTest" time="1.069"/>
  <testcase name="getCountryListStepMaxPlus" classname="AutoTest.ClassifireIsAllRussianTest" time="0.954"/>
  <testcase name="getCountryListStepMaxPlus" classname="AutoTest.ClassifireIsAllRussianTest" time="0.952"/>
  <testcase name="getCountryListStepMaxPlus" classname="AutoTest.ClassifireIsAllRussianTest" time="1.046"/>
  <testcase name="getCountryListStepMaxPlus" classname="AutoTest.ClassifireIsAllRussianTest" time="1.033"/>
  <testcase name="getCountryListStepMaxPlus" classname="AutoTest.ClassifireIsAllRussianTest" time="0.963"/>
  <testcase name="getCountryListStepMaxPlus" classname="AutoTest.ClassifireIsAllRussianTest" time="1.053"/>
  <testcase name="getCountryListStepMaxPlus" classname="AutoTest.ClassifireIsAllRussianTest" time="1.125"/>
  <testcase name="getCountryListStepMaxPlus" classname="AutoTest.ClassifireIsAllRussianTest" time="0.867"/>
  <testcase name="getCountryListStepMaxPlus" classname="AutoTest.ClassifireIsAllRussianTest" time="1.062"/>
  <testcase name="getCurrencyGuid" classname="AutoTest.ClassifireIsAllRussianTest" time="0.982"/>
  <testcase name="getCurrencyGuidNotExist" classname="AutoTest.ClassifireIsAllRussianTest" time="0.904"/>
  <testcase name="getCurrencyGuidNotExist" classname="AutoTest.ClassifireIsAllRussianTest" time="1.085"/>
  <testcase name="getCurrencyGuidNotExist" classname="AutoTest.ClassifireIsAllRussianTest" time="0.964"/>
  <testcase name="getCurrencyGuidNotExist" classname="AutoTest.ClassifireIsAllRussianTest" time="0.958"/>
  <testcase name="getCurrencyGuidNotExist" classname="AutoTest.ClassifireIsAllRussianTest" time="1.181"/>
  <testcase name="getCurrencyGuidNotExist" classname="AutoTest.ClassifireIsAllRussianTest" time="0.861"/>
  <testcase name="getCurrencyGuidNotExist" classname="AutoTest.ClassifireIsAllRussianTest" time="0.987"/>
  <testcase name="getCurrencyGuidNotExist" classname="AutoTest.ClassifireIsAllRussianTest" time="0.965"/>
  <testcase name="getCurrencyGuidNotExist" classname="AutoTest.ClassifireIsAllRussianTest" time="1.181"/>
  <testcase name="getCurrencyGuidNotExist" classname="AutoTest.ClassifireIsAllRussianTest" time="0.866"/>
  <testcase name="getCurrencyGuidNotExist" classname="AutoTest.ClassifireIsAllRussianTest" time="0.967"/>
  <testcase name="getCurrencyList" classname="AutoTest.ClassifireIsAllRussianTest" time="1.024"/>
  <testcase name="getCurrencyList" classname="AutoTest.ClassifireIsAllRussianTest" time="1.154"/>
  <testcase name="getCurrencyList" classname="AutoTest.ClassifireIsAllRussianTest" time="0.895"/>
  <testcase name="getCurrencyList" classname="AutoTest.ClassifireIsAllRussianTest" time="0.979"/>
  <testcase name="getCurrencyList" classname="AutoTest.ClassifireIsAllRussianTest" time="0.977"/>
  <testcase name="getCurrencyList" classname="AutoTest.ClassifireIsAllRussianTest" time="1.157"/>
  <testcase name="getCurrencyListStepIsEmpty" classname="AutoTest.ClassifireIsAllRussianTest" time="0.872"/>
  <testcase name="getCurrencyListStepMaxPlus" classname="AutoTest.ClassifireIsAllRussianTest" time="0.95"/>
  <testcase name="getCurrencyListStepMaxPlus" classname="AutoTest.ClassifireIsAllRussianTest" time="1.008"/>
  <testcase name="getCurrencyListStepMaxPlus" classname="AutoTest.ClassifireIsAllRussianTest" time="1.143"/>
  <testcase name="getCurrencyListStepMaxPlus" classname="AutoTest.ClassifireIsAllRussianTest" time="0.896"/>
  <testcase name="getCurrencyListStepMaxPlus" classname="AutoTest.ClassifireIsAllRussianTest" time="0.974"/>
  <testcase name="getCurrencyListStepMaxPlus" classname="AutoTest.ClassifireIsAllRussianTest" time="0.981"/>
  <testcase name="getCurrencyListStepMaxPlus" classname="AutoTest.ClassifireIsAllRussianTest" time="1.147"/>
  <testcase name="getCurrencyListStepMaxPlus" classname="AutoTest.ClassifireIsAllRussianTest" time="0.864"/>
  <testcase name="getCurrencyListStepMaxPlus" classname="AutoTest.ClassifireIsAllRussianTest" time="1.046"/>
  <testcase name="getCurrencyListStepMaxPlus" classname="AutoTest.ClassifireIsAllRussianTest" time="0.971"/>
  <testcase name="getCurrencyListStepMaxPlus" classname="AutoTest.ClassifireIsAllRussianTest" time="1.127"/>
  <testcase name="getCurrencyListStepMaxPlus" classname="AutoTest.ClassifireIsAllRussianTest" time="0.886"/>
  <testcase name="getCurrencyListStepMaxPlus" classname="AutoTest.ClassifireIsAllRussianTest" time="0.959"/>
  <testcase name="getCurrencyListStepMaxPlus" classname="AutoTest.ClassifireIsAllRussianTest" time="1.064"/>
  <testcase name="getCurrencyListStepMaxPlus" classname="AutoTest.ClassifireIsAllRussianTest" time="1.122"/>
  <testcase name="getOkopfGuid" classname="AutoTest.ClassifireIsAllRussianTest" time="0.911"/>
  <testcase name="getOkopfGuidNotExist" classname="AutoTest.ClassifireIsAllRussianTest" time="0.924"/>
  <testcase name="getOkopfGuidNotExist" classname="AutoTest.ClassifireIsAllRussianTest" time="1.034"/>
  <testcase name="getOkopfGuidNotExist" classname="AutoTest.ClassifireIsAllRussianTest" time="1.096"/>
  <testcase name="getOkopfGuidNotExist" classname="AutoTest.ClassifireIsAllRussianTest" time="0.897"/>
  <testcase name="getOkopfGuidNotExist" classname="AutoTest.ClassifireIsAllRussianTest" time="0.98"/>
  <testcase name="getOkopfGuidNotExist" classname="AutoTest.ClassifireIsAllRussianTest" time="1.013"/>
  <testcase name="getOkopfGuidNotExist" classname="AutoTest.ClassifireIsAllRussianTest" time="1.136"/>
  <testcase name="getOkopfGuidNotExist" classname="AutoTest.ClassifireIsAllRussianTest" time="0.859"/>
  <testcase name="getOkopfGuidNotExist" classname="AutoTest.ClassifireIsAllRussianTest" time="0.983"/>
  <testcase name="getOkopfGuidNotExist" classname="AutoTest.ClassifireIsAllRussianTest" time="1.048"/>
  <testcase name="getOkopfGuidNotExist" classname="AutoTest.ClassifireIsAllRussianTest" time="1.081"/>
  <testcase name="getOkopfList" classname="AutoTest.ClassifireIsAllRussianTest" time="0.989"/>
  <testcase name="getOkopfList" classname="AutoTest.ClassifireIsAllRussianTest" time="0.913"/>
  <testcase name="getOkopfList" classname="AutoTest.ClassifireIsAllRussianTest" time="1.01"/>
  <testcase name="getOkopfList" classname="AutoTest.ClassifireIsAllRussianTest" time="1.167"/>
  <testcase name="getOkopfList" classname="AutoTest.ClassifireIsAllRussianTest" time="0.893"/>
  <testcase name="getOkopfList" classname="AutoTest.ClassifireIsAllRussianTest" time="1.011"/>
  <testcase name="getOkopfListStepIsEmpty" classname="AutoTest.ClassifireIsAllRussianTest" time="0.98"/>
  <testcase name="getOkopfListStepMaxPlus" classname="AutoTest.ClassifireIsAllRussianTest" time="1.039"/>
  <testcase name="getOkopfListStepMaxPlus" classname="AutoTest.ClassifireIsAllRussianTest" time="0.893"/>
  <testcase name="getOkopfListStepMaxPlus" classname="AutoTest.ClassifireIsAllRussianTest" time="1.014"/>
  <testcase name="getOkopfListStepMaxPlus" classname="AutoTest.ClassifireIsAllRussianTest" time="0.997"/>
  <testcase name="getOkopfListStepMaxPlus" classname="AutoTest.ClassifireIsAllRussianTest" time="1.096"/>
  <testcase name="getOkopfListStepMaxPlus" classname="AutoTest.ClassifireIsAllRussianTest" time="0.895"/>
  <testcase name="getOkopfListStepMaxPlus" classname="AutoTest.ClassifireIsAllRussianTest" time="1.008"/>
  <testcase name="getOkopfListStepMaxPlus" classname="AutoTest.ClassifireIsAllRussianTest" time="1.001"/>
  <testcase name="getOkopfListStepMaxPlus" classname="AutoTest.ClassifireIsAllRussianTest" time="1.096"/>
  <testcase name="getOkopfListStepMaxPlus" classname="AutoTest.ClassifireIsAllRussianTest" time="0.924"/>
  <testcase name="getOkopfListStepMaxPlus" classname="AutoTest.ClassifireIsAllRussianTest" time="0.984"/>
  <testcase name="getOkopfListStepMaxPlus" classname="AutoTest.ClassifireIsAllRussianTest" time="1.025"/>
  <testcase name="getOkopfListStepMaxPlus" classname="AutoTest.ClassifireIsAllRussianTest" time="1.152"/>
  <testcase name="getOkopfListStepMaxPlus" classname="AutoTest.ClassifireIsAllRussianTest" time="0.818"/>
  <testcase name="getOkopfListStepMaxPlus" classname="AutoTest.ClassifireIsAllRussianTest" time="1.028"/>
  <testcase name="getOkpdGuid" classname="AutoTest.ClassifireIsAllRussianTest" time="1.051"/>
  <testcase name="getOkpdGuidNotExist" classname="AutoTest.ClassifireIsAllRussianTest" time="1.109"/>
  <testcase name="getOkpdGuidNotExist" classname="AutoTest.ClassifireIsAllRussianTest" time="0.834"/>
  <testcase name="getOkpdGuidNotExist" classname="AutoTest.ClassifireIsAllRussianTest" time="0.999"/>
  <testcase name="getOkpdGuidNotExist" classname="AutoTest.ClassifireIsAllRussianTest" time="1.006"/>
  <testcase name="getOkpdGuidNotExist" classname="AutoTest.ClassifireIsAllRussianTest" time="1.218"/>
  <testcase name="getOkpdGuidNotExist" classname="AutoTest.ClassifireIsAllRussianTest" time="0.802"/>
  <testcase name="getOkpdGuidNotExist" classname="AutoTest.ClassifireIsAllRussianTest" time="0.97"/>
  <testcase name="getOkpdGuidNotExist" classname="AutoTest.ClassifireIsAllRussianTest" time="0.999"/>
  <testcase name="getOkpdGuidNotExist" classname="AutoTest.ClassifireIsAllRussianTest" time="1.156"/>
  <testcase name="getOkpdGuidNotExist" classname="AutoTest.ClassifireIsAllRussianTest" time="0.835"/>
  <testcase name="getOkpdGuidNotExist" classname="AutoTest.ClassifireIsAllRussianTest" time="1.041"/>
  <testcase name="getOkpdList" classname="AutoTest.ClassifireIsAllRussianTest" time="1.25"/>
  <testcase name="getOkpdList" classname="AutoTest.ClassifireIsAllRussianTest" time="0.91"/>
  <testcase name="getOkpdList" classname="AutoTest.ClassifireIsAllRussianTest" time="0.89"/>
  <testcase name="getOkpdList" classname="AutoTest.ClassifireIsAllRussianTest" time="1.125"/>
  <testcase name="getOkpdList" classname="AutoTest.ClassifireIsAllRussianTest" time="1.256"/>
  <testcase name="getOkpdList" classname="AutoTest.ClassifireIsAllRussianTest" time="0.954"/>
  <testcase name="getOkpdListStepIsEmpty" classname="AutoTest.ClassifireIsAllRussianTest" time="0.841"/>
  <testcase name="getOkpdListStepMaxPlus" classname="AutoTest.ClassifireIsAllRussianTest" time="0.767"/>
  <testcase name="getOkpdListStepMaxPlus" classname="AutoTest.ClassifireIsAllRussianTest" time="0.995"/>
  <testcase name="getOkpdListStepMaxPlus" classname="AutoTest.ClassifireIsAllRussianTest" time="1.196"/>
  <testcase name="getOkpdListStepMaxPlus" classname="AutoTest.ClassifireIsAllRussianTest" time="0.82"/>
  <testcase name="getOkpdListStepMaxPlus" classname="AutoTest.ClassifireIsAllRussianTest" time="0.977"/>
  <testcase name="getOkpdListStepMaxPlus" classname="AutoTest.ClassifireIsAllRussianTest" time="1.026"/>
  <testcase name="getOkpdListStepMaxPlus" classname="AutoTest.ClassifireIsAllRussianTest" time="1.107"/>
  <testcase name="getOkpdListStepMaxPlus" classname="AutoTest.ClassifireIsAllRussianTest" time="0.878"/>
  <testcase name="getOkpdListStepMaxPlus" classname="AutoTest.ClassifireIsAllRussianTest" time="1.01"/>
  <testcase name="getOkpdListStepMaxPlus" classname="AutoTest.ClassifireIsAllRussianTest" time="1.002"/>
  <testcase name="getOkpdListStepMaxPlus" classname="AutoTest.ClassifireIsAllRussianTest" time="1.134"/>
  <testcase name="getOkpdListStepMaxPlus" classname="AutoTest.ClassifireIsAllRussianTest" time="0.925"/>
  <testcase name="getOkpdListStepMaxPlus" classname="AutoTest.ClassifireIsAllRussianTest" time="0.942"/>
  <testcase name="getOkpdListStepMaxPlus" classname="AutoTest.ClassifireIsAllRussianTest" time="0.999"/>
  <testcase name="getOkpdListStepMaxPlus" classname="AutoTest.ClassifireIsAllRussianTest" time="1.107"/>
  <testcase name="getOkvedGuid" classname="AutoTest.ClassifireIsAllRussianTest" time="0.977"/>
  <testcase name="getOkvedGuidNotExist" classname="AutoTest.ClassifireIsAllRussianTest" time="0.913"/>
  <testcase name="getOkvedGuidNotExist" classname="AutoTest.ClassifireIsAllRussianTest" time="1.014"/>
  <testcase name="getOkvedGuidNotExist" classname="AutoTest.ClassifireIsAllRussianTest" time="1.099"/>
  <testcase name="getOkvedGuidNotExist" classname="AutoTest.ClassifireIsAllRussianTest" time="0.885"/>
  <testcase name="getOkvedGuidNotExist" classname="AutoTest.ClassifireIsAllRussianTest" time="1.003"/>
  <testcase name="getOkvedGuidNotExist" classname="AutoTest.ClassifireIsAllRussianTest" time="0.998"/>
  <testcase name="getOkvedGuidNotExist" classname="AutoTest.ClassifireIsAllRussianTest" time="1.101"/>
  <testcase name="getOkvedGuidNotExist" classname="AutoTest.ClassifireIsAllRussianTest" time="0.918"/>
  <testcase name="getOkvedGuidNotExist" classname="AutoTest.ClassifireIsAllRussianTest" time="1"/>
  <testcase name="getOkvedGuidNotExist" classname="AutoTest.ClassifireIsAllRussianTest" time="1.013"/>
  <testcase name="getOkvedGuidNotExist" classname="AutoTest.ClassifireIsAllRussianTest" time="1.071"/>
  <testcase name="getOkvedList" classname="AutoTest.ClassifireIsAllRussianTest" time="0.952"/>
  <testcase name="getOkvedList" classname="AutoTest.ClassifireIsAllRussianTest" time="0.997"/>
  <testcase name="getOkvedList" classname="AutoTest.ClassifireIsAllRussianTest" time="1.012"/>
  <testcase name="getOkvedList" classname="AutoTest.ClassifireIsAllRussianTest" time="1.173"/>
  <testcase name="getOkvedList" classname="AutoTest.ClassifireIsAllRussianTest" time="1.012"/>
  <testcase name="getOkvedList" classname="AutoTest.ClassifireIsAllRussianTest" time="1.012"/>
  <testcase name="getOkvedListStepIsEmpty" classname="AutoTest.ClassifireIsAllRussianTest" time="1.204"/>
  <testcase name="getOkvedListStepMaxPlus" classname="AutoTest.ClassifireIsAllRussianTest" time="0.733"/>
  <testcase name="getOkvedListStepMaxPlus" classname="AutoTest.ClassifireIsAllRussianTest" time="0.831"/>
  <testcase name="getOkvedListStepMaxPlus" classname="AutoTest.ClassifireIsAllRussianTest" time="1.017"/>
  <testcase name="getOkvedListStepMaxPlus" classname="AutoTest.ClassifireIsAllRussianTest" time="1.012"/>
  <testcase name="getOkvedListStepMaxPlus" classname="AutoTest.ClassifireIsAllRussianTest" time="1.039"/>
  <testcase name="getOkvedListStepMaxPlus" classname="AutoTest.ClassifireIsAllRussianTest" time="0.954"/>
  <testcase name="getOkvedListStepMaxPlus" classname="AutoTest.ClassifireIsAllRussianTest" time="0.968"/>
  <testcase name="getOkvedListStepMaxPlus" classname="AutoTest.ClassifireIsAllRussianTest" time="1.024"/>
  <testcase name="getOkvedListStepMaxPlus" classname="AutoTest.ClassifireIsAllRussianTest" time="1.083"/>
  <testcase name="getOkvedListStepMaxPlus" classname="AutoTest.ClassifireIsAllRussianTest" time="0.888"/>
  <testcase name="getOkvedListStepMaxPlus" classname="AutoTest.ClassifireIsAllRussianTest" time="1.022"/>
  <testcase name="getOkvedListStepMaxPlus" classname="AutoTest.ClassifireIsAllRussianTest" time="1.192"/>
  <testcase name="getOkvedListStepMaxPlus" classname="AutoTest.ClassifireIsAllRussianTest" time="0.882"/>
  <testcase name="getOkvedListStepMaxPlus" classname="AutoTest.ClassifireIsAllRussianTest" time="0.926"/>
  <testcase name="getOkvedListStepMaxPlus" classname="AutoTest.ClassifireIsAllRussianTest" time="0.994"/>
  <testcase name="getRegionGuid" classname="AutoTest.ClassifireIsAllRussianTest" time="1.192"/>
  <testcase name="getRegionGuidNotExist" classname="AutoTest.ClassifireIsAllRussianTest" time="0.917"/>
  <testcase name="getRegionGuidNotExist" classname="AutoTest.ClassifireIsAllRussianTest" time="0.915"/>
  <testcase name="getRegionGuidNotExist" classname="AutoTest.ClassifireIsAllRussianTest" time="1.016"/>
  <testcase name="getRegionGuidNotExist" classname="AutoTest.ClassifireIsAllRussianTest" time="1.155"/>
  <testcase name="getRegionGuidNotExist" classname="AutoTest.ClassifireIsAllRussianTest" time="0.875"/>
  <testcase name="getRegionGuidNotExist" classname="AutoTest.ClassifireIsAllRussianTest" time="0.93"/>
  <testcase name="getRegionGuidNotExist" classname="AutoTest.ClassifireIsAllRussianTest" time="1.032"/>
  <testcase name="getRegionGuidNotExist" classname="AutoTest.ClassifireIsAllRussianTest" time="0.995"/>
  <testcase name="getRegionGuidNotExist" classname="AutoTest.ClassifireIsAllRussianTest" time="1.027"/>
  <testcase name="getRegionGuidNotExist" classname="AutoTest.ClassifireIsAllRussianTest" time="0.964"/>
  <testcase name="getRegionGuidNotExist" classname="AutoTest.ClassifireIsAllRussianTest" time="1.022"/>
  <testcase name="getRegionList" classname="AutoTest.ClassifireIsAllRussianTest" time="1.184"/>
  <testcase name="getRegionList" classname="AutoTest.ClassifireIsAllRussianTest" time="0.866"/>
  <testcase name="getRegionList" classname="AutoTest.ClassifireIsAllRussianTest" time="0.977"/>
  <testcase name="getRegionList" classname="AutoTest.ClassifireIsAllRussianTest" time="1.018"/>
  <testcase name="getRegionList" classname="AutoTest.ClassifireIsAllRussianTest" time="1.188"/>
  <testcase name="getRegionList" classname="AutoTest.ClassifireIsAllRussianTest" time="0.959"/>
  <testcase name="getRegionListStepIsEmpty" classname="AutoTest.ClassifireIsAllRussianTest" time="0.947"/>
  <testcase name="getRegionListStepMaxPlus" classname="AutoTest.ClassifireIsAllRussianTest" time="0.866"/>
  <testcase name="getRegionListStepMaxPlus" classname="AutoTest.ClassifireIsAllRussianTest" time="1.144"/>
  <testcase name="getRegionListStepMaxPlus" classname="AutoTest.ClassifireIsAllRussianTest" time="0.881"/>
  <testcase name="getRegionListStepMaxPlus" classname="AutoTest.ClassifireIsAllRussianTest" time="0.97"/>
  <testcase name="getRegionListStepMaxPlus" classname="AutoTest.ClassifireIsAllRussianTest" time="0.992"/>
  <testcase name="getRegionListStepMaxPlus" classname="AutoTest.ClassifireIsAllRussianTest" time="1.181"/>
  <testcase name="getRegionListStepMaxPlus" classname="AutoTest.ClassifireIsAllRussianTest" time="0.886"/>
  <testcase name="getRegionListStepMaxPlus" classname="AutoTest.ClassifireIsAllRussianTest" time="0.99"/>
  <testcase name="getRegionListStepMaxPlus" classname="AutoTest.ClassifireIsAllRussianTest" time="1.002"/>
  <testcase name="getRegionListStepMaxPlus" classname="AutoTest.ClassifireIsAllRussianTest" time="1.193"/>
  <testcase name="getRegionListStepMaxPlus" classname="AutoTest.ClassifireIsAllRussianTest" time="0.775"/>
  <testcase name="getRegionListStepMaxPlus" classname="AutoTest.ClassifireIsAllRussianTest" time="1.048"/>
  <testcase name="getRegionListStepMaxPlus" classname="AutoTest.ClassifireIsAllRussianTest" time="0.971"/>
  <testcase name="getRegionListStepMaxPlus" classname="AutoTest.ClassifireIsAllRussianTest" time="1.264"/>
  <testcase name="getRegionListStepMaxPlus" classname="AutoTest.ClassifireIsAllRussianTest" time="0.777"/>
  <testcase name="getTnvedGuid" classname="AutoTest.ClassifireIsAllRussianTest" time="1.004"/>
  <testcase name="getTnvedGuidNotExist" classname="AutoTest.ClassifireIsAllRussianTest" time="0.961"/>
  <testcase name="getTnvedGuidNotExist" classname="AutoTest.ClassifireIsAllRussianTest" time="1.107"/>
  <testcase name="getTnvedGuidNotExist" classname="AutoTest.ClassifireIsAllRussianTest" time="0.899"/>
  <testcase name="getTnvedGuidNotExist" classname="AutoTest.ClassifireIsAllRussianTest" time="0.989"/>
  <testcase name="getTnvedGuidNotExist" classname="AutoTest.ClassifireIsAllRussianTest" time="1.002"/>
  <testcase name="getTnvedGuidNotExist" classname="AutoTest.ClassifireIsAllRussianTest" time="1.212"/>
  <testcase name="getTnvedGuidNotExist" classname="AutoTest.ClassifireIsAllRussianTest" time="0.781"/>
  <testcase name="getTnvedGuidNotExist" classname="AutoTest.ClassifireIsAllRussianTest" time="1.001"/>
  <testcase name="getTnvedGuidNotExist" classname="AutoTest.ClassifireIsAllRussianTest" time="1.006"/>
  <testcase name="getTnvedGuidNotExist" classname="AutoTest.ClassifireIsAllRussianTest" time="1.131"/>
  <testcase name="getTnvedGuidNotExist" classname="AutoTest.ClassifireIsAllRussianTest" time="0.945"/>
  <testcase name="getTnvedList" classname="AutoTest.ClassifireIsAllRussianTest" time="0.991"/>
  <testcase name="getTnvedList" classname="AutoTest.ClassifireIsAllRussianTest" time="0.976"/>
  <testcase name="getTnvedList" classname="AutoTest.ClassifireIsAllRussianTest" time="1.224"/>
  <testcase name="getTnvedList" classname="AutoTest.ClassifireIsAllRussianTest" time="0.977"/>
  <testcase name="getTnvedList" classname="AutoTest.ClassifireIsAllRussianTest" time="1.176"/>
  <testcase name="getTnvedList" classname="AutoTest.ClassifireIsAllRussianTest" time="1.243"/>
  <testcase name="getTnvedListStepIsEmpty" classname="AutoTest.ClassifireIsAllRussianTest" time="0.772"/>
  <testcase name="getTnvedListStepMaxPlus" classname="AutoTest.ClassifireIsAllRussianTest" time="0.57"/>
  <testcase name="getTnvedListStepMaxPlus" classname="AutoTest.ClassifireIsAllRussianTest" time="1.033"/>
  <testcase name="getTnvedListStepMaxPlus" classname="AutoTest.ClassifireIsAllRussianTest" time="0.973"/>
  <testcase name="getTnvedListStepMaxPlus" classname="AutoTest.ClassifireIsAllRussianTest" time="1.096"/>
  <testcase name="getTnvedListStepMaxPlus" classname="AutoTest.ClassifireIsAllRussianTest" time="0.889"/>
  <testcase name="getTnvedListStepMaxPlus" classname="AutoTest.ClassifireIsAllRussianTest" time="1.001"/>
  <testcase name="getTnvedListStepMaxPlus" classname="AutoTest.ClassifireIsAllRussianTest" time="1.024"/>
  <testcase name="getTnvedListStepMaxPlus" classname="AutoTest.ClassifireIsAllRussianTest" time="1.155"/>
  <testcase name="getTnvedListStepMaxPlus" classname="AutoTest.ClassifireIsAllRussianTest" time="0.828"/>
  <testcase name="getTnvedListStepMaxPlus" classname="AutoTest.ClassifireIsAllRussianTest" time="0.99"/>
  <testcase name="getTnvedListStepMaxPlus" classname="AutoTest.ClassifireIsAllRussianTest" time="1.022"/>
  <testcase name="getTnvedListStepMaxPlus" classname="AutoTest.ClassifireIsAllRussianTest" time="1.144"/>
  <testcase name="getTnvedListStepMaxPlus" classname="AutoTest.ClassifireIsAllRussianTest" time="0.883"/>
  <testcase name="getTnvedListStepMaxPlus" classname="AutoTest.ClassifireIsAllRussianTest" time="0.994"/>
  <testcase name="getTnvedListStepMaxPlus" classname="AutoTest.ClassifireIsAllRussianTest" time="0.99"/>
  <testcase name="getDdsArticlesGuid" classname="AutoTest.FinanceTest" time="1.225"/>
  <testcase name="getDdsArticlesGuidNotExist" classname="AutoTest.FinanceTest" time="0.763"/>
  <testcase name="getDdsArticlesGuidNotExist" classname="AutoTest.FinanceTest" time="1.143"/>
  <testcase name="getDdsArticlesGuidNotExist" classname="AutoTest.FinanceTest" time="0.9"/>
  <testcase name="getDdsArticlesGuidNotExist" classname="AutoTest.FinanceTest" time="1.452"/>
  <testcase name="getDdsArticlesGuidNotExist" classname="AutoTest.FinanceTest" time="0.505"/>
  <testcase name="getDdsArticlesGuidNotExist" classname="AutoTest.FinanceTest" time="1.036"/>
  <testcase name="getDdsArticlesGuidNotExist" classname="AutoTest.FinanceTest" time="0.973"/>
  <testcase name="getDdsArticlesGuidNotExist" classname="AutoTest.FinanceTest" time="1.381"/>
  <testcase name="getDdsArticlesGuidNotExist" classname="AutoTest.FinanceTest" time="0.63"/>
  <testcase name="getDdsArticlesGuidNotExist" classname="AutoTest.FinanceTest" time="1.004"/>
  <testcase name="getDdsArticlesGuidNotExist" classname="AutoTest.FinanceTest" time="1.031"/>
  <testcase name="getDdsArticlesList" classname="AutoTest.FinanceTest" time="1.071"/>
  <testcase name="getDdsArticlesList" classname="AutoTest.FinanceTest" time="0.92"/>
  <testcase name="getDdsArticlesList" classname="AutoTest.FinanceTest" time="1.224"/>
  <testcase name="getDdsArticlesList" classname="AutoTest.FinanceTest" time="1.099"/>
  <testcase name="getDdsArticlesList" classname="AutoTest.FinanceTest" time="1.29"/>
  <testcase name="getDdsArticlesList" classname="AutoTest.FinanceTest" time="0.974"/>
  <testcase name="getDdsArticlesListStepIsEmpty" classname="AutoTest.FinanceTest" time="1.054"/>
  <testcase name="getDdsArticlesListStepMaxPlus" classname="AutoTest.FinanceTest" time="0.416"/>
  <testcase name="getDdsArticlesListStepMaxPlus" classname="AutoTest.FinanceTest" time="0.953"/>
  <testcase name="getDdsArticlesListStepMaxPlus" classname="AutoTest.FinanceTest" time="1.004"/>
  <testcase name="getDdsArticlesListStepMaxPlus" classname="AutoTest.FinanceTest" time="1.007"/>
  <testcase name="getDdsArticlesListStepMaxPlus" classname="AutoTest.FinanceTest" time="0.963"/>
  <testcase name="getDdsArticlesListStepMaxPlus" classname="AutoTest.FinanceTest" time="0.985"/>
  <testcase name="getDdsArticlesListStepMaxPlus" classname="AutoTest.FinanceTest" time="1.041"/>
  <testcase name="getDdsArticlesListStepMaxPlus" classname="AutoTest.FinanceTest" time="1.018"/>
  <testcase name="getDdsArticlesListStepMaxPlus" classname="AutoTest.FinanceTest" time="0.997"/>
  <testcase name="getDdsArticlesListStepMaxPlus" classname="AutoTest.FinanceTest" time="0.969"/>
  <testcase name="getDdsArticlesListStepMaxPlus" classname="AutoTest.FinanceTest" time="1.021"/>
  <testcase name="getDdsArticlesListStepMaxPlus" classname="AutoTest.FinanceTest" time="0.982"/>
  <testcase name="getDdsArticlesListStepMaxPlus" classname="AutoTest.FinanceTest" time="0.999"/>
  <testcase name="getDdsArticlesListStepMaxPlus" classname="AutoTest.FinanceTest" time="1.023"/>
  <testcase name="getDdsArticlesListStepMaxPlus" classname="AutoTest.FinanceTest" time="0.993"/>
  <testcase name="getDdsVidGuid" classname="AutoTest.FinanceTest" time="0.993"/>
  <testcase name="getDdsVidGuidNotExist" classname="AutoTest.FinanceTest" time="1.019"/>
  <testcase name="getDdsVidGuidNotExist" classname="AutoTest.FinanceTest" time="0.984"/>
  <testcase name="getDdsVidGuidNotExist" classname="AutoTest.FinanceTest" time="1.029"/>
  <testcase name="getDdsVidGuidNotExist" classname="AutoTest.FinanceTest" time="0.973"/>
  <testcase name="getDdsVidGuidNotExist" classname="AutoTest.FinanceTest" time="1.005"/>
  <testcase name="getDdsVidGuidNotExist" classname="AutoTest.FinanceTest" time="1.024"/>
  <testcase name="getDdsVidGuidNotExist" classname="AutoTest.FinanceTest" time="0.987"/>
  <testcase name="getDdsVidGuidNotExist" classname="AutoTest.FinanceTest" time="0.993"/>
  <testcase name="getDdsVidGuidNotExist" classname="AutoTest.FinanceTest" time="0.984"/>
  <testcase name="getDdsVidGuidNotExist" classname="AutoTest.FinanceTest" time="1.02"/>
  <testcase name="getDdsVidGuidNotExist" classname="AutoTest.FinanceTest" time="1.013"/>
  <testcase name="getDdsVidList" classname="AutoTest.FinanceTest" time="1.005"/>
  <testcase name="getDdsVidList" classname="AutoTest.FinanceTest" time="1.023"/>
  <testcase name="getDdsVidList" classname="AutoTest.FinanceTest" time="0.993"/>
  <testcase name="getDdsVidList" classname="AutoTest.FinanceTest" time="0.989"/>
  <testcase name="getDdsVidList" classname="AutoTest.FinanceTest" time="1.018"/>
  <testcase name="getDdsVidList" classname="AutoTest.FinanceTest" time="1.007"/>
  <testcase name="getDdsVidListStepIsEmpty" classname="AutoTest.FinanceTest" time="1.052"/>
  <testcase name="getDdsVidListStepMaxPlus" classname="AutoTest.FinanceTest" time="0.914"/>
  <testcase name="getDdsVidListStepMaxPlus" classname="AutoTest.FinanceTest" time="0.994"/>
  <testcase name="getDdsVidListStepMaxPlus" classname="AutoTest.FinanceTest" time="1.035"/>
  <testcase name="getDdsVidListStepMaxPlus" classname="AutoTest.FinanceTest" time="0.979"/>
  <testcase name="getDdsVidListStepMaxPlus" classname="AutoTest.FinanceTest" time="0.999"/>
  <testcase name="getDdsVidListStepMaxPlus" classname="AutoTest.FinanceTest" time="0.996"/>
  <testcase name="getDdsVidListStepMaxPlus" classname="AutoTest.FinanceTest" time="1.005"/>
  <testcase name="getDdsVidListStepMaxPlus" classname="AutoTest.FinanceTest" time="1.005"/>
  <testcase name="getDdsVidListStepMaxPlus" classname="AutoTest.FinanceTest" time="1.019"/>
  <testcase name="getDdsVidListStepMaxPlus" classname="AutoTest.FinanceTest" time="0.976"/>
  <testcase name="getDdsVidListStepMaxPlus" classname="AutoTest.FinanceTest" time="1.005"/>
  <testcase name="getDdsVidListStepMaxPlus" classname="AutoTest.FinanceTest" time="1.043"/>
  <testcase name="getDdsVidListStepMaxPlus" classname="AutoTest.FinanceTest" time="0.962"/>
  <testcase name="getDdsVidListStepMaxPlus" classname="AutoTest.FinanceTest" time="0.994"/>
  <testcase name="getDdsVidListStepMaxPlus" classname="AutoTest.FinanceTest" time="1.001"/>
  <testcase name="getExpensesArticlesGuid" classname="AutoTest.FinanceTest" time="1.057"/>
  <testcase name="getExpensesArticlesGuidNotExist" classname="AutoTest.FinanceTest" time="0.953"/>
  <testcase name="getExpensesArticlesGuidNotExist" classname="AutoTest.FinanceTest" time="1.007"/>
  <testcase name="getExpensesArticlesGuidNotExist" classname="AutoTest.FinanceTest" time="1.039"/>
  <testcase name="getExpensesArticlesGuidNotExist" classname="AutoTest.FinanceTest" time="1.002"/>
  <testcase name="getExpensesArticlesGuidNotExist" classname="AutoTest.FinanceTest" time="0.978"/>
  <testcase name="getExpensesArticlesGuidNotExist" classname="AutoTest.FinanceTest" time="0.969"/>
  <testcase name="getExpensesArticlesGuidNotExist" classname="AutoTest.FinanceTest" time="1.08"/>
  <testcase name="getExpensesArticlesGuidNotExist" classname="AutoTest.FinanceTest" time="0.918"/>
  <testcase name="getExpensesArticlesGuidNotExist" classname="AutoTest.FinanceTest" time="1.007"/>
  <testcase name="getExpensesArticlesGuidNotExist" classname="AutoTest.FinanceTest" time="1.025"/>
  <testcase name="getExpensesArticlesGuidNotExist" classname="AutoTest.FinanceTest" time="1.007"/>
  <testcase name="getExpensesArticlesList" classname="AutoTest.FinanceTest" time="1.068"/>
  <testcase name="getExpensesArticlesList" classname="AutoTest.FinanceTest" time="0.949"/>
  <testcase name="getExpensesArticlesList" classname="AutoTest.FinanceTest" time="1.01"/>
  <testcase name="getExpensesArticlesList" classname="AutoTest.FinanceTest" time="1.149"/>
  <testcase name="getExpensesArticlesList" classname="AutoTest.FinanceTest" time="1.209"/>
  <testcase name="getExpensesArticlesList" classname="AutoTest.FinanceTest" time="0.976"/>
  <testcase name="getExpensesArticlesStepIsEmpty" classname="AutoTest.FinanceTest" time="0.983"/>
  <testcase name="getExpensesArticlesStepMaxPlus" classname="AutoTest.FinanceTest" time="0.631"/>
  <testcase name="getExpensesArticlesStepMaxPlus" classname="AutoTest.FinanceTest" time="1.064"/>
  <testcase name="getExpensesArticlesStepMaxPlus" classname="AutoTest.FinanceTest" time="0.973"/>
  <testcase name="getExpensesArticlesStepMaxPlus" classname="AutoTest.FinanceTest" time="0.994"/>
  <testcase name="getExpensesArticlesStepMaxPlus" classname="AutoTest.FinanceTest" time="0.992"/>
  <testcase name="getExpensesArticlesStepMaxPlus" classname="AutoTest.FinanceTest" time="1.047"/>
  <testcase name="getExpensesArticlesStepMaxPlus" classname="AutoTest.FinanceTest" time="0.951"/>
  <testcase name="getExpensesArticlesStepMaxPlus" classname="AutoTest.FinanceTest" time="1.042"/>
  <testcase name="getExpensesArticlesStepMaxPlus" classname="AutoTest.FinanceTest" time="0.969"/>
  <testcase name="getExpensesArticlesStepMaxPlus" classname="AutoTest.FinanceTest" time="1.004"/>
  <testcase name="getExpensesArticlesStepMaxPlus" classname="AutoTest.FinanceTest" time="1.046"/>
  <testcase name="getExpensesArticlesStepMaxPlus" classname="AutoTest.FinanceTest" time="0.955"/>
  <testcase name="getExpensesArticlesStepMaxPlus" classname="AutoTest.FinanceTest" time="0.988"/>
  <testcase name="getExpensesArticlesStepMaxPlus" classname="AutoTest.FinanceTest" time="1"/>
  <testcase name="getExpensesArticlesStepMaxPlus" classname="AutoTest.FinanceTest" time="0.995"/>
  <testcase name="getOtherIncomeExpensesGuid" classname="AutoTest.FinanceTest" time="1.085"/>
  <testcase name="getOtherIncomeExpensesGuidNotExist" classname="AutoTest.FinanceTest" time="0.95"/>
  <testcase name="getOtherIncomeExpensesGuidNotExist" classname="AutoTest.FinanceTest" time="0.998"/>
  <testcase name="getOtherIncomeExpensesGuidNotExist" classname="AutoTest.FinanceTest" time="1.144"/>
  <testcase name="getOtherIncomeExpensesGuidNotExist" classname="AutoTest.FinanceTest" time="0.854"/>
  <testcase name="getOtherIncomeExpensesGuidNotExist" classname="AutoTest.FinanceTest" time="0.985"/>
  <testcase name="getOtherIncomeExpensesGuidNotExist" classname="AutoTest.FinanceTest" time="1.006"/>
  <testcase name="getOtherIncomeExpensesGuidNotExist" classname="AutoTest.FinanceTest" time="0.994"/>
  <testcase name="getOtherIncomeExpensesGuidNotExist" classname="AutoTest.FinanceTest" time="1.013"/>
  <testcase name="getOtherIncomeExpensesGuidNotExist" classname="AutoTest.FinanceTest" time="1.016"/>
  <testcase name="getOtherIncomeExpensesGuidNotExist" classname="AutoTest.FinanceTest" time="0.985"/>
  <testcase name="getOtherIncomeExpensesGuidNotExist" classname="AutoTest.FinanceTest" time="1.004"/>
  <testcase name="getOtherIncomeExpensesList" classname="AutoTest.FinanceTest" time="1.069"/>
  <testcase name="getOtherIncomeExpensesList" classname="AutoTest.FinanceTest" time="0.967"/>
  <testcase name="getOtherIncomeExpensesList" classname="AutoTest.FinanceTest" time="0.995"/>
  <testcase name="getOtherIncomeExpensesList" classname="AutoTest.FinanceTest" time="1.196"/>
  <testcase name="getOtherIncomeExpensesList" classname="AutoTest.FinanceTest" time="1.071"/>
  <testcase name="getOtherIncomeExpensesList" classname="AutoTest.FinanceTest" time="1.205"/>
  <testcase name="getOtherIncomeExpensesListStepIsEmpty" classname="AutoTest.FinanceTest" time="0.806"/>
  <testcase name="getOtherIncomeExpensesListStepMaxPlus" classname="AutoTest.FinanceTest" time="0.743"/>
  <testcase name="getOtherIncomeExpensesListStepMaxPlus" classname="AutoTest.FinanceTest" time="0.946"/>
  <testcase name="getOtherIncomeExpensesListStepMaxPlus" classname="AutoTest.FinanceTest" time="1.057"/>
  <testcase name="getOtherIncomeExpensesListStepMaxPlus" classname="AutoTest.FinanceTest" time="0.991"/>
  <testcase name="getOtherIncomeExpensesListStepMaxPlus" classname="AutoTest.FinanceTest" time="0.972"/>
  <testcase name="getOtherIncomeExpensesListStepMaxPlus" classname="AutoTest.FinanceTest" time="1.035"/>
  <testcase name="getOtherIncomeExpensesListStepMaxPlus" classname="AutoTest.FinanceTest" time="0.973"/>
  <testcase name="getOtherIncomeExpensesListStepMaxPlus" classname="AutoTest.FinanceTest" time="1.023"/>
  <testcase name="getOtherIncomeExpensesListStepMaxPlus" classname="AutoTest.FinanceTest" time="1.006"/>
  <testcase name="getOtherIncomeExpensesListStepMaxPlus" classname="AutoTest.FinanceTest" time="0.98"/>
  <testcase name="getOtherIncomeExpensesListStepMaxPlus" classname="AutoTest.FinanceTest" time="1.006"/>
  <testcase name="getOtherIncomeExpensesListStepMaxPlus" classname="AutoTest.FinanceTest" time="0.988"/>
  <testcase name="getOtherIncomeExpensesListStepMaxPlus" classname="AutoTest.FinanceTest" time="1.001"/>
  <testcase name="getOtherIncomeExpensesListStepMaxPlus" classname="AutoTest.FinanceTest" time="1.007"/>
  <testcase name="getOtherIncomeExpensesListStepMaxPlus" classname="AutoTest.FinanceTest" time="1.074"/>
  <testcase name="getOtherSubcontoList" classname="AutoTest.FinanceTest" time="0.983"/>
  <testcase name="getOtherSubcontoList" classname="AutoTest.FinanceTest" time="0.961"/>
  <testcase name="getOtherSubcontoList" classname="AutoTest.FinanceTest" time="1.005"/>
  <testcase name="getOtherSubcontoList" classname="AutoTest.FinanceTest" time="1.009"/>
  <testcase name="getOtherSubcontoList" classname="AutoTest.FinanceTest" time="1.027"/>
  <testcase name="getOtherSubcontoList" classname="AutoTest.FinanceTest" time="1.049"/>
  <testcase name="getPlanSchetovGuid" classname="AutoTest.FinanceTest" time="0.974"/>
  <testcase name="getPlanSchetovGuidNotExist" classname="AutoTest.FinanceTest" time="1.106"/>
  <testcase name="getPlanSchetovGuidNotExist" classname="AutoTest.FinanceTest" time="0.826"/>
  <testcase name="getPlanSchetovGuidNotExist" classname="AutoTest.FinanceTest" time="1.036"/>
  <testcase name="getPlanSchetovGuidNotExist" classname="AutoTest.FinanceTest" time="0.963"/>
  <testcase name="getPlanSchetovGuidNotExist" classname="AutoTest.FinanceTest" time="1.041"/>
  <testcase name="getPlanSchetovGuidNotExist" classname="AutoTest.FinanceTest" time="0.958"/>
  <testcase name="getPlanSchetovGuidNotExist" classname="AutoTest.FinanceTest" time="0.995"/>
  <testcase name="getPlanSchetovGuidNotExist" classname="AutoTest.FinanceTest" time="1.031"/>
  <testcase name="getPlanSchetovGuidNotExist" classname="AutoTest.FinanceTest" time="0.975"/>
  <testcase name="getPlanSchetovGuidNotExist" classname="AutoTest.FinanceTest" time="1.043"/>
  <testcase name="getPlanSchetovGuidNotExist" classname="AutoTest.FinanceTest" time="0.991"/>
  <testcase name="getPlanSchetovList" classname="AutoTest.FinanceTest" time="0.999"/>
  <testcase name="getPlanSchetovList" classname="AutoTest.FinanceTest" time="1.031"/>
  <testcase name="getPlanSchetovList" classname="AutoTest.FinanceTest" time="1.028"/>
  <testcase name="getPlanSchetovList" classname="AutoTest.FinanceTest" time="1.221"/>
  <testcase name="getPlanSchetovList" classname="AutoTest.FinanceTest" time="1.136"/>
  <testcase name="getPlanSchetovList" classname="AutoTest.FinanceTest" time="1.054"/>
  <testcase name="getPlanSchetovListStepIsEmpty" classname="AutoTest.FinanceTest" time="0.985"/>
  <testcase name="getPlanSchetovListStepMaxPlus" classname="AutoTest.FinanceTest" time="0.549"/>
  <testcase name="getPlanSchetovListStepMaxPlus" classname="AutoTest.FinanceTest" time="0.995"/>
  <testcase name="getPlanSchetovListStepMaxPlus" classname="AutoTest.FinanceTest" time="1.01"/>
  <testcase name="getPlanSchetovListStepMaxPlus" classname="AutoTest.FinanceTest" time="0.982"/>
  <testcase name="getPlanSchetovListStepMaxPlus" classname="AutoTest.FinanceTest" time="1.007"/>
  <testcase name="getPlanSchetovListStepMaxPlus" classname="AutoTest.FinanceTest" time="1.006"/>
  <testcase name="getPlanSchetovListStepMaxPlus" classname="AutoTest.FinanceTest" time="0.994"/>
  <testcase name="getPlanSchetovListStepMaxPlus" classname="AutoTest.FinanceTest" time="1.101"/>
  <testcase name="getPlanSchetovListStepMaxPlus" classname="AutoTest.FinanceTest" time="0.899"/>
  <testcase name="getPlanSchetovListStepMaxPlus" classname="AutoTest.FinanceTest" time="1.042"/>
  <testcase name="getPlanSchetovListStepMaxPlus" classname="AutoTest.FinanceTest" time="0.966"/>
  <testcase name="getPlanSchetovListStepMaxPlus" classname="AutoTest.FinanceTest" time="1.033"/>
  <testcase name="getPlanSchetovListStepMaxPlus" classname="AutoTest.FinanceTest" time="0.959"/>
  <testcase name="getPlanSchetovListStepMaxPlus" classname="AutoTest.FinanceTest" time="1.034"/>
  <testcase name="getPlanSchetovListStepMaxPlus" classname="AutoTest.FinanceTest" time="0.988"/>
  <testcase name="getSubcontoGuid" classname="AutoTest.FinanceTest" time="1.02"/>
  <testcase name="getSubcontoGuidNotExist" classname="AutoTest.FinanceTest" time="0.999"/>
  <testcase name="getSubcontoGuidNotExist" classname="AutoTest.FinanceTest" time="0.99"/>
  <testcase name="getSubcontoGuidNotExist" classname="AutoTest.FinanceTest" time="1.005"/>
  <testcase name="getSubcontoGuidNotExist" classname="AutoTest.FinanceTest" time="0.995"/>
  <testcase name="getSubcontoGuidNotExist" classname="AutoTest.FinanceTest" time="1.066"/>
  <testcase name="getSubcontoGuidNotExist" classname="AutoTest.FinanceTest" time="0.92"/>
  <testcase name="getSubcontoGuidNotExist" classname="AutoTest.FinanceTest" time="0.999"/>
  <testcase name="getSubcontoGuidNotExist" classname="AutoTest.FinanceTest" time="1.024"/>
  <testcase name="getSubcontoGuidNotExist" classname="AutoTest.FinanceTest" time="1.081"/>
  <testcase name="getSubcontoGuidNotExist" classname="AutoTest.FinanceTest" time="0.919"/>
  <testcase name="getSubcontoGuidNotExist" classname="AutoTest.FinanceTest" time="1.018"/>
  <testcase name="getSubcontoListStepIsEmpty" classname="AutoTest.FinanceTest" time="1.031"/>
  <testcase name="getSubcontoListStepMaxPlus" classname="AutoTest.FinanceTest" time="0.936"/>
  <testcase name="getSubcontoListStepMaxPlus" classname="AutoTest.FinanceTest" time="1.001"/>
  <testcase name="getSubcontoListStepMaxPlus" classname="AutoTest.FinanceTest" time="1.012"/>
  <testcase name="getSubcontoListStepMaxPlus" classname="AutoTest.FinanceTest" time="0.995"/>
  <testcase name="getSubcontoListStepMaxPlus" classname="AutoTest.FinanceTest" time="1.059"/>
  <testcase name="getSubcontoListStepMaxPlus" classname="AutoTest.FinanceTest" time="0.954"/>
  <testcase name="getSubcontoListStepMaxPlus" classname="AutoTest.FinanceTest" time="0.988"/>
  <testcase name="getSubcontoListStepMaxPlus" classname="AutoTest.FinanceTest" time="1.033"/>
  <testcase name="getSubcontoListStepMaxPlus" classname="AutoTest.FinanceTest" time="1.042"/>
  <testcase name="getSubcontoListStepMaxPlus" classname="AutoTest.FinanceTest" time="0.934"/>
  <testcase name="getSubcontoListStepMaxPlus" classname="AutoTest.FinanceTest" time="1.033"/>
  <testcase name="getSubcontoListStepMaxPlus" classname="AutoTest.FinanceTest" time="1.104"/>
  <testcase name="getSubcontoListStepMaxPlus" classname="AutoTest.FinanceTest" time="0.918"/>
  <testcase name="getSubcontoListStepMaxPlus" classname="AutoTest.FinanceTest" time="0.975"/>
  <testcase name="getSubcontoListStepMaxPlus" classname="AutoTest.FinanceTest" time="0.969"/>
  <testcase name="getNomenclatureGuid" classname="AutoTest.NomenclatureTest" time="1.095"/>
  <testcase name="getNomenclatureGuidDataProvider" classname="AutoTest.NomenclatureTest" time="0.926"/>
  <testcase name="getNomenclatureGuidDataProvider" classname="AutoTest.NomenclatureTest" time="1.001"/>
  <testcase name="getNomenclatureGuidDataProvider" classname="AutoTest.NomenclatureTest" time="1.01"/>
  <testcase name="getNomenclatureGuidDataProvider" classname="AutoTest.NomenclatureTest" time="0.978"/>
  <testcase name="getNomenclatureGuidDataProvider" classname="AutoTest.NomenclatureTest" time="1.023"/>
  <testcase name="getNomenclatureGuidDataProvider" classname="AutoTest.NomenclatureTest" time="0.979"/>
  <testcase name="getNomenclatureGuidDataProvider" classname="AutoTest.NomenclatureTest" time="1.033"/>
  <testcase name="getNomenclatureGuidDataProvider" classname="AutoTest.NomenclatureTest" time="0.996"/>
  <testcase name="getNomenclatureGuidDataProvider" classname="AutoTest.NomenclatureTest" time="0.99"/>
  <testcase name="getNomenclatureGuidDataProvider" classname="AutoTest.NomenclatureTest" time="0.991"/>
  <testcase name="getNomenclatureGuidDataProvider" classname="AutoTest.NomenclatureTest" time="0.991"/>
  <testcase name="getNomenclatureSearchBodyIsEmpty" classname="AutoTest.NomenclatureTest" time="4.073"/>
  <testcase name="getNomenclatureSearchBodyIsEmpty" classname="AutoTest.NomenclatureTest" time="2.799"/>
  <testcase name="getNomenclatureSearchBodyIsEmpty" classname="AutoTest.NomenclatureTest" time="2.04"/>
  <testcase name="getNomenclatureSearchBodyIsEmpty" classname="AutoTest.NomenclatureTest" time="1.188"/>
  <testcase name="getNomenclatureSearchBodyIsEmpty" classname="AutoTest.NomenclatureTest" time="1.701"/>
  <testcase name="getNomenclatureSearchBodyIsEmpty" classname="AutoTest.NomenclatureTest" time="1.791"/>
  <testcase name="getNomenclatureSearchBodyIsEmpty" classname="AutoTest.NomenclatureTest" time="3.235"/>
  <testcase name="getNomenclatureSearchBodyIsEmpty" classname="AutoTest.NomenclatureTest" time="1.87"/>
  <testcase name="getNomenclatureSearchBodyIsEmpty" classname="AutoTest.NomenclatureTest" time="1.182"/>
  <testcase name="getNomenclatureSearchBodyIsEmpty" classname="AutoTest.NomenclatureTest" time="2.025"/>
  <testcase name="getNomenclatureSearchBodyIsEmpty" classname="AutoTest.NomenclatureTest" time="3.988"/>
  <testcase name="getNomenclatureSearchBodyIsEmpty" classname="AutoTest.NomenclatureTest" time="3.017"/>
  <testcase name="getNomenclatureSearchBodyIsEmpty" classname="AutoTest.NomenclatureTest" time="2.006"/>
  <testcase name="getNomenclatureSearchBodyIsEmpty" classname="AutoTest.NomenclatureTest" time="1.157"/>
  <testcase name="getNomenclatureSearchBodyIsEmpty" classname="AutoTest.NomenclatureTest" time="1.737"/>
  <testcase name="getNomenclatureSearchDataProviderService" classname="AutoTest.NomenclatureTest" time="4.747"/>
  <testcase name="getNomenclatureSearchDataProviderService" classname="AutoTest.NomenclatureTest" time="2.696"/>
  <testcase name="getNomenclatureSearchDataProviderService" classname="AutoTest.NomenclatureTest" time="3.366"/>
  <testcase name="getNomenclatureSearchDataProviderService" classname="AutoTest.NomenclatureTest" time="3.435"/>
  <testcase name="getNomenclatureSearchDataProviderService" classname="AutoTest.NomenclatureTest" time="1.103"/>
  <testcase name="getNomenclatureSearchDataProviderService" classname="AutoTest.NomenclatureTest" time="1.97"/>
  <testcase name="getNomenclatureSearchDataProviderService" classname="AutoTest.NomenclatureTest" time="78.027"/>
  <testcase name="getNomenclatureSearchDataProviderServiceIsAbsent" classname="AutoTest.NomenclatureTest" time="5.465"/>
  <testcase name="getNomenclatureSearchDataProviderServiceIsAbsent" classname="AutoTest.NomenclatureTest" time="2.805"/>
  <testcase name="getNomenclatureSearchDataProviderServiceIsAbsent" classname="AutoTest.NomenclatureTest" time="2.945"/>
  <testcase name="getNomenclatureSearchDataProviderServiceIsAbsent" classname="AutoTest.NomenclatureTest" time="1.784"/>
  <testcase name="getNomenclatureSearchDataProviderServiceIsAbsent" classname="AutoTest.NomenclatureTest" time="1.129"/>
  <testcase name="getNomenclatureSearchDataProviderServiceIsAbsent" classname="AutoTest.NomenclatureTest" time="2.21"/>
  <testcase name="getNomenclatureSearchDataProviderServiceIsAbsent" classname="AutoTest.NomenclatureTest" time="5.226"/>
  <testcase name="getNomenclatureSearchNegative" classname="AutoTest.NomenclatureTest" time="0.511"/>
  <testcase name="getNomenclatureSearchNegative" classname="AutoTest.NomenclatureTest" time="1.077"/>
  <testcase name="getNomenclatureSearchNegative" classname="AutoTest.NomenclatureTest" time="1.053"/>
  <testcase name="getNomenclatureSearchNegative" classname="AutoTest.NomenclatureTest" time="0.899"/>
  <testcase name="getNomenclatureSearchNegative" classname="AutoTest.NomenclatureTest" time="1.013"/>
  <testcase name="getNomenclatureSearchNegative" classname="AutoTest.NomenclatureTest" time="1.062"/>
  <testcase name="getNomenclatureSearchNegative" classname="AutoTest.NomenclatureTest" time="0.997"/>
  <testcase name="getNomenclatureSearchNegative" classname="AutoTest.NomenclatureTest" time="1.031"/>
  <testcase name="getNomenclatureSearchNegative" classname="AutoTest.NomenclatureTest" time="0.94"/>
  <testcase name="getNomenclatureSearchNegative" classname="AutoTest.NomenclatureTest" time="0.996"/>
  <testcase name="getNomenclatureSearchNegative" classname="AutoTest.NomenclatureTest" time="1.002"/>
  <testcase name="getNomenclatureSearchNegative" classname="AutoTest.NomenclatureTest" time="0.99"/>
  <testcase name="getNomenclatureSearchNegative" classname="AutoTest.NomenclatureTest" time="1.025"/>
  <testcase name="getNomenclatureSearchNegative" classname="AutoTest.NomenclatureTest" time="0.993"/>
  <testcase name="getNomenclatureSearchNegative" classname="AutoTest.NomenclatureTest" time="1.018"/>
  <testcase name="getNomenclatureSearchNegative" classname="AutoTest.NomenclatureTest" time="1.003"/>
  <testcase name="getNomenclatureSearchNegative" classname="AutoTest.NomenclatureTest" time="0.984"/>
  <testcase name="getNomenclatureSearchNegative" classname="AutoTest.NomenclatureTest" time="0.985"/>
  <testcase name="getNomenclatureSearchNegative" classname="AutoTest.NomenclatureTest" time="1.006"/>
  <testcase name="getNomenclatureSearchNegative" classname="AutoTest.NomenclatureTest" time="0.999"/>
  <testcase name="getNomenclatureSearchNegative" classname="AutoTest.NomenclatureTest" time="0.996"/>
  <testcase name="getNomenclatureSearchNegativeSte" classname="AutoTest.NomenclatureTest" time="0.999"/>
  <testcase name="getNomenclatureSearchNegativeSte" classname="AutoTest.NomenclatureTest" time="1.045"/>
  <testcase name="getNomenclatureSearchNegativeSte" classname="AutoTest.NomenclatureTest" time="0.955"/>
  <testcase name="getNomenclatureSearchNegativeSte" classname="AutoTest.NomenclatureTest" time="0.999"/>
  <testcase name="getNomenclatureSearchNegativeSte" classname="AutoTest.NomenclatureTest" time="1.113"/>
  <testcase name="getNomenclatureSearchNegativeSte" classname="AutoTest.NomenclatureTest" time="0.889"/>
  <testcase name="getNomenclatureSearchNegativeSte" classname="AutoTest.NomenclatureTest" time="1.306"/>
  <testcase name="getNomenclatureSearchNegativeSte" classname="AutoTest.NomenclatureTest" time="0.811"/>
  <testcase name="getNomenclatureSearchType1" classname="AutoTest.NomenclatureTest" time="5.379"/>
  <testcase name="getBankAccountGuid" classname="AutoTest.PartnerTest" time="0.605"/>
  <testcase name="getBankAccountGuidNotExist" classname="AutoTest.PartnerTest" time="0.956"/>
  <testcase name="getBankAccountGuidNotExist" classname="AutoTest.PartnerTest" time="0.989"/>
  <testcase name="getBankAccountGuidNotExist" classname="AutoTest.PartnerTest" time="0.968"/>
  <testcase name="getBankAccountGuidNotExist" classname="AutoTest.PartnerTest" time="1.041"/>
  <testcase name="getBankAccountGuidNotExist" classname="AutoTest.PartnerTest" time="1.032"/>
  <testcase name="getBankAccountGuidNotExist" classname="AutoTest.PartnerTest" time="0.947"/>
  <testcase name="getBankAccountGuidNotExist" classname="AutoTest.PartnerTest" time="1.007"/>
  <testcase name="getBankAccountGuidNotExist" classname="AutoTest.PartnerTest" time="0.991"/>
  <testcase name="getBankAccountGuidNotExist" classname="AutoTest.PartnerTest" time="1.002"/>
  <testcase name="getBankAccountGuidNotExist" classname="AutoTest.PartnerTest" time="1.033"/>
  <testcase name="getBankAccountGuidNotExist" classname="AutoTest.PartnerTest" time="0.98"/>
  <testcase name="getBankAccountList" classname="AutoTest.PartnerTest" time="1.09"/>
  <testcase name="getBankAccountList" classname="AutoTest.PartnerTest" time="0.944"/>
  <testcase name="getBankAccountList" classname="AutoTest.PartnerTest" time="0.983"/>
  <testcase name="getBankAccountList" classname="AutoTest.PartnerTest" time="1.027"/>
  <testcase name="getBankAccountList" classname="AutoTest.PartnerTest" time="0.979"/>
  <testcase name="getBankAccountList" classname="AutoTest.PartnerTest" time="1.032"/>
  <testcase name="getBankAccountMaxPlus" classname="AutoTest.PartnerTest" time="1.004"/>
  <testcase name="getBankAccountMaxPlus" classname="AutoTest.PartnerTest" time="1.012"/>
  <testcase name="getBankAccountMaxPlus" classname="AutoTest.PartnerTest" time="0.984"/>
  <testcase name="getBankAccountMaxPlus" classname="AutoTest.PartnerTest" time="0.975"/>
  <testcase name="getBankAccountMaxPlus" classname="AutoTest.PartnerTest" time="0.995"/>
  <testcase name="getBankAccountMaxPlus" classname="AutoTest.PartnerTest" time="1.078"/>
  <testcase name="getBankAccountMaxPlus" classname="AutoTest.PartnerTest" time="0.927"/>
  <testcase name="getBankAccountMaxPlus" classname="AutoTest.PartnerTest" time="0.992"/>
  <testcase name="getBankAccountMaxPlus" classname="AutoTest.PartnerTest" time="1.034"/>
  <testcase name="getBankAccountMaxPlus" classname="AutoTest.PartnerTest" time="1.036"/>
  <testcase name="getBankAccountMaxPlus" classname="AutoTest.PartnerTest" time="0.959"/>
  <testcase name="getBankAccountMaxPlus" classname="AutoTest.PartnerTest" time="0.949"/>
  <testcase name="getBankAccountMaxPlus" classname="AutoTest.PartnerTest" time="1.013"/>
  <testcase name="getBankAccountMaxPlus" classname="AutoTest.PartnerTest" time="1.029"/>
  <testcase name="getBankAccountMaxPlus" classname="AutoTest.PartnerTest" time="1.04"/>
  <testcase name="getBankAccountStepIsEmpty" classname="AutoTest.PartnerTest" time="0.986"/>
  <testcase name="getBankAccountTypeGuid" classname="AutoTest.PartnerTest" time="1.02"/>
  <testcase name="getBankAccountTypeGuidNotExist" classname="AutoTest.PartnerTest" time="0.992"/>
  <testcase name="getBankAccountTypeGuidNotExist" classname="AutoTest.PartnerTest" time="0.936"/>
  <testcase name="getBankAccountTypeGuidNotExist" classname="AutoTest.PartnerTest" time="1.055"/>
  <testcase name="getBankAccountTypeGuidNotExist" classname="AutoTest.PartnerTest" time="0.985"/>
  <testcase name="getBankAccountTypeGuidNotExist" classname="AutoTest.PartnerTest" time="1.005"/>
  <testcase name="getBankAccountTypeGuidNotExist" classname="AutoTest.PartnerTest" time="0.997"/>
  <testcase name="getBankAccountTypeGuidNotExist" classname="AutoTest.PartnerTest" time="0.995"/>
  <testcase name="getBankAccountTypeGuidNotExist" classname="AutoTest.PartnerTest" time="1.008"/>
  <testcase name="getBankAccountTypeGuidNotExist" classname="AutoTest.PartnerTest" time="0.986"/>
  <testcase name="getBankAccountTypeGuidNotExist" classname="AutoTest.PartnerTest" time="1.016"/>
  <testcase name="getBankAccountTypeGuidNotExist" classname="AutoTest.PartnerTest" time="1.017"/>
  <testcase name="getBankAccountTypeList" classname="AutoTest.PartnerTest" time="1.012"/>
  <testcase name="getBankAccountTypeList" classname="AutoTest.PartnerTest" time="0.975"/>
  <testcase name="getBankAccountTypeList" classname="AutoTest.PartnerTest" time="1.329"/>
  <testcase name="getBankAccountTypeList" classname="AutoTest.PartnerTest" time="0.636"/>
  <testcase name="getBankAccountTypeList" classname="AutoTest.PartnerTest" time="1.019"/>
  <testcase name="getBankAccountTypeList" classname="AutoTest.PartnerTest" time="1.004"/>
  <testcase name="getBankAccountTypeMaxPlus" classname="AutoTest.PartnerTest" time="1.046"/>
  <testcase name="getBankAccountTypeMaxPlus" classname="AutoTest.PartnerTest" time="0.932"/>
  <testcase name="getBankAccountTypeMaxPlus" classname="AutoTest.PartnerTest" time="1"/>
  <testcase name="getBankAccountTypeMaxPlus" classname="AutoTest.PartnerTest" time="1.032"/>
  <testcase name="getBankAccountTypeMaxPlus" classname="AutoTest.PartnerTest" time="0.998"/>
  <testcase name="getBankAccountTypeMaxPlus" classname="AutoTest.PartnerTest" time="1.059"/>
  <testcase name="getBankAccountTypeMaxPlus" classname="AutoTest.PartnerTest" time="0.948"/>
  <testcase name="getBankAccountTypeMaxPlus" classname="AutoTest.PartnerTest" time="0.991"/>
  <testcase name="getBankAccountTypeMaxPlus" classname="AutoTest.PartnerTest" time="1.058"/>
[...]
        "division": "45c669b4-894e-11ee-b5b1-005056013b0c",
        "divisionCode": "9",
        "divisionHistory": [
            {
                "division": "45c669b4-894e-11ee-b5b1-005056013b0c",
                "code": "9",
                "date": "2021-12-31T21:00:00Z"
            },
            {
                "division": "45c669b1-894e-11ee-b5b1-005056013b0c",
                "code": "5",
                "date": "2020-12-31T21:00:00Z"
            },
            {
                "division": "45c669b3-894e-11ee-b5b1-005056013b0c",
                "code": "7",
                "date": "0001-01-01T00:00:00Z"
            }
        ],
        "comment": "",
        "ogrn": "",
        "dateRegistration": "2005-02-27T21:00:00Z",
        "okpo": "",
        "okved": "00000000-0000-0000-0000-000000000000",
        "okvedCode": "",
        "ifnsCode": "",
        "ifnsName": "",
        "taxCode": "",
        "taxName": "",
        "certificateCode": "",
        "certificateDate": "0001-01-01T00:00:00Z",
        "contactInformation": [
            
        ]
    },
    {
        "guid": "a6b2fbce-b119-11ee-b5b6-005056013b0c",
        "archive": true,
        "dateOutputArchive": "2020-09-16T21:00:00Z",
        "code": "1165",
        "codeMSFO": "11117",
        "partner": "b0b67a54-9f7d-11ee-b5b3-005056013b0c",
        "virtual": false,
        "name": "ООО Чебоксарский сталеплавильный завод",
        "nameAbbreviated": "Сталь ООО",
        "nameFull": "Общество с ограниченной ответственностью Чебоксарский сталеплавильный завод",
        "nameEnglish": "Steel",
        "type": 1,
        "noResident": false,
        "inn": "2127314114",
        "kpp": "213001001",
        "kppAdditional": "",
        "registrationNumber": "",
        "separateUnit": false,
        "organizationHead": "00000000-0000-0000-0000-000000000000",
        "concernType": "00000000-0000-0000-0000-000000000000",
        "concernTypeCode": "",
        "concernTypeHistory": [
            
        ],
        "basis": "",
        "division": "45c669b4-894e-11ee-b5b1-005056013b0c",
        "divisionCode": "9",
        "divisionHistory": [
            {
                "division": "45c669b1-894e-11ee-b5b1-005056013b0c",
                "code": "5",
                "date": "0001-01-01T00:00:00Z"
            },
            {
                "division": "45c669b4-894e-11ee-b5b1-005056013b0c",
                "code": "9",
                "date": "2020-09-07T21:00:00Z"
            }
        ],
        "comment": "",
        "ogrn": "",
        "dateRegistration": "2002-08-04T20:00:00Z",
        "okpo": "",
        "okved": "00000000-0000-0000-0000-000000000000",
        "okvedCode": "",
        "ifnsCode": "",
        "ifnsName": "",
        "taxCode": "",
        "taxName": "",
        "certificateCode": "",
        "certificateDate": "0001-01-01T00:00:00Z",
        "contactInformation": [
            
        ]
    },
    {
        "guid": "a6b2fd12-b119-11ee-b5b6-005056013b0c",
        "archive": true,
        "dateOutputArchive": "2022-04-26T21:00:00Z",
        "code": "2286",
        "codeMSFO": "11161",
        "partner": "1b7580ff-9f7d-11ee-b5b3-005056013b0c",
        "virtual": false,
        "name": "АО ПО КЗК(История)",
        "nameAbbreviated": "КЗК(АО История)",
        "nameFull": "АКЦИОНЕРНОЕ ОБЩЕСТВО ПРОИЗВОДСТВЕННОЕ ОБЪЕДИНЕНИЕ КРАСНОЯРСКИЙ ЗАВОД КОМБАЙНОВ (История)",
        "nameEnglish": "",
        "type": 1,
        "noResident": false,
        "inn": "",
        "kpp": "",
        "kppAdditional": "",
        "registrationNumber": "",
        "separateUnit": false,
        "organizationHead": "00000000-0000-0000-0000-000000000000",
        "concernType": "00000000-0000-0000-0000-000000000000",
        "concernTypeCode": "",
        "concernTypeHistory": [
            
        ],
        "basis": "",
        "division": "45c669b1-894e-11ee-b5b1-005056013b0c",
        "divisionCode": "5",
        "divisionHistory": [
            
        ],
        "comment": "",
        "ogrn": "",
        "dateRegistration": "2002-09-18T20:00:00Z",
        "okpo": "",
        "okved": "00000000-0000-0000-0000-000000000000",
        "okvedCode": "",
        "ifnsCode": "",
        "ifnsName": "",
        "taxCode": "",
        "taxName": "",
        "certificateCode": "",
        "certificateDate": "0001-01-01T00:00:00Z",
        "contactInformation": [
            
        ]
    },
    {
        "guid": "b5bf525b-8aaa-11ee-b5b1-005056013b0c",
        "archive": false,
        "dateOutputArchive": "0001-01-01T00:00:00Z",
        "code": "1298",
        "codeMSFO": "11226",
        "partner": "e079d7a8-9f7d-11ee-b5b3-005056013b0c",
        "virtual": false,
        "name": "ООО ЗАВОД АГРОМАШ",
        "nameAbbreviated": "ЗАВОД АГРОМАШ ООО",
        "nameFull": "ОБЩЕСТВО С ОГРАНИЧЕННОЙ ОТВЕТСТВЕННОСТЬЮ ЗАВОД АГРОМАШ",
        "nameEnglish": "",
        "type": 1,
        "noResident": false,
        "inn": "2456012447",
        "kpp": "213001001",
        "kppAdditional": "",
        "registrationNumber": "",
        "separateUnit": false,
        "organizationHead": "00000000-0000-0000-0000-000000000000",
        "concernType": "78f12e4b-8aa4-11ee-b5b1-005056013b0c",
        "concernTypeCode": "2",
        "concernTypeHistory": [
            
        ],
        "basis": "не применимо",
        "division": "45c669af-894e-11ee-b5b1-005056013b0c",
        "divisionCode": "3",
        "divisionHistory": [
            {
                "division": "45c669af-894e-11ee-b5b1-005056013b0c",
                "code": "3",
                "date": "2018-12-31T21:00:00Z"
            },
            {
                "division": "45c669b2-894e-11ee-b5b1-005056013b0c",
                "code": "6",
                "date": "0001-01-01T00:00:00Z"
            }
        ],
        "comment": "",
        "ogrn": "",
        "dateRegistration": "2008-06-29T20:00:00Z",
        "okpo": "",
        "okved": "00000000-0000-0000-0000-000000000000",
        "okvedCode": "",
        "ifnsCode": "",
        "ifnsName": "",
        "taxCode": "",
        "taxName": "",
        "certificateCode": "",
        "certificateDate": "0001-01-01T00:00:00Z",
        "contactInformation": [
            
        ]
    },
    {
        "guid": "a6b2fce9-b119-11ee-b5b6-005056013b0c",
        "archive": true,
        "dateOutputArchive": "2023-07-17T21:00:00Z",
        "code": "2264",
        "codeMSFO": "11227",
        "partner": "1b7580cd-9f7d-11ee-b5b3-005056013b0c",
        "virtual": false,
        "name": "ООО ККУ",
        "nameAbbreviated": "ККУ ООО",
        "nameFull": "ОБЩЕСТВО С ОГРАНИЧЕННОЙ ОТВЕТСТВЕННОСТЬЮ КОМПАНИЯ КОРПОРАТИВНОГО УПРАВЛЕНИЯ",
        "nameEnglish": "",
        "type": 1,
        "noResident": false,
        "inn": "2130001337",
        "kpp": "213001001",
        "kppAdditional": "213050001",
        "registrationNumber": "",
        "separateUnit": false,
        "organizationHead": "00000000-0000-0000-0000-000000000000",
        "concernType": "00000000-0000-0000-0000-000000000000",
        "concernTypeCode": "",
        "concernTypeHistory": [
            
        ],
        "basis": "",
        "division": "45c669b4-894e-11ee-b5b1-005056013b0c",
        "divisionCode": "9",
        "divisionHistory": [
            {
                "division": "45c669b1-894e-11ee-b5b1-005056013b0c",
                "code": "5",
                "date": "0001-01-01T00:00:00Z"
            },
            {
                "division": "45c669b4-894e-11ee-b5b1-005056013b0c",
                "code": "9",
                "date": "2022-12-31T21:00:00Z"
            }
        ],
        "comment": "",
        "ogrn": "",
        "dateRegistration": "2006-05-11T20:00:00Z",
        "okpo": "",
        "okved": "00000000-0000-0000-0000-000000000000",
        "okvedCode": "",
        "ifnsCode": "",
        "ifnsName": "",
        "taxCode": "",
        "taxName": "",
        "certificateCode": "",
        "certificateDate": "0001-01-01T00:00:00Z",
        "contactInformation": [
            
        ]
    },
    {
        "guid": "a6b2fd1f-b119-11ee-b5b6-005056013b0c",
        "archive": true,
        "dateOutputArchive": "2022-05-22T21:00:00Z",
        "code": "2625",
        "codeMSFO": "11116",
        "partner": "80f4ed35-9f7d-11ee-b5b3-005056013b0c",
        "virtual": false,
        "name": "ООО ПТЛ",
        "nameAbbreviated": "ПТЛ ООО",
        "nameFull": "Общество с ограниченной ответственностью Чебоксарский завод промышленного литья",
        "nameEnglish": "",
        "type": 1,
        "noResident": false,
        "inn": "2127318422",
        "kpp": "213001001",
        "kppAdditional": "213050001",
        "registrationNumber": "",
        "separateUnit": false,
        "organizationHead": "00000000-0000-0000-0000-000000000000",
        "concernType": "00000000-0000-0000-0000-000000000000",
        "concernTypeCode": "",
        "concernTypeHistory": [
            
        ],
        "basis": "",
        "division": "45c669b4-894e-11ee-b5b1-005056013b0c",
        "divisionCode": "9",
        "divisionHistory": [
            {
                "division": "45c669b3-894e-11ee-b5b1-005056013b0c",
                "code": "7",
                "date": "0001-01-01T00:00:00Z"
            },
            {
                "division": "45c669b1-894e-11ee-b5b1-005056013b0c",
                "code": "5",
                "date": "2019-06-30T21:00:00Z"
            },
            {
                "division": "45c669b4-894e-11ee-b5b1-005056013b0c",
                "code": "9",
                "date": "2022-05-23T21:00:00Z"
            }
        ],
        "comment": "",
        "ogrn": "",
        "dateRegistration": "2002-08-04T20:00:00Z",
        "okpo": "",
        "okved": "00000000-0000-0000-0000-000000000000",
        "okvedCode": "",
        "ifnsCode": "",
        "ifnsName": "",
        "taxCode": "",
        "taxName": "",
        "certificateCode": "",
        "certificateDate": "0001-01-01T00:00:00Z",
        "contactInformation": [
            
        ]
    },
    {
        "guid": "a6b2fd21-b119-11ee-b5b6-005056013b0c",
        "archive": false,
        "dateOutputArchive": "0001-01-01T00:00:00Z",
        "code": "2907",
        "codeMSFO": "12801",
        "partner": "b6afc5d0-9f7d-11ee-b5b3-005056013b0c",
        "virtual": false,
        "name": "ООО ИТС",
        "nameAbbreviated": "ИТС ООО",
        "nameFull": "ОБЩЕСТВО С ОГРАНИЧЕННОЙ ОТВЕТСТВЕННОСТЬЮ ИТ-СОФТ",
        "nameEnglish": "",
        "type": 1,
        "noResident": false,
        "inn": "2130227743",
        "kpp": "213001001",
        "kppAdditional": "",
        "registrationNumber": "",
        "separateUnit": false,
        "organizationHead": "00000000-0000-0000-0000-000000000000",
        "concernType": "00000000-0000-0000-0000-000000000000",
        "concernTypeCode": "",
        "concernTypeHistory": [
            
        ],
        "basis": "",
        "division": "45c669b1-894e-11ee-b5b1-005056013b0c",
        "divisionCode": "5",
        "divisionHistory": [
            
        ],
        "comment": "",
        "ogrn": "",
        "dateRegistration": "2021-12-31T21:00:00Z",
        "okpo": "",
        "okved": "00000000-0000-0000-0000-000000000000",
        "okvedCode": "",
        "ifnsCode": "",
        "ifnsName": "",
        "taxCode": "",
        "taxName": "",
        "certificateCode": "",
        "certificateDate": "0001-01-01T00:00:00Z",
        "contactInformation": [
            
        ]
    },
    {
        "guid": "a6b2fcf9-b119-11ee-b5b6-005056013b0c",
        "archive": true,
        "dateOutputArchive": "2022-11-14T21:00:00Z",
        "code": "2465",
        "codeMSFO": "11131",
        "partner": "75046490-9f7d-11ee-b5b3-005056013b0c",
        "virtual": false,
        "name": "ЧАЗ",
        "nameAbbreviated": "ПАО ЧАЗ",
        "nameFull": "Публичное акционерное общество Чебоксарский агрегатный завод",
        "nameEnglish": "",
        "type": 1,
        "noResident": false,
        "inn": "2126001687",
        "kpp": "213001001",
        "kppAdditional": "",
        "registrationNumber": "",
        "separateUnit": false,
        "organizationHead": "00000000-0000-0000-0000-000000000000",
        "concernType": "00000000-0000-0000-0000-000000000000",
        "concernTypeCode": "",
        "concernTypeHistory": [
            
        ],
        "basis": "",
        "division": "45c669b1-894e-11ee-b5b1-005056013b0c",
        "divisionCode": "5",
        "divisionHistory": [
            {
                "division": "45c669b2-894e-11ee-b5b1-005056013b0c",
                "code": "6",
                "date": "0001-01-01T00:00:00Z"
            },
            {
                "division": "45c669b1-894e-11ee-b5b1-005056013b0c",
                "code": "5",
                "date": "2019-12-31T21:00:00Z"
            }
        ],
        "comment": "",
        "ogrn": "",
        "dateRegistration": "2002-08-20T20:00:00Z",
        "okpo": "",
        "okved": "00000000-0000-0000-0000-000000000000",
        "okvedCode": "",
        "ifnsCode": "",
        "ifnsName": "",
        "taxCode": "",
        "taxName": "",
        "certificateCode": "",
        "certificateDate": "0001-01-01T00:00:00Z",
        "contactInformation": [
            
        ]
    },
    {
        "guid": "a6b2fb03-b119-11ee-b5b6-005056013b0c",
        "archive": true,
        "dateOutputArchive": "2023-06-18T21:00:00Z",
        "code": "25",
        "codeMSFO": "11132",
        "partner": "e72505bc-9f7e-11ee-b5b3-005056013b0c",
        "virtual": false,
        "name": "ООО ПРОМТЕХ",
        "nameAbbreviated": "Промтех ООО",
        "nameFull": "Общество с ограниченной ответственностью Промышленные технологии",
        "nameEnglish": "",
        "type": 1,
        "noResident": false,
        "inn": "7720282707",
        "kpp": "771301001",
        "kppAdditional": "",
        "registrationNumber": "",
        "separateUnit": false,
        "organizationHead": "00000000-0000-0000-0000-000000000000",
        "concernType": "00000000-0000-0000-0000-000000000000",
        "concernTypeCode": "",
        "concernTypeHistory": [
            
        ],
        "basis": "",
        "division": "45c669b4-894e-11ee-b5b1-005056013b0c",
        "divisionCode": "9",
        "divisionHistory": [
            {
                "division": "45c669b1-894e-11ee-b5b1-005056013b0c",
                "code": "5",
                "date": "0001-01-01T00:00:00Z"
            },
            {
                "division": "45c669b4-894e-11ee-b5b1-005056013b0c",
                "code": "9",
                "date": "2022-12-31T21:00:00Z"
            }
        ],
        "comment": "",
        "ogrn": "",
        "dateRegistration": "2003-09-07T20:00:00Z",
        "okpo": "",
        "okved": "00000000-0000-0000-0000-000000000000",
        "okvedCode": "",
        "ifnsCode": "",
        "ifnsName": "",
        "taxCode": "",
        "taxName": "",
        "certificateCode": "",
        "certificateDate": "0001-01-01T00:00:00Z",
        "contactInformation": [
            
        ]
    },
    {
        "guid": "a6b2fcea-b119-11ee-b5b6-005056013b0c",
        "archive": true,
        "dateOutputArchive": "2021-02-23T21:00:00Z",
        "code": "2328",
        "codeMSFO": "11135",
        "partner": "157c644b-9f7d-11ee-b5b3-005056013b0c",
        "virtual": false,
        "name": "ООО КЗЧ",
        "nameAbbreviated": "КЗЧ ООО",
        "nameFull": "Общество с ограниченной ответственностью Комплектующие и запасные части",
        "nameEnglish": "",
        "type": 1,
        "noResident": false,
        "inn": "2130009512",
        "kpp": "213001001",
        "kppAdditional": "",
        "registrationNumber": "",
        "separateUnit": false,
        "organizationHead": "00000000-0000-0000-0000-000000000000",
        "concernType": "00000000-0000-0000-0000-000000000000",
        "concernTypeCode": "",
        "concernTypeHistory": [
            
        ],
        "basis": "",
        "division": "45c669b4-894e-11ee-b5b1-005056013b0c",
        "divisionCode": "9",
        "divisionHistory": [
            {
                "division": "45c669b2-894e-11ee-b5b1-005056013b0c",
                "code": "6",
                "date": "0001-01-01T00:00:00Z"
            },
            {
                "division": "45c669b4-894e-11ee-b5b1-005056013b0c",
                "code": "9",
                "date": "2018-07-31T21:00:00Z"
            }
        ],
        "comment": "",
        "ogrn": "",
        "dateRegistration": "2006-11-06T21:00:00Z",
        "okpo": "",
        "okved": "00000000-0000-0000-0000-000000000000",
        "okvedCode": "",
        "ifnsCode": "",
        "ifnsName": "",
        "taxCode": "",
        "taxName": "",
        "certificateCode": "",
        "certificateDate": "0001-01-01T00:00:00Z",
        "contactInformation": [
            
        ]
    }
]
]]></system-out>
  </testcase>
  <testcase name="getSfoGuid" classname="AutoTest.StructureTest" time="0.237"/>
  <testcase name="getSfoGuidNotExist" classname="AutoTest.StructureTest" time="0.946"/>
  <testcase name="getSfoGuidNotExist" classname="AutoTest.StructureTest" time="1.002"/>
  <testcase name="getSfoGuidNotExist" classname="AutoTest.StructureTest" time="1.03"/>
  <testcase name="getSfoGuidNotExist" classname="AutoTest.StructureTest" time="0.985"/>
  <testcase name="getSfoGuidNotExist" classname="AutoTest.StructureTest" time="1.015"/>
  <testcase name="getSfoGuidNotExist" classname="AutoTest.StructureTest" time="1.048"/>
  <testcase name="getSfoGuidNotExist" classname="AutoTest.StructureTest" time="0.917"/>
  <testcase name="getSfoGuidNotExist" classname="AutoTest.StructureTest" time="1.089"/>
  <testcase name="getSfoGuidNotExist" classname="AutoTest.StructureTest" time="0.931"/>
  <testcase name="getSfoGuidNotExist" classname="AutoTest.StructureTest" time="1.002"/>
  <testcase name="getSfoGuidNotExist" classname="AutoTest.StructureTest" time="1.152"/>
  <testcase name="getSfoList" classname="AutoTest.StructureTest" time="0.872"/>
  <testcase name="getSfoList" classname="AutoTest.StructureTest" time="1.015"/>
  <testcase name="getSfoList" classname="AutoTest.StructureTest" time="0.99"/>
  <testcase name="getSfoList" classname="AutoTest.StructureTest" time="1.113"/>
  <testcase name="getSfoList" classname="AutoTest.StructureTest" time="1.033"/>
  <testcase name="getSfoList" classname="AutoTest.StructureTest" time="0.98"/>
  <testcase name="getSfoListStepIsEmpty" classname="AutoTest.StructureTest" time="1.075"/>
  <testcase name="getSfoListStepMaxPlus" classname="AutoTest.StructureTest" time="0.795"/>
  <testcase name="getSfoListStepMaxPlus" classname="AutoTest.StructureTest" time="1.12"/>
  <testcase name="getSfoListStepMaxPlus" classname="AutoTest.StructureTest" time="0.879"/>
  <testcase name="getSfoListStepMaxPlus" classname="AutoTest.StructureTest" time="0.992"/>
  <testcase name="getSfoListStepMaxPlus" classname="AutoTest.StructureTest" time="1.009"/>
  <testcase name="getSfoListStepMaxPlus" classname="AutoTest.StructureTest" time="1"/>
  <testcase name="getSfoListStepMaxPlus" classname="AutoTest.StructureTest" time="0.996"/>
  <testcase name="getSfoListStepMaxPlus" classname="AutoTest.StructureTest" time="1.013"/>
  <testcase name="getSfoListStepMaxPlus" classname="AutoTest.StructureTest" time="1.014"/>
  <testcase name="getSfoListStepMaxPlus" classname="AutoTest.StructureTest" time="1.011"/>
  <testcase name="getSfoListStepMaxPlus" classname="AutoTest.StructureTest" time="1.001"/>
  <testcase name="getSfoListStepMaxPlus" classname="AutoTest.StructureTest" time="0.997"/>
  <testcase name="getSfoListStepMaxPlus" classname="AutoTest.StructureTest" time="1.006"/>
  <testcase name="getSfoListStepMaxPlus" classname="AutoTest.StructureTest" time="1.039"/>
  <testcase name="getSfoListStepMaxPlus" classname="AutoTest.StructureTest" time="1.004"/>
</testsuite>