-------------------------------------------------------------------------------
Test set: TestSuite
-------------------------------------------------------------------------------
Tests run: 823, Failures: 99, Errors: 0, Skipped: 0, Time elapsed: 865.242 sec <<< FAILURE! - in TestSuite
getChangeRequestGuid(AutoTest.ApplicationTest)  Time elapsed: 5.81 sec  <<< FAILURE!
java.lang.AssertionError: 
1 expectation failed.
Response body doesn't match expectation.
Expected: The content to match the given JSON schema.
error: string "" is too short (length: 0, required minimum: 1)
    level: "error"
    schema: {"loadingURI":"file:/C:/Users/Sasha/Api/target/test-classes/getChangeRequest.json#","pointer":"/properties/data/properties/code"}
    instance: {"pointer":"/data/code"}
    domain: "validation"
    keyword: "minLength"
    value: ""
    found: 0
    minLength: 1
error: string "" is too short (length: 0, required minimum: 1)
    level: "error"
    schema: {"loadingURI":"file:/C:/Users/Sasha/Api/target/test-classes/getChangeRequest.json#","pointer":"/properties/data/properties/codeEOP"}
    instance: {"pointer":"/data/codeEOP"}
    domain: "validation"
    keyword: "minLength"
    value: ""
    found: 0
    minLength: 1
error: string "" is too short (length: 0, required minimum: 1)
    level: "error"
    schema: {"loadingURI":"file:/C:/Users/Sasha/Api/target/test-classes/getChangeRequest.json#","pointer":"/properties/data/properties/codeUC"}
    instance: {"pointer":"/data/codeUC"}
    domain: "validation"
    keyword: "minLength"
    value: ""
    found: 0
    minLength: 1
error: string "" is too short (length: 0, required minimum: 1)
    level: "error"
    schema: {"loadingURI":"file:/C:/Users/Sasha/Api/target/test-classes/getChangeRequest.json#","pointer":"/properties/data/properties/image"}
    instance: {"pointer":"/data/image"}
    domain: "validation"
    keyword: "minLength"
    value: ""
    found: 0
    minLength: 1
error: string "" is too short (length: 0, required minimum: 1)
    level: "error"
    schema: {"loadingURI":"file:/C:/Users/Sasha/Api/target/test-classes/getChangeRequest.json#","pointer":"/properties/data/properties/material"}
    instance: {"pointer":"/data/material"}
    domain: "validation"
    keyword: "minLength"
    value: ""
    found: 0
    minLength: 1
error: string "" is too short (length: 0, required minimum: 1)
    level: "error"
    schema: {"loadingURI":"file:/C:/Users/Sasha/Api/target/test-classes/getChangeRequest.json#","pointer":"/properties/data/properties/name"}
    instance: {"pointer":"/data/name"}
    domain: "validation"
    keyword: "minLength"
    value: ""
    found: 0
    minLength: 1
error: string "" is too short (length: 0, required minimum: 1)
    level: "error"
    schema: {"loadingURI":"file:/C:/Users/Sasha/Api/target/test-classes/getChangeRequest.json#","pointer":"/properties/data/properties/nameFull"}
    instance: {"pointer":"/data/nameFull"}
    domain: "validation"
    keyword: "minLength"
    value: ""
    found: 0
    minLength: 1
error: string "" is too short (length: 0, required minimum: 36)
    level: "error"
    schema: {"loadingURI":"file:/C:/Users/Sasha/Api/target/test-classes/getChangeRequest.json#","pointer":"/properties/data/properties/referencePosition"}
    instance: {"pointer":"/data/referencePosition"}
    domain: "validation"
    keyword: "minLength"
    value: ""
    found: 0
    minLength: 36
error: instance value (0) not found in enum (possible values: [1,2,3,5])
    level: "error"
    schema: {"loadingURI":"file:/C:/Users/Sasha/Api/target/test-classes/getChangeRequest.json#","pointer":"/properties/data/properties/seriality"}
    instance: {"pointer":"/data/seriality"}
    domain: "validation"
    keyword: "enum"
    value: 0
    enum: [1,2,3,5]
error: string "" is too short (length: 0, required minimum: 1)
    level: "error"
    schema: {"loadingURI":"file:/C:/Users/Sasha/Api/target/test-classes/getChangeRequest.json#","pointer":"/properties/data/properties/sortament"}
    instance: {"pointer":"/data/sortament"}
    domain: "validation"
    keyword: "minLength"
    value: ""
    found: 0
    minLength: 1
error: string "" is too short (length: 0, required minimum: 1)
    level: "error"
    schema: {"loadingURI":"file:/C:/Users/Sasha/Api/target/test-classes/getChangeRequest.json#","pointer":"/properties/data/properties/sortamentGOST"}
    instance: {"pointer":"/data/sortamentGOST"}
    domain: "validation"
    keyword: "minLength"
    value: ""
    found: 0
    minLength: 1

  Actual: {
"guid": "31c9ca2a-b120-41f8-aa86-8cffb2627492",
"be": "",
"status": 5,
"code": "000000014",
"autor": {
"fio": "",
"email": ""
},
"responsible": {
"fio": "",
"email": ""
},
"date": "2023-07-25T15:22:04",
"periodExecution": "2023-07-25T15:28:04",
"comment": "",
"data": {
"guid": "00000000-0000-0000-0000-000000000000",
"code": "",
"name": "",
"comment": "",
"archive": false,
"dateOutputArchive": "0001-01-01T00:00:00",
"nameFull": "",
"namePurchasing": "",
"nameSale": "",
"baseUnit": "00000000-0000-0000-0000-000000000000",
"baseUnitCode": 0,
"materialGOST": "",
"tnved": "00000000-0000-0000-0000-000000000000",
"okved": "00000000-0000-0000-0000-000000000000",
"okpd2": "00000000-0000-0000-0000-000000000000",
"classifierEOP": "00000000-0000-0000-0000-000000000000",
"codeEOP": "",
"material": "",
"sortament": "",
"image": "",
"electronicCatalog": false,
"service": false,
"sortamentGOST": "",
"consolidatedRecord": false,
"drawingDenotation": "",
"seriality": 0,
"obsolete": false,
"analyticsPurchasable": "00000000-0000-0000-0000-000000000000",
"referencePosition": "",
"ownershipSign": 0,
"unifiedClassifier": "00000000-0000-0000-0000-000000000000",
"codeUC": "",
"height": 0,
"width": 0,
"length": 0,
"dimensionsUnit": "00000000-0000-0000-0000-000000000000",
"dimensionsUnitCode": 0,
"weight": 0,
"weightUnit": "00000000-0000-0000-0000-000000000000",
"weightUnitCode": 0,
"groupCost": "00000000-0000-0000-0000-000000000000",
"oneTimePurchase": false,
"includedEOP": false,
"properties": [],
"alternativeUnit": [],
"analogue": [],
"spares": [],
"suppliers": [],
"occurrences": []
}
}

	at AutoTest.ApplicationTest.getChangeRequestGuid(ApplicationTest.java:24)

getTestChangeRequestGuid5(AutoTest.ApplicationTest)  Time elapsed: 0.997 sec  <<< FAILURE!
java.lang.AssertionError: 
1 expectation failed.
Expected status code <200> but was <400>.

	at AutoTest.ApplicationTest.getTestChangeRequestGuid5(ApplicationTest.java:35)

getListOfChangesDateIsEmpty(AutoTest.AuxiliaryTest)  Time elapsed: 1.436 sec  <<< FAILURE!
java.lang.AssertionError: 
1 expectation failed.
JSON path size() doesn't match.
Expected: is <5>
  Actual: <0>

	at AutoTest.AuxiliaryTest.getListOfChangesDateIsEmpty(AuxiliaryTest.java:117)

getListOfChangesDateIsEmpty(AutoTest.AuxiliaryTest)  Time elapsed: 0.754 sec  <<< FAILURE!
java.lang.AssertionError: 
1 expectation failed.
Expected status code <200> but was <400>.

	at AutoTest.AuxiliaryTest.getListOfChangesDateIsEmpty(AuxiliaryTest.java:115)

getListOfChangesDateIsEmpty(AutoTest.AuxiliaryTest)  Time elapsed: 0.804 sec  <<< FAILURE!
java.lang.AssertionError: 
1 expectation failed.
JSON path size() doesn't match.
Expected: is <1>
  Actual: <0>

	at AutoTest.AuxiliaryTest.getListOfChangesDateIsEmpty(AuxiliaryTest.java:117)

getListOfChangesDateIsEmpty(AutoTest.AuxiliaryTest)  Time elapsed: 1.032 sec  <<< FAILURE!
java.lang.AssertionError: 
1 expectation failed.
JSON path size() doesn't match.
Expected: is <1>
  Actual: <0>

	at AutoTest.AuxiliaryTest.getListOfChangesDateIsEmpty(AuxiliaryTest.java:117)

getListOfChangesDateIsEmpty(AutoTest.AuxiliaryTest)  Time elapsed: 1.126 sec  <<< FAILURE!
java.lang.AssertionError: 
1 expectation failed.
JSON path size() doesn't match.
Expected: is <1>
  Actual: <0>

	at AutoTest.AuxiliaryTest.getListOfChangesDateIsEmpty(AuxiliaryTest.java:117)

getListOfChangesDateIsEmpty(AutoTest.AuxiliaryTest)  Time elapsed: 0.893 sec  <<< FAILURE!
java.lang.AssertionError: 
1 expectation failed.
JSON path size() doesn't match.
Expected: is <1>
  Actual: <0>

	at AutoTest.AuxiliaryTest.getListOfChangesDateIsEmpty(AuxiliaryTest.java:117)

getListOfChangesDateIsEmpty(AutoTest.AuxiliaryTest)  Time elapsed: 0.971 sec  <<< FAILURE!
java.lang.AssertionError: 
1 expectation failed.
JSON path size() doesn't match.
Expected: is <1>
  Actual: <0>

	at AutoTest.AuxiliaryTest.getListOfChangesDateIsEmpty(AuxiliaryTest.java:117)

getListOfChangesDateIsEmpty(AutoTest.AuxiliaryTest)  Time elapsed: 1.127 sec  <<< FAILURE!
java.lang.AssertionError: 
1 expectation failed.
JSON path size() doesn't match.
Expected: is <5>
  Actual: <0>

	at AutoTest.AuxiliaryTest.getListOfChangesDateIsEmpty(AuxiliaryTest.java:117)

getListOfChangesDateIsEmpty(AutoTest.AuxiliaryTest)  Time elapsed: 0.886 sec  <<< FAILURE!
java.lang.AssertionError: 
1 expectation failed.
JSON path size() doesn't match.
Expected: is <5>
  Actual: <0>

	at AutoTest.AuxiliaryTest.getListOfChangesDateIsEmpty(AuxiliaryTest.java:117)

getListOfChangesDateIsEmpty(AutoTest.AuxiliaryTest)  Time elapsed: 1.004 sec  <<< FAILURE!
java.lang.AssertionError: 
1 expectation failed.
Expected status code <200> but was <400>.

	at AutoTest.AuxiliaryTest.getListOfChangesDateIsEmpty(AuxiliaryTest.java:115)

getListOfChangesDateIsEmpty(AutoTest.AuxiliaryTest)  Time elapsed: 1.092 sec  <<< FAILURE!
java.lang.AssertionError: 
1 expectation failed.
JSON path size() doesn't match.
Expected: is <1>
  Actual: <0>

	at AutoTest.AuxiliaryTest.getListOfChangesDateIsEmpty(AuxiliaryTest.java:117)

getListOfChangesDateIsEmpty(AutoTest.AuxiliaryTest)  Time elapsed: 0.898 sec  <<< FAILURE!
java.lang.AssertionError: 
1 expectation failed.
JSON path size() doesn't match.
Expected: is <1>
  Actual: <0>

	at AutoTest.AuxiliaryTest.getListOfChangesDateIsEmpty(AuxiliaryTest.java:117)

getListOfChangesDateIsEmpty(AutoTest.AuxiliaryTest)  Time elapsed: 1.038 sec  <<< FAILURE!
java.lang.AssertionError: 
1 expectation failed.
JSON path size() doesn't match.
Expected: is <1>
  Actual: <0>

	at AutoTest.AuxiliaryTest.getListOfChangesDateIsEmpty(AuxiliaryTest.java:117)

getListOfChangesDateIsEmpty(AutoTest.AuxiliaryTest)  Time elapsed: 0.981 sec  <<< FAILURE!
java.lang.AssertionError: 
1 expectation failed.
JSON path size() doesn't match.
Expected: is <1>
  Actual: <0>

	at AutoTest.AuxiliaryTest.getListOfChangesDateIsEmpty(AuxiliaryTest.java:117)

getListOfChangesDateIsEmpty(AutoTest.AuxiliaryTest)  Time elapsed: 1.075 sec  <<< FAILURE!
java.lang.AssertionError: 
1 expectation failed.
JSON path size() doesn't match.
Expected: is <1>
  Actual: <0>

	at AutoTest.AuxiliaryTest.getListOfChangesDateIsEmpty(AuxiliaryTest.java:117)

getListOfChangesDateIsEmpty(AutoTest.AuxiliaryTest)  Time elapsed: 0.922 sec  <<< FAILURE!
java.lang.AssertionError: 
1 expectation failed.
JSON path size() doesn't match.
Expected: is <5>
  Actual: <0>

	at AutoTest.AuxiliaryTest.getListOfChangesDateIsEmpty(AuxiliaryTest.java:117)

getListOfChangesNegativeType(AutoTest.AuxiliaryTest)  Time elapsed: 0.724 sec  <<< FAILURE!
java.lang.AssertionError: 
1 expectation failed.
Expected status code <400> but was <404>.

	at AutoTest.AuxiliaryTest.getListOfChangesNegativeType(AuxiliaryTest.java:168)

getListOfChangesNegativeType(AutoTest.AuxiliaryTest)  Time elapsed: 0.115 sec  <<< FAILURE!
java.lang.AssertionError: 
1 expectation failed.
Expected status code <400> but was <403>.

	at AutoTest.AuxiliaryTest.getListOfChangesNegativeType(AuxiliaryTest.java:168)

getListOfChangesNegativeType(AutoTest.AuxiliaryTest)  Time elapsed: 0.088 sec  <<< FAILURE!
java.lang.AssertionError: 
1 expectation failed.
Expected status code <400> but was <404>.

	at AutoTest.AuxiliaryTest.getListOfChangesNegativeType(AuxiliaryTest.java:168)

getListOfChangesNegativeType(AutoTest.AuxiliaryTest)  Time elapsed: 0.009 sec  <<< FAILURE!
java.lang.IllegalArgumentException: Path parameters were not correctly defined. Undefined path parameters are: .
	at AutoTest.AuxiliaryTest.getListOfChangesNegativeType(AuxiliaryTest.java:168)

getEopGuid(AutoTest.ClassifierTest)  Time elapsed: 1.026 sec  <<< FAILURE!
java.lang.AssertionError: 
1 expectation failed.
Response body doesn't match expectation.
Expected: The content to match the given JSON schema.
error: instance type (integer) does not match any allowed primitive type (allowed: ["string"])
    level: "error"
    schema: {"loadingURI":"file:/C:/Users/Sasha/Api/target/test-classes/getEopGuid.json#","pointer":"/properties/code"}
    instance: {"pointer":"/code"}
    domain: "validation"
    keyword: "type"
    found: "integer"
    expected: ["string"]

  Actual: {
"guid": "698688ac-1c9f-11ee-b5ac-005056013b0c",
"code": 999,
"name": "Не включен в ЕОП",
"parent": "00000000-0000-0000-0000-000000000000",
"archive": false,
"dateOutputArchive": "0001-01-01T00:00:00Z"
}

	at AutoTest.ClassifierTest.getEopGuid(ClassifierTest.java:256)

getEopList(AutoTest.ClassifierTest)  Time elapsed: 1.041 sec  <<< FAILURE!
java.lang.AssertionError: 
1 expectation failed.
Response body doesn't match expectation.
Expected: The content to match the given JSON schema.
error: instance type (integer) does not match any allowed primitive type (allowed: ["string"])
    level: "error"
    schema: {"loadingURI":"file:/C:/Users/Sasha/Api/target/test-classes/getEopList.json#","pointer":"/items/properties/code"}
    instance: {"pointer":"/0/code"}
    domain: "validation"
    keyword: "type"
    found: "integer"
    expected: ["string"]

  Actual: [{guid=806b27a5-36d2-11ee-b5b0-005056013b0c, code=1, name=Прокат толстолистовой горячекатаный из стали повышенной прочности ГОСТ 19903-74, parent=806b26da-36d2-11ee-b5b0-005056013b0c, archive=false, dateOutputArchive=0001-01-01T00:00:00Z}]

	at AutoTest.ClassifierTest.getEopList(ClassifierTest.java:208)

getEopList(AutoTest.ClassifierTest)  Time elapsed: 1.015 sec  <<< FAILURE!
java.lang.AssertionError: 
1 expectation failed.
Response body doesn't match expectation.
Expected: The content to match the given JSON schema.
error: instance type (integer) does not match any allowed primitive type (allowed: ["string"])
    level: "error"
    schema: {"loadingURI":"file:/C:/Users/Sasha/Api/target/test-classes/getEopList.json#","pointer":"/items/properties/code"}
    instance: {"pointer":"/0/code"}
    domain: "validation"
    keyword: "type"
    found: "integer"
    expected: ["string"]

  Actual: [{guid=806b27a5-36d2-11ee-b5b0-005056013b0c, code=1, name=Прокат толстолистовой горячекатаный из стали повышенной прочности ГОСТ 19903-74, parent=806b26da-36d2-11ee-b5b0-005056013b0c, archive=false, dateOutputArchive=0001-01-01T00:00:00Z}, {guid=806b284d-36d2-11ee-b5b0-005056013b0c, code=2, name=Листы просечно-вытяжные, parent=806b26da-36d2-11ee-b5b0-005056013b0c, archive=false, dateOutputArchive=0001-01-01T00:00:00Z}]

	at AutoTest.ClassifierTest.getEopList(ClassifierTest.java:208)

getEopList(AutoTest.ClassifierTest)  Time elapsed: 1 sec  <<< FAILURE!
java.lang.AssertionError: 
1 expectation failed.
Response body doesn't match expectation.
Expected: The content to match the given JSON schema.
error: instance type (integer) does not match any allowed primitive type (allowed: ["string"])
    level: "error"
    schema: {"loadingURI":"file:/C:/Users/Sasha/Api/target/test-classes/getEopList.json#","pointer":"/items/properties/code"}
    instance: {"pointer":"/0/code"}
    domain: "validation"
    keyword: "type"
    found: "integer"
    expected: ["string"]

  Actual: [{guid=806b27a5-36d2-11ee-b5b0-005056013b0c, code=1, name=Прокат толстолистовой горячекатаный из стали повышенной прочности ГОСТ 19903-74, parent=806b26da-36d2-11ee-b5b0-005056013b0c, archive=false, dateOutputArchive=0001-01-01T00:00:00Z}, {guid=806b284d-36d2-11ee-b5b0-005056013b0c, code=2, name=Листы просечно-вытяжные, parent=806b26da-36d2-11ee-b5b0-005056013b0c, archive=false, dateOutputArchive=0001-01-01T00:00:00Z}, {guid=806b28f5-36d2-11ee-b5b0-005056013b0c, code=3, name=Прокат листовой горячекатаный из высококачественной стали повышенной прочности (Швеция), parent=806b26da-36d2-11ee-b5b0-005056013b0c, archive=false, dateOutputArchive=0001-01-01T00:00:00Z}, {guid=806b2977-36d2-11ee-b5b0-005056013b0c, code=72, name=Листы стальные с ромбическим и чечевичным рифлением, parent=806b267e-36d2-11ee-b5b0-005056013b0c, archive=false, dateOutputArchive=0001-01-01T00:00:00Z}, {guid=806b2a42-36d2-11ee-b5b0-005056013b0c, code=1, name=Листы стальные с ромбическим и чечевичным рифлением ГОСТ 8568-77, parent=806b2977-36d2-11ee-b5b0-005056013b0c, archive=false, dateOutputArchive=0001-01-01T00:00:00Z}, {guid=806b2ae9-36d2-11ee-b5b0-005056013b0c, code=81, name=Прокат листовой горячекатаный, parent=806b267e-36d2-11ee-b5b0-005056013b0c, archive=false, dateOutputArchive=0001-01-01T00:00:00Z}, {guid=806b2bb4-36d2-11ee-b5b0-005056013b0c, code=1, name=Прокат листовой горячекатаный из легированной конструкционной стали общего назначения ГОСТ 19903-74, parent=806b2ae9-36d2-11ee-b5b0-005056013b0c, archive=false, dateOutputArchive=0001-01-01T00:00:00Z}, {guid=806b2c5b-36d2-11ee-b5b0-005056013b0c, code=2, name=Прокат листовой горячекатаный из стали углеродистой обыкновенного качества ГОСТ 19903-74, parent=806b2ae9-36d2-11ee-b5b0-005056013b0c, archive=false, dateOutputArchive=0001-01-01T00:00:00Z}, {guid=806b2d02-36d2-11ee-b5b0-005056013b0c, code=3, name=Прокат листовой горячекатаный из конструкционной качественной стали ГОСТ 19903-74, parent=806b2ae9-36d2-11ee-b5b0-005056013b0c, archive=false, dateOutputArchive=0001-01-01T00:00:00Z}, {guid=806b2da9-36d2-11ee-b5b0-005056013b0c, code=4, name=Прокат толстолистовой горячекатаный из легированной стали ГОСТ 19903-74, parent=806b2ae9-36d2-11ee-b5b0-005056013b0c, archive=false, dateOutputArchive=0001-01-01T00:00:00Z}]

	at AutoTest.ClassifierTest.getEopList(ClassifierTest.java:208)

getEopList(AutoTest.ClassifierTest)  Time elapsed: 1.087 sec  <<< FAILURE!
java.lang.AssertionError: 
1 expectation failed.
Response body doesn't match expectation.
Expected: The content to match the given JSON schema.
error: instance type (integer) does not match any allowed primitive type (allowed: ["string"])
    level: "error"
    schema: {"loadingURI":"file:/C:/Users/Sasha/Api/target/test-classes/getEopList.json#","pointer":"/items/properties/code"}
    instance: {"pointer":"/0/code"}
    domain: "validation"
    keyword: "type"
    found: "integer"
    expected: ["string"]

  Actual: [{guid=806b27a5-36d2-11ee-b5b0-005056013b0c, code=1, name=Прокат толстолистовой горячекатаный из стали повышенной прочности ГОСТ 19903-74, parent=806b26da-36d2-11ee-b5b0-005056013b0c, archive=false, dateOutputArchive=0001-01-01T00:00:00Z}, {guid=806b284d-36d2-11ee-b5b0-005056013b0c, code=2, name=Листы просечно-вытяжные, parent=806b26da-36d2-11ee-b5b0-005056013b0c, archive=false, dateOutputArchive=0001-01-01T00:00:00Z}, {guid=806b28f5-36d2-11ee-b5b0-005056013b0c, code=3, name=Прокат листовой горячекатаный из высококачественной стали повышенной прочности (Швеция), parent=806b26da-36d2-11ee-b5b0-005056013b0c, archive=false, dateOutputArchive=0001-01-01T00:00:00Z}, {guid=806b2977-36d2-11ee-b5b0-005056013b0c, code=72, name=Листы стальные с ромбическим и чечевичным рифлением, parent=806b267e-36d2-11ee-b5b0-005056013b0c, archive=false, dateOutputArchive=0001-01-01T00:00:00Z}, {guid=806b2a42-36d2-11ee-b5b0-005056013b0c, code=1, name=Листы стальные с ромбическим и чечевичным рифлением ГОСТ 8568-77, parent=806b2977-36d2-11ee-b5b0-005056013b0c, archive=false, dateOutputArchive=0001-01-01T00:00:00Z}, {guid=806b2ae9-36d2-11ee-b5b0-005056013b0c, code=81, name=Прокат листовой горячекатаный, parent=806b267e-36d2-11ee-b5b0-005056013b0c, archive=false, dateOutputArchive=0001-01-01T00:00:00Z}, {guid=806b2bb4-36d2-11ee-b5b0-005056013b0c, code=1, name=Прокат листовой горячекатаный из легированной конструкционной стали общего назначения ГОСТ 19903-74, parent=806b2ae9-36d2-11ee-b5b0-005056013b0c, archive=false, dateOutputArchive=0001-01-01T00:00:00Z}, {guid=806b2c5b-36d2-11ee-b5b0-005056013b0c, code=2, name=Прокат листовой горячекатаный из стали углеродистой обыкновенного качества ГОСТ 19903-74, parent=806b2ae9-36d2-11ee-b5b0-005056013b0c, archive=false, dateOutputArchive=0001-01-01T00:00:00Z}, {guid=806b2d02-36d2-11ee-b5b0-005056013b0c, code=3, name=Прокат листовой горячекатаный из конструкционной качественной стали ГОСТ 19903-74, parent=806b2ae9-36d2-11ee-b5b0-005056013b0c, archive=false, dateOutputArchive=0001-01-01T00:00:00Z}, {guid=806b2da9-36d2-11ee-b5b0-005056013b0c, code=4, name=Прокат толстолистовой горячекатаный из легированной стали ГОСТ 19903-74, parent=806b2ae9-36d2-11ee-b5b0-005056013b0c, archive=false, dateOutputArchive=0001-01-01T00:00:00Z}, {guid=806b2e50-36d2-11ee-b5b0-005056013b0c, code=5, name=Прокат толстолистовой горячекатаный из легированной стали, parent=806b2ae9-36d2-11ee-b5b0-005056013b0c, archive=false, dateOutputArchive=0001-01-01T00:00:00Z}, {guid=806b2ef7-36d2-11ee-b5b0-005056013b0c, code=6, name=Прокат горячекатанный ТУ 1-9-1021-84, parent=806b2ae9-36d2-11ee-b5b0-005056013b0c, archive=false, dateOutputArchive=0001-01-01T00:00:00Z}, {guid=806b2f9e-36d2-11ee-b5b0-005056013b0c, code=7, name=Листы спецстали АК, parent=806b2ae9-36d2-11ee-b5b0-005056013b0c, archive=false, dateOutputArchive=0001-01-01T00:00:00Z}, {guid=806b3045-36d2-11ee-b5b0-005056013b0c, code=86, name=Прокат толстолистовой горячекатаный коррозионно-стойкий, жаростойкий и жаропрочный, parent=806b267e-36d2-11ee-b5b0-005056013b0c, archive=false, dateOutputArchive=0001-01-01T00:00:00Z}, {guid=806b3110-36d2-11ee-b5b0-005056013b0c, code=1, name=Прокат листовой горячекатаный коррозионно-стойкий, жаростойкий и жаропрочный ГОСТ 19903-74, parent=806b3045-36d2-11ee-b5b0-005056013b0c, archive=false, dateOutputArchive=0001-01-01T00:00:00Z}, {guid=806b2622-36d2-11ee-b5b0-005056013b0c, code=1, name=Листы, parent=806b25a2-36d2-11ee-b5b0-005056013b0c, archive=false, dateOutputArchive=0001-01-01T00:00:00Z}, {guid=806b267e-36d2-11ee-b5b0-005056013b0c, code=9, name=Прокат черных металлов, parent=806b2622-36d2-11ee-b5b0-005056013b0c, archive=false, dateOutputArchive=0001-01-01T00:00:00Z}, {guid=806b25a2-36d2-11ee-b5b0-005056013b0c, code=1, name=Металлы черные, parent=00000000-0000-0000-0000-000000000000, archive=false, dateOutputArchive=0001-01-01T00:00:00Z}, {guid=806b31b7-36d2-11ee-b5b0-005056013b0c, code=89, name=Листы спецстали, parent=806b267e-36d2-11ee-b5b0-005056013b0c, archive=false, dateOutputArchive=0001-01-01T00:00:00Z}, {guid=806b3282-36d2-11ee-b5b0-005056013b0c, code=1, name=Листы спецстали, parent=806b31b7-36d2-11ee-b5b0-005056013b0c, archive=false, dateOutputArchive=0001-01-01T00:00:00Z}, {guid=806b3329-36d2-11ee-b5b0-005056013b0c, code=91, name=Прокат тонколистовой холоднокатаный, parent=806b267e-36d2-11ee-b5b0-005056013b0c, archive=false, dateOutputArchive=0001-01-01T00:00:00Z}, {guid=806b3385-36d2-11ee-b5b0-005056013b0c, code=1, name=Прокат тонколистовой холоднокатаный из углеродистой стали качественной и обыкновенного качества общего назначения ГОСТ 19904-90, parent=806b3329-36d2-11ee-b5b0-005056013b0c, archive=false, dateOutputArchive=0001-01-01T00:00:00Z}, {guid=806b342c-36d2-11ee-b5b0-005056013b0c, code=2, name=Прокат тонколистовой холоднокатаный из низкоуглеродистой качественной стали для холодной штамповки ГОСТ 19904-90, parent=806b3329-36d2-11ee-b5b0-005056013b0c, archive=false, dateOutputArchive=0001-01-01T00:00:00Z}, {guid=806b34d3-36d2-11ee-b5b0-005056013b0c, code=3, name=Прокат листовой холоднокатаный из легированной конструкционной стали общего назначения ГОСТ 19904-90, parent=806b3329-36d2-11ee-b5b0-005056013b0c, archive=false, dateOutputArchive=0001-01-01T00:00:00Z}, {guid=806b357a-36d2-11ee-b5b0-005056013b0c, code=4, name=Листы перфорированные «ПЕРФОКОМ», parent=806b3329-36d2-11ee-b5b0-005056013b0c, archive=false, dateOutputArchive=0001-01-01T00:00:00Z}, {guid=806b3623-36d2-11ee-b5b0-005056013b0c, code=5, name=Листы перфорированные, parent=806b3329-36d2-11ee-b5b0-005056013b0c, archive=false, dateOutputArchive=0001-01-01T00:00:00Z}, {guid=806b36cb-36d2-11ee-b5b0-005056013b0c, code=93, name=Прокат тонколистовой из коррозионно-стойкой, жаростойкой и жаропрочной стали, parent=806b267e-36d2-11ee-b5b0-005056013b0c, archive=false, dateOutputArchive=0001-01-01T00:00:00Z}, {guid=806b3796-36d2-11ee-b5b0-005056013b0c, code=1, name=Прокат тонколистовой из коррозионно-стойкой, жаростойкой и жаропрочной стали ГОСТ 19904-90, parent=806b36cb-36d2-11ee-b5b0-005056013b0c, archive=false, dateOutputArchive=0001-01-01T00:00:00Z}, {guid=806b383d-36d2-11ee-b5b0-005056013b0c, code=11, name=Изделия дальнейшего передела, parent=806b2622-36d2-11ee-b5b0-005056013b0c, archive=false, dateOutputArchive=0001-01-01T00:00:00Z}, {guid=806b3908-36d2-11ee-b5b0-005056013b0c, code=11, name=Прокат холоднокатаный из тонколистовой оцинкованной стали, parent=806b383d-36d2-11ee-b5b0-005056013b0c, archive=false, dateOutputArchive=0001-01-01T00:00:00Z}, {guid=806b39d3-36d2-11ee-b5b0-005056013b0c, code=1, name=Прокат холоднокатаный из тонколистовой оцинкованной стали ГОСТ 19904-90, parent=806b3908-36d2-11ee-b5b0-005056013b0c, archive=false, dateOutputArchive=0001-01-01T00:00:00Z}, {guid=806b3a7a-36d2-11ee-b5b0-005056013b0c, code=15, name=Жесть, parent=806b383d-36d2-11ee-b5b0-005056013b0c, archive=false, dateOutputArchive=0001-01-01T00:00:00Z}, {guid=806b3b45-36d2-11ee-b5b0-005056013b0c, code=1, name=Жесть белая, parent=806b3a7a-36d2-11ee-b5b0-005056013b0c, archive=false, dateOutputArchive=0001-01-01T00:00:00Z}, {guid=806b3bec-36d2-11ee-b5b0-005056013b0c, code=99, name=Листы, временно используемые в производстве (доработка складских остатков), parent=806b2622-36d2-11ee-b5b0-005056013b0c, archive=false, dateOutputArchive=0001-01-01T00:00:00Z}, {guid=806b3ca6-36d2-11ee-b5b0-005056013b0c, code=9, name=Прокат черных металлов, parent=806b3c24-36d2-11ee-b5b0-005056013b0c, archive=false, dateOutputArchive=0001-01-01T00:00:00Z}, {guid=806b3d27-36d2-11ee-b5b0-005056013b0c, code=50, name=Прокат стальной горячекатаный, parent=806b3ca6-36d2-11ee-b5b0-005056013b0c, archive=false, dateOutputArchive=0001-01-01T00:00:00Z}, {guid=806b3da8-36d2-11ee-b5b0-005056013b0c, code=1, name=Прокат сортовой стальной горячекатаный квадратный ГОСТ 2591-2006, parent=806b3d27-36d2-11ee-b5b0-005056013b0c, archive=false, dateOutputArchive=0001-01-01T00:00:00Z}, {guid=806b3c24-36d2-11ee-b5b0-005056013b0c, code=2, name=Квадраты, parent=806b25a2-36d2-11ee-b5b0-005056013b0c, archive=false, dateOutputArchive=0001-01-01T00:00:00Z}, {guid=806b3e05-36d2-11ee-b5b0-005056013b0c, code=11, name=Изделия дальнейшего передела, parent=806b3c24-36d2-11ee-b5b0-005056013b0c, archive=false, dateOutputArchive=0001-01-01T00:00:00Z}, {guid=806b3e86-36d2-11ee-b5b0-005056013b0c, code=40, name=Прокат калиброванный, parent=806b3e05-36d2-11ee-b5b0-005056013b0c, archive=false, dateOutputArchive=0001-01-01T00:00:00Z}, {guid=806b3f07-36d2-11ee-b5b0-005056013b0c, code=1, name=Прокат калиброванный квадратный ГОСТ 8559-75, parent=806b3e86-36d2-11ee-b5b0-005056013b0c, archive=false, dateOutputArchive=0001-01-01T00:00:00Z}, {guid=806b3f64-36d2-11ee-b5b0-005056013b0c, code=99, name=Квадраты, временно используемые в производстве (доработка складских остатков), parent=806b3c24-36d2-11ee-b5b0-005056013b0c, archive=false, dateOutputArchive=0001-01-01T00:00:00Z}, {guid=806b3fc1-36d2-11ee-b5b0-005056013b0c, code=3, name=Шестигранники, parent=806b25a2-36d2-11ee-b5b0-005056013b0c, archive=false, dateOutputArchive=0001-01-01T00:00:00Z}, {guid=806b4043-36d2-11ee-b5b0-005056013b0c, code=9, name=Прокат черных металлов, parent=806b3fc1-36d2-11ee-b5b0-005056013b0c, archive=false, dateOutputArchive=0001-01-01T00:00:00Z}, {guid=806b40c4-36d2-11ee-b5b0-005056013b0c, code=50, name=Прокат стальной горячекатаный, parent=806b4043-36d2-11ee-b5b0-005056013b0c, archive=false, dateOutputArchive=0001-01-01T00:00:00Z}, {guid=806b4145-36d2-11ee-b5b0-005056013b0c, code=1, name=Прокат сортовой стальной горячекатаный шестигранный ГОСТ 2879-2006, parent=806b40c4-36d2-11ee-b5b0-005056013b0c, archive=false, dateOutputArchive=0001-01-01T00:00:00Z}, {guid=806b41a2-36d2-11ee-b5b0-005056013b0c, code=11, name=Изделия дальнейшего передела, parent=806b3fc1-36d2-11ee-b5b0-005056013b0c, archive=false, dateOutputArchive=0001-01-01T00:00:00Z}, {guid=806b4223-36d2-11ee-b5b0-005056013b0c, code=40, name=Прокат калиброванный, parent=806b41a2-36d2-11ee-b5b0-005056013b0c, archive=false, dateOutputArchive=0001-01-01T00:00:00Z}, {guid=806b42a4-36d2-11ee-b5b0-005056013b0c, code=1, name=Прокат калиброванный шестигранный ГОСТ 8560-78, parent=806b4223-36d2-11ee-b5b0-005056013b0c, archive=false, dateOutputArchive=0001-01-01T00:00:00Z}, {guid=806b4301-36d2-11ee-b5b0-005056013b0c, code=99, name=Шестигранники, временно используемые в производстве (доработка складских остатков), parent=806b3fc1-36d2-11ee-b5b0-005056013b0c, archive=false, dateOutputArchive=0001-01-01T00:00:00Z}, {guid=806b435e-36d2-11ee-b5b0-005056013b0c, code=4, name=Круги, parent=806b25a2-36d2-11ee-b5b0-005056013b0c, archive=false, dateOutputArchive=0001-01-01T00:00:00Z}, {guid=806b43ba-36d2-11ee-b5b0-005056013b0c, code=9, name=Прокат черных металлов, parent=806b435e-36d2-11ee-b5b0-005056013b0c, archive=false, dateOutputArchive=0001-01-01T00:00:00Z}, {guid=806b443c-36d2-11ee-b5b0-005056013b0c, code=30, name=Прокат стальной горячекатаный низколегированный, parent=806b43ba-36d2-11ee-b5b0-005056013b0c, archive=false, dateOutputArchive=0001-01-01T00:00:00Z}, {guid=806b44bd-36d2-11ee-b5b0-005056013b0c, code=1, name=Прокат сортовой стальной горячекатаный конструкционный низколегированный ГОСТ 2590-2006, parent=806b443c-36d2-11ee-b5b0-005056013b0c, archive=false, dateOutputArchive=0001-01-01T00:00:00Z}, {guid=806b451a-36d2-11ee-b5b0-005056013b0c, code=34, name=Прокат горячекатаный круглый обыкновенного качества, parent=806b43ba-36d2-11ee-b5b0-005056013b0c, archive=false, dateOutputArchive=0001-01-01T00:00:00Z}, {guid=806b459b-36d2-11ee-b5b0-005056013b0c, code=1, name=Прокат сортовой стальной горячекатаный круглый обыкновенного качества ГОСТ 2590-2006, parent=806b451a-36d2-11ee-b5b0-005056013b0c, archive=false, dateOutputArchive=0001-01-01T00:00:00Z}, {guid=806b45f8-36d2-11ee-b5b0-005056013b0c, code=50, name=Прокат стальной горячекатаный, parent=806b43ba-36d2-11ee-b5b0-005056013b0c, archive=false, dateOutputArchive=0001-01-01T00:00:00Z}, {guid=806b4679-36d2-11ee-b5b0-005056013b0c, code=1, name=Прокат сортовой стальной горячекатаный конструкционный углеродистый ГОСТ 2590-2006, parent=806b45f8-36d2-11ee-b5b0-005056013b0c, archive=false, dateOutputArchive=0001-01-01T00:00:00Z}, {guid=806b46d6-36d2-11ee-b5b0-005056013b0c, code=2, name=Прокат сортовой стальной горячекатаный конструкционный легированный ГОСТ 2590-2006, parent=806b45f8-36d2-11ee-b5b0-005056013b0c, archive=false, dateOutputArchive=0001-01-01T00:00:00Z}, {guid=806b4733-36d2-11ee-b5b0-005056013b0c, code=3, name=Прокат сортовой стальной горячекатаный конструкционной по ТУ 14-1-4566-89, parent=806b45f8-36d2-11ee-b5b0-005056013b0c, archive=false, dateOutputArchive=0001-01-01T00:00:00Z}, {guid=806b4790-36d2-11ee-b5b0-005056013b0c, code=4, name=Прокат круглый из рессорно-пружинной углеродистой и легированной стали ГОСТ 2590-2006, parent=806b45f8-36d2-11ee-b5b0-005056013b0c, archive=false, dateOutputArchive=0001-01-01T00:00:00Z}, {guid=806b47ed-36d2-11ee-b5b0-005056013b0c, code=51, name=Прокат для холодного выдавливания и высадки, parent=806b43ba-36d2-11ee-b5b0-005056013b0c, archive=false, dateOutputArchive=0001-01-01T00:00:00Z}, {guid=806b486e-36d2-11ee-b5b0-005056013b0c, code=1, name=Прокат качественный конструкционный углеродистый и легированный для холодного выдавливания и высадки ГОСТ 10702-78, parent=806b47ed-36d2-11ee-b5b0-005056013b0c, archive=false, dateOutputArchive=0001-01-01T00:00:00Z}, {guid=806b48cb-36d2-11ee-b5b0-005056013b0c, code=56, name=Прокат горячекатаный сортовой конструкционный подшипниковый, parent=806b43ba-36d2-11ee-b5b0-005056013b0c, archive=false, dateOutputArchive=0001-01-01T00:00:00Z}, {guid=806b494c-36d2-11ee-b5b0-005056013b0c, code=1, name=Прокат сортовой стальной горячекатаный конструкционный подшипниковый ГОСТ 2590-2006, parent=806b48cb-36d2-11ee-b5b0-005056013b0c, archive=false, dateOutputArchive=0001-01-01T00:00:00Z}, {guid=806b49a9-36d2-11ee-b5b0-005056013b0c, code=58, name=Прокат горячекатаный сортовой конструкционный никельсодержащий, parent=806b43ba-36d2-11ee-b5b0-005056013b0c, archive=false, dateOutputArchive=0001-01-01T00:00:00Z}, {guid=806b4a2a-36d2-11ee-b5b0-005056013b0c, code=1, name=Прокат сортовой стальной горячекатаный конструкционный по ТУ 14-1-1725-76, parent=806b49a9-36d2-11ee-b5b0-005056013b0c, archive=false, dateOutputArchive=0001-01-01T00:00:00Z}, {guid=806b4a87-36d2-11ee-b5b0-005056013b0c, code=61, name=Прокат горячекатаный сортовой инструментальный, parent=806b43ba-36d2-11ee-b5b0-005056013b0c, archive=false, dateOutputArchive=0001-01-01T00:00:00Z}, {guid=806b4b08-36d2-11ee-b5b0-005056013b0c, code=1, name=Прокат сортовой стальной горячекатаный инструментальный нелегированный ГОСТ 2590-2006, parent=806b4a87-36d2-11ee-b5b0-005056013b0c, archive=false, dateOutputArchive=0001-01-01T00:00:00Z}, {guid=806b4b65-36d2-11ee-b5b0-005056013b0c, code=63, name=Прокат горячекатаный сортовой конструкционный коррозионно-стойкий, жаропрочный, parent=806b43ba-36d2-11ee-b5b0-005056013b0c, archive=false, dateOutputArchive=0001-01-01T00:00:00Z}, {guid=806b4be6-36d2-11ee-b5b0-005056013b0c, code=1, name=Прокат сортовой стальной горячекатаный конструкционный коррозионностойкий, жаропрочный ГОСТ 2590-2006, parent=806b4b65-36d2-11ee-b5b0-005056013b0c, archive=false, dateOutputArchive=0001-01-01T00:00:00Z}, {guid=84f01c49-36d2-11ee-b5b0-005056013b0c, code=13, name=Трубы стальные, parent=84f01bed-36d2-11ee-b5b0-005056013b0c, archive=false, dateOutputArchive=0001-01-01T00:00:00Z}, {guid=806b4c43-36d2-11ee-b5b0-005056013b0c, code=66, name=Прокат сортовой из прецизионных сплавов с высоким электрическим сопротивлением, parent=806b43ba-36d2-11ee-b5b0-005056013b0c, archive=false, dateOutputArchive=0001-01-01T00:00:00Z}, {guid=84f014af-36d2-11ee-b5b0-005056013b0c, code=1, name=Прокат сортовой из прецизионных сплавов с высоким электрическим сопротивлением ГОСТ 12766.4-90, parent=806b4c43-36d2-11ee-b5b0-005056013b0c, archive=false, dateOutputArchive=0001-01-01T00:00:00Z}, {guid=84f0150c-36d2-11ee-b5b0-005056013b0c, code=70, name=Поковки, parent=806b43ba-36d2-11ee-b5b0-005056013b0c, archive=false, dateOutputArchive=0001-01-01T00:00:00Z}, {guid=84f0158d-36d2-11ee-b5b0-005056013b0c, code=1, name=Поковки, parent=84f0150c-36d2-11ee-b5b0-005056013b0c, archive=false, dateOutputArchive=0001-01-01T00:00:00Z}, {guid=84f015ea-36d2-11ee-b5b0-005056013b0c, code=11, name=Изделия дальнейшего передела, parent=806b435e-36d2-11ee-b5b0-005056013b0c, archive=false, dateOutputArchive=0001-01-01T00:00:00Z}, {guid=84f01646-36d2-11ee-b5b0-005056013b0c, code=40, name=Прокат калиброванный круглый, parent=84f015ea-36d2-11ee-b5b0-005056013b0c, archive=false, dateOutputArchive=0001-01-01T00:00:00Z}, {guid=84f016c7-36d2-11ee-b5b0-005056013b0c, code=1, name=Прокат калиброванный круглый углеродистый ГОСТ 7417-75, parent=84f01646-36d2-11ee-b5b0-005056013b0c, archive=false, dateOutputArchive=0001-01-01T00:00:00Z}, {guid=84f01724-36d2-11ee-b5b0-005056013b0c, code=2, name=Прокат калиброванный круглый легированный ГОСТ 7417-75, parent=84f01646-36d2-11ee-b5b0-005056013b0c, archive=false, dateOutputArchive=0001-01-01T00:00:00Z}, {guid=84f01781-36d2-11ee-b5b0-005056013b0c, code=3, name=Прокат калиброванный круглый коррозионно-стойкий, жаропрочный ГОСТ 7417-75, parent=84f01646-36d2-11ee-b5b0-005056013b0c, archive=false, dateOutputArchive=0001-01-01T00:00:00Z}, {guid=84f017de-36d2-11ee-b5b0-005056013b0c, code=4, name=Прокат калиброванный круглый из рессорно-пружинной углеродистой и легированной стали ГОСТ 7417-75, parent=84f01646-36d2-11ee-b5b0-005056013b0c, archive=false, dateOutputArchive=0001-01-01T00:00:00Z}, {guid=84f0183b-36d2-11ee-b5b0-005056013b0c, code=5, name=Сталь качественная круглая со специальной отделкой поверхности ГОСТ 14955-77, parent=84f01646-36d2-11ee-b5b0-005056013b0c, archive=false, dateOutputArchive=0001-01-01T00:00:00Z}, {guid=84f01898-36d2-11ee-b5b0-005056013b0c, code=6, name=Прокат калиброванный для холодной высадки, parent=84f01646-36d2-11ee-b5b0-005056013b0c, archive=false, dateOutputArchive=0001-01-01T00:00:00Z}, {guid=84f018f5-36d2-11ee-b5b0-005056013b0c, code=7, name=Шток хромированный, parent=84f01646-36d2-11ee-b5b0-005056013b0c, archive=false, dateOutputArchive=0001-01-01T00:00:00Z}, {guid=84f01952-36d2-11ee-b5b0-005056013b0c, code=8, name=Прокат сортовой холоднотянутый подшипниковый ГОСТ 7417-75, parent=84f01646-36d2-11ee-b5b0-005056013b0c, archive=false, dateOutputArchive=0001-01-01T00:00:00Z}, {guid=84f019af-36d2-11ee-b5b0-005056013b0c, code=50, name=Прокат термически обработанный шлифованный, parent=84f015ea-36d2-11ee-b5b0-005056013b0c, archive=false, dateOutputArchive=0001-01-01T00:00:00Z}, {guid=84f01a30-36d2-11ee-b5b0-005056013b0c, code=1, name=Прутки нагартованные, термически обработанные шлифованные из высоколегированной и коррозионностойкой стали ГОСТ 18907-73, parent=84f019af-36d2-11ee-b5b0-005056013b0c, archive=false, dateOutputArchive=0001-01-01T00:00:00Z}, {guid=84f01a8d-36d2-11ee-b5b0-005056013b0c, code=60, name=Прокат высокой точности, parent=84f015ea-36d2-11ee-b5b0-005056013b0c, archive=false, dateOutputArchive=0001-01-01T00:00:00Z}, {guid=84f01b33-36d2-11ee-b5b0-005056013b0c, code=1, name=Сталь чистотянутая для шпонок ГОСТ 8787-68, parent=84f01a8d-36d2-11ee-b5b0-005056013b0c, archive=false, dateOutputArchive=0001-01-01T00:00:00Z}, {guid=84f01bb5-36d2-11ee-b5b0-005056013b0c, code=99, name=Круги, временно используемые в производстве (доработка складских остатков), parent=806b435e-36d2-11ee-b5b0-005056013b0c, archive=false, dateOutputArchive=0001-01-01T00:00:00Z}, {guid=84f01bed-36d2-11ee-b5b0-005056013b0c, code=5, name=Трубы, parent=806b25a2-36d2-11ee-b5b0-005056013b0c, archive=false, dateOutputArchive=0001-01-01T00:00:00Z}, {guid=84f01ca5-36d2-11ee-b5b0-005056013b0c, code=14, name=Трубы подшипниковые, parent=84f01c49-36d2-11ee-b5b0-005056013b0c, archive=false, dateOutputArchive=0001-01-01T00:00:00Z}, {guid=84f01d4d-36d2-11ee-b5b0-005056013b0c, code=1, name=Трубы подшипниковые ГОСТ 800-78, parent=84f01ca5-36d2-11ee-b5b0-005056013b0c, archive=false, dateOutputArchive=0001-01-01T00:00:00Z}, {guid=84f01dcf-36d2-11ee-b5b0-005056013b0c, code=19, name=Трубы катаные, parent=84f01c49-36d2-11ee-b5b0-005056013b0c, archive=false, dateOutputArchive=0001-01-01T00:00:00Z}, {guid=84f01e2b-36d2-11ee-b5b0-005056013b0c, code=1, name=Трубы стальные бесшовные горячедеформированные ГОСТ 8732-78, parent=84f01dcf-36d2-11ee-b5b0-005056013b0c, archive=false, dateOutputArchive=0001-01-01T00:00:00Z}, {guid=84f01ead-36d2-11ee-b5b0-005056013b0c, code=2, name=Трубы горячекатаные ТС 257-07, parent=84f01dcf-36d2-11ee-b5b0-005056013b0c, archive=false, dateOutputArchive=0001-01-01T00:00:00Z}, {guid=84f01f30-36d2-11ee-b5b0-005056013b0c, code=3, name=Трубы горячекатаные ТС 77-02, parent=84f01dcf-36d2-11ee-b5b0-005056013b0c, archive=false, dateOutputArchive=0001-01-01T00:00:00Z}, {guid=8c5aea59-36d2-11ee-b5b0-005056013b0c, code=1, name=Профиль ножа, parent=8c5ae9fd-36d2-11ee-b5b0-005056013b0c, archive=false, dateOutputArchive=0001-01-01T00:00:00Z}, {guid=84f01fb2-36d2-11ee-b5b0-005056013b0c, code=4, name=Трубы стальные бесшовные горячекатаные толстостенные из литого слитка ТУ 14-3Р-50-2001, parent=84f01dcf-36d2-11ee-b5b0-005056013b0c, archive=false, dateOutputArchive=0001-01-01T00:00:00Z}]

	at AutoTest.ClassifierTest.getEopList(ClassifierTest.java:208)

getEopList(AutoTest.ClassifierTest)  Time elapsed: 1.098 sec  <<< FAILURE!
java.lang.AssertionError: 
1 expectation failed.
Response body doesn't match expectation.
Expected: The content to match the given JSON schema.
error: instance type (integer) does not match any allowed primitive type (allowed: ["string"])
    level: "error"
    schema: {"loadingURI":"file:/C:/Users/Sasha/Api/target/test-classes/getEopList.json#","pointer":"/items/properties/code"}
    instance: {"pointer":"/0/code"}
    domain: "validation"
    keyword: "type"
    found: "integer"
    expected: ["string"]

  Actual: [{guid=806b27a5-36d2-11ee-b5b0-005056013b0c, code=1, name=Прокат толстолистовой горячекатаный из стали повышенной прочности ГОСТ 19903-74, parent=806b26da-36d2-11ee-b5b0-005056013b0c, archive=false, dateOutputArchive=0001-01-01T00:00:00Z}, {guid=806b284d-36d2-11ee-b5b0-005056013b0c, code=2, name=Листы просечно-вытяжные, parent=806b26da-36d2-11ee-b5b0-005056013b0c, archive=false, dateOutputArchive=0001-01-01T00:00:00Z}, {guid=806b28f5-36d2-11ee-b5b0-005056013b0c, code=3, name=Прокат листовой горячекатаный из высококачественной стали повышенной прочности (Швеция), parent=806b26da-36d2-11ee-b5b0-005056013b0c, archive=false, dateOutputArchive=0001-01-01T00:00:00Z}, {guid=806b2977-36d2-11ee-b5b0-005056013b0c, code=72, name=Листы стальные с ромбическим и чечевичным рифлением, parent=806b267e-36d2-11ee-b5b0-005056013b0c, archive=false, dateOutputArchive=0001-01-01T00:00:00Z}, {guid=806b2a42-36d2-11ee-b5b0-005056013b0c, code=1, name=Листы стальные с ромбическим и чечевичным рифлением ГОСТ 8568-77, parent=806b2977-36d2-11ee-b5b0-005056013b0c, archive=false, dateOutputArchive=0001-01-01T00:00:00Z}, {guid=806b2ae9-36d2-11ee-b5b0-005056013b0c, code=81, name=Прокат листовой горячекатаный, parent=806b267e-36d2-11ee-b5b0-005056013b0c, archive=false, dateOutputArchive=0001-01-01T00:00:00Z}, {guid=806b2bb4-36d2-11ee-b5b0-005056013b0c, code=1, name=Прокат листовой горячекатаный из легированной конструкционной стали общего назначения ГОСТ 19903-74, parent=806b2ae9-36d2-11ee-b5b0-005056013b0c, archive=false, dateOutputArchive=0001-01-01T00:00:00Z}, {guid=806b2c5b-36d2-11ee-b5b0-005056013b0c, code=2, name=Прокат листовой горячекатаный из стали углеродистой обыкновенного качества ГОСТ 19903-74, parent=806b2ae9-36d2-11ee-b5b0-005056013b0c, archive=false, dateOutputArchive=0001-01-01T00:00:00Z}, {guid=806b2d02-36d2-11ee-b5b0-005056013b0c, code=3, name=Прокат листовой горячекатаный из конструкционной качественной стали ГОСТ 19903-74, parent=806b2ae9-36d2-11ee-b5b0-005056013b0c, archive=false, dateOutputArchive=0001-01-01T00:00:00Z}, {guid=806b2da9-36d2-11ee-b5b0-005056013b0c, code=4, name=Прокат толстолистовой горячекатаный из легированной стали ГОСТ 19903-74, parent=806b2ae9-36d2-11ee-b5b0-005056013b0c, archive=false, dateOutputArchive=0001-01-01T00:00:00Z}, {guid=806b2e50-36d2-11ee-b5b0-005056013b0c, code=5, name=Прокат толстолистовой горячекатаный из легированной стали, parent=806b2ae9-36d2-11ee-b5b0-005056013b0c, archive=false, dateOutputArchive=0001-01-01T00:00:00Z}, {guid=806b2ef7-36d2-11ee-b5b0-005056013b0c, code=6, name=Прокат горячекатанный ТУ 1-9-1021-84, parent=806b2ae9-36d2-11ee-b5b0-005056013b0c, archive=false, dateOutputArchive=0001-01-01T00:00:00Z}, {guid=806b2f9e-36d2-11ee-b5b0-005056013b0c, code=7, name=Листы спецстали АК, parent=806b2ae9-36d2-11ee-b5b0-005056013b0c, archive=false, dateOutputArchive=0001-01-01T00:00:00Z}, {guid=806b3045-36d2-11ee-b5b0-005056013b0c, code=86, name=Прокат толстолистовой горячекатаный коррозионно-стойкий, жаростойкий и жаропрочный, parent=806b267e-36d2-11ee-b5b0-005056013b0c, archive=false, dateOutputArchive=0001-01-01T00:00:00Z}, {guid=806b3110-36d2-11ee-b5b0-005056013b0c, code=1, name=Прокат листовой горячекатаный коррозионно-стойкий, жаростойкий и жаропрочный ГОСТ 19903-74, parent=806b3045-36d2-11ee-b5b0-005056013b0c, archive=false, dateOutputArchive=0001-01-01T00:00:00Z}, {guid=806b2622-36d2-11ee-b5b0-005056013b0c, code=1, name=Листы, parent=806b25a2-36d2-11ee-b5b0-005056013b0c, archive=false, dateOutputArchive=0001-01-01T00:00:00Z}, {guid=806b267e-36d2-11ee-b5b0-005056013b0c, code=9, name=Прокат черных металлов, parent=806b2622-36d2-11ee-b5b0-005056013b0c, archive=false, dateOutputArchive=0001-01-01T00:00:00Z}, {guid=806b25a2-36d2-11ee-b5b0-005056013b0c, code=1, name=Металлы черные, parent=00000000-0000-0000-0000-000000000000, archive=false, dateOutputArchive=0001-01-01T00:00:00Z}, {guid=806b31b7-36d2-11ee-b5b0-005056013b0c, code=89, name=Листы спецстали, parent=806b267e-36d2-11ee-b5b0-005056013b0c, archive=false, dateOutputArchive=0001-01-01T00:00:00Z}, {guid=806b3282-36d2-11ee-b5b0-005056013b0c, code=1, name=Листы спецстали, parent=806b31b7-36d2-11ee-b5b0-005056013b0c, archive=false, dateOutputArchive=0001-01-01T00:00:00Z}, {guid=806b3329-36d2-11ee-b5b0-005056013b0c, code=91, name=Прокат тонколистовой холоднокатаный, parent=806b267e-36d2-11ee-b5b0-005056013b0c, archive=false, dateOutputArchive=0001-01-01T00:00:00Z}, {guid=806b3385-36d2-11ee-b5b0-005056013b0c, code=1, name=Прокат тонколистовой холоднокатаный из углеродистой стали качественной и обыкновенного качества общего назначения ГОСТ 19904-90, parent=806b3329-36d2-11ee-b5b0-005056013b0c, archive=false, dateOutputArchive=0001-01-01T00:00:00Z}, {guid=806b342c-36d2-11ee-b5b0-005056013b0c, code=2, name=Прокат тонколистовой холоднокатаный из низкоуглеродистой качественной стали для холодной штамповки ГОСТ 19904-90, parent=806b3329-36d2-11ee-b5b0-005056013b0c, archive=false, dateOutputArchive=0001-01-01T00:00:00Z}, {guid=806b34d3-36d2-11ee-b5b0-005056013b0c, code=3, name=Прокат листовой холоднокатаный из легированной конструкционной стали общего назначения ГОСТ 19904-90, parent=806b3329-36d2-11ee-b5b0-005056013b0c, archive=false, dateOutputArchive=0001-01-01T00:00:00Z}, {guid=806b357a-36d2-11ee-b5b0-005056013b0c, code=4, name=Листы перфорированные «ПЕРФОКОМ», parent=806b3329-36d2-11ee-b5b0-005056013b0c, archive=false, dateOutputArchive=0001-01-01T00:00:00Z}, {guid=806b3623-36d2-11ee-b5b0-005056013b0c, code=5, name=Листы перфорированные, parent=806b3329-36d2-11ee-b5b0-005056013b0c, archive=false, dateOutputArchive=0001-01-01T00:00:00Z}, {guid=806b36cb-36d2-11ee-b5b0-005056013b0c, code=93, name=Прокат тонколистовой из коррозионно-стойкой, жаростойкой и жаропрочной стали, parent=806b267e-36d2-11ee-b5b0-005056013b0c, archive=false, dateOutputArchive=0001-01-01T00:00:00Z}, {guid=806b3796-36d2-11ee-b5b0-005056013b0c, code=1, name=Прокат тонколистовой из коррозионно-стойкой, жаростойкой и жаропрочной стали ГОСТ 19904-90, parent=806b36cb-36d2-11ee-b5b0-005056013b0c, archive=false, dateOutputArchive=0001-01-01T00:00:00Z}, {guid=806b383d-36d2-11ee-b5b0-005056013b0c, code=11, name=Изделия дальнейшего передела, parent=806b2622-36d2-11ee-b5b0-005056013b0c, archive=false, dateOutputArchive=0001-01-01T00:00:00Z}, {guid=806b3908-36d2-11ee-b5b0-005056013b0c, code=11, name=Прокат холоднокатаный из тонколистовой оцинкованной стали, parent=806b383d-36d2-11ee-b5b0-005056013b0c, archive=false, dateOutputArchive=0001-01-01T00:00:00Z}, {guid=806b39d3-36d2-11ee-b5b0-005056013b0c, code=1, name=Прокат холоднокатаный из тонколистовой оцинкованной стали ГОСТ 19904-90, parent=806b3908-36d2-11ee-b5b0-005056013b0c, archive=false, dateOutputArchive=0001-01-01T00:00:00Z}, {guid=806b3a7a-36d2-11ee-b5b0-005056013b0c, code=15, name=Жесть, parent=806b383d-36d2-11ee-b5b0-005056013b0c, archive=false, dateOutputArchive=0001-01-01T00:00:00Z}, {guid=806b3b45-36d2-11ee-b5b0-005056013b0c, code=1, name=Жесть белая, parent=806b3a7a-36d2-11ee-b5b0-005056013b0c, archive=false, dateOutputArchive=0001-01-01T00:00:00Z}, {guid=806b3bec-36d2-11ee-b5b0-005056013b0c, code=99, name=Листы, временно используемые в производстве (доработка складских остатков), parent=806b2622-36d2-11ee-b5b0-005056013b0c, archive=false, dateOutputArchive=0001-01-01T00:00:00Z}, {guid=806b3ca6-36d2-11ee-b5b0-005056013b0c, code=9, name=Прокат черных металлов, parent=806b3c24-36d2-11ee-b5b0-005056013b0c, archive=false, dateOutputArchive=0001-01-01T00:00:00Z}, {guid=806b3d27-36d2-11ee-b5b0-005056013b0c, code=50, name=Прокат стальной горячекатаный, parent=806b3ca6-36d2-11ee-b5b0-005056013b0c, archive=false, dateOutputArchive=0001-01-01T00:00:00Z}, {guid=806b3da8-36d2-11ee-b5b0-005056013b0c, code=1, name=Прокат сортовой стальной горячекатаный квадратный ГОСТ 2591-2006, parent=806b3d27-36d2-11ee-b5b0-005056013b0c, archive=false, dateOutputArchive=0001-01-01T00:00:00Z}, {guid=806b3c24-36d2-11ee-b5b0-005056013b0c, code=2, name=Квадраты, parent=806b25a2-36d2-11ee-b5b0-005056013b0c, archive=false, dateOutputArchive=0001-01-01T00:00:00Z}, {guid=806b3e05-36d2-11ee-b5b0-005056013b0c, code=11, name=Изделия дальнейшего передела, parent=806b3c24-36d2-11ee-b5b0-005056013b0c, archive=false, dateOutputArchive=0001-01-01T00:00:00Z}, {guid=806b3e86-36d2-11ee-b5b0-005056013b0c, code=40, name=Прокат калиброванный, parent=806b3e05-36d2-11ee-b5b0-005056013b0c, archive=false, dateOutputArchive=0001-01-01T00:00:00Z}, {guid=806b3f07-36d2-11ee-b5b0-005056013b0c, code=1, name=Прокат калиброванный квадратный ГОСТ 8559-75, parent=806b3e86-36d2-11ee-b5b0-005056013b0c, archive=false, dateOutputArchive=0001-01-01T00:00:00Z}, {guid=806b3f64-36d2-11ee-b5b0-005056013b0c, code=99, name=Квадраты, временно используемые в производстве (доработка складских остатков), parent=806b3c24-36d2-11ee-b5b0-005056013b0c, archive=false, dateOutputArchive=0001-01-01T00:00:00Z}, {guid=806b3fc1-36d2-11ee-b5b0-005056013b0c, code=3, name=Шестигранники, parent=806b25a2-36d2-11ee-b5b0-005056013b0c, archive=false, dateOutputArchive=0001-01-01T00:00:00Z}, {guid=806b4043-36d2-11ee-b5b0-005056013b0c, code=9, name=Прокат черных металлов, parent=806b3fc1-36d2-11ee-b5b0-005056013b0c, archive=false, dateOutputArchive=0001-01-01T00:00:00Z}, {guid=806b40c4-36d2-11ee-b5b0-005056013b0c, code=50, name=Прокат стальной горячекатаный, parent=806b4043-36d2-11ee-b5b0-005056013b0c, archive=false, dateOutputArchive=0001-01-01T00:00:00Z}, {guid=806b4145-36d2-11ee-b5b0-005056013b0c, code=1, name=Прокат сортовой стальной горячекатаный шестигранный ГОСТ 2879-2006, parent=806b40c4-36d2-11ee-b5b0-005056013b0c, archive=false, dateOutputArchive=0001-01-01T00:00:00Z}, {guid=806b41a2-36d2-11ee-b5b0-005056013b0c, code=11, name=Изделия дальнейшего передела, parent=806b3fc1-36d2-11ee-b5b0-005056013b0c, archive=false, dateOutputArchive=0001-01-01T00:00:00Z}, {guid=806b4223-36d2-11ee-b5b0-005056013b0c, code=40, name=Прокат калиброванный, parent=806b41a2-36d2-11ee-b5b0-005056013b0c, archive=false, dateOutputArchive=0001-01-01T00:00:00Z}, {guid=806b42a4-36d2-11ee-b5b0-005056013b0c, code=1, name=Прокат калиброванный шестигранный ГОСТ 8560-78, parent=806b4223-36d2-11ee-b5b0-005056013b0c, archive=false, dateOutputArchive=0001-01-01T00:00:00Z}, {guid=806b4301-36d2-11ee-b5b0-005056013b0c, code=99, name=Шестигранники, временно используемые в производстве (доработка складских остатков), parent=806b3fc1-36d2-11ee-b5b0-005056013b0c, archive=false, dateOutputArchive=0001-01-01T00:00:00Z}, {guid=806b435e-36d2-11ee-b5b0-005056013b0c, code=4, name=Круги, parent=806b25a2-36d2-11ee-b5b0-005056013b0c, archive=false, dateOutputArchive=0001-01-01T00:00:00Z}, {guid=806b43ba-36d2-11ee-b5b0-005056013b0c, code=9, name=Прокат черных металлов, parent=806b435e-36d2-11ee-b5b0-005056013b0c, archive=false, dateOutputArchive=0001-01-01T00:00:00Z}, {guid=806b443c-36d2-11ee-b5b0-005056013b0c, code=30, name=Прокат стальной горячекатаный низколегированный, parent=806b43ba-36d2-11ee-b5b0-005056013b0c, archive=false, dateOutputArchive=0001-01-01T00:00:00Z}, {guid=806b44bd-36d2-11ee-b5b0-005056013b0c, code=1, name=Прокат сортовой стальной горячекатаный конструкционный низколегированный ГОСТ 2590-2006, parent=806b443c-36d2-11ee-b5b0-005056013b0c, archive=false, dateOutputArchive=0001-01-01T00:00:00Z}, {guid=806b451a-36d2-11ee-b5b0-005056013b0c, code=34, name=Прокат горячекатаный круглый обыкновенного качества, parent=806b43ba-36d2-11ee-b5b0-005056013b0c, archive=false, dateOutputArchive=0001-01-01T00:00:00Z}, {guid=806b459b-36d2-11ee-b5b0-005056013b0c, code=1, name=Прокат сортовой стальной горячекатаный круглый обыкновенного качества ГОСТ 2590-2006, parent=806b451a-36d2-11ee-b5b0-005056013b0c, archive=false, dateOutputArchive=0001-01-01T00:00:00Z}, {guid=806b45f8-36d2-11ee-b5b0-005056013b0c, code=50, name=Прокат стальной горячекатаный, parent=806b43ba-36d2-11ee-b5b0-005056013b0c, archive=false, dateOutputArchive=0001-01-01T00:00:00Z}, {guid=806b4679-36d2-11ee-b5b0-005056013b0c, code=1, name=Прокат сортовой стальной горячекатаный конструкционный углеродистый ГОСТ 2590-2006, parent=806b45f8-36d2-11ee-b5b0-005056013b0c, archive=false, dateOutputArchive=0001-01-01T00:00:00Z}, {guid=806b46d6-36d2-11ee-b5b0-005056013b0c, code=2, name=Прокат сортовой стальной горячекатаный конструкционный легированный ГОСТ 2590-2006, parent=806b45f8-36d2-11ee-b5b0-005056013b0c, archive=false, dateOutputArchive=0001-01-01T00:00:00Z}, {guid=806b4733-36d2-11ee-b5b0-005056013b0c, code=3, name=Прокат сортовой стальной горячекатаный конструкционной по ТУ 14-1-4566-89, parent=806b45f8-36d2-11ee-b5b0-005056013b0c, archive=false, dateOutputArchive=0001-01-01T00:00:00Z}, {guid=806b4790-36d2-11ee-b5b0-005056013b0c, code=4, name=Прокат круглый из рессорно-пружинной углеродистой и легированной стали ГОСТ 2590-2006, parent=806b45f8-36d2-11ee-b5b0-005056013b0c, archive=false, dateOutputArchive=0001-01-01T00:00:00Z}, {guid=806b47ed-36d2-11ee-b5b0-005056013b0c, code=51, name=Прокат для холодного выдавливания и высадки, parent=806b43ba-36d2-11ee-b5b0-005056013b0c, archive=false, dateOutputArchive=0001-01-01T00:00:00Z}, {guid=806b486e-36d2-11ee-b5b0-005056013b0c, code=1, name=Прокат качественный конструкционный углеродистый и легированный для холодного выдавливания и высадки ГОСТ 10702-78, parent=806b47ed-36d2-11ee-b5b0-005056013b0c, archive=false, dateOutputArchive=0001-01-01T00:00:00Z}, {guid=806b48cb-36d2-11ee-b5b0-005056013b0c, code=56, name=Прокат горячекатаный сортовой конструкционный подшипниковый, parent=806b43ba-36d2-11ee-b5b0-005056013b0c, archive=false, dateOutputArchive=0001-01-01T00:00:00Z}, {guid=806b494c-36d2-11ee-b5b0-005056013b0c, code=1, name=Прокат сортовой стальной горячекатаный конструкционный подшипниковый ГОСТ 2590-2006, parent=806b48cb-36d2-11ee-b5b0-005056013b0c, archive=false, dateOutputArchive=0001-01-01T00:00:00Z}, {guid=806b49a9-36d2-11ee-b5b0-005056013b0c, code=58, name=Прокат горячекатаный сортовой конструкционный никельсодержащий, parent=806b43ba-36d2-11ee-b5b0-005056013b0c, archive=false, dateOutputArchive=0001-01-01T00:00:00Z}, {guid=806b4a2a-36d2-11ee-b5b0-005056013b0c, code=1, name=Прокат сортовой стальной горячекатаный конструкционный по ТУ 14-1-1725-76, parent=806b49a9-36d2-11ee-b5b0-005056013b0c, archive=false, dateOutputArchive=0001-01-01T00:00:00Z}, {guid=806b4a87-36d2-11ee-b5b0-005056013b0c, code=61, name=Прокат горячекатаный сортовой инструментальный, parent=806b43ba-36d2-11ee-b5b0-005056013b0c, archive=false, dateOutputArchive=0001-01-01T00:00:00Z}, {guid=806b4b08-36d2-11ee-b5b0-005056013b0c, code=1, name=Прокат сортовой стальной горячекатаный инструментальный нелегированный ГОСТ 2590-2006, parent=806b4a87-36d2-11ee-b5b0-005056013b0c, archive=false, dateOutputArchive=0001-01-01T00:00:00Z}, {guid=806b4b65-36d2-11ee-b5b0-005056013b0c, code=63, name=Прокат горячекатаный сортовой конструкционный коррозионно-стойкий, жаропрочный, parent=806b43ba-36d2-11ee-b5b0-005056013b0c, archive=false, dateOutputArchive=0001-01-01T00:00:00Z}, {guid=806b4be6-36d2-11ee-b5b0-005056013b0c, code=1, name=Прокат сортовой стальной горячекатаный конструкционный коррозионностойкий, жаропрочный ГОСТ 2590-2006, parent=806b4b65-36d2-11ee-b5b0-005056013b0c, archive=false, dateOutputArchive=0001-01-01T00:00:00Z}, {guid=84f01c49-36d2-11ee-b5b0-005056013b0c, code=13, name=Трубы стальные, parent=84f01bed-36d2-11ee-b5b0-005056013b0c, archive=false, dateOutputArchive=0001-01-01T00:00:00Z}, {guid=806b4c43-36d2-11ee-b5b0-005056013b0c, code=66, name=Прокат сортовой из прецизионных сплавов с высоким электрическим сопротивлением, parent=806b43ba-36d2-11ee-b5b0-005056013b0c, archive=false, dateOutputArchive=0001-01-01T00:00:00Z}, {guid=84f014af-36d2-11ee-b5b0-005056013b0c, code=1, name=Прокат сортовой из прецизионных сплавов с высоким электрическим сопротивлением ГОСТ 12766.4-90, parent=806b4c43-36d2-11ee-b5b0-005056013b0c, archive=false, dateOutputArchive=0001-01-01T00:00:00Z}, {guid=84f0150c-36d2-11ee-b5b0-005056013b0c, code=70, name=Поковки, parent=806b43ba-36d2-11ee-b5b0-005056013b0c, archive=false, dateOutputArchive=0001-01-01T00:00:00Z}, {guid=84f0158d-36d2-11ee-b5b0-005056013b0c, code=1, name=Поковки, parent=84f0150c-36d2-11ee-b5b0-005056013b0c, archive=false, dateOutputArchive=0001-01-01T00:00:00Z}, {guid=84f015ea-36d2-11ee-b5b0-005056013b0c, code=11, name=Изделия дальнейшего передела, parent=806b435e-36d2-11ee-b5b0-005056013b0c, archive=false, dateOutputArchive=0001-01-01T00:00:00Z}, {guid=84f01646-36d2-11ee-b5b0-005056013b0c, code=40, name=Прокат калиброванный круглый, parent=84f015ea-36d2-11ee-b5b0-005056013b0c, archive=false, dateOutputArchive=0001-01-01T00:00:00Z}, {guid=84f016c7-36d2-11ee-b5b0-005056013b0c, code=1, name=Прокат калиброванный круглый углеродистый ГОСТ 7417-75, parent=84f01646-36d2-11ee-b5b0-005056013b0c, archive=false, dateOutputArchive=0001-01-01T00:00:00Z}, {guid=84f01724-36d2-11ee-b5b0-005056013b0c, code=2, name=Прокат калиброванный круглый легированный ГОСТ 7417-75, parent=84f01646-36d2-11ee-b5b0-005056013b0c, archive=false, dateOutputArchive=0001-01-01T00:00:00Z}, {guid=84f01781-36d2-11ee-b5b0-005056013b0c, code=3, name=Прокат калиброванный круглый коррозионно-стойкий, жаропрочный ГОСТ 7417-75, parent=84f01646-36d2-11ee-b5b0-005056013b0c, archive=false, dateOutputArchive=0001-01-01T00:00:00Z}, {guid=84f017de-36d2-11ee-b5b0-005056013b0c, code=4, name=Прокат калиброванный круглый из рессорно-пружинной углеродистой и легированной стали ГОСТ 7417-75, parent=84f01646-36d2-11ee-b5b0-005056013b0c, archive=false, dateOutputArchive=0001-01-01T00:00:00Z}, {guid=84f0183b-36d2-11ee-b5b0-005056013b0c, code=5, name=Сталь качественная круглая со специальной отделкой поверхности ГОСТ 14955-77, parent=84f01646-36d2-11ee-b5b0-005056013b0c, archive=false, dateOutputArchive=0001-01-01T00:00:00Z}, {guid=84f01898-36d2-11ee-b5b0-005056013b0c, code=6, name=Прокат калиброванный для холодной высадки, parent=84f01646-36d2-11ee-b5b0-005056013b0c, archive=false, dateOutputArchive=0001-01-01T00:00:00Z}, {guid=84f018f5-36d2-11ee-b5b0-005056013b0c, code=7, name=Шток хромированный, parent=84f01646-36d2-11ee-b5b0-005056013b0c, archive=false, dateOutputArchive=0001-01-01T00:00:00Z}, {guid=84f01952-36d2-11ee-b5b0-005056013b0c, code=8, name=Прокат сортовой холоднотянутый подшипниковый ГОСТ 7417-75, parent=84f01646-36d2-11ee-b5b0-005056013b0c, archive=false, dateOutputArchive=0001-01-01T00:00:00Z}, {guid=84f019af-36d2-11ee-b5b0-005056013b0c, code=50, name=Прокат термически обработанный шлифованный, parent=84f015ea-36d2-11ee-b5b0-005056013b0c, archive=false, dateOutputArchive=0001-01-01T00:00:00Z}, {guid=84f01a30-36d2-11ee-b5b0-005056013b0c, code=1, name=Прутки нагартованные, термически обработанные шлифованные из высоколегированной и коррозионностойкой стали ГОСТ 18907-73, parent=84f019af-36d2-11ee-b5b0-005056013b0c, archive=false, dateOutputArchive=0001-01-01T00:00:00Z}, {guid=84f01a8d-36d2-11ee-b5b0-005056013b0c, code=60, name=Прокат высокой точности, parent=84f015ea-36d2-11ee-b5b0-005056013b0c, archive=false, dateOutputArchive=0001-01-01T00:00:00Z}, {guid=84f01b33-36d2-11ee-b5b0-005056013b0c, code=1, name=Сталь чистотянутая для шпонок ГОСТ 8787-68, parent=84f01a8d-36d2-11ee-b5b0-005056013b0c, archive=false, dateOutputArchive=0001-01-01T00:00:00Z}, {guid=84f01bb5-36d2-11ee-b5b0-005056013b0c, code=99, name=Круги, временно используемые в производстве (доработка складских остатков), parent=806b435e-36d2-11ee-b5b0-005056013b0c, archive=false, dateOutputArchive=0001-01-01T00:00:00Z}, {guid=84f01bed-36d2-11ee-b5b0-005056013b0c, code=5, name=Трубы, parent=806b25a2-36d2-11ee-b5b0-005056013b0c, archive=false, dateOutputArchive=0001-01-01T00:00:00Z}, {guid=84f01ca5-36d2-11ee-b5b0-005056013b0c, code=14, name=Трубы подшипниковые, parent=84f01c49-36d2-11ee-b5b0-005056013b0c, archive=false, dateOutputArchive=0001-01-01T00:00:00Z}, {guid=84f01d4d-36d2-11ee-b5b0-005056013b0c, code=1, name=Трубы подшипниковые ГОСТ 800-78, parent=84f01ca5-36d2-11ee-b5b0-005056013b0c, archive=false, dateOutputArchive=0001-01-01T00:00:00Z}, {guid=84f01dcf-36d2-11ee-b5b0-005056013b0c, code=19, name=Трубы катаные, parent=84f01c49-36d2-11ee-b5b0-005056013b0c, archive=false, dateOutputArchive=0001-01-01T00:00:00Z}, {guid=84f01e2b-36d2-11ee-b5b0-005056013b0c, code=1, name=Трубы стальные бесшовные горячедеформированные ГОСТ 8732-78, parent=84f01dcf-36d2-11ee-b5b0-005056013b0c, archive=false, dateOutputArchive=0001-01-01T00:00:00Z}, {guid=84f01ead-36d2-11ee-b5b0-005056013b0c, code=2, name=Трубы горячекатаные ТС 257-07, parent=84f01dcf-36d2-11ee-b5b0-005056013b0c, archive=false, dateOutputArchive=0001-01-01T00:00:00Z}, {guid=84f01f30-36d2-11ee-b5b0-005056013b0c, code=3, name=Трубы горячекатаные ТС 77-02, parent=84f01dcf-36d2-11ee-b5b0-005056013b0c, archive=false, dateOutputArchive=0001-01-01T00:00:00Z}, {guid=8c5aea59-36d2-11ee-b5b0-005056013b0c, code=1, name=Профиль ножа, parent=8c5ae9fd-36d2-11ee-b5b0-005056013b0c, archive=false, dateOutputArchive=0001-01-01T00:00:00Z}, {guid=84f01fb2-36d2-11ee-b5b0-005056013b0c, code=4, name=Трубы стальные бесшовные горячекатаные толстостенные из литого слитка ТУ 14-3Р-50-2001, parent=84f01dcf-36d2-11ee-b5b0-005056013b0c, archive=false, dateOutputArchive=0001-01-01T00:00:00Z}, {guid=84f02034-36d2-11ee-b5b0-005056013b0c, code=5, name=Трубы стальные бесшовные горячедеформированные для нефтегазопроводов ТУ 14-3Р-44-2001, parent=84f01dcf-36d2-11ee-b5b0-005056013b0c, archive=false, dateOutputArchive=0001-01-01T00:00:00Z}, {guid=84f020b6-36d2-11ee-b5b0-005056013b0c, code=6, name=Трубы бесшовные горячедеформированные из коррозионностойкой стали ГОСТ 9940-81, parent=84f01dcf-36d2-11ee-b5b0-005056013b0c, archive=false, dateOutputArchive=0001-01-01T00:00:00Z}, {guid=84f02138-36d2-11ee-b5b0-005056013b0c, code=40, name=Трубы тянутые, parent=84f01c49-36d2-11ee-b5b0-005056013b0c, archive=false, dateOutputArchive=0001-01-01T00:00:00Z}, {guid=84f02194-36d2-11ee-b5b0-005056013b0c, code=1, name=Трубы стальные бесшовные холоднодеформированные ГОСТ 8734-75, parent=84f02138-36d2-11ee-b5b0-005056013b0c, archive=false, dateOutputArchive=0001-01-01T00:00:00Z}, {guid=86635496-36d2-11ee-b5b0-005056013b0c, code=2, name=Трубы стальные электросварные прямошовные ГОСТ 10704-91, parent=84f02138-36d2-11ee-b5b0-005056013b0c, archive=false, dateOutputArchive=0001-01-01T00:00:00Z}, {guid=86635518-36d2-11ee-b5b0-005056013b0c, code=3, name=Трубы стальные электросварные холоднодеформированные для карданных валов ГОСТ 5005-82, parent=84f02138-36d2-11ee-b5b0-005056013b0c, archive=false, dateOutputArchive=0001-01-01T00:00:00Z}, {guid=8663559a-36d2-11ee-b5b0-005056013b0c, code=4, name=Трубы холоднодеформированные ТУ 14-3-575-90, ПР890-2002, parent=84f02138-36d2-11ee-b5b0-005056013b0c, archive=false, dateOutputArchive=0001-01-01T00:00:00Z}, {guid=8663561c-36d2-11ee-b5b0-005056013b0c, code=5, name=Трубы стальные бесшовные высокого давления ГОСТ 11017-80, parent=84f02138-36d2-11ee-b5b0-005056013b0c, archive=false, dateOutputArchive=0001-01-01T00:00:00Z}, {guid=8663569e-36d2-11ee-b5b0-005056013b0c, code=6, name=Трубы стальные бесшовные холоднодеформируемые производства фирмы ШТАУФФ, parent=84f02138-36d2-11ee-b5b0-005056013b0c, archive=false, dateOutputArchive=0001-01-01T00:00:00Z}, {guid=86635720-36d2-11ee-b5b0-005056013b0c, code=44, name=Трубы тянутые прецизионные, прямоугольные, квадратные, parent=84f01c49-36d2-11ee-b5b0-005056013b0c, archive=false, dateOutputArchive=0001-01-01T00:00:00Z}, {guid=8663577c-36d2-11ee-b5b0-005056013b0c, code=1, name=Трубы стальные прецизионные ГОСТ 9567-75, parent=86635720-36d2-11ee-b5b0-005056013b0c, archive=false, dateOutputArchive=0001-01-01T00:00:00Z}, {guid=866357fe-36d2-11ee-b5b0-005056013b0c, code=2, name=Трубы стальные прямоугольные ГОСТ 8645-68, parent=86635720-36d2-11ee-b5b0-005056013b0c, archive=false, dateOutputArchive=0001-01-01T00:00:00Z}, {guid=866358a7-36d2-11ee-b5b0-005056013b0c, code=3, name=Трубы стальные квадратные ГОСТ 8639-82, parent=86635720-36d2-11ee-b5b0-005056013b0c, archive=false, dateOutputArchive=0001-01-01T00:00:00Z}, {guid=86636371-36d2-11ee-b5b0-005056013b0c, code=99, name=Полосы, временно используемые в производстве (доработка складских остатков), parent=86635f07-36d2-11ee-b5b0-005056013b0c, archive=false, dateOutputArchive=0001-01-01T00:00:00Z}, {guid=86635929-36d2-11ee-b5b0-005056013b0c, code=4, name=Профили стальные гнутые замкнутые сварные квадратные и прямоугольные для строительных конструкций, parent=86635720-36d2-11ee-b5b0-005056013b0c, archive=false, dateOutputArchive=0001-01-01T00:00:00Z}, {guid=866359d0-36d2-11ee-b5b0-005056013b0c, code=5, name=Трубы стальные электросварные прямоугольного и квадратного сечения ТУ 14-3-462-76, parent=86635720-36d2-11ee-b5b0-005056013b0c, archive=false, dateOutputArchive=0001-01-01T00:00:00Z}, {guid=86635a77-36d2-11ee-b5b0-005056013b0c, code=6, name=Профили стальные гнутые замкнутые сварные квадратные и прямоугольные ГОСТ 25577-83, parent=86635720-36d2-11ee-b5b0-005056013b0c, archive=false, dateOutputArchive=0001-01-01T00:00:00Z}, {guid=86635b1e-36d2-11ee-b5b0-005056013b0c, code=51, name=Трубы тонкостенные углерод, parent=84f01c49-36d2-11ee-b5b0-005056013b0c, archive=false, dateOutputArchive=0001-01-01T00:00:00Z}, {guid=86635bc4-36d2-11ee-b5b0-005056013b0c, code=1, name=Трубы стальные бесшовные холоднодеформированные для судостроения ГОСТ 1060-83, parent=86635b1e-36d2-11ee-b5b0-005056013b0c, archive=false, dateOutputArchive=0001-01-01T00:00:00Z}, {guid=86635c46-36d2-11ee-b5b0-005056013b0c, code=60, name=Трубы тонкостенные нерж, parent=84f01c49-36d2-11ee-b5b0-005056013b0c, archive=false, dateOutputArchive=0001-01-01T00:00:00Z}, {guid=86635cec-36d2-11ee-b5b0-005056013b0c, code=1, name=Трубы бесшовные холодно и теплодеформированные из коррозионной стали ГОСТ 9941-81, parent=86635c46-36d2-11ee-b5b0-005056013b0c, archive=false, dateOutputArchive=0001-01-01T00:00:00Z}, {guid=86635d6e-36d2-11ee-b5b0-005056013b0c, code=2, name=Трубы стальные бесшовные для маслопроводов и топливопроводов ГОСТ 19277-73, parent=86635c46-36d2-11ee-b5b0-005056013b0c, archive=false, dateOutputArchive=0001-01-01T00:00:00Z}, {guid=86635df0-36d2-11ee-b5b0-005056013b0c, code=85, name=Трубы стальные водогазопроводные, parent=84f01c49-36d2-11ee-b5b0-005056013b0c, archive=false, dateOutputArchive=0001-01-01T00:00:00Z}, {guid=86635e4c-36d2-11ee-b5b0-005056013b0c, code=1, name=Трубы стальные водогазопроводные ГОСТ 3262-75, parent=86635df0-36d2-11ee-b5b0-005056013b0c, archive=false, dateOutputArchive=0001-01-01T00:00:00Z}, {guid=86635f07-36d2-11ee-b5b0-005056013b0c, code=6, name=Полоса, parent=806b25a2-36d2-11ee-b5b0-005056013b0c, archive=false, dateOutputArchive=0001-01-01T00:00:00Z}, {guid=86635f63-36d2-11ee-b5b0-005056013b0c, code=9, name=Прокат черных металлов, parent=86635f07-36d2-11ee-b5b0-005056013b0c, archive=false, dateOutputArchive=0001-01-01T00:00:00Z}, {guid=86635fbf-36d2-11ee-b5b0-005056013b0c, code=50, name=Полоса стальная, parent=86635f63-36d2-11ee-b5b0-005056013b0c, archive=false, dateOutputArchive=0001-01-01T00:00:00Z}, {guid=86636065-36d2-11ee-b5b0-005056013b0c, code=1, name=Прокат сортовой стальной горячекатаный полосовой ГОСТ 103-2006, parent=86635fbf-36d2-11ee-b5b0-005056013b0c, archive=false, dateOutputArchive=0001-01-01T00:00:00Z}, {guid=866360e7-36d2-11ee-b5b0-005056013b0c, code=2, name=Профили стальные холоднодеформированные высокой точности ТУ 14-11-245-88, parent=86635fbf-36d2-11ee-b5b0-005056013b0c, archive=false, dateOutputArchive=0001-01-01T00:00:00Z}, {guid=86636169-36d2-11ee-b5b0-005056013b0c, code=3, name=Прокат сортовой стальной горячекатаный полосовой рессорно-пружинный ГОСТ 7419-90, parent=86635fbf-36d2-11ee-b5b0-005056013b0c, archive=false, dateOutputArchive=0001-01-01T00:00:00Z}, {guid=866361eb-36d2-11ee-b5b0-005056013b0c, code=4, name=Прокат сортовой стальной горячекатаный полосовой ТУ 14-1-5240-93, parent=86635fbf-36d2-11ee-b5b0-005056013b0c, archive=false, dateOutputArchive=0001-01-01T00:00:00Z}, {guid=8663626d-36d2-11ee-b5b0-005056013b0c, code=5, name=Прокат широкополосный универсальный ГОСТ 82-70, parent=86635fbf-36d2-11ee-b5b0-005056013b0c, archive=false, dateOutputArchive=0001-01-01T00:00:00Z}, {guid=866362ef-36d2-11ee-b5b0-005056013b0c, code=6, name=Прокат листовой и полосовой термообработанный повышенного качества ТУ 14-1-4632-93, parent=86635fbf-36d2-11ee-b5b0-005056013b0c, archive=false, dateOutputArchive=0001-01-01T00:00:00Z}, {guid=866363a9-36d2-11ee-b5b0-005056013b0c, code=7, name=Уголки, parent=806b25a2-36d2-11ee-b5b0-005056013b0c, archive=false, dateOutputArchive=0001-01-01T00:00:00Z}, {guid=86636405-36d2-11ee-b5b0-005056013b0c, code=9, name=Прокат черных металлов, parent=866363a9-36d2-11ee-b5b0-005056013b0c, archive=false, dateOutputArchive=0001-01-01T00:00:00Z}, {guid=86636461-36d2-11ee-b5b0-005056013b0c, code=30, name=Уголки стальные, parent=86636405-36d2-11ee-b5b0-005056013b0c, archive=false, dateOutputArchive=0001-01-01T00:00:00Z}, {guid=86636509-36d2-11ee-b5b0-005056013b0c, code=1, name=Уголки стальные горячекатанные равнополочные ГОСТ 8509-93, parent=86636461-36d2-11ee-b5b0-005056013b0c, archive=false, dateOutputArchive=0001-01-01T00:00:00Z}, {guid=8c5aeadb-36d2-11ee-b5b0-005056013b0c, code=2, name=Полоса башмачная для тракторов, parent=8c5ae9fd-36d2-11ee-b5b0-005056013b0c, archive=false, dateOutputArchive=0001-01-01T00:00:00Z}, {guid=866365b1-36d2-11ee-b5b0-005056013b0c, code=2, name=Уголки стальные горячекатанные неравнополочные ГОСТ 8510-86, parent=86636461-36d2-11ee-b5b0-005056013b0c, archive=false, dateOutputArchive=0001-01-01T00:00:00Z}, {guid=86636659-36d2-11ee-b5b0-005056013b0c, code=8, name=Ленты, parent=806b25a2-36d2-11ee-b5b0-005056013b0c, archive=false, dateOutputArchive=0001-01-01T00:00:00Z}, {guid=866366ff-36d2-11ee-b5b0-005056013b0c, code=9, name=Прокат черных металлов, parent=86636659-36d2-11ee-b5b0-005056013b0c, archive=false, dateOutputArchive=0001-01-01T00:00:00Z}, {guid=866367a5-36d2-11ee-b5b0-005056013b0c, code=35, name=Лента стальная горячекатаная, parent=866366ff-36d2-11ee-b5b0-005056013b0c, archive=false, dateOutputArchive=0001-01-01T00:00:00Z}, {guid=8663684b-36d2-11ee-b5b0-005056013b0c, code=1, name=Лента стальная горячекатаная ГОСТ 6009-74, parent=866367a5-36d2-11ee-b5b0-005056013b0c, archive=false, dateOutputArchive=0001-01-01T00:00:00Z}, {guid=866368cd-36d2-11ee-b5b0-005056013b0c, code=12, name=Метизы, parent=86636659-36d2-11ee-b5b0-005056013b0c, archive=false, dateOutputArchive=0001-01-01T00:00:00Z}, {guid=86636973-36d2-11ee-b5b0-005056013b0c, code=30, name=Лента холоднокатаная, parent=866368cd-36d2-11ee-b5b0-005056013b0c, archive=false, dateOutputArchive=0001-01-01T00:00:00Z}, {guid=8c5aeeb4-36d2-11ee-b5b0-005056013b0c, code=9, name=Прокат черных металлов, parent=8c5aee58-36d2-11ee-b5b0-005056013b0c, archive=false, dateOutputArchive=0001-01-01T00:00:00Z}, {guid=86636a19-36d2-11ee-b5b0-005056013b0c, code=1, name=Лента холоднокатаная из низкоуглеродистой стали ГОСТ 503-81, parent=86636973-36d2-11ee-b5b0-005056013b0c, archive=false, dateOutputArchive=0001-01-01T00:00:00Z}, {guid=86636a9b-36d2-11ee-b5b0-005056013b0c, code=2, name=Лента холоднокатаная из инструментальной и пружинной стали ГОСТ 2283-79, parent=86636973-36d2-11ee-b5b0-005056013b0c, archive=false, dateOutputArchive=0001-01-01T00:00:00Z}, {guid=86636b1d-36d2-11ee-b5b0-005056013b0c, code=3, name=Лента холоднокатаная термообработанная ГОСТ 21996-76, parent=86636973-36d2-11ee-b5b0-005056013b0c, archive=false, dateOutputArchive=0001-01-01T00:00:00Z}, {guid=86636b9f-36d2-11ee-b5b0-005056013b0c, code=4, name=Лента стальная упаковочная ГОСТ 3560-73, parent=86636973-36d2-11ee-b5b0-005056013b0c, archive=false, dateOutputArchive=0001-01-01T00:00:00Z}, {guid=86636c21-36d2-11ee-b5b0-005056013b0c, code=5, name=Лента холоднокатаная повышенной точности ГОСТ 19851-74, parent=86636973-36d2-11ee-b5b0-005056013b0c, archive=false, dateOutputArchive=0001-01-01T00:00:00Z}, {guid=86636ca3-36d2-11ee-b5b0-005056013b0c, code=6, name=Лента холоднокатаная ТУ 14-550-6-94, parent=86636973-36d2-11ee-b5b0-005056013b0c, archive=false, dateOutputArchive=0001-01-01T00:00:00Z}, {guid=86636d25-36d2-11ee-b5b0-005056013b0c, code=7, name=Лента холоднокатаная ТУ 14-1-258-72, parent=86636973-36d2-11ee-b5b0-005056013b0c, archive=false, dateOutputArchive=0001-01-01T00:00:00Z}, {guid=86636da7-36d2-11ee-b5b0-005056013b0c, code=8, name=Лента холоднокатаная из углеродистой конструкционной стали ГОСТ 2284-79, parent=86636973-36d2-11ee-b5b0-005056013b0c, archive=false, dateOutputArchive=0001-01-01T00:00:00Z}, {guid=86636e29-36d2-11ee-b5b0-005056013b0c, code=33, name=Лента холоднокатаная нерж, parent=866368cd-36d2-11ee-b5b0-005056013b0c, archive=false, dateOutputArchive=0001-01-01T00:00:00Z}, {guid=86636ecf-36d2-11ee-b5b0-005056013b0c, code=1, name=Лента холоднокатаная из коррозионно-стойкой и жаростойкой стали ГОСТ 4986-79, parent=86636e29-36d2-11ee-b5b0-005056013b0c, archive=false, dateOutputArchive=0001-01-01T00:00:00Z}, {guid=86636f51-36d2-11ee-b5b0-005056013b0c, code=35, name=Лента из сплавов высокого омического сопротивления, parent=866368cd-36d2-11ee-b5b0-005056013b0c, archive=false, dateOutputArchive=0001-01-01T00:00:00Z}, {guid=86636ff7-36d2-11ee-b5b0-005056013b0c, code=1, name=Лента из прецизионных сплавов с высоким электрическим сопротивлением ГОСТ 12766.2-90, parent=86636f51-36d2-11ee-b5b0-005056013b0c, archive=false, dateOutputArchive=0001-01-01T00:00:00Z}, {guid=86637079-36d2-11ee-b5b0-005056013b0c, code=61, name=Лента холоднокатаная из термобиметаллов, parent=866368cd-36d2-11ee-b5b0-005056013b0c, archive=false, dateOutputArchive=0001-01-01T00:00:00Z}, {guid=8663711f-36d2-11ee-b5b0-005056013b0c, code=1, name=Лента холоднокатаная из термобиметаллов ГОСТ 10533-86, parent=86637079-36d2-11ee-b5b0-005056013b0c, archive=false, dateOutputArchive=0001-01-01T00:00:00Z}, {guid=866371a1-36d2-11ee-b5b0-005056013b0c, code=99, name=Ленты, временно используемые в производстве (доработка складских остатков), parent=86636659-36d2-11ee-b5b0-005056013b0c, archive=false, dateOutputArchive=0001-01-01T00:00:00Z}, {guid=86637223-36d2-11ee-b5b0-005056013b0c, code=9, name=Швеллеры, parent=806b25a2-36d2-11ee-b5b0-005056013b0c, archive=false, dateOutputArchive=0001-01-01T00:00:00Z}, {guid=8663727f-36d2-11ee-b5b0-005056013b0c, code=9, name=Прокат черных металлов, parent=86637223-36d2-11ee-b5b0-005056013b0c, archive=false, dateOutputArchive=0001-01-01T00:00:00Z}, {guid=866372db-36d2-11ee-b5b0-005056013b0c, code=25, name=Швеллеры, parent=8663727f-36d2-11ee-b5b0-005056013b0c, archive=false, dateOutputArchive=0001-01-01T00:00:00Z}, {guid=86637337-36d2-11ee-b5b0-005056013b0c, code=1, name=Швеллеры стальные горячекатаные ГОСТ 8240-97, parent=866372db-36d2-11ee-b5b0-005056013b0c, archive=false, dateOutputArchive=0001-01-01T00:00:00Z}, {guid=866373bb-36d2-11ee-b5b0-005056013b0c, code=2, name=Двутавры стальные горячекатанные ГОСТ 8239-89, parent=866372db-36d2-11ee-b5b0-005056013b0c, archive=false, dateOutputArchive=0001-01-01T00:00:00Z}, {guid=8663743d-36d2-11ee-b5b0-005056013b0c, code=3, name=Швеллеры стальные гнутые равнополочные ГОСТ 8278-83, parent=866372db-36d2-11ee-b5b0-005056013b0c, archive=false, dateOutputArchive=0001-01-01T00:00:00Z}, {guid=866374e5-36d2-11ee-b5b0-005056013b0c, code=4, name=Швеллеры стальные гнутые неравнополочные ГОСТ 8281-80, parent=866372db-36d2-11ee-b5b0-005056013b0c, archive=false, dateOutputArchive=0001-01-01T00:00:00Z}, {guid=8663758c-36d2-11ee-b5b0-005056013b0c, code=5, name=Балки двутавровые и швеллеры стальные специальные ГОСТ 19425-74, parent=866372db-36d2-11ee-b5b0-005056013b0c, archive=false, dateOutputArchive=0001-01-01T00:00:00Z}, {guid=8663766a-36d2-11ee-b5b0-005056013b0c, code=12, name=Метизы, parent=8663760e-36d2-11ee-b5b0-005056013b0c, archive=false, dateOutputArchive=0001-01-01T00:00:00Z}, {guid=866376c6-36d2-11ee-b5b0-005056013b0c, code=50, name=Канаты, parent=8663766a-36d2-11ee-b5b0-005056013b0c, archive=false, dateOutputArchive=0001-01-01T00:00:00Z}, {guid=86637747-36d2-11ee-b5b0-005056013b0c, code=1, name=Канат одинарной свивки ТК конструкции 1х19(1+6+12) ГОСТ 3063-80, parent=866376c6-36d2-11ee-b5b0-005056013b0c, archive=false, dateOutputArchive=0001-01-01T00:00:00Z}, {guid=866377a4-36d2-11ee-b5b0-005056013b0c, code=2, name=Канат двойной свивки типа конструкции 6х37(1+6+12+18)+1 о.с. ГОСТ 3071-88, parent=866376c6-36d2-11ee-b5b0-005056013b0c, archive=false, dateOutputArchive=0001-01-01T00:00:00Z}, {guid=86637801-36d2-11ee-b5b0-005056013b0c, code=3, name=Канат двойной свивки типа ЛК-РО конструкции 6х36(1+7+7/7+14)+7х7(1+6) ГОСТ 7669-80, parent=866376c6-36d2-11ee-b5b0-005056013b0c, archive=false, dateOutputArchive=0001-01-01T00:00:00Z}, {guid=8663785e-36d2-11ee-b5b0-005056013b0c, code=4, name=Канат двойной свивки типа ЛК-РО конструкции 6х36(1+7+7/7+14)+ 1 о.с. ГОСТ 7668-80, parent=866376c6-36d2-11ee-b5b0-005056013b0c, archive=false, dateOutputArchive=0001-01-01T00:00:00Z}, {guid=866378bb-36d2-11ee-b5b0-005056013b0c, code=5, name=Канаты стальные авиационные ГОСТ 3241-80, parent=866376c6-36d2-11ee-b5b0-005056013b0c, archive=false, dateOutputArchive=0001-01-01T00:00:00Z}, {guid=86637918-36d2-11ee-b5b0-005056013b0c, code=6, name=Канат стальной ТУ 14-4-412-73, parent=866376c6-36d2-11ee-b5b0-005056013b0c, archive=false, dateOutputArchive=0001-01-01T00:00:00Z}, {guid=86637975-36d2-11ee-b5b0-005056013b0c, code=7, name=Канат стальной двойной свивки типа ТК конструкции 6х19(1+6+12)+1о.с. ГОСТ 3070-80, parent=866376c6-36d2-11ee-b5b0-005056013b0c, archive=false, dateOutputArchive=0001-01-01T00:00:00Z}, {guid=866379d2-36d2-11ee-b5b0-005056013b0c, code=8, name=Канат стальной двойной свивки типа ТК конструкции 6х19(1+6+12)+1х19(1+6+12) ГОСТ 3067-88, parent=866376c6-36d2-11ee-b5b0-005056013b0c, archive=false, dateOutputArchive=0001-01-01T00:00:00Z}, {guid=86637a2f-36d2-11ee-b5b0-005056013b0c, code=9, name=Канат двойной свивки типа ЛК-О конструкции 6х7(1+6)+1х7(1+6) ГОСТ 3066-80, parent=866376c6-36d2-11ee-b5b0-005056013b0c, archive=false, dateOutputArchive=0001-01-01T00:00:00Z}, {guid=86637ae9-36d2-11ee-b5b0-005056013b0c, code=11, name=Канат двойной свивки типа ЛК-Р конструкции 6х19(1+6+6/6)+1о.с. ГОСТ2688-80, parent=866376c6-36d2-11ee-b5b0-005056013b0c, archive=false, dateOutputArchive=0001-01-01T00:00:00Z}, {guid=86637b46-36d2-11ee-b5b0-005056013b0c, code=12, name=Канат двойной свивки типа ЛК-О конструкции 6х19(1+9+9)+1о.с.ГОСТ3077-80, parent=866376c6-36d2-11ee-b5b0-005056013b0c, archive=false, dateOutputArchive=0001-01-01T00:00:00Z}, {guid=8acaf7ed-36d2-11ee-b5b0-005056013b0c, code=13, name=Канат двойной свивки типа ЛК-3 конструкции 6х25 (1+6; 6+12)+1о.с ГОСТ 7665-80, parent=866376c6-36d2-11ee-b5b0-005056013b0c, archive=false, dateOutputArchive=0001-01-01T00:00:00Z}, {guid=8acaf84a-36d2-11ee-b5b0-005056013b0c, code=14, name=Канат одинарной свивки типа ЛК-О конструкции 1х7(1+6) ГОСТ 3062-80, parent=866376c6-36d2-11ee-b5b0-005056013b0c, archive=false, dateOutputArchive=0001-01-01T00:00:00Z}, {guid=8acaf8a7-36d2-11ee-b5b0-005056013b0c, code=15, name=Канат двойной свивки типа ТЛК-О конструкции 6х37(1+6+15+15)+1 о.с. ГОСТ 3079-80, parent=866376c6-36d2-11ee-b5b0-005056013b0c, archive=false, dateOutputArchive=0001-01-01T00:00:00Z}, {guid=8acaf904-36d2-11ee-b5b0-005056013b0c, code=16, name=Канат двойной свивки типа ЛК-Р конструкции 6х19(1+6+6/6)+7х7(1+6) ГОСТ 14954-80, parent=866376c6-36d2-11ee-b5b0-005056013b0c, archive=false, dateOutputArchive=0001-01-01T00:00:00Z}, {guid=8acaf961-36d2-11ee-b5b0-005056013b0c, code=99, name=Канаты, временно используемые в производстве (доработка складских остатков), parent=8663760e-36d2-11ee-b5b0-005056013b0c, archive=false, dateOutputArchive=0001-01-01T00:00:00Z}, {guid=8acaf999-36d2-11ee-b5b0-005056013b0c, code=11, name=Проволока, parent=806b25a2-36d2-11ee
[...]
ddac21-ca67-11e5-826c-605718cb5baa, bic=042202821, swift=, name=ФАКБ "РОССИЙСКИЙ КАПИТАЛ" (АО) НИЖЕГОРОДСКИЙ, corrAccount=30101810300000000821, address=УЛ ОШАРСКАЯ, 52, city=Г. НИЖНИЙ НОВГОРОД, phones=(831)2816345, country=4e127564-d74f-4dd9-bced-0327f0f4e061, countryCode=643, activityDiscontinued=false}, {guid=78ddac23-ca67-11e5-826c-605718cb5baa, archive=false, dateOutputArchive=0001-01-01T00:00:00Z, thisGroup=false, parent=78ddabe5-ca67-11e5-826c-605718cb5baa, bic=044525551, swift=ICBKRUMMXXX, name=АЙСИБИСИ БАНК (АО), corrAccount=30101810200000000551, address=СЕРЕБРЯНИЧЕСКАЯ НАБ, 29, city=Г. МОСКВА, phones=(495)2873099, country=4e127564-d74f-4dd9-bced-0327f0f4e061, countryCode=643, activityDiscontinued=false}, {guid=78ddac24-ca67-11e5-826c-605718cb5baa, archive=false, dateOutputArchive=0001-01-01T00:00:00Z, thisGroup=false, parent=78ddabe5-ca67-11e5-826c-605718cb5baa, bic=044525476, swift=CBMWRUMMXXX, name=АО "МОСКОМБАНК", corrAccount=30101810245250000476, address=УЛ 1-Я ФРУНЗЕНСКАЯ, 5, city=Г. МОСКВА, phones=(495)6091919, country=4e127564-d74f-4dd9-bced-0327f0f4e061, countryCode=643, activityDiscontinued=false}, {guid=78ddac25-ca67-11e5-826c-605718cb5baa, archive=, dateOutputArchive=, thisGroup=true, parent=00000000-0000-0000-0000-000000000000, bic=00       , swift=, name=ТЕРРИТОРИЯ НЕ ОПРЕДЕЛЕНА, corrAccount=, address=, city=, phones=, country=, countryCode=, activityDiscontinued=}, {guid=78ddac26-ca67-11e5-826c-605718cb5baa, archive=false, dateOutputArchive=0001-01-01T00:00:00Z, thisGroup=false, parent=78ddac25-ca67-11e5-826c-605718cb5baa, bic=040004002, swift=, name=ПУ БАНКА РОССИИ N 67903, corrAccount=, address=П/П 67903, city=, phones=, country=4e127564-d74f-4dd9-bced-0327f0f4e061, countryCode=643, activityDiscontinued=false}, {guid=78ddac27-ca67-11e5-826c-605718cb5baa, archive=false, dateOutputArchive=0001-01-01T00:00:00Z, thisGroup=false, parent=78ddac00-ca67-11e5-826c-605718cb5baa, bic=048209788, swift=, name=ФАКБ "ИНВЕСТТОРГБАНК" (ПАО) "МАХАЧКАЛИНСКИЙ", corrAccount=30101810400000000788, address=, city=Г. МАХАЧКАЛА, phones=, country=00000000-0000-0000-0000-000000000000, countryCode=, activityDiscontinued=true}, {guid=78ddac28-ca67-11e5-826c-605718cb5baa, archive=, dateOutputArchive=, thisGroup=true, parent=00000000-0000-0000-0000-000000000000, bic=94       , swift=, name=УДМУРТСКАЯ РЕСПУБЛИКА, corrAccount=, address=, city=, phones=, country=, countryCode=, activityDiscontinued=}, {guid=78ddac29-ca67-11e5-826c-605718cb5baa, archive=false, dateOutputArchive=0001-01-01T00:00:00Z, thisGroup=false, parent=78ddac28-ca67-11e5-826c-605718cb5baa, bic=049401825, swift=, name=КОНКУРСНЫЙ УПРАВЛЯЮЩИЙ ОАО "МОБИЛБАНК", corrAccount=30101810600000000825, address=УЛ ПУШКИНСКАЯ, 268, city=Г. ИЖЕВСК, phones=(3412)908911,655104, country=4e127564-d74f-4dd9-bced-0327f0f4e061, countryCode=643, activityDiscontinued=false}]

	at AutoTest.ClassifireIsAllRussianTest.getBankListStepIsEmpty(ClassifireIsAllRussianTest.java:551)

getOkpdList(AutoTest.ClassifireIsAllRussianTest)  Time elapsed: 0.711 sec  <<< FAILURE!
org.opentest4j.AssertionFailedError: expected: <17> but was: <100>
	at AutoTest.ClassifireIsAllRussianTest.getOkpdList(ClassifireIsAllRussianTest.java:40)

getOkpdList(AutoTest.ClassifireIsAllRussianTest)  Time elapsed: 1.121 sec  <<< FAILURE!
org.opentest4j.AssertionFailedError: expected: <17> but was: <199>
	at AutoTest.ClassifireIsAllRussianTest.getOkpdList(ClassifireIsAllRussianTest.java:40)

getOkpdList(AutoTest.ClassifireIsAllRussianTest)  Time elapsed: 0.856 sec  <<< FAILURE!
org.opentest4j.AssertionFailedError: expected: <17> but was: <200>
	at AutoTest.ClassifireIsAllRussianTest.getOkpdList(ClassifireIsAllRussianTest.java:40)

getOkvedList(AutoTest.ClassifireIsAllRussianTest)  Time elapsed: 0.997 sec  <<< FAILURE!
java.lang.AssertionError: 
1 expectation failed.
JSON path size() doesn't match.
Expected: is <100>
  Actual: <16>

	at AutoTest.ClassifireIsAllRussianTest.getOkvedList(ClassifireIsAllRussianTest.java:124)

getOkvedList(AutoTest.ClassifireIsAllRussianTest)  Time elapsed: 1.014 sec  <<< FAILURE!
java.lang.AssertionError: 
1 expectation failed.
JSON path size() doesn't match.
Expected: is <199>
  Actual: <16>

	at AutoTest.ClassifireIsAllRussianTest.getOkvedList(ClassifireIsAllRussianTest.java:124)

getOkvedList(AutoTest.ClassifireIsAllRussianTest)  Time elapsed: 0.993 sec  <<< FAILURE!
java.lang.AssertionError: 
1 expectation failed.
JSON path size() doesn't match.
Expected: is <200>
  Actual: <16>

	at AutoTest.ClassifireIsAllRussianTest.getOkvedList(ClassifireIsAllRussianTest.java:124)

getTnvedList(AutoTest.ClassifireIsAllRussianTest)  Time elapsed: 0.952 sec  <<< FAILURE!
org.opentest4j.AssertionFailedError: expected: <18> but was: <100>
	at AutoTest.ClassifireIsAllRussianTest.getTnvedList(ClassifireIsAllRussianTest.java:208)

getTnvedList(AutoTest.ClassifireIsAllRussianTest)  Time elapsed: 1.062 sec  <<< FAILURE!
org.opentest4j.AssertionFailedError: expected: <18> but was: <199>
	at AutoTest.ClassifireIsAllRussianTest.getTnvedList(ClassifireIsAllRussianTest.java:208)

getTnvedList(AutoTest.ClassifireIsAllRussianTest)  Time elapsed: 1.115 sec  <<< FAILURE!
org.opentest4j.AssertionFailedError: expected: <18> but was: <200>
	at AutoTest.ClassifireIsAllRussianTest.getTnvedList(ClassifireIsAllRussianTest.java:208)

getBasicServicesGuid(AutoTest.NomenclatureTest)  Time elapsed: 0.988 sec  <<< FAILURE!
java.lang.AssertionError: 
1 expectation failed.
Expected status code <200> but was <404>.

	at AutoTest.NomenclatureTest.getBasicServicesGuid(NomenclatureTest.java:112)

getBasicServicesGuidDataProvider(AutoTest.NomenclatureTest)  Time elapsed: 1.039 sec  <<< FAILURE!
java.lang.AssertionError: 
1 expectation failed.
Expected status code <400> but was <404>.

	at AutoTest.NomenclatureTest.getBasicServicesGuidDataProvider(NomenclatureTest.java:128)

getBasicServicesGuidDataProvider(AutoTest.NomenclatureTest)  Time elapsed: 0.951 sec  <<< FAILURE!
java.lang.AssertionError: 
1 expectation failed.
Expected status code <400> but was <404>.

	at AutoTest.NomenclatureTest.getBasicServicesGuidDataProvider(NomenclatureTest.java:128)

getBasicServicesGuidDataProvider(AutoTest.NomenclatureTest)  Time elapsed: 1.068 sec  <<< FAILURE!
java.lang.AssertionError: 
1 expectation failed.
Expected status code <400> but was <404>.

	at AutoTest.NomenclatureTest.getBasicServicesGuidDataProvider(NomenclatureTest.java:128)

getBasicServicesGuidDataProvider(AutoTest.NomenclatureTest)  Time elapsed: 0.935 sec  <<< FAILURE!
java.lang.AssertionError: 
1 expectation failed.
Expected status code <400> but was <404>.

	at AutoTest.NomenclatureTest.getBasicServicesGuidDataProvider(NomenclatureTest.java:128)

getBasicServicesGuidDataProvider(AutoTest.NomenclatureTest)  Time elapsed: 1.064 sec  <<< FAILURE!
java.lang.AssertionError: 
1 expectation failed.
Expected status code <400> but was <404>.

	at AutoTest.NomenclatureTest.getBasicServicesGuidDataProvider(NomenclatureTest.java:128)

getBasicServicesGuidDataProvider(AutoTest.NomenclatureTest)  Time elapsed: 0.933 sec  <<< FAILURE!
java.lang.AssertionError: 
1 expectation failed.
Expected status code <400> but was <404>.

	at AutoTest.NomenclatureTest.getBasicServicesGuidDataProvider(NomenclatureTest.java:128)

getBasicServicesGuidDataProvider(AutoTest.NomenclatureTest)  Time elapsed: 1 sec  <<< FAILURE!
java.lang.AssertionError: 
1 expectation failed.
Expected status code <400> but was <404>.

	at AutoTest.NomenclatureTest.getBasicServicesGuidDataProvider(NomenclatureTest.java:128)

getBasicServicesGuidDataProvider(AutoTest.NomenclatureTest)  Time elapsed: 1.092 sec  <<< FAILURE!
java.lang.AssertionError: 
1 expectation failed.
Expected status code <400> but was <404>.

	at AutoTest.NomenclatureTest.getBasicServicesGuidDataProvider(NomenclatureTest.java:128)

getBasicServicesGuidDataProvider(AutoTest.NomenclatureTest)  Time elapsed: 0.951 sec  <<< FAILURE!
java.lang.AssertionError: 
1 expectation failed.
Expected status code <400> but was <404>.

	at AutoTest.NomenclatureTest.getBasicServicesGuidDataProvider(NomenclatureTest.java:128)

getBasicServicesGuidDataProvider(AutoTest.NomenclatureTest)  Time elapsed: 0.959 sec  <<< FAILURE!
java.lang.AssertionError: 
1 expectation failed.
Expected status code <400> but was <404>.

	at AutoTest.NomenclatureTest.getBasicServicesGuidDataProvider(NomenclatureTest.java:128)

getBasicServicesGuidDataProvider(AutoTest.NomenclatureTest)  Time elapsed: 1.234 sec  <<< FAILURE!
java.lang.AssertionError: 
1 expectation failed.
Expected status code <400> but was <404>.

	at AutoTest.NomenclatureTest.getBasicServicesGuidDataProvider(NomenclatureTest.java:128)

getNomenclatureGuid(AutoTest.NomenclatureTest)  Time elapsed: 0.766 sec  <<< FAILURE!
java.lang.AssertionError: 
1 expectation failed.
Expected status code <200> but was <404>.

	at AutoTest.NomenclatureTest.getNomenclatureGuid(NomenclatureTest.java:144)

getNomenclatureGuidDataProvider(AutoTest.NomenclatureTest)  Time elapsed: 1.059 sec  <<< FAILURE!
java.lang.AssertionError: 
1 expectation failed.
Expected status code <400> but was <404>.

	at AutoTest.NomenclatureTest.getNomenclatureGuidDataProvider(NomenclatureTest.java:161)

getNomenclatureGuidDataProvider(AutoTest.NomenclatureTest)  Time elapsed: 0.988 sec  <<< FAILURE!
java.lang.AssertionError: 
1 expectation failed.
Expected status code <400> but was <404>.

	at AutoTest.NomenclatureTest.getNomenclatureGuidDataProvider(NomenclatureTest.java:161)

getNomenclatureGuidDataProvider(AutoTest.NomenclatureTest)  Time elapsed: 0.992 sec  <<< FAILURE!
java.lang.AssertionError: 
1 expectation failed.
Expected status code <400> but was <404>.

	at AutoTest.NomenclatureTest.getNomenclatureGuidDataProvider(NomenclatureTest.java:161)

getNomenclatureGuidDataProvider(AutoTest.NomenclatureTest)  Time elapsed: 1 sec  <<< FAILURE!
java.lang.AssertionError: 
1 expectation failed.
Expected status code <400> but was <404>.

	at AutoTest.NomenclatureTest.getNomenclatureGuidDataProvider(NomenclatureTest.java:161)

getNomenclatureGuidDataProvider(AutoTest.NomenclatureTest)  Time elapsed: 1.062 sec  <<< FAILURE!
java.lang.AssertionError: 
1 expectation failed.
Expected status code <400> but was <404>.

	at AutoTest.NomenclatureTest.getNomenclatureGuidDataProvider(NomenclatureTest.java:161)

getNomenclatureGuidDataProvider(AutoTest.NomenclatureTest)  Time elapsed: 0.937 sec  <<< FAILURE!
java.lang.AssertionError: 
1 expectation failed.
Expected status code <400> but was <404>.

	at AutoTest.NomenclatureTest.getNomenclatureGuidDataProvider(NomenclatureTest.java:161)

getNomenclatureGuidDataProvider(AutoTest.NomenclatureTest)  Time elapsed: 1.009 sec  <<< FAILURE!
java.lang.AssertionError: 
1 expectation failed.
Expected status code <400> but was <404>.

	at AutoTest.NomenclatureTest.getNomenclatureGuidDataProvider(NomenclatureTest.java:161)

getNomenclatureGuidDataProvider(AutoTest.NomenclatureTest)  Time elapsed: 1.001 sec  <<< FAILURE!
java.lang.AssertionError: 
1 expectation failed.
Expected status code <400> but was <404>.

	at AutoTest.NomenclatureTest.getNomenclatureGuidDataProvider(NomenclatureTest.java:161)

getNomenclatureGuidDataProvider(AutoTest.NomenclatureTest)  Time elapsed: 0.98 sec  <<< FAILURE!
java.lang.AssertionError: 
1 expectation failed.
Expected status code <400> but was <404>.

	at AutoTest.NomenclatureTest.getNomenclatureGuidDataProvider(NomenclatureTest.java:161)

getNomenclatureGuidDataProvider(AutoTest.NomenclatureTest)  Time elapsed: 1.062 sec  <<< FAILURE!
java.lang.AssertionError: 
1 expectation failed.
Expected status code <400> but was <404>.

	at AutoTest.NomenclatureTest.getNomenclatureGuidDataProvider(NomenclatureTest.java:161)

getNomenclatureGuidDataProvider(AutoTest.NomenclatureTest)  Time elapsed: 1.053 sec  <<< FAILURE!
java.lang.AssertionError: 
1 expectation failed.
Expected status code <400> but was <404>.

	at AutoTest.NomenclatureTest.getNomenclatureGuidDataProvider(NomenclatureTest.java:161)

getNomenclatureSearchBodyIsEmpty(AutoTest.NomenclatureTest)  Time elapsed: 1.118 sec  <<< FAILURE!
java.lang.AssertionError: 
1 expectation failed.
JSON path size() doesn't match.
Expected: is <0>
  Actual: <5>

	at AutoTest.NomenclatureTest.getNomenclatureSearchBodyIsEmpty(NomenclatureTest.java:242)

getNomenclatureSearchBodyIsEmpty(AutoTest.NomenclatureTest)  Time elapsed: 0.962 sec  <<< FAILURE!
java.lang.AssertionError: 
1 expectation failed.
JSON path size() doesn't match.
Expected: is <0>
  Actual: <5>

	at AutoTest.NomenclatureTest.getNomenclatureSearchBodyIsEmpty(NomenclatureTest.java:242)

getNomenclatureSearchDataProviderService(AutoTest.NomenclatureTest)  Time elapsed: 0.956 sec  <<< FAILURE!
java.lang.AssertionError: 
1 expectation failed.
JSON path size() doesn't match.
Expected: is <2>
  Actual: <0>

	at AutoTest.NomenclatureTest.getNomenclatureSearchDataProviderService(NomenclatureTest.java:203)

getNomenclatureSearchDataProviderServiceIsAbsent(AutoTest.NomenclatureTest)  Time elapsed: 0.695 sec  <<< FAILURE!
java.lang.AssertionError: 
1 expectation failed.
JSON path size() doesn't match.
Expected: is <2>
  Actual: <0>

	at AutoTest.NomenclatureTest.getNomenclatureSearchDataProviderServiceIsAbsent(NomenclatureTest.java:183)

getBankAccountList(AutoTest.PartnerTest)  Time elapsed: 0.987 sec  <<< FAILURE!
java.lang.AssertionError: 
1 expectation failed.
JSON path size() doesn't match.
Expected: is <2>
  Actual: <1>

	at AutoTest.PartnerTest.getBankAccountList(PartnerTest.java:392)

getBankAccountList(AutoTest.PartnerTest)  Time elapsed: 0.997 sec  <<< FAILURE!
java.lang.AssertionError: 
1 expectation failed.
JSON path size() doesn't match.
Expected: is <10>
  Actual: <1>

	at AutoTest.PartnerTest.getBankAccountList(PartnerTest.java:392)

getBankAccountList(AutoTest.PartnerTest)  Time elapsed: 0.998 sec  <<< FAILURE!
java.lang.AssertionError: 
1 expectation failed.
JSON path size() doesn't match.
Expected: is <100>
  Actual: <1>

	at AutoTest.PartnerTest.getBankAccountList(PartnerTest.java:392)

getBankAccountList(AutoTest.PartnerTest)  Time elapsed: 1.005 sec  <<< FAILURE!
java.lang.AssertionError: 
1 expectation failed.
JSON path size() doesn't match.
Expected: is <199>
  Actual: <1>

	at AutoTest.PartnerTest.getBankAccountList(PartnerTest.java:392)

getBankAccountList(AutoTest.PartnerTest)  Time elapsed: 0.998 sec  <<< FAILURE!
java.lang.AssertionError: 
1 expectation failed.
JSON path size() doesn't match.
Expected: is <200>
  Actual: <1>

	at AutoTest.PartnerTest.getBankAccountList(PartnerTest.java:392)

getContactGuid(AutoTest.PartnerTest)  Time elapsed: 1.032 sec  <<< FAILURE!
java.lang.AssertionError: 
1 expectation failed.
Expected status code <200> but was <400>.

	at AutoTest.PartnerTest.getContactGuid(PartnerTest.java:276)

getContactList(AutoTest.PartnerTest)  Time elapsed: 0.992 sec  <<< FAILURE!
java.lang.AssertionError: 
1 expectation failed.
JSON path size() doesn't match.
Expected: is <10>
  Actual: <2>

	at AutoTest.PartnerTest.getContactList(PartnerTest.java:230)

getContactList(AutoTest.PartnerTest)  Time elapsed: 1.142 sec  <<< FAILURE!
java.lang.AssertionError: 
1 expectation failed.
JSON path size() doesn't match.
Expected: is <100>
  Actual: <2>

	at AutoTest.PartnerTest.getContactList(PartnerTest.java:230)

getContactList(AutoTest.PartnerTest)  Time elapsed: 0.857 sec  <<< FAILURE!
java.lang.AssertionError: 
1 expectation failed.
JSON path size() doesn't match.
Expected: is <199>
  Actual: <2>

	at AutoTest.PartnerTest.getContactList(PartnerTest.java:230)

getContactList(AutoTest.PartnerTest)  Time elapsed: 0.99 sec  <<< FAILURE!
java.lang.AssertionError: 
1 expectation failed.
JSON path size() doesn't match.
Expected: is <200>
  Actual: <2>

	at AutoTest.PartnerTest.getContactList(PartnerTest.java:230)

getContactRolesList(AutoTest.PartnerTest)  Time elapsed: 0.969 sec  <<< FAILURE!
java.lang.AssertionError: 
1 expectation failed.
JSON path size() doesn't match.
Expected: is <10>
  Actual: <2>

	at AutoTest.PartnerTest.getContactRolesList(PartnerTest.java:311)

getContactRolesList(AutoTest.PartnerTest)  Time elapsed: 1.005 sec  <<< FAILURE!
java.lang.AssertionError: 
1 expectation failed.
JSON path size() doesn't match.
Expected: is <100>
  Actual: <2>

	at AutoTest.PartnerTest.getContactRolesList(PartnerTest.java:311)

getContactRolesList(AutoTest.PartnerTest)  Time elapsed: 1.011 sec  <<< FAILURE!
java.lang.AssertionError: 
1 expectation failed.
JSON path size() doesn't match.
Expected: is <199>
  Actual: <2>

	at AutoTest.PartnerTest.getContactRolesList(PartnerTest.java:311)

getContactRolesList(AutoTest.PartnerTest)  Time elapsed: 1.024 sec  <<< FAILURE!
java.lang.AssertionError: 
1 expectation failed.
JSON path size() doesn't match.
Expected: is <200>
  Actual: <2>

	at AutoTest.PartnerTest.getContactRolesList(PartnerTest.java:311)

getPartnerConcernTypeGuid(AutoTest.PartnerTest)  Time elapsed: 1.174 sec  <<< FAILURE!
java.lang.AssertionError: 
1 expectation failed.
Expected status code <200> but was <400>.

	at AutoTest.PartnerTest.getPartnerConcernTypeGuid(PartnerTest.java:195)

getPartnerList(AutoTest.PartnerTest)  Time elapsed: 1.412 sec  <<< FAILURE!
java.lang.AssertionError: 
1 expectation failed.
JSON path size() doesn't match.
Expected: is <100>
  Actual: <76>

	at AutoTest.PartnerTest.getPartnerList(PartnerTest.java:69)

getPartnerList(AutoTest.PartnerTest)  Time elapsed: 1.125 sec  <<< FAILURE!
java.lang.AssertionError: 
1 expectation failed.
JSON path size() doesn't match.
Expected: is <199>
  Actual: <76>

	at AutoTest.PartnerTest.getPartnerList(PartnerTest.java:69)

getPartnerList(AutoTest.PartnerTest)  Time elapsed: 0.712 sec  <<< FAILURE!
java.lang.AssertionError: 
1 expectation failed.
JSON path size() doesn't match.
Expected: is <200>
  Actual: <76>

	at AutoTest.PartnerTest.getPartnerList(PartnerTest.java:69)

getDivisionsGuid(AutoTest.StructureTest)  Time elapsed: 1.043 sec  <<< FAILURE!
java.lang.AssertionError: 
1 expectation failed.
Expected status code <200> but was <400>.

	at AutoTest.StructureTest.getDivisionsGuid(StructureTest.java:173)

getDivisionsList(AutoTest.StructureTest)  Time elapsed: 0.979 sec  <<< FAILURE!
java.lang.AssertionError: 
1 expectation failed.
JSON path size() doesn't match.
Expected: is <10>
  Actual: <8>

	at AutoTest.StructureTest.getDivisionsList(StructureTest.java:127)

getDivisionsList(AutoTest.StructureTest)  Time elapsed: 1.008 sec  <<< FAILURE!
java.lang.AssertionError: 
1 expectation failed.
JSON path size() doesn't match.
Expected: is <100>
  Actual: <8>

	at AutoTest.StructureTest.getDivisionsList(StructureTest.java:127)

getDivisionsList(AutoTest.StructureTest)  Time elapsed: 1.019 sec  <<< FAILURE!
java.lang.AssertionError: 
1 expectation failed.
JSON path size() doesn't match.
Expected: is <199>
  Actual: <8>

	at AutoTest.StructureTest.getDivisionsList(StructureTest.java:127)

getDivisionsList(AutoTest.StructureTest)  Time elapsed: 1.005 sec  <<< FAILURE!
java.lang.AssertionError: 
1 expectation failed.
JSON path size() doesn't match.
Expected: is <200>
  Actual: <8>

	at AutoTest.StructureTest.getDivisionsList(StructureTest.java:127)

getOrganizationList(AutoTest.StructureTest)  Time elapsed: 1.211 sec  <<< FAILURE!
java.lang.AssertionError: 
1 expectation failed.
JSON path size() doesn't match.
Expected: is <100>
  Actual: <47>

	at AutoTest.StructureTest.getOrganizationList(StructureTest.java:30)

getOrganizationList(AutoTest.StructureTest)  Time elapsed: 0.945 sec  <<< FAILURE!
java.lang.AssertionError: 
1 expectation failed.
JSON path size() doesn't match.
Expected: is <199>
  Actual: <47>

	at AutoTest.StructureTest.getOrganizationList(StructureTest.java:30)

getOrganizationList(AutoTest.StructureTest)  Time elapsed: 1.022 sec  <<< FAILURE!
java.lang.AssertionError: 
1 expectation failed.
JSON path size() doesn't match.
Expected: is <200>
  Actual: <47>

	at AutoTest.StructureTest.getOrganizationList(StructureTest.java:30)

